<?xml version="1.0" encoding="UTF-8"?>
<TestRun id="f13fa8ca-4e76-49c0-ade7-a40cb7ae11bd" name="Josh@TOLKIEN 2011-09-30 23:27:35" runUser="Tolkien\Josh" xmlns="http://microsoft.com/schemas/VisualStudio/TeamTest/2006">
  <TestRunConfiguration name="Local Test Run" id="8ba3157e-c793-4762-8e20-abcfc481c21a">
    <Description>This is a default test run configuration for a local test run.</Description>
    <Deployment runDeploymentRoot="C:\Develop\Budgeteer\TestResults\Josh_TOLKIEN 2011-09-30 23_27_35">
      <DeploymentItem filename="C:\Develop\Budgeteer\BudgeteerBusiness\bin\Debug\BudgeteerBusiness.dll" />
      <DeploymentItem filename="C:\Develop\Budgeteer\BudgeteerDAL\bin\Debug\BudgeteerDAL.dll" />
      <DeploymentItem filename="C:\Develop\Budgeteer\BudgeteerObjects\bin\Debug\BudgeteerObjects.dll" />
    </Deployment>
    <TestTypeSpecific />
  </TestRunConfiguration>
  <ResultSummary outcome="Error">
    <Counters total="151" error="0" failed="0" timeout="0" aborted="0" inconclusive="0" passedButRunAborted="0" notRunnable="0" notExecuted="151" disconnected="0" warning="0" passed="0" completed="0" inProgress="0" pending="0" />
    <RunInfos>
      <RunInfo computerName="TOLKIEN" outcome="Error" timestamp="2011-09-30T23:27:40.9908891-04:00">
        <Text>Test host process exited unexpectedly.</Text>
      </RunInfo>
      <RunInfo computerName="TOLKIEN" outcome="Error" timestamp="2011-09-30T23:27:41.1969008-04:00">
        <Text>Failed to queue test run 'Josh@TOLKIEN 2011-09-30 23:27:35': Test host process exited unexpectedly.</Text>
        <Exception>Microsoft.VisualStudio.TestTools.TestManagement.ExecutionException: Test host process exited unexpectedly.
   at Microsoft.VisualStudio.TestTools.TestManagement.LocalControllerProxy.StartProcess(TestRun run)
   at Microsoft.VisualStudio.TestTools.TestManagement.LocalControllerProxy.RestartProcess(TestRun run)
   at Microsoft.VisualStudio.TestTools.TestManagement.LocalControllerProxy.PrepareProcess(TestRun run)
   at Microsoft.VisualStudio.TestTools.TestManagement.LocalControllerProxy.InitializeController(TestRun run)
   at Microsoft.VisualStudio.TestTools.TestManagement.ControllerProxy.QueueTestRunWorker(Object state)</Exception>
      </RunInfo>
    </RunInfos>
  </ResultSummary>
  <Times creation="2011-09-30T23:27:35.8805968-04:00" queuing="2011-09-30T23:27:35.8805968-04:00" start="2011-09-30T23:27:35.8805968-04:00" finish="2011-09-30T23:27:41.1969008-04:00" />
  <TestDefinitions>
    <UnitTest name="addUserEmailAddressNothing" storage="c:\develop\budgeteer\budgeteerbusiness.test\bin\debug\budgeteerbusiness.test.dll" id="90f48b05-4d4f-7605-cb20-2be7d7f85e69">
      <Css projectStructure="" iteration="" />
      <Owners>
        <Owner name="" />
      </Owners>
      <TestMethod codeBase="C:\Develop\Budgeteer\BudgeteerBusiness.Test\bin\Debug\BudgeteerBusiness.Test.dll" adapterTypeName="Microsoft.VisualStudio.TestTools.TestTypes.Unit.UnitTestAdapter, Microsoft.VisualStudio.QualityTools.Tips.UnitTest.Adapter, Version=9.0.0.0, Culture=neutral, PublicKeyToken=b03f5f7f11d50a3a" className="BudgeteerBusiness.Test.UserTest, BudgeteerBusiness.Test" name="addUserEmailAddressNothing" />
    </UnitTest>
    <UnitTest name="addCategoryDescriptionMaxLen" storage="c:\develop\budgeteer\budgeteerbusiness.test\bin\debug\budgeteerbusiness.test.dll" id="58a09de1-5830-1f36-c16c-3939c3e6e900">
      <Css projectStructure="" iteration="" />
      <Owners>
        <Owner name="" />
      </Owners>
      <TestMethod codeBase="C:\Develop\Budgeteer\BudgeteerBusiness.Test\bin\Debug\BudgeteerBusiness.Test.dll" adapterTypeName="Microsoft.VisualStudio.TestTools.TestTypes.Unit.UnitTestAdapter, Microsoft.VisualStudio.QualityTools.Tips.UnitTest.Adapter, Version=9.0.0.0, Culture=neutral, PublicKeyToken=b03f5f7f11d50a3a" className="BudgeteerBusiness.Test.CategoryTest, BudgeteerBusiness.Test" name="addCategoryDescriptionMaxLen" />
    </UnitTest>
    <UnitTest name="getUserUserIDMaxLen" storage="c:\develop\budgeteer\budgeteerbusiness.test\bin\debug\budgeteerbusiness.test.dll" id="538dbcae-3613-3ec0-5462-011bbcef1f66">
      <Css projectStructure="" iteration="" />
      <Owners>
        <Owner name="" />
      </Owners>
      <TestMethod codeBase="C:\Develop\Budgeteer\BudgeteerBusiness.Test\bin\Debug\BudgeteerBusiness.Test.dll" adapterTypeName="Microsoft.VisualStudio.TestTools.TestTypes.Unit.UnitTestAdapter, Microsoft.VisualStudio.QualityTools.Tips.UnitTest.Adapter, Version=9.0.0.0, Culture=neutral, PublicKeyToken=b03f5f7f11d50a3a" className="BudgeteerBusiness.Test.UserTest, BudgeteerBusiness.Test" name="getUserUserIDMaxLen" />
    </UnitTest>
    <UnitTest name="AddAccountTest" storage="c:\develop\budgeteer\budgeteerbusiness.test\bin\debug\budgeteerbusiness.test.dll" id="8dcb2405-5c91-c749-7201-777f5347a181">
      <Css projectStructure="" iteration="" />
      <Owners>
        <Owner name="" />
      </Owners>
      <TestMethod codeBase="C:\Develop\Budgeteer\BudgeteerBusiness.Test\bin\Debug\BudgeteerBusiness.Test.dll" adapterTypeName="Microsoft.VisualStudio.TestTools.TestTypes.Unit.UnitTestAdapter, Microsoft.VisualStudio.QualityTools.Tips.UnitTest.Adapter, Version=9.0.0.0, Culture=neutral, PublicKeyToken=b03f5f7f11d50a3a" className="BudgeteerBusiness.Test.BankAccountTest, BudgeteerBusiness.Test" name="AddAccountTest" />
    </UnitTest>
    <UnitTest name="getSettingsUserIDBlank" storage="c:\develop\budgeteer\budgeteerbusiness.test\bin\debug\budgeteerbusiness.test.dll" id="8cd615c6-e162-c613-892a-65fc09419773">
      <Css projectStructure="" iteration="" />
      <Owners>
        <Owner name="" />
      </Owners>
      <TestMethod codeBase="C:\Develop\Budgeteer\BudgeteerBusiness.Test\bin\Debug\BudgeteerBusiness.Test.dll" adapterTypeName="Microsoft.VisualStudio.TestTools.TestTypes.Unit.UnitTestAdapter, Microsoft.VisualStudio.QualityTools.Tips.UnitTest.Adapter, Version=9.0.0.0, Culture=neutral, PublicKeyToken=b03f5f7f11d50a3a" className="BudgeteerBusiness.Test.ApplicationSettingTest, BudgeteerBusiness.Test" name="getSettingsUserIDBlank" />
    </UnitTest>
    <UnitTest name="updateSubcategoryDescriptionMaxLen" storage="c:\develop\budgeteer\budgeteerbusiness.test\bin\debug\budgeteerbusiness.test.dll" id="2a218d4d-f796-c1d6-fb62-a245094f3715">
      <Css projectStructure="" iteration="" />
      <Owners>
        <Owner name="" />
      </Owners>
      <TestMethod codeBase="C:\Develop\Budgeteer\BudgeteerBusiness.Test\bin\Debug\BudgeteerBusiness.Test.dll" adapterTypeName="Microsoft.VisualStudio.TestTools.TestTypes.Unit.UnitTestAdapter, Microsoft.VisualStudio.QualityTools.Tips.UnitTest.Adapter, Version=9.0.0.0, Culture=neutral, PublicKeyToken=b03f5f7f11d50a3a" className="BudgeteerBusiness.Test.SubcategoryTest, BudgeteerBusiness.Test" name="updateSubcategoryDescriptionMaxLen" />
    </UnitTest>
    <UnitTest name="addSubcategoryDescriptionMaxLen" storage="c:\develop\budgeteer\budgeteerbusiness.test\bin\debug\budgeteerbusiness.test.dll" id="bbfe51fd-ce1b-3e52-a251-5d90aeb6a97a">
      <Css projectStructure="" iteration="" />
      <Owners>
        <Owner name="" />
      </Owners>
      <TestMethod codeBase="C:\Develop\Budgeteer\BudgeteerBusiness.Test\bin\Debug\BudgeteerBusiness.Test.dll" adapterTypeName="Microsoft.VisualStudio.TestTools.TestTypes.Unit.UnitTestAdapter, Microsoft.VisualStudio.QualityTools.Tips.UnitTest.Adapter, Version=9.0.0.0, Culture=neutral, PublicKeyToken=b03f5f7f11d50a3a" className="BudgeteerBusiness.Test.SubcategoryTest, BudgeteerBusiness.Test" name="addSubcategoryDescriptionMaxLen" />
    </UnitTest>
    <UnitTest name="getTransactionsTest" storage="c:\develop\budgeteer\budgeteerbusiness.test\bin\debug\budgeteerbusiness.test.dll" id="0c74f04e-4ac5-b7a6-358f-741d4d504a08">
      <Css projectStructure="" iteration="" />
      <Owners>
        <Owner name="" />
      </Owners>
      <TestMethod codeBase="C:\Develop\Budgeteer\BudgeteerBusiness.Test\bin\Debug\BudgeteerBusiness.Test.dll" adapterTypeName="Microsoft.VisualStudio.TestTools.TestTypes.Unit.UnitTestAdapter, Microsoft.VisualStudio.QualityTools.Tips.UnitTest.Adapter, Version=9.0.0.0, Culture=neutral, PublicKeyToken=b03f5f7f11d50a3a" className="BudgeteerBusiness.Test.TransactionTest, BudgeteerBusiness.Test" name="getTransactionsTest" />
    </UnitTest>
    <UnitTest name="authenticateUserTest" storage="c:\develop\budgeteer\budgeteerbusiness.test\bin\debug\budgeteerbusiness.test.dll" id="a2d4949d-2288-66c6-b89d-8f558bc7feba">
      <Css projectStructure="" iteration="" />
      <Owners>
        <Owner name="" />
      </Owners>
      <TestMethod codeBase="C:\Develop\Budgeteer\BudgeteerBusiness.Test\bin\Debug\BudgeteerBusiness.Test.dll" adapterTypeName="Microsoft.VisualStudio.TestTools.TestTypes.Unit.UnitTestAdapter, Microsoft.VisualStudio.QualityTools.Tips.UnitTest.Adapter, Version=9.0.0.0, Culture=neutral, PublicKeyToken=b03f5f7f11d50a3a" className="BudgeteerBusiness.Test.SecurityTest, BudgeteerBusiness.Test" name="authenticateUserTest" />
    </UnitTest>
    <UnitTest name="addTransactionAccountAdjust" storage="c:\develop\budgeteer\budgeteerbusiness.test\bin\debug\budgeteerbusiness.test.dll" id="4dfbf887-b7a9-b491-3023-62dba6f89178">
      <Css projectStructure="" iteration="" />
      <Owners>
        <Owner name="" />
      </Owners>
      <TestMethod codeBase="C:\Develop\Budgeteer\BudgeteerBusiness.Test\bin\Debug\BudgeteerBusiness.Test.dll" adapterTypeName="Microsoft.VisualStudio.TestTools.TestTypes.Unit.UnitTestAdapter, Microsoft.VisualStudio.QualityTools.Tips.UnitTest.Adapter, Version=9.0.0.0, Culture=neutral, PublicKeyToken=b03f5f7f11d50a3a" className="BudgeteerBusiness.Test.TransactionTest, BudgeteerBusiness.Test" name="addTransactionAccountAdjust" />
    </UnitTest>
    <UnitTest name="AddBudgetFrequencyBlank" storage="c:\develop\budgeteer\budgeteerbusiness.test\bin\debug\budgeteerbusiness.test.dll" id="61fdb9d7-48c5-641a-6f66-dfa77bb5a005">
      <Css projectStructure="" iteration="" />
      <Owners>
        <Owner name="" />
      </Owners>
      <TestMethod codeBase="C:\Develop\Budgeteer\BudgeteerBusiness.Test\bin\Debug\BudgeteerBusiness.Test.dll" adapterTypeName="Microsoft.VisualStudio.TestTools.TestTypes.Unit.UnitTestAdapter, Microsoft.VisualStudio.QualityTools.Tips.UnitTest.Adapter, Version=9.0.0.0, Culture=neutral, PublicKeyToken=b03f5f7f11d50a3a" className="BudgeteerBusiness.Test.BudgetTest, BudgeteerBusiness.Test" name="AddBudgetFrequencyBlank" />
    </UnitTest>
    <UnitTest name="updateSubcategorySinkingFundNotYOrN" storage="c:\develop\budgeteer\budgeteerbusiness.test\bin\debug\budgeteerbusiness.test.dll" id="27188a8b-a7e8-3977-ee02-1bbd41b1cb1b">
      <Css projectStructure="" iteration="" />
      <Owners>
        <Owner name="" />
      </Owners>
      <TestMethod codeBase="C:\Develop\Budgeteer\BudgeteerBusiness.Test\bin\Debug\BudgeteerBusiness.Test.dll" adapterTypeName="Microsoft.VisualStudio.TestTools.TestTypes.Unit.UnitTestAdapter, Microsoft.VisualStudio.QualityTools.Tips.UnitTest.Adapter, Version=9.0.0.0, Culture=neutral, PublicKeyToken=b03f5f7f11d50a3a" className="BudgeteerBusiness.Test.SubcategoryTest, BudgeteerBusiness.Test" name="updateSubcategorySinkingFundNotYOrN" />
    </UnitTest>
    <UnitTest name="getTransactionFirstYear" storage="c:\develop\budgeteer\budgeteerbusiness.test\bin\debug\budgeteerbusiness.test.dll" id="9a3d0807-6457-caa6-13cd-e3a1911026ea">
      <Css projectStructure="" iteration="" />
      <Owners>
        <Owner name="" />
      </Owners>
      <TestMethod codeBase="C:\Develop\Budgeteer\BudgeteerBusiness.Test\bin\Debug\BudgeteerBusiness.Test.dll" adapterTypeName="Microsoft.VisualStudio.TestTools.TestTypes.Unit.UnitTestAdapter, Microsoft.VisualStudio.QualityTools.Tips.UnitTest.Adapter, Version=9.0.0.0, Culture=neutral, PublicKeyToken=b03f5f7f11d50a3a" className="BudgeteerBusiness.Test.TransactionTest, BudgeteerBusiness.Test" name="getTransactionFirstYear" />
    </UnitTest>
    <UnitTest name="DeleteAccountTest" storage="c:\develop\budgeteer\budgeteerbusiness.test\bin\debug\budgeteerbusiness.test.dll" id="b47ab333-b0fd-87a2-450b-d6079dce8ac2">
      <Css projectStructure="" iteration="" />
      <Owners>
        <Owner name="" />
      </Owners>
      <TestMethod codeBase="C:\Develop\Budgeteer\BudgeteerBusiness.Test\bin\Debug\BudgeteerBusiness.Test.dll" adapterTypeName="Microsoft.VisualStudio.TestTools.TestTypes.Unit.UnitTestAdapter, Microsoft.VisualStudio.QualityTools.Tips.UnitTest.Adapter, Version=9.0.0.0, Culture=neutral, PublicKeyToken=b03f5f7f11d50a3a" className="BudgeteerBusiness.Test.BankAccountTest, BudgeteerBusiness.Test" name="DeleteAccountTest" />
    </UnitTest>
    <UnitTest name="addUserUserIDNothing" storage="c:\develop\budgeteer\budgeteerbusiness.test\bin\debug\budgeteerbusiness.test.dll" id="0da9cb98-0025-f1cc-5c4e-78987bd1ba0a">
      <Css projectStructure="" iteration="" />
      <Owners>
        <Owner name="" />
      </Owners>
      <TestMethod codeBase="C:\Develop\Budgeteer\BudgeteerBusiness.Test\bin\Debug\BudgeteerBusiness.Test.dll" adapterTypeName="Microsoft.VisualStudio.TestTools.TestTypes.Unit.UnitTestAdapter, Microsoft.VisualStudio.QualityTools.Tips.UnitTest.Adapter, Version=9.0.0.0, Culture=neutral, PublicKeyToken=b03f5f7f11d50a3a" className="BudgeteerBusiness.Test.UserTest, BudgeteerBusiness.Test" name="addUserUserIDNothing" />
    </UnitTest>
    <UnitTest name="addUserFirstNameNothing" storage="c:\develop\budgeteer\budgeteerbusiness.test\bin\debug\budgeteerbusiness.test.dll" id="009665bb-5de0-8593-a32b-50bf52a35d2c">
      <Css projectStructure="" iteration="" />
      <Owners>
        <Owner name="" />
      </Owners>
      <TestMethod codeBase="C:\Develop\Budgeteer\BudgeteerBusiness.Test\bin\Debug\BudgeteerBusiness.Test.dll" adapterTypeName="Microsoft.VisualStudio.TestTools.TestTypes.Unit.UnitTestAdapter, Microsoft.VisualStudio.QualityTools.Tips.UnitTest.Adapter, Version=9.0.0.0, Culture=neutral, PublicKeyToken=b03f5f7f11d50a3a" className="BudgeteerBusiness.Test.UserTest, BudgeteerBusiness.Test" name="addUserFirstNameNothing" />
    </UnitTest>
    <UnitTest name="addSubcategorySubcategoryNothing" storage="c:\develop\budgeteer\budgeteerbusiness.test\bin\debug\budgeteerbusiness.test.dll" id="f627b55d-1ae3-286c-f067-07f1ac287750">
      <Css projectStructure="" iteration="" />
      <Owners>
        <Owner name="" />
      </Owners>
      <TestMethod codeBase="C:\Develop\Budgeteer\BudgeteerBusiness.Test\bin\Debug\BudgeteerBusiness.Test.dll" adapterTypeName="Microsoft.VisualStudio.TestTools.TestTypes.Unit.UnitTestAdapter, Microsoft.VisualStudio.QualityTools.Tips.UnitTest.Adapter, Version=9.0.0.0, Culture=neutral, PublicKeyToken=b03f5f7f11d50a3a" className="BudgeteerBusiness.Test.SubcategoryTest, BudgeteerBusiness.Test" name="addSubcategorySubcategoryNothing" />
    </UnitTest>
    <UnitTest name="UpdateBudgetTest" storage="c:\develop\budgeteer\budgeteerbusiness.test\bin\debug\budgeteerbusiness.test.dll" id="4a8176c5-a77c-0df9-87fa-be9df67b74cb">
      <Css projectStructure="" iteration="" />
      <Owners>
        <Owner name="" />
      </Owners>
      <TestMethod codeBase="C:\Develop\Budgeteer\BudgeteerBusiness.Test\bin\Debug\BudgeteerBusiness.Test.dll" adapterTypeName="Microsoft.VisualStudio.TestTools.TestTypes.Unit.UnitTestAdapter, Microsoft.VisualStudio.QualityTools.Tips.UnitTest.Adapter, Version=9.0.0.0, Culture=neutral, PublicKeyToken=b03f5f7f11d50a3a" className="BudgeteerBusiness.Test.BudgetTest, BudgeteerBusiness.Test" name="UpdateBudgetTest" />
    </UnitTest>
    <UnitTest name="deleteFrequencyTest" storage="c:\develop\budgeteer\budgeteerbusiness.test\bin\debug\budgeteerbusiness.test.dll" id="83c6509b-b125-a15a-14be-8af19ed1aed9">
      <Css projectStructure="" iteration="" />
      <Owners>
        <Owner name="" />
      </Owners>
      <TestMethod codeBase="C:\Develop\Budgeteer\BudgeteerBusiness.Test\bin\Debug\BudgeteerBusiness.Test.dll" adapterTypeName="Microsoft.VisualStudio.TestTools.TestTypes.Unit.UnitTestAdapter, Microsoft.VisualStudio.QualityTools.Tips.UnitTest.Adapter, Version=9.0.0.0, Culture=neutral, PublicKeyToken=b03f5f7f11d50a3a" className="BudgeteerBusiness.Test.FrequencyTest, BudgeteerBusiness.Test" name="deleteFrequencyTest" />
    </UnitTest>
    <UnitTest name="updateFrequencyDescriptionNothing" storage="c:\develop\budgeteer\budgeteerbusiness.test\bin\debug\budgeteerbusiness.test.dll" id="a4fa7f01-082a-f733-8a2d-b25ea8023d30">
      <Css projectStructure="" iteration="" />
      <Owners>
        <Owner name="" />
      </Owners>
      <TestMethod codeBase="C:\Develop\Budgeteer\BudgeteerBusiness.Test\bin\Debug\BudgeteerBusiness.Test.dll" adapterTypeName="Microsoft.VisualStudio.TestTools.TestTypes.Unit.UnitTestAdapter, Microsoft.VisualStudio.QualityTools.Tips.UnitTest.Adapter, Version=9.0.0.0, Culture=neutral, PublicKeyToken=b03f5f7f11d50a3a" className="BudgeteerBusiness.Test.FrequencyTest, BudgeteerBusiness.Test" name="updateFrequencyDescriptionNothing" />
    </UnitTest>
    <UnitTest name="updateCategoryCategoryIDNothing" storage="c:\develop\budgeteer\budgeteerbusiness.test\bin\debug\budgeteerbusiness.test.dll" id="a8ff8f1a-6307-d134-859e-78279102c9ce">
      <Css projectStructure="" iteration="" />
      <Owners>
        <Owner name="" />
      </Owners>
      <TestMethod codeBase="C:\Develop\Budgeteer\BudgeteerBusiness.Test\bin\Debug\BudgeteerBusiness.Test.dll" adapterTypeName="Microsoft.VisualStudio.TestTools.TestTypes.Unit.UnitTestAdapter, Microsoft.VisualStudio.QualityTools.Tips.UnitTest.Adapter, Version=9.0.0.0, Culture=neutral, PublicKeyToken=b03f5f7f11d50a3a" className="BudgeteerBusiness.Test.CategoryTest, BudgeteerBusiness.Test" name="updateCategoryCategoryIDNothing" />
    </UnitTest>
    <UnitTest name="AccountUpdateTest" storage="c:\develop\budgeteer\budgeteerbusiness.test\bin\debug\budgeteerbusiness.test.dll" id="acd7067b-97cd-802a-af1a-b1adb9e60800">
      <Css projectStructure="" iteration="" />
      <Owners>
        <Owner name="" />
      </Owners>
      <TestMethod codeBase="C:\Develop\Budgeteer\BudgeteerBusiness.Test\bin\Debug\BudgeteerBusiness.Test.dll" adapterTypeName="Microsoft.VisualStudio.TestTools.TestTypes.Unit.UnitTestAdapter, Microsoft.VisualStudio.QualityTools.Tips.UnitTest.Adapter, Version=9.0.0.0, Culture=neutral, PublicKeyToken=b03f5f7f11d50a3a" className="BudgeteerBusiness.Test.BankAccountTest, BudgeteerBusiness.Test" name="AccountUpdateTest" />
    </UnitTest>
    <UnitTest name="addCategoryTest" storage="c:\develop\budgeteer\budgeteerbusiness.test\bin\debug\budgeteerbusiness.test.dll" id="28a40b92-ebf0-3021-bfd0-8669c95f701b">
      <Css projectStructure="" iteration="" />
      <Owners>
        <Owner name="" />
      </Owners>
      <TestMethod codeBase="C:\Develop\Budgeteer\BudgeteerBusiness.Test\bin\Debug\BudgeteerBusiness.Test.dll" adapterTypeName="Microsoft.VisualStudio.TestTools.TestTypes.Unit.UnitTestAdapter, Microsoft.VisualStudio.QualityTools.Tips.UnitTest.Adapter, Version=9.0.0.0, Culture=neutral, PublicKeyToken=b03f5f7f11d50a3a" className="BudgeteerBusiness.Test.CategoryTest, BudgeteerBusiness.Test" name="addCategoryTest" />
    </UnitTest>
    <UnitTest name="AddBudgetTest" storage="c:\develop\budgeteer\budgeteerbusiness.test\bin\debug\budgeteerbusiness.test.dll" id="ec84c0d8-8089-6d3c-3b32-6d388f8132a6">
      <Css projectStructure="" iteration="" />
      <Owners>
        <Owner name="" />
      </Owners>
      <TestMethod codeBase="C:\Develop\Budgeteer\BudgeteerBusiness.Test\bin\Debug\BudgeteerBusiness.Test.dll" adapterTypeName="Microsoft.VisualStudio.TestTools.TestTypes.Unit.UnitTestAdapter, Microsoft.VisualStudio.QualityTools.Tips.UnitTest.Adapter, Version=9.0.0.0, Culture=neutral, PublicKeyToken=b03f5f7f11d50a3a" className="BudgeteerBusiness.Test.BudgetTest, BudgeteerBusiness.Test" name="AddBudgetTest" />
    </UnitTest>
    <UnitTest name="setSettingSettingBlank" storage="c:\develop\budgeteer\budgeteerbusiness.test\bin\debug\budgeteerbusiness.test.dll" id="83dddd9a-5fdf-d50e-591b-83ffd2e26894">
      <Css projectStructure="" iteration="" />
      <Owners>
        <Owner name="" />
      </Owners>
      <TestMethod codeBase="C:\Develop\Budgeteer\BudgeteerBusiness.Test\bin\Debug\BudgeteerBusiness.Test.dll" adapterTypeName="Microsoft.VisualStudio.TestTools.TestTypes.Unit.UnitTestAdapter, Microsoft.VisualStudio.QualityTools.Tips.UnitTest.Adapter, Version=9.0.0.0, Culture=neutral, PublicKeyToken=b03f5f7f11d50a3a" className="BudgeteerBusiness.Test.ApplicationSettingTest, BudgeteerBusiness.Test" name="setSettingSettingBlank" />
    </UnitTest>
    <UnitTest name="AddAccountAccountNameNothing" storage="c:\develop\budgeteer\budgeteerbusiness.test\bin\debug\budgeteerbusiness.test.dll" id="76e91602-d7b1-974d-3752-f1032f6e14fd">
      <Css projectStructure="" iteration="" />
      <Owners>
        <Owner name="" />
      </Owners>
      <TestMethod codeBase="C:\Develop\Budgeteer\BudgeteerBusiness.Test\bin\Debug\BudgeteerBusiness.Test.dll" adapterTypeName="Microsoft.VisualStudio.TestTools.TestTypes.Unit.UnitTestAdapter, Microsoft.VisualStudio.QualityTools.Tips.UnitTest.Adapter, Version=9.0.0.0, Culture=neutral, PublicKeyToken=b03f5f7f11d50a3a" className="BudgeteerBusiness.Test.BankAccountTest, BudgeteerBusiness.Test" name="AddAccountAccountNameNothing" />
    </UnitTest>
    <UnitTest name="AccountUpdateAccountNumberMaxLen" storage="c:\develop\budgeteer\budgeteerbusiness.test\bin\debug\budgeteerbusiness.test.dll" id="fd0567ca-ebac-cdf4-0d35-eaae1abf4f60">
      <Css projectStructure="" iteration="" />
      <Owners>
        <Owner name="" />
      </Owners>
      <TestMethod codeBase="C:\Develop\Budgeteer\BudgeteerBusiness.Test\bin\Debug\BudgeteerBusiness.Test.dll" adapterTypeName="Microsoft.VisualStudio.TestTools.TestTypes.Unit.UnitTestAdapter, Microsoft.VisualStudio.QualityTools.Tips.UnitTest.Adapter, Version=9.0.0.0, Culture=neutral, PublicKeyToken=b03f5f7f11d50a3a" className="BudgeteerBusiness.Test.BankAccountTest, BudgeteerBusiness.Test" name="AccountUpdateAccountNumberMaxLen" />
    </UnitTest>
    <UnitTest name="addSubcategoryTest" storage="c:\develop\budgeteer\budgeteerbusiness.test\bin\debug\budgeteerbusiness.test.dll" id="6c1d12e8-2a89-22ef-766d-cb51fcbbb230">
      <Css projectStructure="" iteration="" />
      <Owners>
        <Owner name="" />
      </Owners>
      <TestMethod codeBase="C:\Develop\Budgeteer\BudgeteerBusiness.Test\bin\Debug\BudgeteerBusiness.Test.dll" adapterTypeName="Microsoft.VisualStudio.TestTools.TestTypes.Unit.UnitTestAdapter, Microsoft.VisualStudio.QualityTools.Tips.UnitTest.Adapter, Version=9.0.0.0, Culture=neutral, PublicKeyToken=b03f5f7f11d50a3a" className="BudgeteerBusiness.Test.SubcategoryTest, BudgeteerBusiness.Test" name="addSubcategoryTest" />
    </UnitTest>
    <UnitTest name="updateTransactionTest" storage="c:\develop\budgeteer\budgeteerbusiness.test\bin\debug\budgeteerbusiness.test.dll" id="1ce94126-b660-0ac9-06d3-af2dd6c473a7">
      <Css projectStructure="" iteration="" />
      <Owners>
        <Owner name="" />
      </Owners>
      <TestMethod codeBase="C:\Develop\Budgeteer\BudgeteerBusiness.Test\bin\Debug\BudgeteerBusiness.Test.dll" adapterTypeName="Microsoft.VisualStudio.TestTools.TestTypes.Unit.UnitTestAdapter, Microsoft.VisualStudio.QualityTools.Tips.UnitTest.Adapter, Version=9.0.0.0, Culture=neutral, PublicKeyToken=b03f5f7f11d50a3a" className="BudgeteerBusiness.Test.TransactionTest, BudgeteerBusiness.Test" name="updateTransactionTest" />
    </UnitTest>
    <UnitTest name="addCategoryUserIDNothing" storage="c:\develop\budgeteer\budgeteerbusiness.test\bin\debug\budgeteerbusiness.test.dll" id="532e8336-e148-b747-29ed-96f8fa85edc7">
      <Css projectStructure="" iteration="" />
      <Owners>
        <Owner name="" />
      </Owners>
      <TestMethod codeBase="C:\Develop\Budgeteer\BudgeteerBusiness.Test\bin\Debug\BudgeteerBusiness.Test.dll" adapterTypeName="Microsoft.VisualStudio.TestTools.TestTypes.Unit.UnitTestAdapter, Microsoft.VisualStudio.QualityTools.Tips.UnitTest.Adapter, Version=9.0.0.0, Culture=neutral, PublicKeyToken=b03f5f7f11d50a3a" className="BudgeteerBusiness.Test.CategoryTest, BudgeteerBusiness.Test" name="addCategoryUserIDNothing" />
    </UnitTest>
    <UnitTest name="addTransactionDateNothing" storage="c:\develop\budgeteer\budgeteerbusiness.test\bin\debug\budgeteerbusiness.test.dll" id="d9c74070-150a-6459-f8b5-cd6b0de2b4ec">
      <Css projectStructure="" iteration="" />
      <Owners>
        <Owner name="" />
      </Owners>
      <TestMethod codeBase="C:\Develop\Budgeteer\BudgeteerBusiness.Test\bin\Debug\BudgeteerBusiness.Test.dll" adapterTypeName="Microsoft.VisualStudio.TestTools.TestTypes.Unit.UnitTestAdapter, Microsoft.VisualStudio.QualityTools.Tips.UnitTest.Adapter, Version=9.0.0.0, Culture=neutral, PublicKeyToken=b03f5f7f11d50a3a" className="BudgeteerBusiness.Test.TransactionTest, BudgeteerBusiness.Test" name="addTransactionDateNothing" />
    </UnitTest>
    <UnitTest name="AddAccountAccountNameMaxLen" storage="c:\develop\budgeteer\budgeteerbusiness.test\bin\debug\budgeteerbusiness.test.dll" id="6f61982a-b51b-27fe-1f93-482011c4b473">
      <Css projectStructure="" iteration="" />
      <Owners>
        <Owner name="" />
      </Owners>
      <TestMethod codeBase="C:\Develop\Budgeteer\BudgeteerBusiness.Test\bin\Debug\BudgeteerBusiness.Test.dll" adapterTypeName="Microsoft.VisualStudio.TestTools.TestTypes.Unit.UnitTestAdapter, Microsoft.VisualStudio.QualityTools.Tips.UnitTest.Adapter, Version=9.0.0.0, Culture=neutral, PublicKeyToken=b03f5f7f11d50a3a" className="BudgeteerBusiness.Test.BankAccountTest, BudgeteerBusiness.Test" name="AddAccountAccountNameMaxLen" />
    </UnitTest>
    <UnitTest name="updateCategoryTest" storage="c:\develop\budgeteer\budgeteerbusiness.test\bin\debug\budgeteerbusiness.test.dll" id="8fc9d453-58a3-7668-636c-73ada71a9a28">
      <Css projectStructure="" iteration="" />
      <Owners>
        <Owner name="" />
      </Owners>
      <TestMethod codeBase="C:\Develop\Budgeteer\BudgeteerBusiness.Test\bin\Debug\BudgeteerBusiness.Test.dll" adapterTypeName="Microsoft.VisualStudio.TestTools.TestTypes.Unit.UnitTestAdapter, Microsoft.VisualStudio.QualityTools.Tips.UnitTest.Adapter, Version=9.0.0.0, Culture=neutral, PublicKeyToken=b03f5f7f11d50a3a" className="BudgeteerBusiness.Test.CategoryTest, BudgeteerBusiness.Test" name="updateCategoryTest" />
    </UnitTest>
    <UnitTest name="addTransactionDescriptionNothing" storage="c:\develop\budgeteer\budgeteerbusiness.test\bin\debug\budgeteerbusiness.test.dll" id="da27e590-9f13-60c6-1ba7-9957aed51717">
      <Css projectStructure="" iteration="" />
      <Owners>
        <Owner name="" />
      </Owners>
      <TestMethod codeBase="C:\Develop\Budgeteer\BudgeteerBusiness.Test\bin\Debug\BudgeteerBusiness.Test.dll" adapterTypeName="Microsoft.VisualStudio.TestTools.TestTypes.Unit.UnitTestAdapter, Microsoft.VisualStudio.QualityTools.Tips.UnitTest.Adapter, Version=9.0.0.0, Culture=neutral, PublicKeyToken=b03f5f7f11d50a3a" className="BudgeteerBusiness.Test.TransactionTest, BudgeteerBusiness.Test" name="addTransactionDescriptionNothing" />
    </UnitTest>
    <UnitTest name="UpdateBudgetStartDateBlank" storage="c:\develop\budgeteer\budgeteerbusiness.test\bin\debug\budgeteerbusiness.test.dll" id="b7f0e8a2-8926-f837-3cda-c1c849c6826c">
      <Css projectStructure="" iteration="" />
      <Owners>
        <Owner name="" />
      </Owners>
      <TestMethod codeBase="C:\Develop\Budgeteer\BudgeteerBusiness.Test\bin\Debug\BudgeteerBusiness.Test.dll" adapterTypeName="Microsoft.VisualStudio.TestTools.TestTypes.Unit.UnitTestAdapter, Microsoft.VisualStudio.QualityTools.Tips.UnitTest.Adapter, Version=9.0.0.0, Culture=neutral, PublicKeyToken=b03f5f7f11d50a3a" className="BudgeteerBusiness.Test.BudgetTest, BudgeteerBusiness.Test" name="UpdateBudgetStartDateBlank" />
    </UnitTest>
    <UnitTest name="updateSubcategoryTest" storage="c:\develop\budgeteer\budgeteerbusiness.test\bin\debug\budgeteerbusiness.test.dll" id="bedc9ca5-0715-f75f-5275-d225bacd5374">
      <Css projectStructure="" iteration="" />
      <Owners>
        <Owner name="" />
      </Owners>
      <TestMethod codeBase="C:\Develop\Budgeteer\BudgeteerBusiness.Test\bin\Debug\BudgeteerBusiness.Test.dll" adapterTypeName="Microsoft.VisualStudio.TestTools.TestTypes.Unit.UnitTestAdapter, Microsoft.VisualStudio.QualityTools.Tips.UnitTest.Adapter, Version=9.0.0.0, Culture=neutral, PublicKeyToken=b03f5f7f11d50a3a" className="BudgeteerBusiness.Test.SubcategoryTest, BudgeteerBusiness.Test" name="updateSubcategoryTest" />
    </UnitTest>
    <UnitTest name="addUserLastNameMaxLen" storage="c:\develop\budgeteer\budgeteerbusiness.test\bin\debug\budgeteerbusiness.test.dll" id="d34b29c4-f075-6bcd-bac5-00d2275289a2">
      <Css projectStructure="" iteration="" />
      <Owners>
        <Owner name="" />
      </Owners>
      <TestMethod codeBase="C:\Develop\Budgeteer\BudgeteerBusiness.Test\bin\Debug\BudgeteerBusiness.Test.dll" adapterTypeName="Microsoft.VisualStudio.TestTools.TestTypes.Unit.UnitTestAdapter, Microsoft.VisualStudio.QualityTools.Tips.UnitTest.Adapter, Version=9.0.0.0, Culture=neutral, PublicKeyToken=b03f5f7f11d50a3a" className="BudgeteerBusiness.Test.UserTest, BudgeteerBusiness.Test" name="addUserLastNameMaxLen" />
    </UnitTest>
    <UnitTest name="updateUserEmailAddressEmailNothing" storage="c:\develop\budgeteer\budgeteerbusiness.test\bin\debug\budgeteerbusiness.test.dll" id="80c414af-5874-d05b-df07-60a9f219452e">
      <Css projectStructure="" iteration="" />
      <Owners>
        <Owner name="" />
      </Owners>
      <TestMethod codeBase="C:\Develop\Budgeteer\BudgeteerBusiness.Test\bin\Debug\BudgeteerBusiness.Test.dll" adapterTypeName="Microsoft.VisualStudio.TestTools.TestTypes.Unit.UnitTestAdapter, Microsoft.VisualStudio.QualityTools.Tips.UnitTest.Adapter, Version=9.0.0.0, Culture=neutral, PublicKeyToken=b03f5f7f11d50a3a" className="BudgeteerBusiness.Test.UserTest, BudgeteerBusiness.Test" name="updateUserEmailAddressEmailNothing" />
    </UnitTest>
    <UnitTest name="updateUserPasswordPasswordMaxLen" storage="c:\develop\budgeteer\budgeteerbusiness.test\bin\debug\budgeteerbusiness.test.dll" id="284bf1a9-75d1-2878-109e-644bc848b2b3">
      <Css projectStructure="" iteration="" />
      <Owners>
        <Owner name="" />
      </Owners>
      <TestMethod codeBase="C:\Develop\Budgeteer\BudgeteerBusiness.Test\bin\Debug\BudgeteerBusiness.Test.dll" adapterTypeName="Microsoft.VisualStudio.TestTools.TestTypes.Unit.UnitTestAdapter, Microsoft.VisualStudio.QualityTools.Tips.UnitTest.Adapter, Version=9.0.0.0, Culture=neutral, PublicKeyToken=b03f5f7f11d50a3a" className="BudgeteerBusiness.Test.UserTest, BudgeteerBusiness.Test" name="updateUserPasswordPasswordMaxLen" />
    </UnitTest>
    <UnitTest name="deleteBudgetBudgetIDBlank" storage="c:\develop\budgeteer\budgeteerbusiness.test\bin\debug\budgeteerbusiness.test.dll" id="799311e6-1da3-8fae-d135-4dafc9b3c1eb">
      <Css projectStructure="" iteration="" />
      <Owners>
        <Owner name="" />
      </Owners>
      <TestMethod codeBase="C:\Develop\Budgeteer\BudgeteerBusiness.Test\bin\Debug\BudgeteerBusiness.Test.dll" adapterTypeName="Microsoft.VisualStudio.TestTools.TestTypes.Unit.UnitTestAdapter, Microsoft.VisualStudio.QualityTools.Tips.UnitTest.Adapter, Version=9.0.0.0, Culture=neutral, PublicKeyToken=b03f5f7f11d50a3a" className="BudgeteerBusiness.Test.BudgetTest, BudgeteerBusiness.Test" name="deleteBudgetBudgetIDBlank" />
    </UnitTest>
    <UnitTest name="updateUserPasswordPasswordNothing" storage="c:\develop\budgeteer\budgeteerbusiness.test\bin\debug\budgeteerbusiness.test.dll" id="96ea8a44-4a4b-1549-f98e-7f968bf38c44">
      <Css projectStructure="" iteration="" />
      <Owners>
        <Owner name="" />
      </Owners>
      <TestMethod codeBase="C:\Develop\Budgeteer\BudgeteerBusiness.Test\bin\Debug\BudgeteerBusiness.Test.dll" adapterTypeName="Microsoft.VisualStudio.TestTools.TestTypes.Unit.UnitTestAdapter, Microsoft.VisualStudio.QualityTools.Tips.UnitTest.Adapter, Version=9.0.0.0, Culture=neutral, PublicKeyToken=b03f5f7f11d50a3a" className="BudgeteerBusiness.Test.UserTest, BudgeteerBusiness.Test" name="updateUserPasswordPasswordNothing" />
    </UnitTest>
    <UnitTest name="AddBudgetBudgetNothing" storage="c:\develop\budgeteer\budgeteerbusiness.test\bin\debug\budgeteerbusiness.test.dll" id="051888c9-8a45-0bb7-a0d4-714b442283af">
      <Css projectStructure="" iteration="" />
      <Owners>
        <Owner name="" />
      </Owners>
      <TestMethod codeBase="C:\Develop\Budgeteer\BudgeteerBusiness.Test\bin\Debug\BudgeteerBusiness.Test.dll" adapterTypeName="Microsoft.VisualStudio.TestTools.TestTypes.Unit.UnitTestAdapter, Microsoft.VisualStudio.QualityTools.Tips.UnitTest.Adapter, Version=9.0.0.0, Culture=neutral, PublicKeyToken=b03f5f7f11d50a3a" className="BudgeteerBusiness.Test.BudgetTest, BudgeteerBusiness.Test" name="AddBudgetBudgetNothing" />
    </UnitTest>
    <UnitTest name="getSubcategoriesTest" storage="c:\develop\budgeteer\budgeteerbusiness.test\bin\debug\budgeteerbusiness.test.dll" id="c962f176-0e46-6e6a-64e1-773767b2a92e">
      <Css projectStructure="" iteration="" />
      <Owners>
        <Owner name="" />
      </Owners>
      <TestMethod codeBase="C:\Develop\Budgeteer\BudgeteerBusiness.Test\bin\Debug\BudgeteerBusiness.Test.dll" adapterTypeName="Microsoft.VisualStudio.TestTools.TestTypes.Unit.UnitTestAdapter, Microsoft.VisualStudio.QualityTools.Tips.UnitTest.Adapter, Version=9.0.0.0, Culture=neutral, PublicKeyToken=b03f5f7f11d50a3a" className="BudgeteerBusiness.Test.SubcategoryTest, BudgeteerBusiness.Test" name="getSubcategoriesTest" />
    </UnitTest>
    <UnitTest name="updateFrequencyDescriptionMaxLen" storage="c:\develop\budgeteer\budgeteerbusiness.test\bin\debug\budgeteerbusiness.test.dll" id="38af75c1-03ea-b909-29fa-879e4a97d0ad">
      <Css projectStructure="" iteration="" />
      <Owners>
        <Owner name="" />
      </Owners>
      <TestMethod codeBase="C:\Develop\Budgeteer\BudgeteerBusiness.Test\bin\Debug\BudgeteerBusiness.Test.dll" adapterTypeName="Microsoft.VisualStudio.TestTools.TestTypes.Unit.UnitTestAdapter, Microsoft.VisualStudio.QualityTools.Tips.UnitTest.Adapter, Version=9.0.0.0, Culture=neutral, PublicKeyToken=b03f5f7f11d50a3a" className="BudgeteerBusiness.Test.FrequencyTest, BudgeteerBusiness.Test" name="updateFrequencyDescriptionMaxLen" />
    </UnitTest>
    <UnitTest name="activateUserTest" storage="c:\develop\budgeteer\budgeteerbusiness.test\bin\debug\budgeteerbusiness.test.dll" id="24148662-d27c-83db-d849-dc758dd8b5f9">
      <Css projectStructure="" iteration="" />
      <Owners>
        <Owner name="" />
      </Owners>
      <TestMethod codeBase="C:\Develop\Budgeteer\BudgeteerBusiness.Test\bin\Debug\BudgeteerBusiness.Test.dll" adapterTypeName="Microsoft.VisualStudio.TestTools.TestTypes.Unit.UnitTestAdapter, Microsoft.VisualStudio.QualityTools.Tips.UnitTest.Adapter, Version=9.0.0.0, Culture=neutral, PublicKeyToken=b03f5f7f11d50a3a" className="BudgeteerBusiness.Test.UserTest, BudgeteerBusiness.Test" name="activateUserTest" />
    </UnitTest>
    <UnitTest name="AccountUpdateAccountTypeMaxLen" storage="c:\develop\budgeteer\budgeteerbusiness.test\bin\debug\budgeteerbusiness.test.dll" id="dc103d46-66d3-5339-3760-9e1aa3967d68">
      <Css projectStructure="" iteration="" />
      <Owners>
        <Owner name="" />
      </Owners>
      <TestMethod codeBase="C:\Develop\Budgeteer\BudgeteerBusiness.Test\bin\Debug\BudgeteerBusiness.Test.dll" adapterTypeName="Microsoft.VisualStudio.TestTools.TestTypes.Unit.UnitTestAdapter, Microsoft.VisualStudio.QualityTools.Tips.UnitTest.Adapter, Version=9.0.0.0, Culture=neutral, PublicKeyToken=b03f5f7f11d50a3a" className="BudgeteerBusiness.Test.BankAccountTest, BudgeteerBusiness.Test" name="AccountUpdateAccountTypeMaxLen" />
    </UnitTest>
    <UnitTest name="UpdateBudgetSubcategoryIDBlank" storage="c:\develop\budgeteer\budgeteerbusiness.test\bin\debug\budgeteerbusiness.test.dll" id="2961bbf1-146b-0935-82b2-1ae35615a987">
      <Css projectStructure="" iteration="" />
      <Owners>
        <Owner name="" />
      </Owners>
      <TestMethod codeBase="C:\Develop\Budgeteer\BudgeteerBusiness.Test\bin\Debug\BudgeteerBusiness.Test.dll" adapterTypeName="Microsoft.VisualStudio.TestTools.TestTypes.Unit.UnitTestAdapter, Microsoft.VisualStudio.QualityTools.Tips.UnitTest.Adapter, Version=9.0.0.0, Culture=neutral, PublicKeyToken=b03f5f7f11d50a3a" className="BudgeteerBusiness.Test.BudgetTest, BudgeteerBusiness.Test" name="UpdateBudgetSubcategoryIDBlank" />
    </UnitTest>
    <UnitTest name="getSettingSettingBlank" storage="c:\develop\budgeteer\budgeteerbusiness.test\bin\debug\budgeteerbusiness.test.dll" id="c1eb1ab3-71b1-7f0c-d402-7db8c88875e0">
      <Css projectStructure="" iteration="" />
      <Owners>
        <Owner name="" />
      </Owners>
      <TestMethod codeBase="C:\Develop\Budgeteer\BudgeteerBusiness.Test\bin\Debug\BudgeteerBusiness.Test.dll" adapterTypeName="Microsoft.VisualStudio.TestTools.TestTypes.Unit.UnitTestAdapter, Microsoft.VisualStudio.QualityTools.Tips.UnitTest.Adapter, Version=9.0.0.0, Culture=neutral, PublicKeyToken=b03f5f7f11d50a3a" className="BudgeteerBusiness.Test.ApplicationSettingTest, BudgeteerBusiness.Test" name="getSettingSettingBlank" />
    </UnitTest>
    <UnitTest name="updateUserPasswordUserIDMaxLen" storage="c:\develop\budgeteer\budgeteerbusiness.test\bin\debug\budgeteerbusiness.test.dll" id="3a751831-a04a-99cb-4020-7bcb1dfdc48d">
      <Css projectStructure="" iteration="" />
      <Owners>
        <Owner name="" />
      </Owners>
      <TestMethod codeBase="C:\Develop\Budgeteer\BudgeteerBusiness.Test\bin\Debug\BudgeteerBusiness.Test.dll" adapterTypeName="Microsoft.VisualStudio.TestTools.TestTypes.Unit.UnitTestAdapter, Microsoft.VisualStudio.QualityTools.Tips.UnitTest.Adapter, Version=9.0.0.0, Culture=neutral, PublicKeyToken=b03f5f7f11d50a3a" className="BudgeteerBusiness.Test.UserTest, BudgeteerBusiness.Test" name="updateUserPasswordUserIDMaxLen" />
    </UnitTest>
    <UnitTest name="AccountUpdateAccountNameNothing" storage="c:\develop\budgeteer\budgeteerbusiness.test\bin\debug\budgeteerbusiness.test.dll" id="8c6905af-52bc-76a0-b628-ad32132409ba">
      <Css projectStructure="" iteration="" />
      <Owners>
        <Owner name="" />
      </Owners>
      <TestMethod codeBase="C:\Develop\Budgeteer\BudgeteerBusiness.Test\bin\Debug\BudgeteerBusiness.Test.dll" adapterTypeName="Microsoft.VisualStudio.TestTools.TestTypes.Unit.UnitTestAdapter, Microsoft.VisualStudio.QualityTools.Tips.UnitTest.Adapter, Version=9.0.0.0, Culture=neutral, PublicKeyToken=b03f5f7f11d50a3a" className="BudgeteerBusiness.Test.BankAccountTest, BudgeteerBusiness.Test" name="AccountUpdateAccountNameNothing" />
    </UnitTest>
    <UnitTest name="addUserUserIDMaxLen" storage="c:\develop\budgeteer\budgeteerbusiness.test\bin\debug\budgeteerbusiness.test.dll" id="41d12651-6966-8543-ef57-0046b613ddb5">
      <Css projectStructure="" iteration="" />
      <Owners>
        <Owner name="" />
      </Owners>
      <TestMethod codeBase="C:\Develop\Budgeteer\BudgeteerBusiness.Test\bin\Debug\BudgeteerBusiness.Test.dll" adapterTypeName="Microsoft.VisualStudio.TestTools.TestTypes.Unit.UnitTestAdapter, Microsoft.VisualStudio.QualityTools.Tips.UnitTest.Adapter, Version=9.0.0.0, Culture=neutral, PublicKeyToken=b03f5f7f11d50a3a" className="BudgeteerBusiness.Test.UserTest, BudgeteerBusiness.Test" name="addUserUserIDMaxLen" />
    </UnitTest>
    <UnitTest name="addTransactionUserIDNothing" storage="c:\develop\budgeteer\budgeteerbusiness.test\bin\debug\budgeteerbusiness.test.dll" id="9b270260-260c-a978-9dd4-28ae487f85d0">
      <Css projectStructure="" iteration="" />
      <Owners>
        <Owner name="" />
      </Owners>
      <TestMethod codeBase="C:\Develop\Budgeteer\BudgeteerBusiness.Test\bin\Debug\BudgeteerBusiness.Test.dll" adapterTypeName="Microsoft.VisualStudio.TestTools.TestTypes.Unit.UnitTestAdapter, Microsoft.VisualStudio.QualityTools.Tips.UnitTest.Adapter, Version=9.0.0.0, Culture=neutral, PublicKeyToken=b03f5f7f11d50a3a" className="BudgeteerBusiness.Test.TransactionTest, BudgeteerBusiness.Test" name="addTransactionUserIDNothing" />
    </UnitTest>
    <UnitTest name="updateSubcategoryNotesMaxLen" storage="c:\develop\budgeteer\budgeteerbusiness.test\bin\debug\budgeteerbusiness.test.dll" id="00b914bf-27cf-c5f2-2337-9da7337b8b86">
      <Css projectStructure="" iteration="" />
      <Owners>
        <Owner name="" />
      </Owners>
      <TestMethod codeBase="C:\Develop\Budgeteer\BudgeteerBusiness.Test\bin\Debug\BudgeteerBusiness.Test.dll" adapterTypeName="Microsoft.VisualStudio.TestTools.TestTypes.Unit.UnitTestAdapter, Microsoft.VisualStudio.QualityTools.Tips.UnitTest.Adapter, Version=9.0.0.0, Culture=neutral, PublicKeyToken=b03f5f7f11d50a3a" className="BudgeteerBusiness.Test.SubcategoryTest, BudgeteerBusiness.Test" name="updateSubcategoryNotesMaxLen" />
    </UnitTest>
    <UnitTest name="addSubcategoryNotesMaxLen" storage="c:\develop\budgeteer\budgeteerbusiness.test\bin\debug\budgeteerbusiness.test.dll" id="201d793e-4fe6-401d-6be8-c62c538d4a65">
      <Css projectStructure="" iteration="" />
      <Owners>
        <Owner name="" />
      </Owners>
      <TestMethod codeBase="C:\Develop\Budgeteer\BudgeteerBusiness.Test\bin\Debug\BudgeteerBusiness.Test.dll" adapterTypeName="Microsoft.VisualStudio.TestTools.TestTypes.Unit.UnitTestAdapter, Microsoft.VisualStudio.QualityTools.Tips.UnitTest.Adapter, Version=9.0.0.0, Culture=neutral, PublicKeyToken=b03f5f7f11d50a3a" className="BudgeteerBusiness.Test.SubcategoryTest, BudgeteerBusiness.Test" name="addSubcategoryNotesMaxLen" />
    </UnitTest>
    <UnitTest name="updateTransactionDescriptionNothing" storage="c:\develop\budgeteer\budgeteerbusiness.test\bin\debug\budgeteerbusiness.test.dll" id="3ccd3f11-0213-e1b1-a3aa-1057197cac59">
      <Css projectStructure="" iteration="" />
      <Owners>
        <Owner name="" />
      </Owners>
      <TestMethod codeBase="C:\Develop\Budgeteer\BudgeteerBusiness.Test\bin\Debug\BudgeteerBusiness.Test.dll" adapterTypeName="Microsoft.VisualStudio.TestTools.TestTypes.Unit.UnitTestAdapter, Microsoft.VisualStudio.QualityTools.Tips.UnitTest.Adapter, Version=9.0.0.0, Culture=neutral, PublicKeyToken=b03f5f7f11d50a3a" className="BudgeteerBusiness.Test.TransactionTest, BudgeteerBusiness.Test" name="updateTransactionDescriptionNothing" />
    </UnitTest>
    <UnitTest name="deleteBudgetTest" storage="c:\develop\budgeteer\budgeteerbusiness.test\bin\debug\budgeteerbusiness.test.dll" id="c0411296-3ae8-697f-2af6-c4ea40140d13">
      <Css projectStructure="" iteration="" />
      <Owners>
        <Owner name="" />
      </Owners>
      <TestMethod codeBase="C:\Develop\Budgeteer\BudgeteerBusiness.Test\bin\Debug\BudgeteerBusiness.Test.dll" adapterTypeName="Microsoft.VisualStudio.TestTools.TestTypes.Unit.UnitTestAdapter, Microsoft.VisualStudio.QualityTools.Tips.UnitTest.Adapter, Version=9.0.0.0, Culture=neutral, PublicKeyToken=b03f5f7f11d50a3a" className="BudgeteerBusiness.Test.BudgetTest, BudgeteerBusiness.Test" name="deleteBudgetTest" />
    </UnitTest>
    <UnitTest name="AccountUpdateAccountNothing" storage="c:\develop\budgeteer\budgeteerbusiness.test\bin\debug\budgeteerbusiness.test.dll" id="15012bb2-b8a7-b9c7-7871-b29804a6aa37">
      <Css projectStructure="" iteration="" />
      <Owners>
        <Owner name="" />
      </Owners>
      <TestMethod codeBase="C:\Develop\Budgeteer\BudgeteerBusiness.Test\bin\Debug\BudgeteerBusiness.Test.dll" adapterTypeName="Microsoft.VisualStudio.TestTools.TestTypes.Unit.UnitTestAdapter, Microsoft.VisualStudio.QualityTools.Tips.UnitTest.Adapter, Version=9.0.0.0, Culture=neutral, PublicKeyToken=b03f5f7f11d50a3a" className="BudgeteerBusiness.Test.BankAccountTest, BudgeteerBusiness.Test" name="AccountUpdateAccountNothing" />
    </UnitTest>
    <UnitTest name="UpdateBudgetFrequencyIDBlank" storage="c:\develop\budgeteer\budgeteerbusiness.test\bin\debug\budgeteerbusiness.test.dll" id="aa01915b-fe45-c694-5349-093d2378bbbf">
      <Css projectStructure="" iteration="" />
      <Owners>
        <Owner name="" />
      </Owners>
      <TestMethod codeBase="C:\Develop\Budgeteer\BudgeteerBusiness.Test\bin\Debug\BudgeteerBusiness.Test.dll" adapterTypeName="Microsoft.VisualStudio.TestTools.TestTypes.Unit.UnitTestAdapter, Microsoft.VisualStudio.QualityTools.Tips.UnitTest.Adapter, Version=9.0.0.0, Culture=neutral, PublicKeyToken=b03f5f7f11d50a3a" className="BudgeteerBusiness.Test.BudgetTest, BudgeteerBusiness.Test" name="UpdateBudgetFrequencyIDBlank" />
    </UnitTest>
    <UnitTest name="addFrequencyUserIDNothing" storage="c:\develop\budgeteer\budgeteerbusiness.test\bin\debug\budgeteerbusiness.test.dll" id="4c8b2cdb-4eab-b6f9-ff74-242bf524db2e">
      <Css projectStructure="" iteration="" />
      <Owners>
        <Owner name="" />
      </Owners>
      <TestMethod codeBase="C:\Develop\Budgeteer\BudgeteerBusiness.Test\bin\Debug\BudgeteerBusiness.Test.dll" adapterTypeName="Microsoft.VisualStudio.TestTools.TestTypes.Unit.UnitTestAdapter, Microsoft.VisualStudio.QualityTools.Tips.UnitTest.Adapter, Version=9.0.0.0, Culture=neutral, PublicKeyToken=b03f5f7f11d50a3a" className="BudgeteerBusiness.Test.FrequencyTest, BudgeteerBusiness.Test" name="addFrequencyUserIDNothing" />
    </UnitTest>
    <UnitTest name="GetBudgetsUserIDBlank" storage="c:\develop\budgeteer\budgeteerbusiness.test\bin\debug\budgeteerbusiness.test.dll" id="ebd39db0-e74b-3bd5-c867-9e8d1f912965">
      <Css projectStructure="" iteration="" />
      <Owners>
        <Owner name="" />
      </Owners>
      <TestMethod codeBase="C:\Develop\Budgeteer\BudgeteerBusiness.Test\bin\Debug\BudgeteerBusiness.Test.dll" adapterTypeName="Microsoft.VisualStudio.TestTools.TestTypes.Unit.UnitTestAdapter, Microsoft.VisualStudio.QualityTools.Tips.UnitTest.Adapter, Version=9.0.0.0, Culture=neutral, PublicKeyToken=b03f5f7f11d50a3a" className="BudgeteerBusiness.Test.BudgetTest, BudgeteerBusiness.Test" name="GetBudgetsUserIDBlank" />
    </UnitTest>
    <UnitTest name="getUserTest" storage="c:\develop\budgeteer\budgeteerbusiness.test\bin\debug\budgeteerbusiness.test.dll" id="3313d2d0-5480-16e1-f3ac-9d93382371ba">
      <Css projectStructure="" iteration="" />
      <Owners>
        <Owner name="" />
      </Owners>
      <TestMethod codeBase="C:\Develop\Budgeteer\BudgeteerBusiness.Test\bin\Debug\BudgeteerBusiness.Test.dll" adapterTypeName="Microsoft.VisualStudio.TestTools.TestTypes.Unit.UnitTestAdapter, Microsoft.VisualStudio.QualityTools.Tips.UnitTest.Adapter, Version=9.0.0.0, Culture=neutral, PublicKeyToken=b03f5f7f11d50a3a" className="BudgeteerBusiness.Test.UserTest, BudgeteerBusiness.Test" name="getUserTest" />
    </UnitTest>
    <UnitTest name="addFrequencyNothing" storage="c:\develop\budgeteer\budgeteerbusiness.test\bin\debug\budgeteerbusiness.test.dll" id="afdd3970-ef14-572c-7490-d181ac1ccd1e">
      <Css projectStructure="" iteration="" />
      <Owners>
        <Owner name="" />
      </Owners>
      <TestMethod codeBase="C:\Develop\Budgeteer\BudgeteerBusiness.Test\bin\Debug\BudgeteerBusiness.Test.dll" adapterTypeName="Microsoft.VisualStudio.TestTools.TestTypes.Unit.UnitTestAdapter, Microsoft.VisualStudio.QualityTools.Tips.UnitTest.Adapter, Version=9.0.0.0, Culture=neutral, PublicKeyToken=b03f5f7f11d50a3a" className="BudgeteerBusiness.Test.FrequencyTest, BudgeteerBusiness.Test" name="addFrequencyNothing" />
    </UnitTest>
    <UnitTest name="updateSubcategorySubcategoryIDNothing" storage="c:\develop\budgeteer\budgeteerbusiness.test\bin\debug\budgeteerbusiness.test.dll" id="e1b8b9b5-31fa-3158-ed49-602ecdf8fc2b">
      <Css projectStructure="" iteration="" />
      <Owners>
        <Owner name="" />
      </Owners>
      <TestMethod codeBase="C:\Develop\Budgeteer\BudgeteerBusiness.Test\bin\Debug\BudgeteerBusiness.Test.dll" adapterTypeName="Microsoft.VisualStudio.TestTools.TestTypes.Unit.UnitTestAdapter, Microsoft.VisualStudio.QualityTools.Tips.UnitTest.Adapter, Version=9.0.0.0, Culture=neutral, PublicKeyToken=b03f5f7f11d50a3a" className="BudgeteerBusiness.Test.SubcategoryTest, BudgeteerBusiness.Test" name="updateSubcategorySubcategoryIDNothing" />
    </UnitTest>
    <UnitTest name="deleteSubcategoryTest" storage="c:\develop\budgeteer\budgeteerbusiness.test\bin\debug\budgeteerbusiness.test.dll" id="b237afa0-6fb1-54bf-657e-2a66b76abb69">
      <Css projectStructure="" iteration="" />
      <Owners>
        <Owner name="" />
      </Owners>
      <TestMethod codeBase="C:\Develop\Budgeteer\BudgeteerBusiness.Test\bin\Debug\BudgeteerBusiness.Test.dll" adapterTypeName="Microsoft.VisualStudio.TestTools.TestTypes.Unit.UnitTestAdapter, Microsoft.VisualStudio.QualityTools.Tips.UnitTest.Adapter, Version=9.0.0.0, Culture=neutral, PublicKeyToken=b03f5f7f11d50a3a" className="BudgeteerBusiness.Test.SubcategoryTest, BudgeteerBusiness.Test" name="deleteSubcategoryTest" />
    </UnitTest>
    <UnitTest name="setSettingValueBlank" storage="c:\develop\budgeteer\budgeteerbusiness.test\bin\debug\budgeteerbusiness.test.dll" id="fcca391a-3bf2-a7bd-8a43-2d87c89ccc3b">
      <Css projectStructure="" iteration="" />
      <Owners>
        <Owner name="" />
      </Owners>
      <TestMethod codeBase="C:\Develop\Budgeteer\BudgeteerBusiness.Test\bin\Debug\BudgeteerBusiness.Test.dll" adapterTypeName="Microsoft.VisualStudio.TestTools.TestTypes.Unit.UnitTestAdapter, Microsoft.VisualStudio.QualityTools.Tips.UnitTest.Adapter, Version=9.0.0.0, Culture=neutral, PublicKeyToken=b03f5f7f11d50a3a" className="BudgeteerBusiness.Test.ApplicationSettingTest, BudgeteerBusiness.Test" name="setSettingValueBlank" />
    </UnitTest>
    <UnitTest name="updateFrequencyFrequencyIDNothing" storage="c:\develop\budgeteer\budgeteerbusiness.test\bin\debug\budgeteerbusiness.test.dll" id="899e468f-0f82-8f87-b2c5-dd542356cd37">
      <Css projectStructure="" iteration="" />
      <Owners>
        <Owner name="" />
      </Owners>
      <TestMethod codeBase="C:\Develop\Budgeteer\BudgeteerBusiness.Test\bin\Debug\BudgeteerBusiness.Test.dll" adapterTypeName="Microsoft.VisualStudio.TestTools.TestTypes.Unit.UnitTestAdapter, Microsoft.VisualStudio.QualityTools.Tips.UnitTest.Adapter, Version=9.0.0.0, Culture=neutral, PublicKeyToken=b03f5f7f11d50a3a" className="BudgeteerBusiness.Test.FrequencyTest, BudgeteerBusiness.Test" name="updateFrequencyFrequencyIDNothing" />
    </UnitTest>
    <UnitTest name="updateSubcategorySubcategoryNothing" storage="c:\develop\budgeteer\budgeteerbusiness.test\bin\debug\budgeteerbusiness.test.dll" id="9df3c7a9-dda3-36c5-3db7-ed52aa5c51f3">
      <Css projectStructure="" iteration="" />
      <Owners>
        <Owner name="" />
      </Owners>
      <TestMethod codeBase="C:\Develop\Budgeteer\BudgeteerBusiness.Test\bin\Debug\BudgeteerBusiness.Test.dll" adapterTypeName="Microsoft.VisualStudio.TestTools.TestTypes.Unit.UnitTestAdapter, Microsoft.VisualStudio.QualityTools.Tips.UnitTest.Adapter, Version=9.0.0.0, Culture=neutral, PublicKeyToken=b03f5f7f11d50a3a" className="BudgeteerBusiness.Test.SubcategoryTest, BudgeteerBusiness.Test" name="updateSubcategorySubcategoryNothing" />
    </UnitTest>
    <UnitTest name="updateTransactionTransactionNothing" storage="c:\develop\budgeteer\budgeteerbusiness.test\bin\debug\budgeteerbusiness.test.dll" id="991140ed-32ac-a771-1bbe-e26bd691905d">
      <Css projectStructure="" iteration="" />
      <Owners>
        <Owner name="" />
      </Owners>
      <TestMethod codeBase="C:\Develop\Budgeteer\BudgeteerBusiness.Test\bin\Debug\BudgeteerBusiness.Test.dll" adapterTypeName="Microsoft.VisualStudio.TestTools.TestTypes.Unit.UnitTestAdapter, Microsoft.VisualStudio.QualityTools.Tips.UnitTest.Adapter, Version=9.0.0.0, Culture=neutral, PublicKeyToken=b03f5f7f11d50a3a" className="BudgeteerBusiness.Test.TransactionTest, BudgeteerBusiness.Test" name="updateTransactionTransactionNothing" />
    </UnitTest>
    <UnitTest name="UpdateBudgetBudgetIDBlank" storage="c:\develop\budgeteer\budgeteerbusiness.test\bin\debug\budgeteerbusiness.test.dll" id="f072707e-36bf-6cb2-fd1d-066aa43590df">
      <Css projectStructure="" iteration="" />
      <Owners>
        <Owner name="" />
      </Owners>
      <TestMethod codeBase="C:\Develop\Budgeteer\BudgeteerBusiness.Test\bin\Debug\BudgeteerBusiness.Test.dll" adapterTypeName="Microsoft.VisualStudio.TestTools.TestTypes.Unit.UnitTestAdapter, Microsoft.VisualStudio.QualityTools.Tips.UnitTest.Adapter, Version=9.0.0.0, Culture=neutral, PublicKeyToken=b03f5f7f11d50a3a" className="BudgeteerBusiness.Test.BudgetTest, BudgeteerBusiness.Test" name="UpdateBudgetBudgetIDBlank" />
    </UnitTest>
    <UnitTest name="getUserUserIDNothing" storage="c:\develop\budgeteer\budgeteerbusiness.test\bin\debug\budgeteerbusiness.test.dll" id="88a752e7-5c9d-d926-4dfc-8a1be934c0f9">
      <Css projectStructure="" iteration="" />
      <Owners>
        <Owner name="" />
      </Owners>
      <TestMethod codeBase="C:\Develop\Budgeteer\BudgeteerBusiness.Test\bin\Debug\BudgeteerBusiness.Test.dll" adapterTypeName="Microsoft.VisualStudio.TestTools.TestTypes.Unit.UnitTestAdapter, Microsoft.VisualStudio.QualityTools.Tips.UnitTest.Adapter, Version=9.0.0.0, Culture=neutral, PublicKeyToken=b03f5f7f11d50a3a" className="BudgeteerBusiness.Test.UserTest, BudgeteerBusiness.Test" name="getUserUserIDNothing" />
    </UnitTest>
    <UnitTest name="deleteTransactionAccountAdjust" storage="c:\develop\budgeteer\budgeteerbusiness.test\bin\debug\budgeteerbusiness.test.dll" id="b9d1c2ac-e386-87fb-12aa-0d8af4d9f7af">
      <Css projectStructure="" iteration="" />
      <Owners>
        <Owner name="" />
      </Owners>
      <TestMethod codeBase="C:\Develop\Budgeteer\BudgeteerBusiness.Test\bin\Debug\BudgeteerBusiness.Test.dll" adapterTypeName="Microsoft.VisualStudio.TestTools.TestTypes.Unit.UnitTestAdapter, Microsoft.VisualStudio.QualityTools.Tips.UnitTest.Adapter, Version=9.0.0.0, Culture=neutral, PublicKeyToken=b03f5f7f11d50a3a" className="BudgeteerBusiness.Test.TransactionTest, BudgeteerBusiness.Test" name="deleteTransactionAccountAdjust" />
    </UnitTest>
    <UnitTest name="deleteCategoryCategoryIDNothing" storage="c:\develop\budgeteer\budgeteerbusiness.test\bin\debug\budgeteerbusiness.test.dll" id="23cfea9f-164f-f9a5-24c4-692d1157d70d">
      <Css projectStructure="" iteration="" />
      <Owners>
        <Owner name="" />
      </Owners>
      <TestMethod codeBase="C:\Develop\Budgeteer\BudgeteerBusiness.Test\bin\Debug\BudgeteerBusiness.Test.dll" adapterTypeName="Microsoft.VisualStudio.TestTools.TestTypes.Unit.UnitTestAdapter, Microsoft.VisualStudio.QualityTools.Tips.UnitTest.Adapter, Version=9.0.0.0, Culture=neutral, PublicKeyToken=b03f5f7f11d50a3a" className="BudgeteerBusiness.Test.CategoryTest, BudgeteerBusiness.Test" name="deleteCategoryCategoryIDNothing" />
    </UnitTest>
    <UnitTest name="AddAccountActiveStatusNotYN" storage="c:\develop\budgeteer\budgeteerbusiness.test\bin\debug\budgeteerbusiness.test.dll" id="d1360a53-95ee-b75a-cf14-ff4641961f1d">
      <Css projectStructure="" iteration="" />
      <Owners>
        <Owner name="" />
      </Owners>
      <TestMethod codeBase="C:\Develop\Budgeteer\BudgeteerBusiness.Test\bin\Debug\BudgeteerBusiness.Test.dll" adapterTypeName="Microsoft.VisualStudio.TestTools.TestTypes.Unit.UnitTestAdapter, Microsoft.VisualStudio.QualityTools.Tips.UnitTest.Adapter, Version=9.0.0.0, Culture=neutral, PublicKeyToken=b03f5f7f11d50a3a" className="BudgeteerBusiness.Test.BankAccountTest, BudgeteerBusiness.Test" name="AddAccountActiveStatusNotYN" />
    </UnitTest>
    <UnitTest name="addTransactionTransactionNothing" storage="c:\develop\budgeteer\budgeteerbusiness.test\bin\debug\budgeteerbusiness.test.dll" id="028a17f3-f9c0-f73c-bbcc-8415c4c80d22">
      <Css projectStructure="" iteration="" />
      <Owners>
        <Owner name="" />
      </Owners>
      <TestMethod codeBase="C:\Develop\Budgeteer\BudgeteerBusiness.Test\bin\Debug\BudgeteerBusiness.Test.dll" adapterTypeName="Microsoft.VisualStudio.TestTools.TestTypes.Unit.UnitTestAdapter, Microsoft.VisualStudio.QualityTools.Tips.UnitTest.Adapter, Version=9.0.0.0, Culture=neutral, PublicKeyToken=b03f5f7f11d50a3a" className="BudgeteerBusiness.Test.TransactionTest, BudgeteerBusiness.Test" name="addTransactionTransactionNothing" />
    </UnitTest>
    <UnitTest name="updateUserEmailAddressUserIDMaxLen" storage="c:\develop\budgeteer\budgeteerbusiness.test\bin\debug\budgeteerbusiness.test.dll" id="a00f7b88-dcf5-ad47-7698-8713ba1a81ab">
      <Css projectStructure="" iteration="" />
      <Owners>
        <Owner name="" />
      </Owners>
      <TestMethod codeBase="C:\Develop\Budgeteer\BudgeteerBusiness.Test\bin\Debug\BudgeteerBusiness.Test.dll" adapterTypeName="Microsoft.VisualStudio.TestTools.TestTypes.Unit.UnitTestAdapter, Microsoft.VisualStudio.QualityTools.Tips.UnitTest.Adapter, Version=9.0.0.0, Culture=neutral, PublicKeyToken=b03f5f7f11d50a3a" className="BudgeteerBusiness.Test.UserTest, BudgeteerBusiness.Test" name="updateUserEmailAddressUserIDMaxLen" />
    </UnitTest>
    <UnitTest name="updateTransactionDescriptionMaxLen" storage="c:\develop\budgeteer\budgeteerbusiness.test\bin\debug\budgeteerbusiness.test.dll" id="9cf1af96-ce60-17f7-f073-8576692875a1">
      <Css projectStructure="" iteration="" />
      <Owners>
        <Owner name="" />
      </Owners>
      <TestMethod codeBase="C:\Develop\Budgeteer\BudgeteerBusiness.Test\bin\Debug\BudgeteerBusiness.Test.dll" adapterTypeName="Microsoft.VisualStudio.TestTools.TestTypes.Unit.UnitTestAdapter, Microsoft.VisualStudio.QualityTools.Tips.UnitTest.Adapter, Version=9.0.0.0, Culture=neutral, PublicKeyToken=b03f5f7f11d50a3a" className="BudgeteerBusiness.Test.TransactionTest, BudgeteerBusiness.Test" name="updateTransactionDescriptionMaxLen" />
    </UnitTest>
    <UnitTest name="addUserTest" storage="c:\develop\budgeteer\budgeteerbusiness.test\bin\debug\budgeteerbusiness.test.dll" id="302f161c-1a16-7195-636f-727c6d4f7cce">
      <Css projectStructure="" iteration="" />
      <Owners>
        <Owner name="" />
      </Owners>
      <Execution id="dcb711d9-0dcd-41b8-9aa4-5715664de6b6" />
      <TestMethod codeBase="C:\Develop\Budgeteer\BudgeteerBusiness.Test\bin\Debug\BudgeteerBusiness.Test.dll" adapterTypeName="Microsoft.VisualStudio.TestTools.TestTypes.Unit.UnitTestAdapter, Microsoft.VisualStudio.QualityTools.Tips.UnitTest.Adapter, Version=9.0.0.0, Culture=neutral, PublicKeyToken=b03f5f7f11d50a3a" className="BudgeteerBusiness.Test.UserTest, BudgeteerBusiness.Test" name="addUserTest" />
    </UnitTest>
    <UnitTest name="updateFrequencyTest" storage="c:\develop\budgeteer\budgeteerbusiness.test\bin\debug\budgeteerbusiness.test.dll" id="d3b64b82-0b84-680f-9e31-0c326c489dc9">
      <Css projectStructure="" iteration="" />
      <Owners>
        <Owner name="" />
      </Owners>
      <TestMethod codeBase="C:\Develop\Budgeteer\BudgeteerBusiness.Test\bin\Debug\BudgeteerBusiness.Test.dll" adapterTypeName="Microsoft.VisualStudio.TestTools.TestTypes.Unit.UnitTestAdapter, Microsoft.VisualStudio.QualityTools.Tips.UnitTest.Adapter, Version=9.0.0.0, Culture=neutral, PublicKeyToken=b03f5f7f11d50a3a" className="BudgeteerBusiness.Test.FrequencyTest, BudgeteerBusiness.Test" name="updateFrequencyTest" />
    </UnitTest>
    <UnitTest name="getSubcategoryTest" storage="c:\develop\budgeteer\budgeteerbusiness.test\bin\debug\budgeteerbusiness.test.dll" id="edf0aa95-9676-85e5-bd74-2b5388c724e3">
      <Css projectStructure="" iteration="" />
      <Owners>
        <Owner name="" />
      </Owners>
      <TestMethod codeBase="C:\Develop\Budgeteer\BudgeteerBusiness.Test\bin\Debug\BudgeteerBusiness.Test.dll" adapterTypeName="Microsoft.VisualStudio.TestTools.TestTypes.Unit.UnitTestAdapter, Microsoft.VisualStudio.QualityTools.Tips.UnitTest.Adapter, Version=9.0.0.0, Culture=neutral, PublicKeyToken=b03f5f7f11d50a3a" className="BudgeteerBusiness.Test.SubcategoryTest, BudgeteerBusiness.Test" name="getSubcategoryTest" />
    </UnitTest>
    <UnitTest name="AccountUpdateAccountNameMaxLen" storage="c:\develop\budgeteer\budgeteerbusiness.test\bin\debug\budgeteerbusiness.test.dll" id="ab937ec4-62dc-9a36-31d9-81e0a9987ee7">
      <Css projectStructure="" iteration="" />
      <Owners>
        <Owner name="" />
      </Owners>
      <TestMethod codeBase="C:\Develop\Budgeteer\BudgeteerBusiness.Test\bin\Debug\BudgeteerBusiness.Test.dll" adapterTypeName="Microsoft.VisualStudio.TestTools.TestTypes.Unit.UnitTestAdapter, Microsoft.VisualStudio.QualityTools.Tips.UnitTest.Adapter, Version=9.0.0.0, Culture=neutral, PublicKeyToken=b03f5f7f11d50a3a" className="BudgeteerBusiness.Test.BankAccountTest, BudgeteerBusiness.Test" name="AccountUpdateAccountNameMaxLen" />
    </UnitTest>
    <UnitTest name="deleteSubcategorySubcategoryIDNothing" storage="c:\develop\budgeteer\budgeteerbusiness.test\bin\debug\budgeteerbusiness.test.dll" id="cf5e9fac-d4eb-db14-c376-4d1f22db0558">
      <Css projectStructure="" iteration="" />
      <Owners>
        <Owner name="" />
      </Owners>
      <TestMethod codeBase="C:\Develop\Budgeteer\BudgeteerBusiness.Test\bin\Debug\BudgeteerBusiness.Test.dll" adapterTypeName="Microsoft.VisualStudio.TestTools.TestTypes.Unit.UnitTestAdapter, Microsoft.VisualStudio.QualityTools.Tips.UnitTest.Adapter, Version=9.0.0.0, Culture=neutral, PublicKeyToken=b03f5f7f11d50a3a" className="BudgeteerBusiness.Test.SubcategoryTest, BudgeteerBusiness.Test" name="deleteSubcategorySubcategoryIDNothing" />
    </UnitTest>
    <UnitTest name="AddBudgetUserIDBlank" storage="c:\develop\budgeteer\budgeteerbusiness.test\bin\debug\budgeteerbusiness.test.dll" id="976ae5f8-6c26-174f-136c-aff26d2da02f">
      <Css projectStructure="" iteration="" />
      <Owners>
        <Owner name="" />
      </Owners>
      <TestMethod codeBase="C:\Develop\Budgeteer\BudgeteerBusiness.Test\bin\Debug\BudgeteerBusiness.Test.dll" adapterTypeName="Microsoft.VisualStudio.TestTools.TestTypes.Unit.UnitTestAdapter, Microsoft.VisualStudio.QualityTools.Tips.UnitTest.Adapter, Version=9.0.0.0, Culture=neutral, PublicKeyToken=b03f5f7f11d50a3a" className="BudgeteerBusiness.Test.BudgetTest, BudgeteerBusiness.Test" name="AddBudgetUserIDBlank" />
    </UnitTest>
    <UnitTest name="getSubcategoriesUserIDNothing" storage="c:\develop\budgeteer\budgeteerbusiness.test\bin\debug\budgeteerbusiness.test.dll" id="25c221da-3cee-df3c-3d0f-8d45ce1c4bf5">
      <Css projectStructure="" iteration="" />
      <Owners>
        <Owner name="" />
      </Owners>
      <TestMethod codeBase="C:\Develop\Budgeteer\BudgeteerBusiness.Test\bin\Debug\BudgeteerBusiness.Test.dll" adapterTypeName="Microsoft.VisualStudio.TestTools.TestTypes.Unit.UnitTestAdapter, Microsoft.VisualStudio.QualityTools.Tips.UnitTest.Adapter, Version=9.0.0.0, Culture=neutral, PublicKeyToken=b03f5f7f11d50a3a" className="BudgeteerBusiness.Test.SubcategoryTest, BudgeteerBusiness.Test" name="getSubcategoriesUserIDNothing" />
    </UnitTest>
    <UnitTest name="addCategoryDescriptionNothing" storage="c:\develop\budgeteer\budgeteerbusiness.test\bin\debug\budgeteerbusiness.test.dll" id="ff7fb138-6236-24d9-747a-2dd6d9883235">
      <Css projectStructure="" iteration="" />
      <Owners>
        <Owner name="" />
      </Owners>
      <TestMethod codeBase="C:\Develop\Budgeteer\BudgeteerBusiness.Test\bin\Debug\BudgeteerBusiness.Test.dll" adapterTypeName="Microsoft.VisualStudio.TestTools.TestTypes.Unit.UnitTestAdapter, Microsoft.VisualStudio.QualityTools.Tips.UnitTest.Adapter, Version=9.0.0.0, Culture=neutral, PublicKeyToken=b03f5f7f11d50a3a" className="BudgeteerBusiness.Test.CategoryTest, BudgeteerBusiness.Test" name="addCategoryDescriptionNothing" />
    </UnitTest>
    <UnitTest name="addFrequencyTest" storage="c:\develop\budgeteer\budgeteerbusiness.test\bin\debug\budgeteerbusiness.test.dll" id="8a4ba671-1448-8492-2b78-1b765c8a587b">
      <Css projectStructure="" iteration="" />
      <Owners>
        <Owner name="" />
      </Owners>
      <TestMethod codeBase="C:\Develop\Budgeteer\BudgeteerBusiness.Test\bin\Debug\BudgeteerBusiness.Test.dll" adapterTypeName="Microsoft.VisualStudio.TestTools.TestTypes.Unit.UnitTestAdapter, Microsoft.VisualStudio.QualityTools.Tips.UnitTest.Adapter, Version=9.0.0.0, Culture=neutral, PublicKeyToken=b03f5f7f11d50a3a" className="BudgeteerBusiness.Test.FrequencyTest, BudgeteerBusiness.Test" name="addFrequencyTest" />
    </UnitTest>
    <UnitTest name="GetAccountAccountIDNothing" storage="c:\develop\budgeteer\budgeteerbusiness.test\bin\debug\budgeteerbusiness.test.dll" id="495b801d-fa26-fed0-0f3c-89b4c2b40633">
      <Css projectStructure="" iteration="" />
      <Owners>
        <Owner name="" />
      </Owners>
      <TestMethod codeBase="C:\Develop\Budgeteer\BudgeteerBusiness.Test\bin\Debug\BudgeteerBusiness.Test.dll" adapterTypeName="Microsoft.VisualStudio.TestTools.TestTypes.Unit.UnitTestAdapter, Microsoft.VisualStudio.QualityTools.Tips.UnitTest.Adapter, Version=9.0.0.0, Culture=neutral, PublicKeyToken=b03f5f7f11d50a3a" className="BudgeteerBusiness.Test.BankAccountTest, BudgeteerBusiness.Test" name="GetAccountAccountIDNothing" />
    </UnitTest>
    <UnitTest name="addUserLastNameNothing" storage="c:\develop\budgeteer\budgeteerbusiness.test\bin\debug\budgeteerbusiness.test.dll" id="5c8e58b7-4d3d-259d-a967-243af0246cbb">
      <Css projectStructure="" iteration="" />
      <Owners>
        <Owner name="" />
      </Owners>
      <TestMethod codeBase="C:\Develop\Budgeteer\BudgeteerBusiness.Test\bin\Debug\BudgeteerBusiness.Test.dll" adapterTypeName="Microsoft.VisualStudio.TestTools.TestTypes.Unit.UnitTestAdapter, Microsoft.VisualStudio.QualityTools.Tips.UnitTest.Adapter, Version=9.0.0.0, Culture=neutral, PublicKeyToken=b03f5f7f11d50a3a" className="BudgeteerBusiness.Test.UserTest, BudgeteerBusiness.Test" name="addUserLastNameNothing" />
    </UnitTest>
    <UnitTest name="AccountUpdateActiveStatusNotYN" storage="c:\develop\budgeteer\budgeteerbusiness.test\bin\debug\budgeteerbusiness.test.dll" id="78580d61-10eb-61e0-ce2a-90979662c9fc">
      <Css projectStructure="" iteration="" />
      <Owners>
        <Owner name="" />
      </Owners>
      <TestMethod codeBase="C:\Develop\Budgeteer\BudgeteerBusiness.Test\bin\Debug\BudgeteerBusiness.Test.dll" adapterTypeName="Microsoft.VisualStudio.TestTools.TestTypes.Unit.UnitTestAdapter, Microsoft.VisualStudio.QualityTools.Tips.UnitTest.Adapter, Version=9.0.0.0, Culture=neutral, PublicKeyToken=b03f5f7f11d50a3a" className="BudgeteerBusiness.Test.BankAccountTest, BudgeteerBusiness.Test" name="AccountUpdateActiveStatusNotYN" />
    </UnitTest>
    <UnitTest name="setSettingTest" storage="c:\develop\budgeteer\budgeteerbusiness.test\bin\debug\budgeteerbusiness.test.dll" id="292697ef-a481-6a95-4841-a0b23aab7616">
      <Css projectStructure="" iteration="" />
      <Owners>
        <Owner name="" />
      </Owners>
      <TestMethod codeBase="C:\Develop\Budgeteer\BudgeteerBusiness.Test\bin\Debug\BudgeteerBusiness.Test.dll" adapterTypeName="Microsoft.VisualStudio.TestTools.TestTypes.Unit.UnitTestAdapter, Microsoft.VisualStudio.QualityTools.Tips.UnitTest.Adapter, Version=9.0.0.0, Culture=neutral, PublicKeyToken=b03f5f7f11d50a3a" className="BudgeteerBusiness.Test.ApplicationSettingTest, BudgeteerBusiness.Test" name="setSettingTest" />
    </UnitTest>
    <UnitTest name="deleteTransactionTest" storage="c:\develop\budgeteer\budgeteerbusiness.test\bin\debug\budgeteerbusiness.test.dll" id="be5b2eb0-51ec-1a02-7e30-ca7d5c29aa6f">
      <Css projectStructure="" iteration="" />
      <Owners>
        <Owner name="" />
      </Owners>
      <TestMethod codeBase="C:\Develop\Budgeteer\BudgeteerBusiness.Test\bin\Debug\BudgeteerBusiness.Test.dll" adapterTypeName="Microsoft.VisualStudio.TestTools.TestTypes.Unit.UnitTestAdapter, Microsoft.VisualStudio.QualityTools.Tips.UnitTest.Adapter, Version=9.0.0.0, Culture=neutral, PublicKeyToken=b03f5f7f11d50a3a" className="BudgeteerBusiness.Test.TransactionTest, BudgeteerBusiness.Test" name="deleteTransactionTest" />
    </UnitTest>
    <UnitTest name="GetAccountTest" storage="c:\develop\budgeteer\budgeteerbusiness.test\bin\debug\budgeteerbusiness.test.dll" id="6d337c35-98f0-54b3-f22d-26fc0f00e50a">
      <Css projectStructure="" iteration="" />
      <Owners>
        <Owner name="" />
      </Owners>
      <TestMethod codeBase="C:\Develop\Budgeteer\BudgeteerBusiness.Test\bin\Debug\BudgeteerBusiness.Test.dll" adapterTypeName="Microsoft.VisualStudio.TestTools.TestTypes.Unit.UnitTestAdapter, Microsoft.VisualStudio.QualityTools.Tips.UnitTest.Adapter, Version=9.0.0.0, Culture=neutral, PublicKeyToken=b03f5f7f11d50a3a" className="BudgeteerBusiness.Test.BankAccountTest, BudgeteerBusiness.Test" name="GetAccountTest" />
    </UnitTest>
    <UnitTest name="addSubcategoryCategoryIDNothing" storage="c:\develop\budgeteer\budgeteerbusiness.test\bin\debug\budgeteerbusiness.test.dll" id="5839d3eb-2f28-66ab-5903-f0c6aa8a4c52">
      <Css projectStructure="" iteration="" />
      <Owners>
        <Owner name="" />
      </Owners>
      <TestMethod codeBase="C:\Develop\Budgeteer\BudgeteerBusiness.Test\bin\Debug\BudgeteerBusiness.Test.dll" adapterTypeName="Microsoft.VisualStudio.TestTools.TestTypes.Unit.UnitTestAdapter, Microsoft.VisualStudio.QualityTools.Tips.UnitTest.Adapter, Version=9.0.0.0, Culture=neutral, PublicKeyToken=b03f5f7f11d50a3a" className="BudgeteerBusiness.Test.SubcategoryTest, BudgeteerBusiness.Test" name="addSubcategoryCategoryIDNothing" />
    </UnitTest>
    <UnitTest name="updateTransactionTransactionIDNothing" storage="c:\develop\budgeteer\budgeteerbusiness.test\bin\debug\budgeteerbusiness.test.dll" id="6c103902-84a3-cdbb-97c9-1350b2df679a">
      <Css projectStructure="" iteration="" />
      <Owners>
        <Owner name="" />
      </Owners>
      <TestMethod codeBase="C:\Develop\Budgeteer\BudgeteerBusiness.Test\bin\Debug\BudgeteerBusiness.Test.dll" adapterTypeName="Microsoft.VisualStudio.TestTools.TestTypes.Unit.UnitTestAdapter, Microsoft.VisualStudio.QualityTools.Tips.UnitTest.Adapter, Version=9.0.0.0, Culture=neutral, PublicKeyToken=b03f5f7f11d50a3a" className="BudgeteerBusiness.Test.TransactionTest, BudgeteerBusiness.Test" name="updateTransactionTransactionIDNothing" />
    </UnitTest>
    <UnitTest name="updateUserEmailTest" storage="c:\develop\budgeteer\budgeteerbusiness.test\bin\debug\budgeteerbusiness.test.dll" id="79030625-73d7-51e1-159e-387a32e20fc3">
      <Css projectStructure="" iteration="" />
      <Owners>
        <Owner name="" />
      </Owners>
      <TestMethod codeBase="C:\Develop\Budgeteer\BudgeteerBusiness.Test\bin\Debug\BudgeteerBusiness.Test.dll" adapterTypeName="Microsoft.VisualStudio.TestTools.TestTypes.Unit.UnitTestAdapter, Microsoft.VisualStudio.QualityTools.Tips.UnitTest.Adapter, Version=9.0.0.0, Culture=neutral, PublicKeyToken=b03f5f7f11d50a3a" className="BudgeteerBusiness.Test.UserTest, BudgeteerBusiness.Test" name="updateUserEmailTest" />
    </UnitTest>
    <UnitTest name="AddAccountAccountNumberMaxLen" storage="c:\develop\budgeteer\budgeteerbusiness.test\bin\debug\budgeteerbusiness.test.dll" id="b1348d03-fa8d-98c0-743c-70a5fbb29395">
      <Css projectStructure="" iteration="" />
      <Owners>
        <Owner name="" />
      </Owners>
      <TestMethod codeBase="C:\Develop\Budgeteer\BudgeteerBusiness.Test\bin\Debug\BudgeteerBusiness.Test.dll" adapterTypeName="Microsoft.VisualStudio.TestTools.TestTypes.Unit.UnitTestAdapter, Microsoft.VisualStudio.QualityTools.Tips.UnitTest.Adapter, Version=9.0.0.0, Culture=neutral, PublicKeyToken=b03f5f7f11d50a3a" className="BudgeteerBusiness.Test.BankAccountTest, BudgeteerBusiness.Test" name="AddAccountAccountNumberMaxLen" />
    </UnitTest>
    <UnitTest name="updateTransactionAccountAdjust" storage="c:\develop\budgeteer\budgeteerbusiness.test\bin\debug\budgeteerbusiness.test.dll" id="50fc5a28-9321-a539-d140-7388838d8a59">
      <Css projectStructure="" iteration="" />
      <Owners>
        <Owner name="" />
      </Owners>
      <TestMethod codeBase="C:\Develop\Budgeteer\BudgeteerBusiness.Test\bin\Debug\BudgeteerBusiness.Test.dll" adapterTypeName="Microsoft.VisualStudio.TestTools.TestTypes.Unit.UnitTestAdapter, Microsoft.VisualStudio.QualityTools.Tips.UnitTest.Adapter, Version=9.0.0.0, Culture=neutral, PublicKeyToken=b03f5f7f11d50a3a" className="BudgeteerBusiness.Test.TransactionTest, BudgeteerBusiness.Test" name="updateTransactionAccountAdjust" />
    </UnitTest>
    <UnitTest name="DeleteAccountAccountIDNothing" storage="c:\develop\budgeteer\budgeteerbusiness.test\bin\debug\budgeteerbusiness.test.dll" id="8ba97d74-e039-ca12-665d-09ebe63ca7ce">
      <Css projectStructure="" iteration="" />
      <Owners>
        <Owner name="" />
      </Owners>
      <TestMethod codeBase="C:\Develop\Budgeteer\BudgeteerBusiness.Test\bin\Debug\BudgeteerBusiness.Test.dll" adapterTypeName="Microsoft.VisualStudio.TestTools.TestTypes.Unit.UnitTestAdapter, Microsoft.VisualStudio.QualityTools.Tips.UnitTest.Adapter, Version=9.0.0.0, Culture=neutral, PublicKeyToken=b03f5f7f11d50a3a" className="BudgeteerBusiness.Test.BankAccountTest, BudgeteerBusiness.Test" name="DeleteAccountAccountIDNothing" />
    </UnitTest>
    <UnitTest name="getCategoriesUserIDNothing" storage="c:\develop\budgeteer\budgeteerbusiness.test\bin\debug\budgeteerbusiness.test.dll" id="63c8983e-264f-303a-d3eb-9b4d25fe86d5">
      <Css projectStructure="" iteration="" />
      <Owners>
        <Owner name="" />
      </Owners>
      <TestMethod codeBase="C:\Develop\Budgeteer\BudgeteerBusiness.Test\bin\Debug\BudgeteerBusiness.Test.dll" adapterTypeName="Microsoft.VisualStudio.TestTools.TestTypes.Unit.UnitTestAdapter, Microsoft.VisualStudio.QualityTools.Tips.UnitTest.Adapter, Version=9.0.0.0, Culture=neutral, PublicKeyToken=b03f5f7f11d50a3a" className="BudgeteerBusiness.Test.CategoryTest, BudgeteerBusiness.Test" name="getCategoriesUserIDNothing" />
    </UnitTest>
    <UnitTest name="addTransactionTest" storage="c:\develop\budgeteer\budgeteerbusiness.test\bin\debug\budgeteerbusiness.test.dll" id="3d809d94-db02-0e76-9c09-c3d9ec12d5fd">
      <Css projectStructure="" iteration="" />
      <Owners>
        <Owner name="" />
      </Owners>
      <TestMethod codeBase="C:\Develop\Budgeteer\BudgeteerBusiness.Test\bin\Debug\BudgeteerBusiness.Test.dll" adapterTypeName="Microsoft.VisualStudio.TestTools.TestTypes.Unit.UnitTestAdapter, Microsoft.VisualStudio.QualityTools.Tips.UnitTest.Adapter, Version=9.0.0.0, Culture=neutral, PublicKeyToken=b03f5f7f11d50a3a" className="BudgeteerBusiness.Test.TransactionTest, BudgeteerBusiness.Test" name="addTransactionTest" />
    </UnitTest>
    <UnitTest name="setSettingSettingMaxLen" storage="c:\develop\budgeteer\budgeteerbusiness.test\bin\debug\budgeteerbusiness.test.dll" id="5a6fb017-10b5-f179-df9d-ec95cc76a963">
      <Css projectStructure="" iteration="" />
      <Owners>
        <Owner name="" />
      </Owners>
      <TestMethod codeBase="C:\Develop\Budgeteer\BudgeteerBusiness.Test\bin\Debug\BudgeteerBusiness.Test.dll" adapterTypeName="Microsoft.VisualStudio.TestTools.TestTypes.Unit.UnitTestAdapter, Microsoft.VisualStudio.QualityTools.Tips.UnitTest.Adapter, Version=9.0.0.0, Culture=neutral, PublicKeyToken=b03f5f7f11d50a3a" className="BudgeteerBusiness.Test.ApplicationSettingTest, BudgeteerBusiness.Test" name="setSettingSettingMaxLen" />
    </UnitTest>
    <UnitTest name="getTransactionsUserIDNothing" storage="c:\develop\budgeteer\budgeteerbusiness.test\bin\debug\budgeteerbusiness.test.dll" id="a941f649-0f02-5cf0-9bb1-5b6a83d2daaf">
      <Css projectStructure="" iteration="" />
      <Owners>
        <Owner name="" />
      </Owners>
      <TestMethod codeBase="C:\Develop\Budgeteer\BudgeteerBusiness.Test\bin\Debug\BudgeteerBusiness.Test.dll" adapterTypeName="Microsoft.VisualStudio.TestTools.TestTypes.Unit.UnitTestAdapter, Microsoft.VisualStudio.QualityTools.Tips.UnitTest.Adapter, Version=9.0.0.0, Culture=neutral, PublicKeyToken=b03f5f7f11d50a3a" className="BudgeteerBusiness.Test.TransactionTest, BudgeteerBusiness.Test" name="getTransactionsUserIDNothing" />
    </UnitTest>
    <UnitTest name="updateSubcategoryCategoryIDNothing" storage="c:\develop\budgeteer\budgeteerbusiness.test\bin\debug\budgeteerbusiness.test.dll" id="6134c6ed-e8b7-288e-ff3e-b33d83bf08d0">
      <Css projectStructure="" iteration="" />
      <Owners>
        <Owner name="" />
      </Owners>
      <TestMethod codeBase="C:\Develop\Budgeteer\BudgeteerBusiness.Test\bin\Debug\BudgeteerBusiness.Test.dll" adapterTypeName="Microsoft.VisualStudio.TestTools.TestTypes.Unit.UnitTestAdapter, Microsoft.VisualStudio.QualityTools.Tips.UnitTest.Adapter, Version=9.0.0.0, Culture=neutral, PublicKeyToken=b03f5f7f11d50a3a" className="BudgeteerBusiness.Test.SubcategoryTest, BudgeteerBusiness.Test" name="updateSubcategoryCategoryIDNothing" />
    </UnitTest>
    <UnitTest name="getSettingsTest" storage="c:\develop\budgeteer\budgeteerbusiness.test\bin\debug\budgeteerbusiness.test.dll" id="2da17ebb-99f1-543b-1336-ba260aa88fba">
      <Css projectStructure="" iteration="" />
      <Owners>
        <Owner name="" />
      </Owners>
      <TestMethod codeBase="C:\Develop\Budgeteer\BudgeteerBusiness.Test\bin\Debug\BudgeteerBusiness.Test.dll" adapterTypeName="Microsoft.VisualStudio.TestTools.TestTypes.Unit.UnitTestAdapter, Microsoft.VisualStudio.QualityTools.Tips.UnitTest.Adapter, Version=9.0.0.0, Culture=neutral, PublicKeyToken=b03f5f7f11d50a3a" className="BudgeteerBusiness.Test.ApplicationSettingTest, BudgeteerBusiness.Test" name="getSettingsTest" />
    </UnitTest>
    <UnitTest name="getFrequenciesUserIDNothing" storage="c:\develop\budgeteer\budgeteerbusiness.test\bin\debug\budgeteerbusiness.test.dll" id="83ec55a3-815a-67d2-b2f2-28b93a616423">
      <Css projectStructure="" iteration="" />
      <Owners>
        <Owner name="" />
      </Owners>
      <TestMethod codeBase="C:\Develop\Budgeteer\BudgeteerBusiness.Test\bin\Debug\BudgeteerBusiness.Test.dll" adapterTypeName="Microsoft.VisualStudio.TestTools.TestTypes.Unit.UnitTestAdapter, Microsoft.VisualStudio.QualityTools.Tips.UnitTest.Adapter, Version=9.0.0.0, Culture=neutral, PublicKeyToken=b03f5f7f11d50a3a" className="BudgeteerBusiness.Test.FrequencyTest, BudgeteerBusiness.Test" name="getFrequenciesUserIDNothing" />
    </UnitTest>
    <UnitTest name="getSubcategorySubcategoryIDNothing" storage="c:\develop\budgeteer\budgeteerbusiness.test\bin\debug\budgeteerbusiness.test.dll" id="25ed8de6-975d-2b68-5d42-088e4dc578e7">
      <Css projectStructure="" iteration="" />
      <Owners>
        <Owner name="" />
      </Owners>
      <TestMethod codeBase="C:\Develop\Budgeteer\BudgeteerBusiness.Test\bin\Debug\BudgeteerBusiness.Test.dll" adapterTypeName="Microsoft.VisualStudio.TestTools.TestTypes.Unit.UnitTestAdapter, Microsoft.VisualStudio.QualityTools.Tips.UnitTest.Adapter, Version=9.0.0.0, Culture=neutral, PublicKeyToken=b03f5f7f11d50a3a" className="BudgeteerBusiness.Test.SubcategoryTest, BudgeteerBusiness.Test" name="getSubcategorySubcategoryIDNothing" />
    </UnitTest>
    <UnitTest name="updateUserPasswordUserIDNothing" storage="c:\develop\budgeteer\budgeteerbusiness.test\bin\debug\budgeteerbusiness.test.dll" id="72470363-231e-de0f-a051-36672fd2a5cf">
      <Css projectStructure="" iteration="" />
      <Owners>
        <Owner name="" />
      </Owners>
      <TestMethod codeBase="C:\Develop\Budgeteer\BudgeteerBusiness.Test\bin\Debug\BudgeteerBusiness.Test.dll" adapterTypeName="Microsoft.VisualStudio.TestTools.TestTypes.Unit.UnitTestAdapter, Microsoft.VisualStudio.QualityTools.Tips.UnitTest.Adapter, Version=9.0.0.0, Culture=neutral, PublicKeyToken=b03f5f7f11d50a3a" className="BudgeteerBusiness.Test.UserTest, BudgeteerBusiness.Test" name="updateUserPasswordUserIDNothing" />
    </UnitTest>
    <UnitTest name="getSubcategoriesByCategoryID" storage="c:\develop\budgeteer\budgeteerbusiness.test\bin\debug\budgeteerbusiness.test.dll" id="b05310d8-828c-c740-927a-df64a819e935">
      <Css projectStructure="" iteration="" />
      <Owners>
        <Owner name="" />
      </Owners>
      <TestMethod codeBase="C:\Develop\Budgeteer\BudgeteerBusiness.Test\bin\Debug\BudgeteerBusiness.Test.dll" adapterTypeName="Microsoft.VisualStudio.TestTools.TestTypes.Unit.UnitTestAdapter, Microsoft.VisualStudio.QualityTools.Tips.UnitTest.Adapter, Version=9.0.0.0, Culture=neutral, PublicKeyToken=b03f5f7f11d50a3a" className="BudgeteerBusiness.Test.SubcategoryTest, BudgeteerBusiness.Test" name="getSubcategoriesByCategoryID" />
    </UnitTest>
    <UnitTest name="AddAccountUserIDNothing" storage="c:\develop\budgeteer\budgeteerbusiness.test\bin\debug\budgeteerbusiness.test.dll" id="b34318a0-b694-1c59-0274-13c5f648813a">
      <Css projectStructure="" iteration="" />
      <Owners>
        <Owner name="" />
      </Owners>
      <TestMethod codeBase="C:\Develop\Budgeteer\BudgeteerBusiness.Test\bin\Debug\BudgeteerBusiness.Test.dll" adapterTypeName="Microsoft.VisualStudio.TestTools.TestTypes.Unit.UnitTestAdapter, Microsoft.VisualStudio.QualityTools.Tips.UnitTest.Adapter, Version=9.0.0.0, Culture=neutral, PublicKeyToken=b03f5f7f11d50a3a" className="BudgeteerBusiness.Test.BankAccountTest, BudgeteerBusiness.Test" name="AddAccountUserIDNothing" />
    </UnitTest>
    <UnitTest name="AddAccountAccountTypeMaxLen" storage="c:\develop\budgeteer\budgeteerbusiness.test\bin\debug\budgeteerbusiness.test.dll" id="087effc2-bf96-1942-c83f-68f5aa5d2005">
      <Css projectStructure="" iteration="" />
      <Owners>
        <Owner name="" />
      </Owners>
      <TestMethod codeBase="C:\Develop\Budgeteer\BudgeteerBusiness.Test\bin\Debug\BudgeteerBusiness.Test.dll" adapterTypeName="Microsoft.VisualStudio.TestTools.TestTypes.Unit.UnitTestAdapter, Microsoft.VisualStudio.QualityTools.Tips.UnitTest.Adapter, Version=9.0.0.0, Culture=neutral, PublicKeyToken=b03f5f7f11d50a3a" className="BudgeteerBusiness.Test.BankAccountTest, BudgeteerBusiness.Test" name="AddAccountAccountTypeMaxLen" />
    </UnitTest>
    <UnitTest name="UpdateBudgetBudgetNothing" storage="c:\develop\budgeteer\budgeteerbusiness.test\bin\debug\budgeteerbusiness.test.dll" id="f4e61a2b-e0fc-ae40-938e-060246d5db66">
      <Css projectStructure="" iteration="" />
      <Owners>
        <Owner name="" />
      </Owners>
      <TestMethod codeBase="C:\Develop\Budgeteer\BudgeteerBusiness.Test\bin\Debug\BudgeteerBusiness.Test.dll" adapterTypeName="Microsoft.VisualStudio.TestTools.TestTypes.Unit.UnitTestAdapter, Microsoft.VisualStudio.QualityTools.Tips.UnitTest.Adapter, Version=9.0.0.0, Culture=neutral, PublicKeyToken=b03f5f7f11d50a3a" className="BudgeteerBusiness.Test.BudgetTest, BudgeteerBusiness.Test" name="UpdateBudgetBudgetNothing" />
    </UnitTest>
    <UnitTest name="addSubcategorySinkingFundNotYOrN" storage="c:\develop\budgeteer\budgeteerbusiness.test\bin\debug\budgeteerbusiness.test.dll" id="2a1b7d1b-15e6-8cf8-0219-2630f5c48eaf">
      <Css projectStructure="" iteration="" />
      <Owners>
        <Owner name="" />
      </Owners>
      <TestMethod codeBase="C:\Develop\Budgeteer\BudgeteerBusiness.Test\bin\Debug\BudgeteerBusiness.Test.dll" adapterTypeName="Microsoft.VisualStudio.TestTools.TestTypes.Unit.UnitTestAdapter, Microsoft.VisualStudio.QualityTools.Tips.UnitTest.Adapter, Version=9.0.0.0, Culture=neutral, PublicKeyToken=b03f5f7f11d50a3a" className="BudgeteerBusiness.Test.SubcategoryTest, BudgeteerBusiness.Test" name="addSubcategorySinkingFundNotYOrN" />
    </UnitTest>
    <UnitTest name="updateSubcategoryDescriptionNothing" storage="c:\develop\budgeteer\budgeteerbusiness.test\bin\debug\budgeteerbusiness.test.dll" id="9add4ea9-9be1-4a10-7cc8-a108d159b81a">
      <Css projectStructure="" iteration="" />
      <Owners>
        <Owner name="" />
      </Owners>
      <TestMethod codeBase="C:\Develop\Budgeteer\BudgeteerBusiness.Test\bin\Debug\BudgeteerBusiness.Test.dll" adapterTypeName="Microsoft.VisualStudio.TestTools.TestTypes.Unit.UnitTestAdapter, Microsoft.VisualStudio.QualityTools.Tips.UnitTest.Adapter, Version=9.0.0.0, Culture=neutral, PublicKeyToken=b03f5f7f11d50a3a" className="BudgeteerBusiness.Test.SubcategoryTest, BudgeteerBusiness.Test" name="updateSubcategoryDescriptionNothing" />
    </UnitTest>
    <UnitTest name="addTransactionDescriptionMaxLen" storage="c:\develop\budgeteer\budgeteerbusiness.test\bin\debug\budgeteerbusiness.test.dll" id="63d7ff1e-859b-98bb-e808-c5db1ec35b29">
      <Css projectStructure="" iteration="" />
      <Owners>
        <Owner name="" />
      </Owners>
      <TestMethod codeBase="C:\Develop\Budgeteer\BudgeteerBusiness.Test\bin\Debug\BudgeteerBusiness.Test.dll" adapterTypeName="Microsoft.VisualStudio.TestTools.TestTypes.Unit.UnitTestAdapter, Microsoft.VisualStudio.QualityTools.Tips.UnitTest.Adapter, Version=9.0.0.0, Culture=neutral, PublicKeyToken=b03f5f7f11d50a3a" className="BudgeteerBusiness.Test.TransactionTest, BudgeteerBusiness.Test" name="addTransactionDescriptionMaxLen" />
    </UnitTest>
    <UnitTest name="addTransactionSFSubcategoryAdjust" storage="c:\develop\budgeteer\budgeteerbusiness.test\bin\debug\budgeteerbusiness.test.dll" id="820987f9-05ca-dae0-9f05-a0d4f3b7e230">
      <Css projectStructure="" iteration="" />
      <Owners>
        <Owner name="" />
      </Owners>
      <TestMethod codeBase="C:\Develop\Budgeteer\BudgeteerBusiness.Test\bin\Debug\BudgeteerBusiness.Test.dll" adapterTypeName="Microsoft.VisualStudio.TestTools.TestTypes.Unit.UnitTestAdapter, Microsoft.VisualStudio.QualityTools.Tips.UnitTest.Adapter, Version=9.0.0.0, Culture=neutral, PublicKeyToken=b03f5f7f11d50a3a" className="BudgeteerBusiness.Test.TransactionTest, BudgeteerBusiness.Test" name="addTransactionSFSubcategoryAdjust" />
    </UnitTest>
    <UnitTest name="AddBudgetSubcategoryBlank" storage="c:\develop\budgeteer\budgeteerbusiness.test\bin\debug\budgeteerbusiness.test.dll" id="76dd44d9-ff6d-af09-8821-f2463b66ed80">
      <Css projectStructure="" iteration="" />
      <Owners>
        <Owner name="" />
      </Owners>
      <TestMethod codeBase="C:\Develop\Budgeteer\BudgeteerBusiness.Test\bin\Debug\BudgeteerBusiness.Test.dll" adapterTypeName="Microsoft.VisualStudio.TestTools.TestTypes.Unit.UnitTestAdapter, Microsoft.VisualStudio.QualityTools.Tips.UnitTest.Adapter, Version=9.0.0.0, Culture=neutral, PublicKeyToken=b03f5f7f11d50a3a" className="BudgeteerBusiness.Test.BudgetTest, BudgeteerBusiness.Test" name="AddBudgetSubcategoryBlank" />
    </UnitTest>
    <UnitTest name="updateCategoryUserIDNothing" storage="c:\develop\budgeteer\budgeteerbusiness.test\bin\debug\budgeteerbusiness.test.dll" id="75e6fe92-6338-062a-4fee-95765bf801c5">
      <Css projectStructure="" iteration="" />
      <Owners>
        <Owner name="" />
      </Owners>
      <TestMethod codeBase="C:\Develop\Budgeteer\BudgeteerBusiness.Test\bin\Debug\BudgeteerBusiness.Test.dll" adapterTypeName="Microsoft.VisualStudio.TestTools.TestTypes.Unit.UnitTestAdapter, Microsoft.VisualStudio.QualityTools.Tips.UnitTest.Adapter, Version=9.0.0.0, Culture=neutral, PublicKeyToken=b03f5f7f11d50a3a" className="BudgeteerBusiness.Test.CategoryTest, BudgeteerBusiness.Test" name="updateCategoryUserIDNothing" />
    </UnitTest>
    <UnitTest name="addUserPasswordMaxLen" storage="c:\develop\budgeteer\budgeteerbusiness.test\bin\debug\budgeteerbusiness.test.dll" id="28cb5578-a210-728f-1f2a-7829483fe9ce">
      <Css projectStructure="" iteration="" />
      <Owners>
        <Owner name="" />
      </Owners>
      <TestMethod codeBase="C:\Develop\Budgeteer\BudgeteerBusiness.Test\bin\Debug\BudgeteerBusiness.Test.dll" adapterTypeName="Microsoft.VisualStudio.TestTools.TestTypes.Unit.UnitTestAdapter, Microsoft.VisualStudio.QualityTools.Tips.UnitTest.Adapter, Version=9.0.0.0, Culture=neutral, PublicKeyToken=b03f5f7f11d50a3a" className="BudgeteerBusiness.Test.UserTest, BudgeteerBusiness.Test" name="addUserPasswordMaxLen" />
    </UnitTest>
    <UnitTest name="updateFrequencyNothing" storage="c:\develop\budgeteer\budgeteerbusiness.test\bin\debug\budgeteerbusiness.test.dll" id="06d70802-cbf3-0105-85fe-1032f68b0c57">
      <Css projectStructure="" iteration="" />
      <Owners>
        <Owner name="" />
      </Owners>
      <TestMethod codeBase="C:\Develop\Budgeteer\BudgeteerBusiness.Test\bin\Debug\BudgeteerBusiness.Test.dll" adapterTypeName="Microsoft.VisualStudio.TestTools.TestTypes.Unit.UnitTestAdapter, Microsoft.VisualStudio.QualityTools.Tips.UnitTest.Adapter, Version=9.0.0.0, Culture=neutral, PublicKeyToken=b03f5f7f11d50a3a" className="BudgeteerBusiness.Test.FrequencyTest, BudgeteerBusiness.Test" name="updateFrequencyNothing" />
    </UnitTest>
    <UnitTest name="getSettingUserIDBlank" storage="c:\develop\budgeteer\budgeteerbusiness.test\bin\debug\budgeteerbusiness.test.dll" id="f229dc9d-2951-41bb-da77-6b10cc77c319">
      <Css projectStructure="" iteration="" />
      <Owners>
        <Owner name="" />
      </Owners>
      <TestMethod codeBase="C:\Develop\Budgeteer\BudgeteerBusiness.Test\bin\Debug\BudgeteerBusiness.Test.dll" adapterTypeName="Microsoft.VisualStudio.TestTools.TestTypes.Unit.UnitTestAdapter, Microsoft.VisualStudio.QualityTools.Tips.UnitTest.Adapter, Version=9.0.0.0, Culture=neutral, PublicKeyToken=b03f5f7f11d50a3a" className="BudgeteerBusiness.Test.ApplicationSettingTest, BudgeteerBusiness.Test" name="getSettingUserIDBlank" />
    </UnitTest>
    <UnitTest name="getFrequenciesTest" storage="c:\develop\budgeteer\budgeteerbusiness.test\bin\debug\budgeteerbusiness.test.dll" id="2e218b54-9cdc-19a6-f73f-134529b0d574">
      <Css projectStructure="" iteration="" />
      <Owners>
        <Owner name="" />
      </Owners>
      <TestMethod codeBase="C:\Develop\Budgeteer\BudgeteerBusiness.Test\bin\Debug\BudgeteerBusiness.Test.dll" adapterTypeName="Microsoft.VisualStudio.TestTools.TestTypes.Unit.UnitTestAdapter, Microsoft.VisualStudio.QualityTools.Tips.UnitTest.Adapter, Version=9.0.0.0, Culture=neutral, PublicKeyToken=b03f5f7f11d50a3a" className="BudgeteerBusiness.Test.FrequencyTest, BudgeteerBusiness.Test" name="getFrequenciesTest" />
    </UnitTest>
    <UnitTest name="addFrequencyDescriptionMaxLen" storage="c:\develop\budgeteer\budgeteerbusiness.test\bin\debug\budgeteerbusiness.test.dll" id="94aa3a89-922e-c096-871a-c4ffb87404f0">
      <Css projectStructure="" iteration="" />
      <Owners>
        <Owner name="" />
      </Owners>
      <TestMethod codeBase="C:\Develop\Budgeteer\BudgeteerBusiness.Test\bin\Debug\BudgeteerBusiness.Test.dll" adapterTypeName="Microsoft.VisualStudio.TestTools.TestTypes.Unit.UnitTestAdapter, Microsoft.VisualStudio.QualityTools.Tips.UnitTest.Adapter, Version=9.0.0.0, Culture=neutral, PublicKeyToken=b03f5f7f11d50a3a" className="BudgeteerBusiness.Test.FrequencyTest, BudgeteerBusiness.Test" name="addFrequencyDescriptionMaxLen" />
    </UnitTest>
    <UnitTest name="updateFrequencyMonthsNegative" storage="c:\develop\budgeteer\budgeteerbusiness.test\bin\debug\budgeteerbusiness.test.dll" id="3f53a5bc-85ec-b5b1-a732-530a68ca5fa8">
      <Css projectStructure="" iteration="" />
      <Owners>
        <Owner name="" />
      </Owners>
      <TestMethod codeBase="C:\Develop\Budgeteer\BudgeteerBusiness.Test\bin\Debug\BudgeteerBusiness.Test.dll" adapterTypeName="Microsoft.VisualStudio.TestTools.TestTypes.Unit.UnitTestAdapter, Microsoft.VisualStudio.QualityTools.Tips.UnitTest.Adapter, Version=9.0.0.0, Culture=neutral, PublicKeyToken=b03f5f7f11d50a3a" className="BudgeteerBusiness.Test.FrequencyTest, BudgeteerBusiness.Test" name="updateFrequencyMonthsNegative" />
    </UnitTest>
    <UnitTest name="GetAccountsTest" storage="c:\develop\budgeteer\budgeteerbusiness.test\bin\debug\budgeteerbusiness.test.dll" id="61615b4f-b3ca-d68a-3eb6-d94deb0da781">
      <Css projectStructure="" iteration="" />
      <Owners>
        <Owner name="" />
      </Owners>
      <TestMethod codeBase="C:\Develop\Budgeteer\BudgeteerBusiness.Test\bin\Debug\BudgeteerBusiness.Test.dll" adapterTypeName="Microsoft.VisualStudio.TestTools.TestTypes.Unit.UnitTestAdapter, Microsoft.VisualStudio.QualityTools.Tips.UnitTest.Adapter, Version=9.0.0.0, Culture=neutral, PublicKeyToken=b03f5f7f11d50a3a" className="BudgeteerBusiness.Test.BankAccountTest, BudgeteerBusiness.Test" name="GetAccountsTest" />
    </UnitTest>
    <UnitTest name="updateUserEmailAddressUserIDNothing" storage="c:\develop\budgeteer\budgeteerbusiness.test\bin\debug\budgeteerbusiness.test.dll" id="53ff0830-cc1d-2e63-f269-a83b303e8cd9">
      <Css projectStructure="" iteration="" />
      <Owners>
        <Owner name="" />
      </Owners>
      <TestMethod codeBase="C:\Develop\Budgeteer\BudgeteerBusiness.Test\bin\Debug\BudgeteerBusiness.Test.dll" adapterTypeName="Microsoft.VisualStudio.TestTools.TestTypes.Unit.UnitTestAdapter, Microsoft.VisualStudio.QualityTools.Tips.UnitTest.Adapter, Version=9.0.0.0, Culture=neutral, PublicKeyToken=b03f5f7f11d50a3a" className="BudgeteerBusiness.Test.UserTest, BudgeteerBusiness.Test" name="updateUserEmailAddressUserIDNothing" />
    </UnitTest>
    <UnitTest name="setSettingUserIDBlank" storage="c:\develop\budgeteer\budgeteerbusiness.test\bin\debug\budgeteerbusiness.test.dll" id="68eb3959-6f6d-2194-65cd-b1eaa7337292">
      <Css projectStructure="" iteration="" />
      <Owners>
        <Owner name="" />
      </Owners>
      <TestMethod codeBase="C:\Develop\Budgeteer\BudgeteerBusiness.Test\bin\Debug\BudgeteerBusiness.Test.dll" adapterTypeName="Microsoft.VisualStudio.TestTools.TestTypes.Unit.UnitTestAdapter, Microsoft.VisualStudio.QualityTools.Tips.UnitTest.Adapter, Version=9.0.0.0, Culture=neutral, PublicKeyToken=b03f5f7f11d50a3a" className="BudgeteerBusiness.Test.ApplicationSettingTest, BudgeteerBusiness.Test" name="setSettingUserIDBlank" />
    </UnitTest>
    <UnitTest name="addUserEmailAddressMaxLen" storage="c:\develop\budgeteer\budgeteerbusiness.test\bin\debug\budgeteerbusiness.test.dll" id="bcef52eb-c0c7-5e55-deaa-3ee9071fa25e">
      <Css projectStructure="" iteration="" />
      <Owners>
        <Owner name="" />
      </Owners>
      <TestMethod codeBase="C:\Develop\Budgeteer\BudgeteerBusiness.Test\bin\Debug\BudgeteerBusiness.Test.dll" adapterTypeName="Microsoft.VisualStudio.TestTools.TestTypes.Unit.UnitTestAdapter, Microsoft.VisualStudio.QualityTools.Tips.UnitTest.Adapter, Version=9.0.0.0, Culture=neutral, PublicKeyToken=b03f5f7f11d50a3a" className="BudgeteerBusiness.Test.UserTest, BudgeteerBusiness.Test" name="addUserEmailAddressMaxLen" />
    </UnitTest>
    <UnitTest name="AddAccountAccountNothing" storage="c:\develop\budgeteer\budgeteerbusiness.test\bin\debug\budgeteerbusiness.test.dll" id="587660b0-3b90-02e1-7b54-03c664507fce">
      <Css projectStructure="" iteration="" />
      <Owners>
        <Owner name="" />
      </Owners>
      <TestMethod codeBase="C:\Develop\Budgeteer\BudgeteerBusiness.Test\bin\Debug\BudgeteerBusiness.Test.dll" adapterTypeName="Microsoft.VisualStudio.TestTools.TestTypes.Unit.UnitTestAdapter, Microsoft.VisualStudio.QualityTools.Tips.UnitTest.Adapter, Version=9.0.0.0, Culture=neutral, PublicKeyToken=b03f5f7f11d50a3a" className="BudgeteerBusiness.Test.BankAccountTest, BudgeteerBusiness.Test" name="AddAccountAccountNothing" />
    </UnitTest>
    <UnitTest name="updateTransactionSFSubcategoryAdjust" storage="c:\develop\budgeteer\budgeteerbusiness.test\bin\debug\budgeteerbusiness.test.dll" id="ff86bab7-fe25-e542-47fe-56bd2f464b72">
      <Css projectStructure="" iteration="" />
      <Owners>
        <Owner name="" />
      </Owners>
      <TestMethod codeBase="C:\Develop\Budgeteer\BudgeteerBusiness.Test\bin\Debug\BudgeteerBusiness.Test.dll" adapterTypeName="Microsoft.VisualStudio.TestTools.TestTypes.Unit.UnitTestAdapter, Microsoft.VisualStudio.QualityTools.Tips.UnitTest.Adapter, Version=9.0.0.0, Culture=neutral, PublicKeyToken=b03f5f7f11d50a3a" className="BudgeteerBusiness.Test.TransactionTest, BudgeteerBusiness.Test" name="updateTransactionSFSubcategoryAdjust" />
    </UnitTest>
    <UnitTest name="addFrequencyDescriptionNothing" storage="c:\develop\budgeteer\budgeteerbusiness.test\bin\debug\budgeteerbusiness.test.dll" id="b1452ef1-13ca-46e9-c44f-98baa104fb92">
      <Css projectStructure="" iteration="" />
      <Owners>
        <Owner name="" />
      </Owners>
      <TestMethod codeBase="C:\Develop\Budgeteer\BudgeteerBusiness.Test\bin\Debug\BudgeteerBusiness.Test.dll" adapterTypeName="Microsoft.VisualStudio.TestTools.TestTypes.Unit.UnitTestAdapter, Microsoft.VisualStudio.QualityTools.Tips.UnitTest.Adapter, Version=9.0.0.0, Culture=neutral, PublicKeyToken=b03f5f7f11d50a3a" className="BudgeteerBusiness.Test.FrequencyTest, BudgeteerBusiness.Test" name="addFrequencyDescriptionNothing" />
    </UnitTest>
    <UnitTest name="addSubcategoryDescriptionNothing" storage="c:\develop\budgeteer\budgeteerbusiness.test\bin\debug\budgeteerbusiness.test.dll" id="a8551577-1fbc-a817-6fba-d92f73c63ed5">
      <Css projectStructure="" iteration="" />
      <Owners>
        <Owner name="" />
      </Owners>
      <TestMethod codeBase="C:\Develop\Budgeteer\BudgeteerBusiness.Test\bin\Debug\BudgeteerBusiness.Test.dll" adapterTypeName="Microsoft.VisualStudio.TestTools.TestTypes.Unit.UnitTestAdapter, Microsoft.VisualStudio.QualityTools.Tips.UnitTest.Adapter, Version=9.0.0.0, Culture=neutral, PublicKeyToken=b03f5f7f11d50a3a" className="BudgeteerBusiness.Test.SubcategoryTest, BudgeteerBusiness.Test" name="addSubcategoryDescriptionNothing" />
    </UnitTest>
    <UnitTest name="deleteCategoryTest" storage="c:\develop\budgeteer\budgeteerbusiness.test\bin\debug\budgeteerbusiness.test.dll" id="0bdfe357-59d7-2115-bc84-10e25df0e6f5">
      <Css projectStructure="" iteration="" />
      <Owners>
        <Owner name="" />
      </Owners>
      <TestMethod codeBase="C:\Develop\Budgeteer\BudgeteerBusiness.Test\bin\Debug\BudgeteerBusiness.Test.dll" adapterTypeName="Microsoft.VisualStudio.TestTools.TestTypes.Unit.UnitTestAdapter, Microsoft.VisualStudio.QualityTools.Tips.UnitTest.Adapter, Version=9.0.0.0, Culture=neutral, PublicKeyToken=b03f5f7f11d50a3a" className="BudgeteerBusiness.Test.CategoryTest, BudgeteerBusiness.Test" name="deleteCategoryTest" />
    </UnitTest>
    <UnitTest name="addUserFirstNameMaxLen" storage="c:\develop\budgeteer\budgeteerbusiness.test\bin\debug\budgeteerbusiness.test.dll" id="dc51c213-5f3c-c5c3-c9fa-ea22cfaaa6b1">
      <Css projectStructure="" iteration="" />
      <Owners>
        <Owner name="" />
      </Owners>
      <TestMethod codeBase="C:\Develop\Budgeteer\BudgeteerBusiness.Test\bin\Debug\BudgeteerBusiness.Test.dll" adapterTypeName="Microsoft.VisualStudio.TestTools.TestTypes.Unit.UnitTestAdapter, Microsoft.VisualStudio.QualityTools.Tips.UnitTest.Adapter, Version=9.0.0.0, Culture=neutral, PublicKeyToken=b03f5f7f11d50a3a" className="BudgeteerBusiness.Test.UserTest, BudgeteerBusiness.Test" name="addUserFirstNameMaxLen" />
    </UnitTest>
    <UnitTest name="updateUserEmailAddressEmailMaxLen" storage="c:\develop\budgeteer\budgeteerbusiness.test\bin\debug\budgeteerbusiness.test.dll" id="fa4fde81-0c7b-6c9e-f074-31329de4ad82">
      <Css projectStructure="" iteration="" />
      <Owners>
        <Owner name="" />
      </Owners>
      <TestMethod codeBase="C:\Develop\Budgeteer\BudgeteerBusiness.Test\bin\Debug\BudgeteerBusiness.Test.dll" adapterTypeName="Microsoft.VisualStudio.TestTools.TestTypes.Unit.UnitTestAdapter, Microsoft.VisualStudio.QualityTools.Tips.UnitTest.Adapter, Version=9.0.0.0, Culture=neutral, PublicKeyToken=b03f5f7f11d50a3a" className="BudgeteerBusiness.Test.UserTest, BudgeteerBusiness.Test" name="updateUserEmailAddressEmailMaxLen" />
    </UnitTest>
    <UnitTest name="addFrequencyMonthsNegative" storage="c:\develop\budgeteer\budgeteerbusiness.test\bin\debug\budgeteerbusiness.test.dll" id="0c5517d4-5316-3e21-871a-fa8800272a65">
      <Css projectStructure="" iteration="" />
      <Owners>
        <Owner name="" />
      </Owners>
      <TestMethod codeBase="C:\Develop\Budgeteer\BudgeteerBusiness.Test\bin\Debug\BudgeteerBusiness.Test.dll" adapterTypeName="Microsoft.VisualStudio.TestTools.TestTypes.Unit.UnitTestAdapter, Microsoft.VisualStudio.QualityTools.Tips.UnitTest.Adapter, Version=9.0.0.0, Culture=neutral, PublicKeyToken=b03f5f7f11d50a3a" className="BudgeteerBusiness.Test.FrequencyTest, BudgeteerBusiness.Test" name="addFrequencyMonthsNegative" />
    </UnitTest>
    <UnitTest name="getCategoriesTest" storage="c:\develop\budgeteer\budgeteerbusiness.test\bin\debug\budgeteerbusiness.test.dll" id="fa94ca7c-1aae-2e32-1d1b-d0e45ca41440">
      <Css projectStructure="" iteration="" />
      <Owners>
        <Owner name="" />
      </Owners>
      <TestMethod codeBase="C:\Develop\Budgeteer\BudgeteerBusiness.Test\bin\Debug\BudgeteerBusiness.Test.dll" adapterTypeName="Microsoft.VisualStudio.TestTools.TestTypes.Unit.UnitTestAdapter, Microsoft.VisualStudio.QualityTools.Tips.UnitTest.Adapter, Version=9.0.0.0, Culture=neutral, PublicKeyToken=b03f5f7f11d50a3a" className="BudgeteerBusiness.Test.CategoryTest, BudgeteerBusiness.Test" name="getCategoriesTest" />
    </UnitTest>
    <UnitTest name="addUserPasswordNothing" storage="c:\develop\budgeteer\budgeteerbusiness.test\bin\debug\budgeteerbusiness.test.dll" id="4bd9796f-b636-6a7f-6857-a699f7abd7a9">
      <Css projectStructure="" iteration="" />
      <Owners>
        <Owner name="" />
      </Owners>
      <TestMethod codeBase="C:\Develop\Budgeteer\BudgeteerBusiness.Test\bin\Debug\BudgeteerBusiness.Test.dll" adapterTypeName="Microsoft.VisualStudio.TestTools.TestTypes.Unit.UnitTestAdapter, Microsoft.VisualStudio.QualityTools.Tips.UnitTest.Adapter, Version=9.0.0.0, Culture=neutral, PublicKeyToken=b03f5f7f11d50a3a" className="BudgeteerBusiness.Test.UserTest, BudgeteerBusiness.Test" name="addUserPasswordNothing" />
    </UnitTest>
    <UnitTest name="AddBudgetStartDateBlank" storage="c:\develop\budgeteer\budgeteerbusiness.test\bin\debug\budgeteerbusiness.test.dll" id="4486fb42-6e67-f081-7552-b679d25d695f">
      <Css projectStructure="" iteration="" />
      <Owners>
        <Owner name="" />
      </Owners>
      <TestMethod codeBase="C:\Develop\Budgeteer\BudgeteerBusiness.Test\bin\Debug\BudgeteerBusiness.Test.dll" adapterTypeName="Microsoft.VisualStudio.TestTools.TestTypes.Unit.UnitTestAdapter, Microsoft.VisualStudio.QualityTools.Tips.UnitTest.Adapter, Version=9.0.0.0, Culture=neutral, PublicKeyToken=b03f5f7f11d50a3a" className="BudgeteerBusiness.Test.BudgetTest, BudgeteerBusiness.Test" name="AddBudgetStartDateBlank" />
    </UnitTest>
    <UnitTest name="setSettingValueMaxLen" storage="c:\develop\budgeteer\budgeteerbusiness.test\bin\debug\budgeteerbusiness.test.dll" id="369638f7-538b-b560-7383-2a599f9e5891">
      <Css projectStructure="" iteration="" />
      <Owners>
        <Owner name="" />
      </Owners>
      <TestMethod codeBase="C:\Develop\Budgeteer\BudgeteerBusiness.Test\bin\Debug\BudgeteerBusiness.Test.dll" adapterTypeName="Microsoft.VisualStudio.TestTools.TestTypes.Unit.UnitTestAdapter, Microsoft.VisualStudio.QualityTools.Tips.UnitTest.Adapter, Version=9.0.0.0, Culture=neutral, PublicKeyToken=b03f5f7f11d50a3a" className="BudgeteerBusiness.Test.ApplicationSettingTest, BudgeteerBusiness.Test" name="setSettingValueMaxLen" />
    </UnitTest>
    <UnitTest name="updateCategoryDescriptionNothing" storage="c:\develop\budgeteer\budgeteerbusiness.test\bin\debug\budgeteerbusiness.test.dll" id="a2d96dcc-0274-ae96-1084-c6eeaf735a67">
      <Css projectStructure="" iteration="" />
      <Owners>
        <Owner name="" />
      </Owners>
      <TestMethod codeBase="C:\Develop\Budgeteer\BudgeteerBusiness.Test\bin\Debug\BudgeteerBusiness.Test.dll" adapterTypeName="Microsoft.VisualStudio.TestTools.TestTypes.Unit.UnitTestAdapter, Microsoft.VisualStudio.QualityTools.Tips.UnitTest.Adapter, Version=9.0.0.0, Culture=neutral, PublicKeyToken=b03f5f7f11d50a3a" className="BudgeteerBusiness.Test.CategoryTest, BudgeteerBusiness.Test" name="updateCategoryDescriptionNothing" />
    </UnitTest>
    <UnitTest name="updateCategoryNothing" storage="c:\develop\budgeteer\budgeteerbusiness.test\bin\debug\budgeteerbusiness.test.dll" id="a59c967c-b286-ecbe-5787-275fa8e4e9c9">
      <Css projectStructure="" iteration="" />
      <Owners>
        <Owner name="" />
      </Owners>
      <TestMethod codeBase="C:\Develop\Budgeteer\BudgeteerBusiness.Test\bin\Debug\BudgeteerBusiness.Test.dll" adapterTypeName="Microsoft.VisualStudio.TestTools.TestTypes.Unit.UnitTestAdapter, Microsoft.VisualStudio.QualityTools.Tips.UnitTest.Adapter, Version=9.0.0.0, Culture=neutral, PublicKeyToken=b03f5f7f11d50a3a" className="BudgeteerBusiness.Test.CategoryTest, BudgeteerBusiness.Test" name="updateCategoryNothing" />
    </UnitTest>
    <UnitTest name="AccountUpdateAccountIDNothing" storage="c:\develop\budgeteer\budgeteerbusiness.test\bin\debug\budgeteerbusiness.test.dll" id="d45c411c-5ad0-5299-8bb1-88f95d2c7618">
      <Css projectStructure="" iteration="" />
      <Owners>
        <Owner name="" />
      </Owners>
      <TestMethod codeBase="C:\Develop\Budgeteer\BudgeteerBusiness.Test\bin\Debug\BudgeteerBusiness.Test.dll" adapterTypeName="Microsoft.VisualStudio.TestTools.TestTypes.Unit.UnitTestAdapter, Microsoft.VisualStudio.QualityTools.Tips.UnitTest.Adapter, Version=9.0.0.0, Culture=neutral, PublicKeyToken=b03f5f7f11d50a3a" className="BudgeteerBusiness.Test.BankAccountTest, BudgeteerBusiness.Test" name="AccountUpdateAccountIDNothing" />
    </UnitTest>
    <UnitTest name="getSettingTest" storage="c:\develop\budgeteer\budgeteerbusiness.test\bin\debug\budgeteerbusiness.test.dll" id="60cc931f-8e63-39f9-719e-c12ab9d1a9c9">
      <Css projectStructure="" iteration="" />
      <Owners>
        <Owner name="" />
      </Owners>
      <TestMethod codeBase="C:\Develop\Budgeteer\BudgeteerBusiness.Test\bin\Debug\BudgeteerBusiness.Test.dll" adapterTypeName="Microsoft.VisualStudio.TestTools.TestTypes.Unit.UnitTestAdapter, Microsoft.VisualStudio.QualityTools.Tips.UnitTest.Adapter, Version=9.0.0.0, Culture=neutral, PublicKeyToken=b03f5f7f11d50a3a" className="BudgeteerBusiness.Test.ApplicationSettingTest, BudgeteerBusiness.Test" name="getSettingTest" />
    </UnitTest>
    <UnitTest name="addSubcategoryUserIDNothing" storage="c:\develop\budgeteer\budgeteerbusiness.test\bin\debug\budgeteerbusiness.test.dll" id="88291b0b-7e70-f6db-50b3-47e82e867912">
      <Css projectStructure="" iteration="" />
      <Owners>
        <Owner name="" />
      </Owners>
      <TestMethod codeBase="C:\Develop\Budgeteer\BudgeteerBusiness.Test\bin\Debug\BudgeteerBusiness.Test.dll" adapterTypeName="Microsoft.VisualStudio.TestTools.TestTypes.Unit.UnitTestAdapter, Microsoft.VisualStudio.QualityTools.Tips.UnitTest.Adapter, Version=9.0.0.0, Culture=neutral, PublicKeyToken=b03f5f7f11d50a3a" className="BudgeteerBusiness.Test.SubcategoryTest, BudgeteerBusiness.Test" name="addSubcategoryUserIDNothing" />
    </UnitTest>
    <UnitTest name="addCategoryNothing" storage="c:\develop\budgeteer\budgeteerbusiness.test\bin\debug\budgeteerbusiness.test.dll" id="0fca1d8a-cdd0-27c2-fb9e-0f26a9f562df">
      <Css projectStructure="" iteration="" />
      <Owners>
        <Owner name="" />
      </Owners>
      <TestMethod codeBase="C:\Develop\Budgeteer\BudgeteerBusiness.Test\bin\Debug\BudgeteerBusiness.Test.dll" adapterTypeName="Microsoft.VisualStudio.TestTools.TestTypes.Unit.UnitTestAdapter, Microsoft.VisualStudio.QualityTools.Tips.UnitTest.Adapter, Version=9.0.0.0, Culture=neutral, PublicKeyToken=b03f5f7f11d50a3a" className="BudgeteerBusiness.Test.CategoryTest, BudgeteerBusiness.Test" name="addCategoryNothing" />
    </UnitTest>
    <UnitTest name="deleteFrequencyFrequencyIDNothing" storage="c:\develop\budgeteer\budgeteerbusiness.test\bin\debug\budgeteerbusiness.test.dll" id="6f7faeec-fd19-b1af-0830-7613b5075b88">
      <Css projectStructure="" iteration="" />
      <Owners>
        <Owner name="" />
      </Owners>
      <TestMethod codeBase="C:\Develop\Budgeteer\BudgeteerBusiness.Test\bin\Debug\BudgeteerBusiness.Test.dll" adapterTypeName="Microsoft.VisualStudio.TestTools.TestTypes.Unit.UnitTestAdapter, Microsoft.VisualStudio.QualityTools.Tips.UnitTest.Adapter, Version=9.0.0.0, Culture=neutral, PublicKeyToken=b03f5f7f11d50a3a" className="BudgeteerBusiness.Test.FrequencyTest, BudgeteerBusiness.Test" name="deleteFrequencyFrequencyIDNothing" />
    </UnitTest>
    <UnitTest name="updateUserPasswordTest" storage="c:\develop\budgeteer\budgeteerbusiness.test\bin\debug\budgeteerbusiness.test.dll" id="5a6ba108-477a-8826-07f4-4b3d85417087">
      <Css projectStructure="" iteration="" />
      <Owners>
        <Owner name="" />
      </Owners>
      <TestMethod codeBase="C:\Develop\Budgeteer\BudgeteerBusiness.Test\bin\Debug\BudgeteerBusiness.Test.dll" adapterTypeName="Microsoft.VisualStudio.TestTools.TestTypes.Unit.UnitTestAdapter, Microsoft.VisualStudio.QualityTools.Tips.UnitTest.Adapter, Version=9.0.0.0, Culture=neutral, PublicKeyToken=b03f5f7f11d50a3a" className="BudgeteerBusiness.Test.UserTest, BudgeteerBusiness.Test" name="updateUserPasswordTest" />
    </UnitTest>
    <UnitTest name="GetAccountsUserIDNothing" storage="c:\develop\budgeteer\budgeteerbusiness.test\bin\debug\budgeteerbusiness.test.dll" id="95c0682e-1297-4ce1-4725-5f3b047e8687">
      <Css projectStructure="" iteration="" />
      <Owners>
        <Owner name="" />
      </Owners>
      <TestMethod codeBase="C:\Develop\Budgeteer\BudgeteerBusiness.Test\bin\Debug\BudgeteerBusiness.Test.dll" adapterTypeName="Microsoft.VisualStudio.TestTools.TestTypes.Unit.UnitTestAdapter, Microsoft.VisualStudio.QualityTools.Tips.UnitTest.Adapter, Version=9.0.0.0, Culture=neutral, PublicKeyToken=b03f5f7f11d50a3a" className="BudgeteerBusiness.Test.BankAccountTest, BudgeteerBusiness.Test" name="GetAccountsUserIDNothing" />
    </UnitTest>
    <UnitTest name="updateTransactionDateNothing" storage="c:\develop\budgeteer\budgeteerbusiness.test\bin\debug\budgeteerbusiness.test.dll" id="8f6940ee-6a05-220b-9d80-efa337ee3133">
      <Css projectStructure="" iteration="" />
      <Owners>
        <Owner name="" />
      </Owners>
      <TestMethod codeBase="C:\Develop\Budgeteer\BudgeteerBusiness.Test\bin\Debug\BudgeteerBusiness.Test.dll" adapterTypeName="Microsoft.VisualStudio.TestTools.TestTypes.Unit.UnitTestAdapter, Microsoft.VisualStudio.QualityTools.Tips.UnitTest.Adapter, Version=9.0.0.0, Culture=neutral, PublicKeyToken=b03f5f7f11d50a3a" className="BudgeteerBusiness.Test.TransactionTest, BudgeteerBusiness.Test" name="updateTransactionDateNothing" />
    </UnitTest>
    <UnitTest name="GetBudgetsByCriteriaTest" storage="c:\develop\budgeteer\budgeteerbusiness.test\bin\debug\budgeteerbusiness.test.dll" id="7a67e1af-a886-d057-74bb-d7a715ebb35b">
      <Css projectStructure="" iteration="" />
      <Owners>
        <Owner name="" />
      </Owners>
      <TestMethod codeBase="C:\Develop\Budgeteer\BudgeteerBusiness.Test\bin\Debug\BudgeteerBusiness.Test.dll" adapterTypeName="Microsoft.VisualStudio.TestTools.TestTypes.Unit.UnitTestAdapter, Microsoft.VisualStudio.QualityTools.Tips.UnitTest.Adapter, Version=9.0.0.0, Culture=neutral, PublicKeyToken=b03f5f7f11d50a3a" className="BudgeteerBusiness.Test.BudgetTest, BudgeteerBusiness.Test" name="GetBudgetsByCriteriaTest" />
    </UnitTest>
    <UnitTest name="deleteTransactionTransactionIDNothing" storage="c:\develop\budgeteer\budgeteerbusiness.test\bin\debug\budgeteerbusiness.test.dll" id="93af35c8-f5d8-78c3-8cc9-706ee5491c55">
      <Css projectStructure="" iteration="" />
      <Owners>
        <Owner name="" />
      </Owners>
      <TestMethod codeBase="C:\Develop\Budgeteer\BudgeteerBusiness.Test\bin\Debug\BudgeteerBusiness.Test.dll" adapterTypeName="Microsoft.VisualStudio.TestTools.TestTypes.Unit.UnitTestAdapter, Microsoft.VisualStudio.QualityTools.Tips.UnitTest.Adapter, Version=9.0.0.0, Culture=neutral, PublicKeyToken=b03f5f7f11d50a3a" className="BudgeteerBusiness.Test.TransactionTest, BudgeteerBusiness.Test" name="deleteTransactionTransactionIDNothing" />
    </UnitTest>
    <UnitTest name="GetBudgetsTest" storage="c:\develop\budgeteer\budgeteerbusiness.test\bin\debug\budgeteerbusiness.test.dll" id="cb8df43f-6492-dd91-9c3b-f64ea6d0afbc">
      <Css projectStructure="" iteration="" />
      <Owners>
        <Owner name="" />
      </Owners>
      <TestMethod codeBase="C:\Develop\Budgeteer\BudgeteerBusiness.Test\bin\Debug\BudgeteerBusiness.Test.dll" adapterTypeName="Microsoft.VisualStudio.TestTools.TestTypes.Unit.UnitTestAdapter, Microsoft.VisualStudio.QualityTools.Tips.UnitTest.Adapter, Version=9.0.0.0, Culture=neutral, PublicKeyToken=b03f5f7f11d50a3a" className="BudgeteerBusiness.Test.BudgetTest, BudgeteerBusiness.Test" name="GetBudgetsTest" />
    </UnitTest>
  </TestDefinitions>
  <TestLists>
    <TestList name="Results Not in a List" id="8c84fa94-04c1-424b-9868-57a2d4851a1d" />
    <TestList name="All Loaded Results" id="19431567-8539-422a-85d7-44ee4e166bda" />
  </TestLists>
  <TestEntries>
    <TestEntry testId="2da17ebb-99f1-543b-1336-ba260aa88fba" executionId="be3f1813-71b6-45f1-ba4c-126711966da3" testListId="8c84fa94-04c1-424b-9868-57a2d4851a1d" />
    <TestEntry testId="8cd615c6-e162-c613-892a-65fc09419773" executionId="bc1a689b-5f95-4fb4-bad3-295a74c1e1ff" testListId="8c84fa94-04c1-424b-9868-57a2d4851a1d" />
    <TestEntry testId="60cc931f-8e63-39f9-719e-c12ab9d1a9c9" executionId="e6e35e0a-1a42-4499-b1fa-ed0ca376c1be" testListId="8c84fa94-04c1-424b-9868-57a2d4851a1d" />
    <TestEntry testId="f229dc9d-2951-41bb-da77-6b10cc77c319" executionId="013ba220-020c-4c52-bab2-97d2a7cfc1ee" testListId="8c84fa94-04c1-424b-9868-57a2d4851a1d" />
    <TestEntry testId="c1eb1ab3-71b1-7f0c-d402-7db8c88875e0" executionId="b024daaf-6b89-4aa1-8560-2fc9d4dd0ebb" testListId="8c84fa94-04c1-424b-9868-57a2d4851a1d" />
    <TestEntry testId="292697ef-a481-6a95-4841-a0b23aab7616" executionId="1f97877f-963f-4da4-ba39-ac2e1c657c10" testListId="8c84fa94-04c1-424b-9868-57a2d4851a1d" />
    <TestEntry testId="68eb3959-6f6d-2194-65cd-b1eaa7337292" executionId="c9dbc0ff-9064-4022-9863-6ca11348d104" testListId="8c84fa94-04c1-424b-9868-57a2d4851a1d" />
    <TestEntry testId="83dddd9a-5fdf-d50e-591b-83ffd2e26894" executionId="64ebecc0-c205-4270-a311-341769e72169" testListId="8c84fa94-04c1-424b-9868-57a2d4851a1d" />
    <TestEntry testId="5a6fb017-10b5-f179-df9d-ec95cc76a963" executionId="3e089cd7-d22e-438f-b77d-948390739c67" testListId="8c84fa94-04c1-424b-9868-57a2d4851a1d" />
    <TestEntry testId="369638f7-538b-b560-7383-2a599f9e5891" executionId="ceee4894-2679-47fb-ad3a-620bba309849" testListId="8c84fa94-04c1-424b-9868-57a2d4851a1d" />
    <TestEntry testId="fcca391a-3bf2-a7bd-8a43-2d87c89ccc3b" executionId="710d53af-19de-490e-8a10-1a177f8a78e1" testListId="8c84fa94-04c1-424b-9868-57a2d4851a1d" />
    <TestEntry testId="61615b4f-b3ca-d68a-3eb6-d94deb0da781" executionId="feffedb5-fafe-40c8-afe1-e1e62b023107" testListId="8c84fa94-04c1-424b-9868-57a2d4851a1d" />
    <TestEntry testId="95c0682e-1297-4ce1-4725-5f3b047e8687" executionId="c80a1aa1-9354-4095-821a-831e381dbfa3" testListId="8c84fa94-04c1-424b-9868-57a2d4851a1d" />
    <TestEntry testId="6d337c35-98f0-54b3-f22d-26fc0f00e50a" executionId="981f455c-7d44-4815-aa70-7a18316e7f7e" testListId="8c84fa94-04c1-424b-9868-57a2d4851a1d" />
    <TestEntry testId="495b801d-fa26-fed0-0f3c-89b4c2b40633" executionId="8482ed40-dd7f-4f71-9716-aadec7267434" testListId="8c84fa94-04c1-424b-9868-57a2d4851a1d" />
    <TestEntry testId="8dcb2405-5c91-c749-7201-777f5347a181" executionId="a3bfd023-74e5-4a2d-83d5-cd9f4a3fa9c5" testListId="8c84fa94-04c1-424b-9868-57a2d4851a1d" />
    <TestEntry testId="587660b0-3b90-02e1-7b54-03c664507fce" executionId="b3c1cb38-185c-4b90-8a7b-e138a1565948" testListId="8c84fa94-04c1-424b-9868-57a2d4851a1d" />
    <TestEntry testId="b1348d03-fa8d-98c0-743c-70a5fbb29395" executionId="63309dcc-8c1e-4e8d-8ecb-2718aab176e0" testListId="8c84fa94-04c1-424b-9868-57a2d4851a1d" />
    <TestEntry testId="76e91602-d7b1-974d-3752-f1032f6e14fd" executionId="f2a07184-cbd7-468b-8aca-5d9fed7759e7" testListId="8c84fa94-04c1-424b-9868-57a2d4851a1d" />
    <TestEntry testId="6f61982a-b51b-27fe-1f93-482011c4b473" executionId="1ea01d24-70f8-45b0-ad0b-fbe32e7735bf" testListId="8c84fa94-04c1-424b-9868-57a2d4851a1d" />
    <TestEntry testId="087effc2-bf96-1942-c83f-68f5aa5d2005" executionId="24a12184-454b-4f70-84ca-12cb72dea999" testListId="8c84fa94-04c1-424b-9868-57a2d4851a1d" />
    <TestEntry testId="d1360a53-95ee-b75a-cf14-ff4641961f1d" executionId="eb091316-3a93-4d8f-a2d6-cc8f1653b752" testListId="8c84fa94-04c1-424b-9868-57a2d4851a1d" />
    <TestEntry testId="b34318a0-b694-1c59-0274-13c5f648813a" executionId="bf74db57-9739-41fa-a94f-3659416c42a8" testListId="8c84fa94-04c1-424b-9868-57a2d4851a1d" />
    <TestEntry testId="acd7067b-97cd-802a-af1a-b1adb9e60800" executionId="3fceb6ec-509b-4af5-9320-e767dfee9bea" testListId="8c84fa94-04c1-424b-9868-57a2d4851a1d" />
    <TestEntry testId="15012bb2-b8a7-b9c7-7871-b29804a6aa37" executionId="11725277-d6e1-48bc-93cb-e8d4de6f2631" testListId="8c84fa94-04c1-424b-9868-57a2d4851a1d" />
    <TestEntry testId="d45c411c-5ad0-5299-8bb1-88f95d2c7618" executionId="200bc484-4641-4d23-b9d5-45d0a7885ccb" testListId="8c84fa94-04c1-424b-9868-57a2d4851a1d" />
    <TestEntry testId="fd0567ca-ebac-cdf4-0d35-eaae1abf4f60" executionId="ffbcf876-89a6-41b9-9e4f-33f79d0b8315" testListId="8c84fa94-04c1-424b-9868-57a2d4851a1d" />
    <TestEntry testId="8c6905af-52bc-76a0-b628-ad32132409ba" executionId="5d41cc12-18bf-4a24-a577-631b20e7c48d" testListId="8c84fa94-04c1-424b-9868-57a2d4851a1d" />
    <TestEntry testId="ab937ec4-62dc-9a36-31d9-81e0a9987ee7" executionId="f07de8f9-6385-4c55-b26a-44ca94cdb602" testListId="8c84fa94-04c1-424b-9868-57a2d4851a1d" />
    <TestEntry testId="dc103d46-66d3-5339-3760-9e1aa3967d68" executionId="d77d64c7-95aa-4a9d-8044-f39cf9418be5" testListId="8c84fa94-04c1-424b-9868-57a2d4851a1d" />
    <TestEntry testId="78580d61-10eb-61e0-ce2a-90979662c9fc" executionId="02e8b154-b89f-40c7-b0c5-20ab9c3a2105" testListId="8c84fa94-04c1-424b-9868-57a2d4851a1d" />
    <TestEntry testId="b47ab333-b0fd-87a2-450b-d6079dce8ac2" executionId="8bbcf54b-7030-42c0-9940-b8fa0bb6afd2" testListId="8c84fa94-04c1-424b-9868-57a2d4851a1d" />
    <TestEntry testId="8ba97d74-e039-ca12-665d-09ebe63ca7ce" executionId="4c1ed74f-022e-4cb5-80c6-4b88afab4f88" testListId="8c84fa94-04c1-424b-9868-57a2d4851a1d" />
    <TestEntry testId="cb8df43f-6492-dd91-9c3b-f64ea6d0afbc" executionId="a53af4fa-1a8c-47c4-bc73-3524a621383e" testListId="8c84fa94-04c1-424b-9868-57a2d4851a1d" />
    <TestEntry testId="ebd39db0-e74b-3bd5-c867-9e8d1f912965" executionId="93a647ff-14c4-4e8e-aa51-d7849a3b45c9" testListId="8c84fa94-04c1-424b-9868-57a2d4851a1d" />
    <TestEntry testId="7a67e1af-a886-d057-74bb-d7a715ebb35b" executionId="584cf44d-9334-488c-9e23-6d18c852715f" testListId="8c84fa94-04c1-424b-9868-57a2d4851a1d" />
    <TestEntry testId="ec84c0d8-8089-6d3c-3b32-6d388f8132a6" executionId="1d01e328-5089-4404-b5ec-9652758c3ee5" testListId="8c84fa94-04c1-424b-9868-57a2d4851a1d" />
    <TestEntry testId="051888c9-8a45-0bb7-a0d4-714b442283af" executionId="b8ad2d7d-263a-411d-bf14-5496e6b87ca1" testListId="8c84fa94-04c1-424b-9868-57a2d4851a1d" />
    <TestEntry testId="4486fb42-6e67-f081-7552-b679d25d695f" executionId="bb5295b5-2c3a-40f0-8f01-443daf512055" testListId="8c84fa94-04c1-424b-9868-57a2d4851a1d" />
    <TestEntry testId="76dd44d9-ff6d-af09-8821-f2463b66ed80" executionId="b10ba699-86df-45bc-8c07-4236fafaf314" testListId="8c84fa94-04c1-424b-9868-57a2d4851a1d" />
    <TestEntry testId="61fdb9d7-48c5-641a-6f66-dfa77bb5a005" executionId="849c2d34-52be-4078-8463-b4cb63f8edc5" testListId="8c84fa94-04c1-424b-9868-57a2d4851a1d" />
    <TestEntry testId="976ae5f8-6c26-174f-136c-aff26d2da02f" executionId="5e448762-4ab2-499e-9c9a-04e0156e3161" testListId="8c84fa94-04c1-424b-9868-57a2d4851a1d" />
    <TestEntry testId="4a8176c5-a77c-0df9-87fa-be9df67b74cb" executionId="ad00071a-ef30-4144-aa03-3eb48ff2ea11" testListId="8c84fa94-04c1-424b-9868-57a2d4851a1d" />
    <TestEntry testId="f4e61a2b-e0fc-ae40-938e-060246d5db66" executionId="8eddfe73-abd5-4700-8e41-3596a193b8c8" testListId="8c84fa94-04c1-424b-9868-57a2d4851a1d" />
    <TestEntry testId="f072707e-36bf-6cb2-fd1d-066aa43590df" executionId="abeda30d-cfc5-4aef-8129-a067b7534d2b" testListId="8c84fa94-04c1-424b-9868-57a2d4851a1d" />
    <TestEntry testId="2961bbf1-146b-0935-82b2-1ae35615a987" executionId="6c0fdd88-bc60-462b-9985-9ab7672ac941" testListId="8c84fa94-04c1-424b-9868-57a2d4851a1d" />
    <TestEntry testId="aa01915b-fe45-c694-5349-093d2378bbbf" executionId="6c913fe4-44a8-4b52-b88a-428df67e9def" testListId="8c84fa94-04c1-424b-9868-57a2d4851a1d" />
    <TestEntry testId="b7f0e8a2-8926-f837-3cda-c1c849c6826c" executionId="c0821efd-5767-4976-9109-662ad4476c26" testListId="8c84fa94-04c1-424b-9868-57a2d4851a1d" />
    <TestEntry testId="c0411296-3ae8-697f-2af6-c4ea40140d13" executionId="fff034ed-eaf3-4b33-8536-2e7226aa6c58" testListId="8c84fa94-04c1-424b-9868-57a2d4851a1d" />
    <TestEntry testId="799311e6-1da3-8fae-d135-4dafc9b3c1eb" executionId="6bb42b56-efd4-44fc-b185-93bacab3f51e" testListId="8c84fa94-04c1-424b-9868-57a2d4851a1d" />
    <TestEntry testId="fa94ca7c-1aae-2e32-1d1b-d0e45ca41440" executionId="6a2b9a58-2a0a-4d40-b8c8-c8c30aea7f34" testListId="8c84fa94-04c1-424b-9868-57a2d4851a1d" />
    <TestEntry testId="63c8983e-264f-303a-d3eb-9b4d25fe86d5" executionId="255bc390-57ed-4de5-85ff-b138f871b5d2" testListId="8c84fa94-04c1-424b-9868-57a2d4851a1d" />
    <TestEntry testId="28a40b92-ebf0-3021-bfd0-8669c95f701b" executionId="e2127e19-2dee-46f0-821f-c2cde0f87876" testListId="8c84fa94-04c1-424b-9868-57a2d4851a1d" />
    <TestEntry testId="0fca1d8a-cdd0-27c2-fb9e-0f26a9f562df" executionId="c6f00f0f-a3a4-43e0-b63e-39fdea4047d4" testListId="8c84fa94-04c1-424b-9868-57a2d4851a1d" />
    <TestEntry testId="ff7fb138-6236-24d9-747a-2dd6d9883235" executionId="a338d8e3-14ce-4000-97a5-236a7bffd7e2" testListId="8c84fa94-04c1-424b-9868-57a2d4851a1d" />
    <TestEntry testId="58a09de1-5830-1f36-c16c-3939c3e6e900" executionId="3c951c6f-c9b9-4512-9d90-b9b6d023c3b6" testListId="8c84fa94-04c1-424b-9868-57a2d4851a1d" />
    <TestEntry testId="532e8336-e148-b747-29ed-96f8fa85edc7" executionId="7a9e0b2d-6d91-4981-ab62-58655761cc2e" testListId="8c84fa94-04c1-424b-9868-57a2d4851a1d" />
    <TestEntry testId="8fc9d453-58a3-7668-636c-73ada71a9a28" executionId="03312a78-a48d-4f5c-ab1d-2ef7a5693fdf" testListId="8c84fa94-04c1-424b-9868-57a2d4851a1d" />
    <TestEntry testId="a59c967c-b286-ecbe-5787-275fa8e4e9c9" executionId="6f8501e0-c981-4130-bbca-519e1beecf93" testListId="8c84fa94-04c1-424b-9868-57a2d4851a1d" />
    <TestEntry testId="a8ff8f1a-6307-d134-859e-78279102c9ce" executionId="3c548d48-22e3-4da2-b740-9b3bbb322651" testListId="8c84fa94-04c1-424b-9868-57a2d4851a1d" />
    <TestEntry testId="a2d96dcc-0274-ae96-1084-c6eeaf735a67" executionId="71326808-7804-4c7a-8af1-e6ba30ed8f2e" testListId="8c84fa94-04c1-424b-9868-57a2d4851a1d" />
    <TestEntry testId="75e6fe92-6338-062a-4fee-95765bf801c5" executionId="e521f33b-68cc-4533-ac4b-3b3b0ad6a7a3" testListId="8c84fa94-04c1-424b-9868-57a2d4851a1d" />
    <TestEntry testId="0bdfe357-59d7-2115-bc84-10e25df0e6f5" executionId="20592725-acf4-4094-8c60-f5793962fd70" testListId="8c84fa94-04c1-424b-9868-57a2d4851a1d" />
    <TestEntry testId="23cfea9f-164f-f9a5-24c4-692d1157d70d" executionId="c4985cf1-28db-41e5-9887-7110bddcda94" testListId="8c84fa94-04c1-424b-9868-57a2d4851a1d" />
    <TestEntry testId="2e218b54-9cdc-19a6-f73f-134529b0d574" executionId="766d2347-3b18-4180-8eef-5d98c1f824a3" testListId="8c84fa94-04c1-424b-9868-57a2d4851a1d" />
    <TestEntry testId="83ec55a3-815a-67d2-b2f2-28b93a616423" executionId="c55b1848-c122-465b-82bb-b89f835009cb" testListId="8c84fa94-04c1-424b-9868-57a2d4851a1d" />
    <TestEntry testId="8a4ba671-1448-8492-2b78-1b765c8a587b" executionId="9326902f-3fc4-4a69-973d-009da8f5d4d6" testListId="8c84fa94-04c1-424b-9868-57a2d4851a1d" />
    <TestEntry testId="afdd3970-ef14-572c-7490-d181ac1ccd1e" executionId="2e760b9c-e36f-4bec-96bf-daca3e7bcb86" testListId="8c84fa94-04c1-424b-9868-57a2d4851a1d" />
    <TestEntry testId="b1452ef1-13ca-46e9-c44f-98baa104fb92" executionId="38b7fd1d-e9c3-4a3c-b52d-4927230e9068" testListId="8c84fa94-04c1-424b-9868-57a2d4851a1d" />
    <TestEntry testId="94aa3a89-922e-c096-871a-c4ffb87404f0" executionId="efdbff7d-4813-4654-9c66-d864c59f5846" testListId="8c84fa94-04c1-424b-9868-57a2d4851a1d" />
    <TestEntry testId="0c5517d4-5316-3e21-871a-fa8800272a65" executionId="df09886e-1b6f-45ae-b4d4-f2433ca82965" testListId="8c84fa94-04c1-424b-9868-57a2d4851a1d" />
    <TestEntry testId="4c8b2cdb-4eab-b6f9-ff74-242bf524db2e" executionId="621e495d-a828-4f59-885a-6f7d35837e6b" testListId="8c84fa94-04c1-424b-9868-57a2d4851a1d" />
    <TestEntry testId="d3b64b82-0b84-680f-9e31-0c326c489dc9" executionId="3cc04c3a-aa93-4d43-a2be-90f421a3420a" testListId="8c84fa94-04c1-424b-9868-57a2d4851a1d" />
    <TestEntry testId="06d70802-cbf3-0105-85fe-1032f68b0c57" executionId="cfab742b-feaf-4438-bd7f-5f5f221f6088" testListId="8c84fa94-04c1-424b-9868-57a2d4851a1d" />
    <TestEntry testId="899e468f-0f82-8f87-b2c5-dd542356cd37" executionId="58b2ec84-99cc-46cf-8969-44f9e38aa31d" testListId="8c84fa94-04c1-424b-9868-57a2d4851a1d" />
    <TestEntry testId="a4fa7f01-082a-f733-8a2d-b25ea8023d30" executionId="776112a0-a664-4f59-b3d9-8e378befcc6f" testListId="8c84fa94-04c1-424b-9868-57a2d4851a1d" />
    <TestEntry testId="38af75c1-03ea-b909-29fa-879e4a97d0ad" executionId="28dd5eb6-5437-4668-894f-27f923c49661" testListId="8c84fa94-04c1-424b-9868-57a2d4851a1d" />
    <TestEntry testId="3f53a5bc-85ec-b5b1-a732-530a68ca5fa8" executionId="71d606b6-1fe5-4706-a4bf-71df997b1bd2" testListId="8c84fa94-04c1-424b-9868-57a2d4851a1d" />
    <TestEntry testId="83c6509b-b125-a15a-14be-8af19ed1aed9" executionId="900a459b-70a8-441a-a287-5076e710e77e" testListId="8c84fa94-04c1-424b-9868-57a2d4851a1d" />
    <TestEntry testId="6f7faeec-fd19-b1af-0830-7613b5075b88" executionId="5ec3d807-bf55-444d-a90b-39f43378b4ab" testListId="8c84fa94-04c1-424b-9868-57a2d4851a1d" />
    <TestEntry testId="a2d4949d-2288-66c6-b89d-8f558bc7feba" executionId="b634bddc-bef2-4fb0-9da4-8e4e63fde9ed" testListId="8c84fa94-04c1-424b-9868-57a2d4851a1d" />
    <TestEntry testId="c962f176-0e46-6e6a-64e1-773767b2a92e" executionId="c0865278-2365-41b3-ae3a-d78e53c48853" testListId="8c84fa94-04c1-424b-9868-57a2d4851a1d" />
    <TestEntry testId="b05310d8-828c-c740-927a-df64a819e935" executionId="a2b0921f-851a-4c32-a1ff-23fec45c79ae" testListId="8c84fa94-04c1-424b-9868-57a2d4851a1d" />
    <TestEntry testId="25c221da-3cee-df3c-3d0f-8d45ce1c4bf5" executionId="aa5af02c-8b0a-413b-b640-19ed8e82f195" testListId="8c84fa94-04c1-424b-9868-57a2d4851a1d" />
    <TestEntry testId="edf0aa95-9676-85e5-bd74-2b5388c724e3" executionId="45a2a5e2-d152-4a7c-82d5-fe22178ba9b2" testListId="8c84fa94-04c1-424b-9868-57a2d4851a1d" />
    <TestEntry testId="25ed8de6-975d-2b68-5d42-088e4dc578e7" executionId="6c842e01-8940-42cc-b80e-2d5a5ed8e23b" testListId="8c84fa94-04c1-424b-9868-57a2d4851a1d" />
    <TestEntry testId="6c1d12e8-2a89-22ef-766d-cb51fcbbb230" executionId="3c33aaae-a159-4682-bd71-e90d9e16e939" testListId="8c84fa94-04c1-424b-9868-57a2d4851a1d" />
    <TestEntry testId="f627b55d-1ae3-286c-f067-07f1ac287750" executionId="55acd556-5dc3-46c4-abe2-41350e5629e1" testListId="8c84fa94-04c1-424b-9868-57a2d4851a1d" />
    <TestEntry testId="5839d3eb-2f28-66ab-5903-f0c6aa8a4c52" executionId="7f212157-0a92-4e85-bd11-1a3945e653c1" testListId="8c84fa94-04c1-424b-9868-57a2d4851a1d" />
    <TestEntry testId="a8551577-1fbc-a817-6fba-d92f73c63ed5" executionId="0e663eb4-1f52-4c3b-9fe1-9c4579009563" testListId="8c84fa94-04c1-424b-9868-57a2d4851a1d" />
    <TestEntry testId="bbfe51fd-ce1b-3e52-a251-5d90aeb6a97a" executionId="09e8a9d2-a9cd-47a2-bc26-aec2794a8c82" testListId="8c84fa94-04c1-424b-9868-57a2d4851a1d" />
    <TestEntry testId="2a1b7d1b-15e6-8cf8-0219-2630f5c48eaf" executionId="0d73409a-9425-4fe9-bed5-51d2c3708e1f" testListId="8c84fa94-04c1-424b-9868-57a2d4851a1d" />
    <TestEntry testId="201d793e-4fe6-401d-6be8-c62c538d4a65" executionId="232cc155-43ed-4f99-b6b9-efe6673ffd46" testListId="8c84fa94-04c1-424b-9868-57a2d4851a1d" />
    <TestEntry testId="88291b0b-7e70-f6db-50b3-47e82e867912" executionId="bb818773-369e-493d-ad53-b5bcffae9de2" testListId="8c84fa94-04c1-424b-9868-57a2d4851a1d" />
    <TestEntry testId="bedc9ca5-0715-f75f-5275-d225bacd5374" executionId="3ad06cab-34a2-4cc2-a978-e25a00188fd6" testListId="8c84fa94-04c1-424b-9868-57a2d4851a1d" />
    <TestEntry testId="9df3c7a9-dda3-36c5-3db7-ed52aa5c51f3" executionId="f0554921-24a9-4b26-b3b4-9a12664ea116" testListId="8c84fa94-04c1-424b-9868-57a2d4851a1d" />
    <TestEntry testId="e1b8b9b5-31fa-3158-ed49-602ecdf8fc2b" executionId="878ab583-c446-4769-b970-b3d80c6ef63c" testListId="8c84fa94-04c1-424b-9868-57a2d4851a1d" />
    <TestEntry testId="6134c6ed-e8b7-288e-ff3e-b33d83bf08d0" executionId="28effc08-8678-4c89-a77e-ed799ccfe252" testListId="8c84fa94-04c1-424b-9868-57a2d4851a1d" />
    <TestEntry testId="9add4ea9-9be1-4a10-7cc8-a108d159b81a" executionId="4cd5f142-6489-4632-a5aa-e1f18436ed4f" testListId="8c84fa94-04c1-424b-9868-57a2d4851a1d" />
    <TestEntry testId="2a218d4d-f796-c1d6-fb62-a245094f3715" executionId="5937dd9e-da1d-4267-87a2-7ecc11afa347" testListId="8c84fa94-04c1-424b-9868-57a2d4851a1d" />
    <TestEntry testId="27188a8b-a7e8-3977-ee02-1bbd41b1cb1b" executionId="0dd07d4e-fb80-4b9b-92be-d697d4c5f67b" testListId="8c84fa94-04c1-424b-9868-57a2d4851a1d" />
    <TestEntry testId="00b914bf-27cf-c5f2-2337-9da7337b8b86" executionId="971e995d-4b2a-49ad-a959-c742322d6c53" testListId="8c84fa94-04c1-424b-9868-57a2d4851a1d" />
    <TestEntry testId="b237afa0-6fb1-54bf-657e-2a66b76abb69" executionId="0966fc9b-311d-4522-a403-0fdc76a5ea6d" testListId="8c84fa94-04c1-424b-9868-57a2d4851a1d" />
    <TestEntry testId="cf5e9fac-d4eb-db14-c376-4d1f22db0558" executionId="b396b4c2-2e66-46ce-871f-4a60a956ee9a" testListId="8c84fa94-04c1-424b-9868-57a2d4851a1d" />
    <TestEntry testId="9a3d0807-6457-caa6-13cd-e3a1911026ea" executionId="741b524c-e83b-417e-9bca-8d715bf32d20" testListId="8c84fa94-04c1-424b-9868-57a2d4851a1d" />
    <TestEntry testId="0c74f04e-4ac5-b7a6-358f-741d4d504a08" executionId="118bee29-f617-45b1-912e-c01cd51fd8bc" testListId="8c84fa94-04c1-424b-9868-57a2d4851a1d" />
    <TestEntry testId="a941f649-0f02-5cf0-9bb1-5b6a83d2daaf" executionId="46cc2e32-f826-4ea0-b987-fd64e5cd8c5b" testListId="8c84fa94-04c1-424b-9868-57a2d4851a1d" />
    <TestEntry testId="3d809d94-db02-0e76-9c09-c3d9ec12d5fd" executionId="060cdaa1-08fc-445c-9d8c-30c73e2e8ffc" testListId="8c84fa94-04c1-424b-9868-57a2d4851a1d" />
    <TestEntry testId="028a17f3-f9c0-f73c-bbcc-8415c4c80d22" executionId="562053f0-627c-42b0-bd99-91b0ef16f19b" testListId="8c84fa94-04c1-424b-9868-57a2d4851a1d" />
    <TestEntry testId="d9c74070-150a-6459-f8b5-cd6b0de2b4ec" executionId="aaa958f8-e865-46f8-a7c9-8a2890fc759a" testListId="8c84fa94-04c1-424b-9868-57a2d4851a1d" />
    <TestEntry testId="da27e590-9f13-60c6-1ba7-9957aed51717" executionId="0ae79fb9-7d45-4631-a1de-f3eb9d7702f6" testListId="8c84fa94-04c1-424b-9868-57a2d4851a1d" />
    <TestEntry testId="63d7ff1e-859b-98bb-e808-c5db1ec35b29" executionId="3dc8ac58-0eb2-46a5-bf0d-3421cff4e823" testListId="8c84fa94-04c1-424b-9868-57a2d4851a1d" />
    <TestEntry testId="9b270260-260c-a978-9dd4-28ae487f85d0" executionId="53ed901b-9765-450e-a225-cdee3a028ad7" testListId="8c84fa94-04c1-424b-9868-57a2d4851a1d" />
    <TestEntry testId="4dfbf887-b7a9-b491-3023-62dba6f89178" executionId="51d31420-6a2e-47ad-a00e-d4b9809b9db7" testListId="8c84fa94-04c1-424b-9868-57a2d4851a1d" />
    <TestEntry testId="820987f9-05ca-dae0-9f05-a0d4f3b7e230" executionId="28bdd5a5-548c-4fa2-9cc8-93ca6ed3b4e7" testListId="8c84fa94-04c1-424b-9868-57a2d4851a1d" />
    <TestEntry testId="1ce94126-b660-0ac9-06d3-af2dd6c473a7" executionId="95a71951-b3ec-4918-80e2-03c0d70eb906" testListId="8c84fa94-04c1-424b-9868-57a2d4851a1d" />
    <TestEntry testId="991140ed-32ac-a771-1bbe-e26bd691905d" executionId="6215c70c-eb98-4ef1-ab4d-e14648a19e7c" testListId="8c84fa94-04c1-424b-9868-57a2d4851a1d" />
    <TestEntry testId="6c103902-84a3-cdbb-97c9-1350b2df679a" executionId="4f7521c9-1d08-472a-bb54-332310ad7c49" testListId="8c84fa94-04c1-424b-9868-57a2d4851a1d" />
    <TestEntry testId="8f6940ee-6a05-220b-9d80-efa337ee3133" executionId="9b3cd330-543c-4d54-9bb4-d01d838e2d07" testListId="8c84fa94-04c1-424b-9868-57a2d4851a1d" />
    <TestEntry testId="3ccd3f11-0213-e1b1-a3aa-1057197cac59" executionId="cfcfd8ff-7ae1-49ca-8b6c-224fd6f3716b" testListId="8c84fa94-04c1-424b-9868-57a2d4851a1d" />
    <TestEntry testId="9cf1af96-ce60-17f7-f073-8576692875a1" executionId="148c185b-e002-4618-a398-4f8363e0e3ac" testListId="8c84fa94-04c1-424b-9868-57a2d4851a1d" />
    <TestEntry testId="50fc5a28-9321-a539-d140-7388838d8a59" executionId="a0387aa5-6880-4d89-97ef-7cf637f20f58" testListId="8c84fa94-04c1-424b-9868-57a2d4851a1d" />
    <TestEntry testId="ff86bab7-fe25-e542-47fe-56bd2f464b72" executionId="fa27e51f-6694-43cb-a017-4459cb244d39" testListId="8c84fa94-04c1-424b-9868-57a2d4851a1d" />
    <TestEntry testId="be5b2eb0-51ec-1a02-7e30-ca7d5c29aa6f" executionId="612cfbfa-665e-4395-9bdb-70d495131efd" testListId="8c84fa94-04c1-424b-9868-57a2d4851a1d" />
    <TestEntry testId="93af35c8-f5d8-78c3-8cc9-706ee5491c55" executionId="61de844a-f4eb-428a-bbe4-b76d4463abe9" testListId="8c84fa94-04c1-424b-9868-57a2d4851a1d" />
    <TestEntry testId="b9d1c2ac-e386-87fb-12aa-0d8af4d9f7af" executionId="99c8d9b3-5c7e-47b0-8144-b047059a5700" testListId="8c84fa94-04c1-424b-9868-57a2d4851a1d" />
    <TestEntry testId="302f161c-1a16-7195-636f-727c6d4f7cce" executionId="72767faa-0694-4061-98f1-37af727e1560" testListId="8c84fa94-04c1-424b-9868-57a2d4851a1d" />
    <TestEntry testId="24148662-d27c-83db-d849-dc758dd8b5f9" executionId="365b24f1-0cdd-457c-9040-c5d6352e8e1a" testListId="8c84fa94-04c1-424b-9868-57a2d4851a1d" />
    <TestEntry testId="0da9cb98-0025-f1cc-5c4e-78987bd1ba0a" executionId="59796f49-6afa-47b1-b4e1-bce24629d890" testListId="8c84fa94-04c1-424b-9868-57a2d4851a1d" />
    <TestEntry testId="41d12651-6966-8543-ef57-0046b613ddb5" executionId="3ba2a230-f1bc-4400-aa1c-f233232f3d8e" testListId="8c84fa94-04c1-424b-9868-57a2d4851a1d" />
    <TestEntry testId="4bd9796f-b636-6a7f-6857-a699f7abd7a9" executionId="8b5bbd08-65be-4460-a899-cdd91fce175a" testListId="8c84fa94-04c1-424b-9868-57a2d4851a1d" />
    <TestEntry testId="28cb5578-a210-728f-1f2a-7829483fe9ce" executionId="f0a58a12-9019-43c5-906d-5323cc24fc7c" testListId="8c84fa94-04c1-424b-9868-57a2d4851a1d" />
    <TestEntry testId="009665bb-5de0-8593-a32b-50bf52a35d2c" executionId="aeafe9a8-aad8-4b6e-ad84-e6c5b80fb92f" testListId="8c84fa94-04c1-424b-9868-57a2d4851a1d" />
    <TestEntry testId="dc51c213-5f3c-c5c3-c9fa-ea22cfaaa6b1" executionId="7a7c8ccb-1bf3-4144-bde6-8839ab222de9" testListId="8c84fa94-04c1-424b-9868-57a2d4851a1d" />
    <TestEntry testId="5c8e58b7-4d3d-259d-a967-243af0246cbb" executionId="7bc485d4-2583-4acc-be1b-97d3c98f6940" testListId="8c84fa94-04c1-424b-9868-57a2d4851a1d" />
    <TestEntry testId="d34b29c4-f075-6bcd-bac5-00d2275289a2" executionId="767f37f0-7b82-4a6c-9e13-0fae6bb2916d" testListId="8c84fa94-04c1-424b-9868-57a2d4851a1d" />
    <TestEntry testId="90f48b05-4d4f-7605-cb20-2be7d7f85e69" executionId="c4c9ade4-e235-4afc-8370-5b26379fb05a" testListId="8c84fa94-04c1-424b-9868-57a2d4851a1d" />
    <TestEntry testId="bcef52eb-c0c7-5e55-deaa-3ee9071fa25e" executionId="834bdea8-fc45-4c51-9490-dc7d4be3dc98" testListId="8c84fa94-04c1-424b-9868-57a2d4851a1d" />
    <TestEntry testId="5a6ba108-477a-8826-07f4-4b3d85417087" executionId="d4e7b9e4-9490-4516-858a-85a8498678cd" testListId="8c84fa94-04c1-424b-9868-57a2d4851a1d" />
    <TestEntry testId="72470363-231e-de0f-a051-36672fd2a5cf" executionId="7182a7b9-6d88-4e2f-870d-d97276863d70" testListId="8c84fa94-04c1-424b-9868-57a2d4851a1d" />
    <TestEntry testId="3a751831-a04a-99cb-4020-7bcb1dfdc48d" executionId="007def48-bc2e-4e8f-b254-c962f4eee729" testListId="8c84fa94-04c1-424b-9868-57a2d4851a1d" />
    <TestEntry testId="96ea8a44-4a4b-1549-f98e-7f968bf38c44" executionId="5acc132e-42e0-4f7d-bf1e-747a136867e8" testListId="8c84fa94-04c1-424b-9868-57a2d4851a1d" />
    <TestEntry testId="284bf1a9-75d1-2878-109e-644bc848b2b3" executionId="1aac3807-8bb9-4b84-b277-c97f2d2b10a2" testListId="8c84fa94-04c1-424b-9868-57a2d4851a1d" />
    <TestEntry testId="79030625-73d7-51e1-159e-387a32e20fc3" executionId="a2120fcf-268a-409d-b426-9fc4064da425" testListId="8c84fa94-04c1-424b-9868-57a2d4851a1d" />
    <TestEntry testId="53ff0830-cc1d-2e63-f269-a83b303e8cd9" executionId="0b0c448a-faf6-454b-adc3-70a7dc684a53" testListId="8c84fa94-04c1-424b-9868-57a2d4851a1d" />
    <TestEntry testId="a00f7b88-dcf5-ad47-7698-8713ba1a81ab" executionId="a9ce2b77-6cf5-4aaa-af99-3e08b85970a1" testListId="8c84fa94-04c1-424b-9868-57a2d4851a1d" />
    <TestEntry testId="80c414af-5874-d05b-df07-60a9f219452e" executionId="b2d15454-7776-40f0-82f7-9fd01c149bb7" testListId="8c84fa94-04c1-424b-9868-57a2d4851a1d" />
    <TestEntry testId="fa4fde81-0c7b-6c9e-f074-31329de4ad82" executionId="62385e58-f7fa-4c84-99dd-0efdfe6f6598" testListId="8c84fa94-04c1-424b-9868-57a2d4851a1d" />
    <TestEntry testId="3313d2d0-5480-16e1-f3ac-9d93382371ba" executionId="bf4811af-a3a4-43ca-b87f-705d79f583b2" testListId="8c84fa94-04c1-424b-9868-57a2d4851a1d" />
    <TestEntry testId="88a752e7-5c9d-d926-4dfc-8a1be934c0f9" executionId="397babd5-1b37-4465-b78d-d8463e62d789" testListId="8c84fa94-04c1-424b-9868-57a2d4851a1d" />
    <TestEntry testId="538dbcae-3613-3ec0-5462-011bbcef1f66" executionId="f4577374-1675-4f64-bb27-bad7d2e7aa6a" testListId="8c84fa94-04c1-424b-9868-57a2d4851a1d" />
  </TestEntries>
  <Results>
    <UnitTestResult executionId="be3f1813-71b6-45f1-ba4c-126711966da3" testId="2da17ebb-99f1-543b-1336-ba260aa88fba" testName="getSettingsTest" computerName="TOLKIEN" duration="00:00:00" startTime="0001-01-01T00:00:00.0000000-05:00" endTime="0001-01-01T00:00:00.0000000-05:00" testType="13cdc9d9-ddb5-4fa4-a97d-d965ccfc6d4b" outcome="NotExecuted" testListId="8c84fa94-04c1-424b-9868-57a2d4851a1d">
    </UnitTestResult>
    <UnitTestResult executionId="bc1a689b-5f95-4fb4-bad3-295a74c1e1ff" testId="8cd615c6-e162-c613-892a-65fc09419773" testName="getSettingsUserIDBlank" computerName="TOLKIEN" duration="00:00:00" startTime="0001-01-01T00:00:00.0000000-05:00" endTime="0001-01-01T00:00:00.0000000-05:00" testType="13cdc9d9-ddb5-4fa4-a97d-d965ccfc6d4b" outcome="NotExecuted" testListId="8c84fa94-04c1-424b-9868-57a2d4851a1d">
    </UnitTestResult>
    <UnitTestResult executionId="e6e35e0a-1a42-4499-b1fa-ed0ca376c1be" testId="60cc931f-8e63-39f9-719e-c12ab9d1a9c9" testName="getSettingTest" computerName="TOLKIEN" duration="00:00:00" startTime="0001-01-01T00:00:00.0000000-05:00" endTime="0001-01-01T00:00:00.0000000-05:00" testType="13cdc9d9-ddb5-4fa4-a97d-d965ccfc6d4b" outcome="NotExecuted" testListId="8c84fa94-04c1-424b-9868-57a2d4851a1d">
    </UnitTestResult>
    <UnitTestResult executionId="013ba220-020c-4c52-bab2-97d2a7cfc1ee" testId="f229dc9d-2951-41bb-da77-6b10cc77c319" testName="getSettingUserIDBlank" computerName="TOLKIEN" duration="00:00:00" startTime="0001-01-01T00:00:00.0000000-05:00" endTime="0001-01-01T00:00:00.0000000-05:00" testType="13cdc9d9-ddb5-4fa4-a97d-d965ccfc6d4b" outcome="NotExecuted" testListId="8c84fa94-04c1-424b-9868-57a2d4851a1d">
    </UnitTestResult>
    <UnitTestResult executionId="b024daaf-6b89-4aa1-8560-2fc9d4dd0ebb" testId="c1eb1ab3-71b1-7f0c-d402-7db8c88875e0" testName="getSettingSettingBlank" computerName="TOLKIEN" duration="00:00:00" startTime="0001-01-01T00:00:00.0000000-05:00" endTime="0001-01-01T00:00:00.0000000-05:00" testType="13cdc9d9-ddb5-4fa4-a97d-d965ccfc6d4b" outcome="NotExecuted" testListId="8c84fa94-04c1-424b-9868-57a2d4851a1d">
    </UnitTestResult>
    <UnitTestResult executionId="1f97877f-963f-4da4-ba39-ac2e1c657c10" testId="292697ef-a481-6a95-4841-a0b23aab7616" testName="setSettingTest" computerName="TOLKIEN" duration="00:00:00" startTime="0001-01-01T00:00:00.0000000-05:00" endTime="0001-01-01T00:00:00.0000000-05:00" testType="13cdc9d9-ddb5-4fa4-a97d-d965ccfc6d4b" outcome="NotExecuted" testListId="8c84fa94-04c1-424b-9868-57a2d4851a1d">
    </UnitTestResult>
    <UnitTestResult executionId="c9dbc0ff-9064-4022-9863-6ca11348d104" testId="68eb3959-6f6d-2194-65cd-b1eaa7337292" testName="setSettingUserIDBlank" computerName="TOLKIEN" duration="00:00:00" startTime="0001-01-01T00:00:00.0000000-05:00" endTime="0001-01-01T00:00:00.0000000-05:00" testType="13cdc9d9-ddb5-4fa4-a97d-d965ccfc6d4b" outcome="NotExecuted" testListId="8c84fa94-04c1-424b-9868-57a2d4851a1d">
    </UnitTestResult>
    <UnitTestResult executionId="64ebecc0-c205-4270-a311-341769e72169" testId="83dddd9a-5fdf-d50e-591b-83ffd2e26894" testName="setSettingSettingBlank" computerName="TOLKIEN" duration="00:00:00" startTime="0001-01-01T00:00:00.0000000-05:00" endTime="0001-01-01T00:00:00.0000000-05:00" testType="13cdc9d9-ddb5-4fa4-a97d-d965ccfc6d4b" outcome="NotExecuted" testListId="8c84fa94-04c1-424b-9868-57a2d4851a1d">
    </UnitTestResult>
    <UnitTestResult executionId="3e089cd7-d22e-438f-b77d-948390739c67" testId="5a6fb017-10b5-f179-df9d-ec95cc76a963" testName="setSettingSettingMaxLen" computerName="TOLKIEN" duration="00:00:00" startTime="0001-01-01T00:00:00.0000000-05:00" endTime="0001-01-01T00:00:00.0000000-05:00" testType="13cdc9d9-ddb5-4fa4-a97d-d965ccfc6d4b" outcome="NotExecuted" testListId="8c84fa94-04c1-424b-9868-57a2d4851a1d">
    </UnitTestResult>
    <UnitTestResult executionId="ceee4894-2679-47fb-ad3a-620bba309849" testId="369638f7-538b-b560-7383-2a599f9e5891" testName="setSettingValueMaxLen" computerName="TOLKIEN" duration="00:00:00" startTime="0001-01-01T00:00:00.0000000-05:00" endTime="0001-01-01T00:00:00.0000000-05:00" testType="13cdc9d9-ddb5-4fa4-a97d-d965ccfc6d4b" outcome="NotExecuted" testListId="8c84fa94-04c1-424b-9868-57a2d4851a1d">
    </UnitTestResult>
    <UnitTestResult executionId="710d53af-19de-490e-8a10-1a177f8a78e1" testId="fcca391a-3bf2-a7bd-8a43-2d87c89ccc3b" testName="setSettingValueBlank" computerName="TOLKIEN" duration="00:00:00" startTime="0001-01-01T00:00:00.0000000-05:00" endTime="0001-01-01T00:00:00.0000000-05:00" testType="13cdc9d9-ddb5-4fa4-a97d-d965ccfc6d4b" outcome="NotExecuted" testListId="8c84fa94-04c1-424b-9868-57a2d4851a1d">
    </UnitTestResult>
    <UnitTestResult executionId="feffedb5-fafe-40c8-afe1-e1e62b023107" testId="61615b4f-b3ca-d68a-3eb6-d94deb0da781" testName="GetAccountsTest" computerName="TOLKIEN" duration="00:00:00" startTime="0001-01-01T00:00:00.0000000-05:00" endTime="0001-01-01T00:00:00.0000000-05:00" testType="13cdc9d9-ddb5-4fa4-a97d-d965ccfc6d4b" outcome="NotExecuted" testListId="8c84fa94-04c1-424b-9868-57a2d4851a1d">
    </UnitTestResult>
    <UnitTestResult executionId="c80a1aa1-9354-4095-821a-831e381dbfa3" testId="95c0682e-1297-4ce1-4725-5f3b047e8687" testName="GetAccountsUserIDNothing" computerName="TOLKIEN" duration="00:00:00" startTime="0001-01-01T00:00:00.0000000-05:00" endTime="0001-01-01T00:00:00.0000000-05:00" testType="13cdc9d9-ddb5-4fa4-a97d-d965ccfc6d4b" outcome="NotExecuted" testListId="8c84fa94-04c1-424b-9868-57a2d4851a1d">
    </UnitTestResult>
    <UnitTestResult executionId="981f455c-7d44-4815-aa70-7a18316e7f7e" testId="6d337c35-98f0-54b3-f22d-26fc0f00e50a" testName="GetAccountTest" computerName="TOLKIEN" duration="00:00:00" startTime="0001-01-01T00:00:00.0000000-05:00" endTime="0001-01-01T00:00:00.0000000-05:00" testType="13cdc9d9-ddb5-4fa4-a97d-d965ccfc6d4b" outcome="NotExecuted" testListId="8c84fa94-04c1-424b-9868-57a2d4851a1d">
    </UnitTestResult>
    <UnitTestResult executionId="8482ed40-dd7f-4f71-9716-aadec7267434" testId="495b801d-fa26-fed0-0f3c-89b4c2b40633" testName="GetAccountAccountIDNothing" computerName="TOLKIEN" duration="00:00:00" startTime="0001-01-01T00:00:00.0000000-05:00" endTime="0001-01-01T00:00:00.0000000-05:00" testType="13cdc9d9-ddb5-4fa4-a97d-d965ccfc6d4b" outcome="NotExecuted" testListId="8c84fa94-04c1-424b-9868-57a2d4851a1d">
    </UnitTestResult>
    <UnitTestResult executionId="a3bfd023-74e5-4a2d-83d5-cd9f4a3fa9c5" testId="8dcb2405-5c91-c749-7201-777f5347a181" testName="AddAccountTest" computerName="TOLKIEN" duration="00:00:00" startTime="0001-01-01T00:00:00.0000000-05:00" endTime="0001-01-01T00:00:00.0000000-05:00" testType="13cdc9d9-ddb5-4fa4-a97d-d965ccfc6d4b" outcome="NotExecuted" testListId="8c84fa94-04c1-424b-9868-57a2d4851a1d">
    </UnitTestResult>
    <UnitTestResult executionId="b3c1cb38-185c-4b90-8a7b-e138a1565948" testId="587660b0-3b90-02e1-7b54-03c664507fce" testName="AddAccountAccountNothing" computerName="TOLKIEN" duration="00:00:00" startTime="0001-01-01T00:00:00.0000000-05:00" endTime="0001-01-01T00:00:00.0000000-05:00" testType="13cdc9d9-ddb5-4fa4-a97d-d965ccfc6d4b" outcome="NotExecuted" testListId="8c84fa94-04c1-424b-9868-57a2d4851a1d">
    </UnitTestResult>
    <UnitTestResult executionId="63309dcc-8c1e-4e8d-8ecb-2718aab176e0" testId="b1348d03-fa8d-98c0-743c-70a5fbb29395" testName="AddAccountAccountNumberMaxLen" computerName="TOLKIEN" duration="00:00:00" startTime="0001-01-01T00:00:00.0000000-05:00" endTime="0001-01-01T00:00:00.0000000-05:00" testType="13cdc9d9-ddb5-4fa4-a97d-d965ccfc6d4b" outcome="NotExecuted" testListId="8c84fa94-04c1-424b-9868-57a2d4851a1d">
    </UnitTestResult>
    <UnitTestResult executionId="f2a07184-cbd7-468b-8aca-5d9fed7759e7" testId="76e91602-d7b1-974d-3752-f1032f6e14fd" testName="AddAccountAccountNameNothing" computerName="TOLKIEN" duration="00:00:00" startTime="0001-01-01T00:00:00.0000000-05:00" endTime="0001-01-01T00:00:00.0000000-05:00" testType="13cdc9d9-ddb5-4fa4-a97d-d965ccfc6d4b" outcome="NotExecuted" testListId="8c84fa94-04c1-424b-9868-57a2d4851a1d">
    </UnitTestResult>
    <UnitTestResult executionId="1ea01d24-70f8-45b0-ad0b-fbe32e7735bf" testId="6f61982a-b51b-27fe-1f93-482011c4b473" testName="AddAccountAccountNameMaxLen" computerName="TOLKIEN" duration="00:00:00" startTime="0001-01-01T00:00:00.0000000-05:00" endTime="0001-01-01T00:00:00.0000000-05:00" testType="13cdc9d9-ddb5-4fa4-a97d-d965ccfc6d4b" outcome="NotExecuted" testListId="8c84fa94-04c1-424b-9868-57a2d4851a1d">
    </UnitTestResult>
    <UnitTestResult executionId="24a12184-454b-4f70-84ca-12cb72dea999" testId="087effc2-bf96-1942-c83f-68f5aa5d2005" testName="AddAccountAccountTypeMaxLen" computerName="TOLKIEN" duration="00:00:00" startTime="0001-01-01T00:00:00.0000000-05:00" endTime="0001-01-01T00:00:00.0000000-05:00" testType="13cdc9d9-ddb5-4fa4-a97d-d965ccfc6d4b" outcome="NotExecuted" testListId="8c84fa94-04c1-424b-9868-57a2d4851a1d">
    </UnitTestResult>
    <UnitTestResult executionId="eb091316-3a93-4d8f-a2d6-cc8f1653b752" testId="d1360a53-95ee-b75a-cf14-ff4641961f1d" testName="AddAccountActiveStatusNotYN" computerName="TOLKIEN" duration="00:00:00" startTime="0001-01-01T00:00:00.0000000-05:00" endTime="0001-01-01T00:00:00.0000000-05:00" testType="13cdc9d9-ddb5-4fa4-a97d-d965ccfc6d4b" outcome="NotExecuted" testListId="8c84fa94-04c1-424b-9868-57a2d4851a1d">
    </UnitTestResult>
    <UnitTestResult executionId="bf74db57-9739-41fa-a94f-3659416c42a8" testId="b34318a0-b694-1c59-0274-13c5f648813a" testName="AddAccountUserIDNothing" computerName="TOLKIEN" duration="00:00:00" startTime="0001-01-01T00:00:00.0000000-05:00" endTime="0001-01-01T00:00:00.0000000-05:00" testType="13cdc9d9-ddb5-4fa4-a97d-d965ccfc6d4b" outcome="NotExecuted" testListId="8c84fa94-04c1-424b-9868-57a2d4851a1d">
    </UnitTestResult>
    <UnitTestResult executionId="3fceb6ec-509b-4af5-9320-e767dfee9bea" testId="acd7067b-97cd-802a-af1a-b1adb9e60800" testName="AccountUpdateTest" computerName="TOLKIEN" duration="00:00:00" startTime="0001-01-01T00:00:00.0000000-05:00" endTime="0001-01-01T00:00:00.0000000-05:00" testType="13cdc9d9-ddb5-4fa4-a97d-d965ccfc6d4b" outcome="NotExecuted" testListId="8c84fa94-04c1-424b-9868-57a2d4851a1d">
    </UnitTestResult>
    <UnitTestResult executionId="11725277-d6e1-48bc-93cb-e8d4de6f2631" testId="15012bb2-b8a7-b9c7-7871-b29804a6aa37" testName="AccountUpdateAccountNothing" computerName="TOLKIEN" duration="00:00:00" startTime="0001-01-01T00:00:00.0000000-05:00" endTime="0001-01-01T00:00:00.0000000-05:00" testType="13cdc9d9-ddb5-4fa4-a97d-d965ccfc6d4b" outcome="NotExecuted" testListId="8c84fa94-04c1-424b-9868-57a2d4851a1d">
    </UnitTestResult>
    <UnitTestResult executionId="200bc484-4641-4d23-b9d5-45d0a7885ccb" testId="d45c411c-5ad0-5299-8bb1-88f95d2c7618" testName="AccountUpdateAccountIDNothing" computerName="TOLKIEN" duration="00:00:00" startTime="0001-01-01T00:00:00.0000000-05:00" endTime="0001-01-01T00:00:00.0000000-05:00" testType="13cdc9d9-ddb5-4fa4-a97d-d965ccfc6d4b" outcome="NotExecuted" testListId="8c84fa94-04c1-424b-9868-57a2d4851a1d">
    </UnitTestResult>
    <UnitTestResult executionId="ffbcf876-89a6-41b9-9e4f-33f79d0b8315" testId="fd0567ca-ebac-cdf4-0d35-eaae1abf4f60" testName="AccountUpdateAccountNumberMaxLen" computerName="TOLKIEN" duration="00:00:00" startTime="0001-01-01T00:00:00.0000000-05:00" endTime="0001-01-01T00:00:00.0000000-05:00" testType="13cdc9d9-ddb5-4fa4-a97d-d965ccfc6d4b" outcome="NotExecuted" testListId="8c84fa94-04c1-424b-9868-57a2d4851a1d">
    </UnitTestResult>
    <UnitTestResult executionId="5d41cc12-18bf-4a24-a577-631b20e7c48d" testId="8c6905af-52bc-76a0-b628-ad32132409ba" testName="AccountUpdateAccountNameNothing" computerName="TOLKIEN" duration="00:00:00" startTime="0001-01-01T00:00:00.0000000-05:00" endTime="0001-01-01T00:00:00.0000000-05:00" testType="13cdc9d9-ddb5-4fa4-a97d-d965ccfc6d4b" outcome="NotExecuted" testListId="8c84fa94-04c1-424b-9868-57a2d4851a1d">
    </UnitTestResult>
    <UnitTestResult executionId="f07de8f9-6385-4c55-b26a-44ca94cdb602" testId="ab937ec4-62dc-9a36-31d9-81e0a9987ee7" testName="AccountUpdateAccountNameMaxLen" computerName="TOLKIEN" duration="00:00:00" startTime="0001-01-01T00:00:00.0000000-05:00" endTime="0001-01-01T00:00:00.0000000-05:00" testType="13cdc9d9-ddb5-4fa4-a97d-d965ccfc6d4b" outcome="NotExecuted" testListId="8c84fa94-04c1-424b-9868-57a2d4851a1d">
    </UnitTestResult>
    <UnitTestResult executionId="d77d64c7-95aa-4a9d-8044-f39cf9418be5" testId="dc103d46-66d3-5339-3760-9e1aa3967d68" testName="AccountUpdateAccountTypeMaxLen" computerName="TOLKIEN" duration="00:00:00" startTime="0001-01-01T00:00:00.0000000-05:00" endTime="0001-01-01T00:00:00.0000000-05:00" testType="13cdc9d9-ddb5-4fa4-a97d-d965ccfc6d4b" outcome="NotExecuted" testListId="8c84fa94-04c1-424b-9868-57a2d4851a1d">
    </UnitTestResult>
    <UnitTestResult executionId="02e8b154-b89f-40c7-b0c5-20ab9c3a2105" testId="78580d61-10eb-61e0-ce2a-90979662c9fc" testName="AccountUpdateActiveStatusNotYN" computerName="TOLKIEN" duration="00:00:00" startTime="0001-01-01T00:00:00.0000000-05:00" endTime="0001-01-01T00:00:00.0000000-05:00" testType="13cdc9d9-ddb5-4fa4-a97d-d965ccfc6d4b" outcome="NotExecuted" testListId="8c84fa94-04c1-424b-9868-57a2d4851a1d">
    </UnitTestResult>
    <UnitTestResult executionId="8bbcf54b-7030-42c0-9940-b8fa0bb6afd2" testId="b47ab333-b0fd-87a2-450b-d6079dce8ac2" testName="DeleteAccountTest" computerName="TOLKIEN" duration="00:00:00" startTime="0001-01-01T00:00:00.0000000-05:00" endTime="0001-01-01T00:00:00.0000000-05:00" testType="13cdc9d9-ddb5-4fa4-a97d-d965ccfc6d4b" outcome="NotExecuted" testListId="8c84fa94-04c1-424b-9868-57a2d4851a1d">
    </UnitTestResult>
    <UnitTestResult executionId="4c1ed74f-022e-4cb5-80c6-4b88afab4f88" testId="8ba97d74-e039-ca12-665d-09ebe63ca7ce" testName="DeleteAccountAccountIDNothing" computerName="TOLKIEN" duration="00:00:00" startTime="0001-01-01T00:00:00.0000000-05:00" endTime="0001-01-01T00:00:00.0000000-05:00" testType="13cdc9d9-ddb5-4fa4-a97d-d965ccfc6d4b" outcome="NotExecuted" testListId="8c84fa94-04c1-424b-9868-57a2d4851a1d">
    </UnitTestResult>
    <UnitTestResult executionId="a53af4fa-1a8c-47c4-bc73-3524a621383e" testId="cb8df43f-6492-dd91-9c3b-f64ea6d0afbc" testName="GetBudgetsTest" computerName="TOLKIEN" duration="00:00:00" startTime="0001-01-01T00:00:00.0000000-05:00" endTime="0001-01-01T00:00:00.0000000-05:00" testType="13cdc9d9-ddb5-4fa4-a97d-d965ccfc6d4b" outcome="NotExecuted" testListId="8c84fa94-04c1-424b-9868-57a2d4851a1d">
    </UnitTestResult>
    <UnitTestResult executionId="93a647ff-14c4-4e8e-aa51-d7849a3b45c9" testId="ebd39db0-e74b-3bd5-c867-9e8d1f912965" testName="GetBudgetsUserIDBlank" computerName="TOLKIEN" duration="00:00:00" startTime="0001-01-01T00:00:00.0000000-05:00" endTime="0001-01-01T00:00:00.0000000-05:00" testType="13cdc9d9-ddb5-4fa4-a97d-d965ccfc6d4b" outcome="NotExecuted" testListId="8c84fa94-04c1-424b-9868-57a2d4851a1d">
    </UnitTestResult>
    <UnitTestResult executionId="584cf44d-9334-488c-9e23-6d18c852715f" testId="7a67e1af-a886-d057-74bb-d7a715ebb35b" testName="GetBudgetsByCriteriaTest" computerName="TOLKIEN" duration="00:00:00" startTime="0001-01-01T00:00:00.0000000-05:00" endTime="0001-01-01T00:00:00.0000000-05:00" testType="13cdc9d9-ddb5-4fa4-a97d-d965ccfc6d4b" outcome="NotExecuted" testListId="8c84fa94-04c1-424b-9868-57a2d4851a1d">
    </UnitTestResult>
    <UnitTestResult executionId="1d01e328-5089-4404-b5ec-9652758c3ee5" testId="ec84c0d8-8089-6d3c-3b32-6d388f8132a6" testName="AddBudgetTest" computerName="TOLKIEN" duration="00:00:00" startTime="0001-01-01T00:00:00.0000000-05:00" endTime="0001-01-01T00:00:00.0000000-05:00" testType="13cdc9d9-ddb5-4fa4-a97d-d965ccfc6d4b" outcome="NotExecuted" testListId="8c84fa94-04c1-424b-9868-57a2d4851a1d">
    </UnitTestResult>
    <UnitTestResult executionId="b8ad2d7d-263a-411d-bf14-5496e6b87ca1" testId="051888c9-8a45-0bb7-a0d4-714b442283af" testName="AddBudgetBudgetNothing" computerName="TOLKIEN" duration="00:00:00" startTime="0001-01-01T00:00:00.0000000-05:00" endTime="0001-01-01T00:00:00.0000000-05:00" testType="13cdc9d9-ddb5-4fa4-a97d-d965ccfc6d4b" outcome="NotExecuted" testListId="8c84fa94-04c1-424b-9868-57a2d4851a1d">
    </UnitTestResult>
    <UnitTestResult executionId="bb5295b5-2c3a-40f0-8f01-443daf512055" testId="4486fb42-6e67-f081-7552-b679d25d695f" testName="AddBudgetStartDateBlank" computerName="TOLKIEN" duration="00:00:00" startTime="0001-01-01T00:00:00.0000000-05:00" endTime="0001-01-01T00:00:00.0000000-05:00" testType="13cdc9d9-ddb5-4fa4-a97d-d965ccfc6d4b" outcome="NotExecuted" testListId="8c84fa94-04c1-424b-9868-57a2d4851a1d">
    </UnitTestResult>
    <UnitTestResult executionId="b10ba699-86df-45bc-8c07-4236fafaf314" testId="76dd44d9-ff6d-af09-8821-f2463b66ed80" testName="AddBudgetSubcategoryBlank" computerName="TOLKIEN" duration="00:00:00" startTime="0001-01-01T00:00:00.0000000-05:00" endTime="0001-01-01T00:00:00.0000000-05:00" testType="13cdc9d9-ddb5-4fa4-a97d-d965ccfc6d4b" outcome="NotExecuted" testListId="8c84fa94-04c1-424b-9868-57a2d4851a1d">
    </UnitTestResult>
    <UnitTestResult executionId="849c2d34-52be-4078-8463-b4cb63f8edc5" testId="61fdb9d7-48c5-641a-6f66-dfa77bb5a005" testName="AddBudgetFrequencyBlank" computerName="TOLKIEN" duration="00:00:00" startTime="0001-01-01T00:00:00.0000000-05:00" endTime="0001-01-01T00:00:00.0000000-05:00" testType="13cdc9d9-ddb5-4fa4-a97d-d965ccfc6d4b" outcome="NotExecuted" testListId="8c84fa94-04c1-424b-9868-57a2d4851a1d">
    </UnitTestResult>
    <UnitTestResult executionId="5e448762-4ab2-499e-9c9a-04e0156e3161" testId="976ae5f8-6c26-174f-136c-aff26d2da02f" testName="AddBudgetUserIDBlank" computerName="TOLKIEN" duration="00:00:00" startTime="0001-01-01T00:00:00.0000000-05:00" endTime="0001-01-01T00:00:00.0000000-05:00" testType="13cdc9d9-ddb5-4fa4-a97d-d965ccfc6d4b" outcome="NotExecuted" testListId="8c84fa94-04c1-424b-9868-57a2d4851a1d">
    </UnitTestResult>
    <UnitTestResult executionId="ad00071a-ef30-4144-aa03-3eb48ff2ea11" testId="4a8176c5-a77c-0df9-87fa-be9df67b74cb" testName="UpdateBudgetTest" computerName="TOLKIEN" duration="00:00:00" startTime="0001-01-01T00:00:00.0000000-05:00" endTime="0001-01-01T00:00:00.0000000-05:00" testType="13cdc9d9-ddb5-4fa4-a97d-d965ccfc6d4b" outcome="NotExecuted" testListId="8c84fa94-04c1-424b-9868-57a2d4851a1d">
    </UnitTestResult>
    <UnitTestResult executionId="8eddfe73-abd5-4700-8e41-3596a193b8c8" testId="f4e61a2b-e0fc-ae40-938e-060246d5db66" testName="UpdateBudgetBudgetNothing" computerName="TOLKIEN" duration="00:00:00" startTime="0001-01-01T00:00:00.0000000-05:00" endTime="0001-01-01T00:00:00.0000000-05:00" testType="13cdc9d9-ddb5-4fa4-a97d-d965ccfc6d4b" outcome="NotExecuted" testListId="8c84fa94-04c1-424b-9868-57a2d4851a1d">
    </UnitTestResult>
    <UnitTestResult executionId="abeda30d-cfc5-4aef-8129-a067b7534d2b" testId="f072707e-36bf-6cb2-fd1d-066aa43590df" testName="UpdateBudgetBudgetIDBlank" computerName="TOLKIEN" duration="00:00:00" startTime="0001-01-01T00:00:00.0000000-05:00" endTime="0001-01-01T00:00:00.0000000-05:00" testType="13cdc9d9-ddb5-4fa4-a97d-d965ccfc6d4b" outcome="NotExecuted" testListId="8c84fa94-04c1-424b-9868-57a2d4851a1d">
    </UnitTestResult>
    <UnitTestResult executionId="6c0fdd88-bc60-462b-9985-9ab7672ac941" testId="2961bbf1-146b-0935-82b2-1ae35615a987" testName="UpdateBudgetSubcategoryIDBlank" computerName="TOLKIEN" duration="00:00:00" startTime="0001-01-01T00:00:00.0000000-05:00" endTime="0001-01-01T00:00:00.0000000-05:00" testType="13cdc9d9-ddb5-4fa4-a97d-d965ccfc6d4b" outcome="NotExecuted" testListId="8c84fa94-04c1-424b-9868-57a2d4851a1d">
    </UnitTestResult>
    <UnitTestResult executionId="6c913fe4-44a8-4b52-b88a-428df67e9def" testId="aa01915b-fe45-c694-5349-093d2378bbbf" testName="UpdateBudgetFrequencyIDBlank" computerName="TOLKIEN" duration="00:00:00" startTime="0001-01-01T00:00:00.0000000-05:00" endTime="0001-01-01T00:00:00.0000000-05:00" testType="13cdc9d9-ddb5-4fa4-a97d-d965ccfc6d4b" outcome="NotExecuted" testListId="8c84fa94-04c1-424b-9868-57a2d4851a1d">
    </UnitTestResult>
    <UnitTestResult executionId="c0821efd-5767-4976-9109-662ad4476c26" testId="b7f0e8a2-8926-f837-3cda-c1c849c6826c" testName="UpdateBudgetStartDateBlank" computerName="TOLKIEN" duration="00:00:00" startTime="0001-01-01T00:00:00.0000000-05:00" endTime="0001-01-01T00:00:00.0000000-05:00" testType="13cdc9d9-ddb5-4fa4-a97d-d965ccfc6d4b" outcome="NotExecuted" testListId="8c84fa94-04c1-424b-9868-57a2d4851a1d">
    </UnitTestResult>
    <UnitTestResult executionId="fff034ed-eaf3-4b33-8536-2e7226aa6c58" testId="c0411296-3ae8-697f-2af6-c4ea40140d13" testName="deleteBudgetTest" computerName="TOLKIEN" duration="00:00:00" startTime="0001-01-01T00:00:00.0000000-05:00" endTime="0001-01-01T00:00:00.0000000-05:00" testType="13cdc9d9-ddb5-4fa4-a97d-d965ccfc6d4b" outcome="NotExecuted" testListId="8c84fa94-04c1-424b-9868-57a2d4851a1d">
    </UnitTestResult>
    <UnitTestResult executionId="6bb42b56-efd4-44fc-b185-93bacab3f51e" testId="799311e6-1da3-8fae-d135-4dafc9b3c1eb" testName="deleteBudgetBudgetIDBlank" computerName="TOLKIEN" duration="00:00:00" startTime="0001-01-01T00:00:00.0000000-05:00" endTime="0001-01-01T00:00:00.0000000-05:00" testType="13cdc9d9-ddb5-4fa4-a97d-d965ccfc6d4b" outcome="NotExecuted" testListId="8c84fa94-04c1-424b-9868-57a2d4851a1d">
    </UnitTestResult>
    <UnitTestResult executionId="6a2b9a58-2a0a-4d40-b8c8-c8c30aea7f34" testId="fa94ca7c-1aae-2e32-1d1b-d0e45ca41440" testName="getCategoriesTest" computerName="TOLKIEN" duration="00:00:00" startTime="0001-01-01T00:00:00.0000000-05:00" endTime="0001-01-01T00:00:00.0000000-05:00" testType="13cdc9d9-ddb5-4fa4-a97d-d965ccfc6d4b" outcome="NotExecuted" testListId="8c84fa94-04c1-424b-9868-57a2d4851a1d">
    </UnitTestResult>
    <UnitTestResult executionId="255bc390-57ed-4de5-85ff-b138f871b5d2" testId="63c8983e-264f-303a-d3eb-9b4d25fe86d5" testName="getCategoriesUserIDNothing" computerName="TOLKIEN" duration="00:00:00" startTime="0001-01-01T00:00:00.0000000-05:00" endTime="0001-01-01T00:00:00.0000000-05:00" testType="13cdc9d9-ddb5-4fa4-a97d-d965ccfc6d4b" outcome="NotExecuted" testListId="8c84fa94-04c1-424b-9868-57a2d4851a1d">
    </UnitTestResult>
    <UnitTestResult executionId="e2127e19-2dee-46f0-821f-c2cde0f87876" testId="28a40b92-ebf0-3021-bfd0-8669c95f701b" testName="addCategoryTest" computerName="TOLKIEN" duration="00:00:00" startTime="0001-01-01T00:00:00.0000000-05:00" endTime="0001-01-01T00:00:00.0000000-05:00" testType="13cdc9d9-ddb5-4fa4-a97d-d965ccfc6d4b" outcome="NotExecuted" testListId="8c84fa94-04c1-424b-9868-57a2d4851a1d">
    </UnitTestResult>
    <UnitTestResult executionId="c6f00f0f-a3a4-43e0-b63e-39fdea4047d4" testId="0fca1d8a-cdd0-27c2-fb9e-0f26a9f562df" testName="addCategoryNothing" computerName="TOLKIEN" duration="00:00:00" startTime="0001-01-01T00:00:00.0000000-05:00" endTime="0001-01-01T00:00:00.0000000-05:00" testType="13cdc9d9-ddb5-4fa4-a97d-d965ccfc6d4b" outcome="NotExecuted" testListId="8c84fa94-04c1-424b-9868-57a2d4851a1d">
    </UnitTestResult>
    <UnitTestResult executionId="a338d8e3-14ce-4000-97a5-236a7bffd7e2" testId="ff7fb138-6236-24d9-747a-2dd6d9883235" testName="addCategoryDescriptionNothing" computerName="TOLKIEN" duration="00:00:00" startTime="0001-01-01T00:00:00.0000000-05:00" endTime="0001-01-01T00:00:00.0000000-05:00" testType="13cdc9d9-ddb5-4fa4-a97d-d965ccfc6d4b" outcome="NotExecuted" testListId="8c84fa94-04c1-424b-9868-57a2d4851a1d">
    </UnitTestResult>
    <UnitTestResult executionId="3c951c6f-c9b9-4512-9d90-b9b6d023c3b6" testId="58a09de1-5830-1f36-c16c-3939c3e6e900" testName="addCategoryDescriptionMaxLen" computerName="TOLKIEN" duration="00:00:00" startTime="0001-01-01T00:00:00.0000000-05:00" endTime="0001-01-01T00:00:00.0000000-05:00" testType="13cdc9d9-ddb5-4fa4-a97d-d965ccfc6d4b" outcome="NotExecuted" testListId="8c84fa94-04c1-424b-9868-57a2d4851a1d">
    </UnitTestResult>
    <UnitTestResult executionId="7a9e0b2d-6d91-4981-ab62-58655761cc2e" testId="532e8336-e148-b747-29ed-96f8fa85edc7" testName="addCategoryUserIDNothing" computerName="TOLKIEN" duration="00:00:00" startTime="0001-01-01T00:00:00.0000000-05:00" endTime="0001-01-01T00:00:00.0000000-05:00" testType="13cdc9d9-ddb5-4fa4-a97d-d965ccfc6d4b" outcome="NotExecuted" testListId="8c84fa94-04c1-424b-9868-57a2d4851a1d">
    </UnitTestResult>
    <UnitTestResult executionId="03312a78-a48d-4f5c-ab1d-2ef7a5693fdf" testId="8fc9d453-58a3-7668-636c-73ada71a9a28" testName="updateCategoryTest" computerName="TOLKIEN" duration="00:00:00" startTime="0001-01-01T00:00:00.0000000-05:00" endTime="0001-01-01T00:00:00.0000000-05:00" testType="13cdc9d9-ddb5-4fa4-a97d-d965ccfc6d4b" outcome="NotExecuted" testListId="8c84fa94-04c1-424b-9868-57a2d4851a1d">
    </UnitTestResult>
    <UnitTestResult executionId="6f8501e0-c981-4130-bbca-519e1beecf93" testId="a59c967c-b286-ecbe-5787-275fa8e4e9c9" testName="updateCategoryNothing" computerName="TOLKIEN" duration="00:00:00" startTime="0001-01-01T00:00:00.0000000-05:00" endTime="0001-01-01T00:00:00.0000000-05:00" testType="13cdc9d9-ddb5-4fa4-a97d-d965ccfc6d4b" outcome="NotExecuted" testListId="8c84fa94-04c1-424b-9868-57a2d4851a1d">
    </UnitTestResult>
    <UnitTestResult executionId="3c548d48-22e3-4da2-b740-9b3bbb322651" testId="a8ff8f1a-6307-d134-859e-78279102c9ce" testName="updateCategoryCategoryIDNothing" computerName="TOLKIEN" duration="00:00:00" startTime="0001-01-01T00:00:00.0000000-05:00" endTime="0001-01-01T00:00:00.0000000-05:00" testType="13cdc9d9-ddb5-4fa4-a97d-d965ccfc6d4b" outcome="NotExecuted" testListId="8c84fa94-04c1-424b-9868-57a2d4851a1d">
    </UnitTestResult>
    <UnitTestResult executionId="71326808-7804-4c7a-8af1-e6ba30ed8f2e" testId="a2d96dcc-0274-ae96-1084-c6eeaf735a67" testName="updateCategoryDescriptionNothing" computerName="TOLKIEN" duration="00:00:00" startTime="0001-01-01T00:00:00.0000000-05:00" endTime="0001-01-01T00:00:00.0000000-05:00" testType="13cdc9d9-ddb5-4fa4-a97d-d965ccfc6d4b" outcome="NotExecuted" testListId="8c84fa94-04c1-424b-9868-57a2d4851a1d">
    </UnitTestResult>
    <UnitTestResult executionId="e521f33b-68cc-4533-ac4b-3b3b0ad6a7a3" testId="75e6fe92-6338-062a-4fee-95765bf801c5" testName="updateCategoryUserIDNothing" computerName="TOLKIEN" duration="00:00:00" startTime="0001-01-01T00:00:00.0000000-05:00" endTime="0001-01-01T00:00:00.0000000-05:00" testType="13cdc9d9-ddb5-4fa4-a97d-d965ccfc6d4b" outcome="NotExecuted" testListId="8c84fa94-04c1-424b-9868-57a2d4851a1d">
    </UnitTestResult>
    <UnitTestResult executionId="20592725-acf4-4094-8c60-f5793962fd70" testId="0bdfe357-59d7-2115-bc84-10e25df0e6f5" testName="deleteCategoryTest" computerName="TOLKIEN" duration="00:00:00" startTime="0001-01-01T00:00:00.0000000-05:00" endTime="0001-01-01T00:00:00.0000000-05:00" testType="13cdc9d9-ddb5-4fa4-a97d-d965ccfc6d4b" outcome="NotExecuted" testListId="8c84fa94-04c1-424b-9868-57a2d4851a1d">
    </UnitTestResult>
    <UnitTestResult executionId="c4985cf1-28db-41e5-9887-7110bddcda94" testId="23cfea9f-164f-f9a5-24c4-692d1157d70d" testName="deleteCategoryCategoryIDNothing" computerName="TOLKIEN" duration="00:00:00" startTime="0001-01-01T00:00:00.0000000-05:00" endTime="0001-01-01T00:00:00.0000000-05:00" testType="13cdc9d9-ddb5-4fa4-a97d-d965ccfc6d4b" outcome="NotExecuted" testListId="8c84fa94-04c1-424b-9868-57a2d4851a1d">
    </UnitTestResult>
    <UnitTestResult executionId="766d2347-3b18-4180-8eef-5d98c1f824a3" testId="2e218b54-9cdc-19a6-f73f-134529b0d574" testName="getFrequenciesTest" computerName="TOLKIEN" duration="00:00:00" startTime="0001-01-01T00:00:00.0000000-05:00" endTime="0001-01-01T00:00:00.0000000-05:00" testType="13cdc9d9-ddb5-4fa4-a97d-d965ccfc6d4b" outcome="NotExecuted" testListId="8c84fa94-04c1-424b-9868-57a2d4851a1d">
    </UnitTestResult>
    <UnitTestResult executionId="c55b1848-c122-465b-82bb-b89f835009cb" testId="83ec55a3-815a-67d2-b2f2-28b93a616423" testName="getFrequenciesUserIDNothing" computerName="TOLKIEN" duration="00:00:00" startTime="0001-01-01T00:00:00.0000000-05:00" endTime="0001-01-01T00:00:00.0000000-05:00" testType="13cdc9d9-ddb5-4fa4-a97d-d965ccfc6d4b" outcome="NotExecuted" testListId="8c84fa94-04c1-424b-9868-57a2d4851a1d">
    </UnitTestResult>
    <UnitTestResult executionId="9326902f-3fc4-4a69-973d-009da8f5d4d6" testId="8a4ba671-1448-8492-2b78-1b765c8a587b" testName="addFrequencyTest" computerName="TOLKIEN" duration="00:00:00" startTime="0001-01-01T00:00:00.0000000-05:00" endTime="0001-01-01T00:00:00.0000000-05:00" testType="13cdc9d9-ddb5-4fa4-a97d-d965ccfc6d4b" outcome="NotExecuted" testListId="8c84fa94-04c1-424b-9868-57a2d4851a1d">
    </UnitTestResult>
    <UnitTestResult executionId="2e760b9c-e36f-4bec-96bf-daca3e7bcb86" testId="afdd3970-ef14-572c-7490-d181ac1ccd1e" testName="addFrequencyNothing" computerName="TOLKIEN" duration="00:00:00" startTime="0001-01-01T00:00:00.0000000-05:00" endTime="0001-01-01T00:00:00.0000000-05:00" testType="13cdc9d9-ddb5-4fa4-a97d-d965ccfc6d4b" outcome="NotExecuted" testListId="8c84fa94-04c1-424b-9868-57a2d4851a1d">
    </UnitTestResult>
    <UnitTestResult executionId="38b7fd1d-e9c3-4a3c-b52d-4927230e9068" testId="b1452ef1-13ca-46e9-c44f-98baa104fb92" testName="addFrequencyDescriptionNothing" computerName="TOLKIEN" duration="00:00:00" startTime="0001-01-01T00:00:00.0000000-05:00" endTime="0001-01-01T00:00:00.0000000-05:00" testType="13cdc9d9-ddb5-4fa4-a97d-d965ccfc6d4b" outcome="NotExecuted" testListId="8c84fa94-04c1-424b-9868-57a2d4851a1d">
    </UnitTestResult>
    <UnitTestResult executionId="efdbff7d-4813-4654-9c66-d864c59f5846" testId="94aa3a89-922e-c096-871a-c4ffb87404f0" testName="addFrequencyDescriptionMaxLen" computerName="TOLKIEN" duration="00:00:00" startTime="0001-01-01T00:00:00.0000000-05:00" endTime="0001-01-01T00:00:00.0000000-05:00" testType="13cdc9d9-ddb5-4fa4-a97d-d965ccfc6d4b" outcome="NotExecuted" testListId="8c84fa94-04c1-424b-9868-57a2d4851a1d">
    </UnitTestResult>
    <UnitTestResult executionId="df09886e-1b6f-45ae-b4d4-f2433ca82965" testId="0c5517d4-5316-3e21-871a-fa8800272a65" testName="addFrequencyMonthsNegative" computerName="TOLKIEN" duration="00:00:00" startTime="0001-01-01T00:00:00.0000000-05:00" endTime="0001-01-01T00:00:00.0000000-05:00" testType="13cdc9d9-ddb5-4fa4-a97d-d965ccfc6d4b" outcome="NotExecuted" testListId="8c84fa94-04c1-424b-9868-57a2d4851a1d">
    </UnitTestResult>
    <UnitTestResult executionId="621e495d-a828-4f59-885a-6f7d35837e6b" testId="4c8b2cdb-4eab-b6f9-ff74-242bf524db2e" testName="addFrequencyUserIDNothing" computerName="TOLKIEN" duration="00:00:00" startTime="0001-01-01T00:00:00.0000000-05:00" endTime="0001-01-01T00:00:00.0000000-05:00" testType="13cdc9d9-ddb5-4fa4-a97d-d965ccfc6d4b" outcome="NotExecuted" testListId="8c84fa94-04c1-424b-9868-57a2d4851a1d">
    </UnitTestResult>
    <UnitTestResult executionId="3cc04c3a-aa93-4d43-a2be-90f421a3420a" testId="d3b64b82-0b84-680f-9e31-0c326c489dc9" testName="updateFrequencyTest" computerName="TOLKIEN" duration="00:00:00" startTime="0001-01-01T00:00:00.0000000-05:00" endTime="0001-01-01T00:00:00.0000000-05:00" testType="13cdc9d9-ddb5-4fa4-a97d-d965ccfc6d4b" outcome="NotExecuted" testListId="8c84fa94-04c1-424b-9868-57a2d4851a1d">
    </UnitTestResult>
    <UnitTestResult executionId="cfab742b-feaf-4438-bd7f-5f5f221f6088" testId="06d70802-cbf3-0105-85fe-1032f68b0c57" testName="updateFrequencyNothing" computerName="TOLKIEN" duration="00:00:00" startTime="0001-01-01T00:00:00.0000000-05:00" endTime="0001-01-01T00:00:00.0000000-05:00" testType="13cdc9d9-ddb5-4fa4-a97d-d965ccfc6d4b" outcome="NotExecuted" testListId="8c84fa94-04c1-424b-9868-57a2d4851a1d">
    </UnitTestResult>
    <UnitTestResult executionId="58b2ec84-99cc-46cf-8969-44f9e38aa31d" testId="899e468f-0f82-8f87-b2c5-dd542356cd37" testName="updateFrequencyFrequencyIDNothing" computerName="TOLKIEN" duration="00:00:00" startTime="0001-01-01T00:00:00.0000000-05:00" endTime="0001-01-01T00:00:00.0000000-05:00" testType="13cdc9d9-ddb5-4fa4-a97d-d965ccfc6d4b" outcome="NotExecuted" testListId="8c84fa94-04c1-424b-9868-57a2d4851a1d">
    </UnitTestResult>
    <UnitTestResult executionId="776112a0-a664-4f59-b3d9-8e378befcc6f" testId="a4fa7f01-082a-f733-8a2d-b25ea8023d30" testName="updateFrequencyDescriptionNothing" computerName="TOLKIEN" duration="00:00:00" startTime="0001-01-01T00:00:00.0000000-05:00" endTime="0001-01-01T00:00:00.0000000-05:00" testType="13cdc9d9-ddb5-4fa4-a97d-d965ccfc6d4b" outcome="NotExecuted" testListId="8c84fa94-04c1-424b-9868-57a2d4851a1d">
    </UnitTestResult>
    <UnitTestResult executionId="28dd5eb6-5437-4668-894f-27f923c49661" testId="38af75c1-03ea-b909-29fa-879e4a97d0ad" testName="updateFrequencyDescriptionMaxLen" computerName="TOLKIEN" duration="00:00:00" startTime="0001-01-01T00:00:00.0000000-05:00" endTime="0001-01-01T00:00:00.0000000-05:00" testType="13cdc9d9-ddb5-4fa4-a97d-d965ccfc6d4b" outcome="NotExecuted" testListId="8c84fa94-04c1-424b-9868-57a2d4851a1d">
    </UnitTestResult>
    <UnitTestResult executionId="71d606b6-1fe5-4706-a4bf-71df997b1bd2" testId="3f53a5bc-85ec-b5b1-a732-530a68ca5fa8" testName="updateFrequencyMonthsNegative" computerName="TOLKIEN" duration="00:00:00" startTime="0001-01-01T00:00:00.0000000-05:00" endTime="0001-01-01T00:00:00.0000000-05:00" testType="13cdc9d9-ddb5-4fa4-a97d-d965ccfc6d4b" outcome="NotExecuted" testListId="8c84fa94-04c1-424b-9868-57a2d4851a1d">
    </UnitTestResult>
    <UnitTestResult executionId="900a459b-70a8-441a-a287-5076e710e77e" testId="83c6509b-b125-a15a-14be-8af19ed1aed9" testName="deleteFrequencyTest" computerName="TOLKIEN" duration="00:00:00" startTime="0001-01-01T00:00:00.0000000-05:00" endTime="0001-01-01T00:00:00.0000000-05:00" testType="13cdc9d9-ddb5-4fa4-a97d-d965ccfc6d4b" outcome="NotExecuted" testListId="8c84fa94-04c1-424b-9868-57a2d4851a1d">
    </UnitTestResult>
    <UnitTestResult executionId="5ec3d807-bf55-444d-a90b-39f43378b4ab" testId="6f7faeec-fd19-b1af-0830-7613b5075b88" testName="deleteFrequencyFrequencyIDNothing" computerName="TOLKIEN" duration="00:00:00" startTime="0001-01-01T00:00:00.0000000-05:00" endTime="0001-01-01T00:00:00.0000000-05:00" testType="13cdc9d9-ddb5-4fa4-a97d-d965ccfc6d4b" outcome="NotExecuted" testListId="8c84fa94-04c1-424b-9868-57a2d4851a1d">
    </UnitTestResult>
    <UnitTestResult executionId="b634bddc-bef2-4fb0-9da4-8e4e63fde9ed" testId="a2d4949d-2288-66c6-b89d-8f558bc7feba" testName="authenticateUserTest" computerName="TOLKIEN" duration="00:00:00" startTime="0001-01-01T00:00:00.0000000-05:00" endTime="0001-01-01T00:00:00.0000000-05:00" testType="13cdc9d9-ddb5-4fa4-a97d-d965ccfc6d4b" outcome="NotExecuted" testListId="8c84fa94-04c1-424b-9868-57a2d4851a1d">
    </UnitTestResult>
    <UnitTestResult executionId="c0865278-2365-41b3-ae3a-d78e53c48853" testId="c962f176-0e46-6e6a-64e1-773767b2a92e" testName="getSubcategoriesTest" computerName="TOLKIEN" duration="00:00:00" startTime="0001-01-01T00:00:00.0000000-05:00" endTime="0001-01-01T00:00:00.0000000-05:00" testType="13cdc9d9-ddb5-4fa4-a97d-d965ccfc6d4b" outcome="NotExecuted" testListId="8c84fa94-04c1-424b-9868-57a2d4851a1d">
    </UnitTestResult>
    <UnitTestResult executionId="a2b0921f-851a-4c32-a1ff-23fec45c79ae" testId="b05310d8-828c-c740-927a-df64a819e935" testName="getSubcategoriesByCategoryID" computerName="TOLKIEN" duration="00:00:00" startTime="0001-01-01T00:00:00.0000000-05:00" endTime="0001-01-01T00:00:00.0000000-05:00" testType="13cdc9d9-ddb5-4fa4-a97d-d965ccfc6d4b" outcome="NotExecuted" testListId="8c84fa94-04c1-424b-9868-57a2d4851a1d">
    </UnitTestResult>
    <UnitTestResult executionId="aa5af02c-8b0a-413b-b640-19ed8e82f195" testId="25c221da-3cee-df3c-3d0f-8d45ce1c4bf5" testName="getSubcategoriesUserIDNothing" computerName="TOLKIEN" duration="00:00:00" startTime="0001-01-01T00:00:00.0000000-05:00" endTime="0001-01-01T00:00:00.0000000-05:00" testType="13cdc9d9-ddb5-4fa4-a97d-d965ccfc6d4b" outcome="NotExecuted" testListId="8c84fa94-04c1-424b-9868-57a2d4851a1d">
    </UnitTestResult>
    <UnitTestResult executionId="45a2a5e2-d152-4a7c-82d5-fe22178ba9b2" testId="edf0aa95-9676-85e5-bd74-2b5388c724e3" testName="getSubcategoryTest" computerName="TOLKIEN" duration="00:00:00" startTime="0001-01-01T00:00:00.0000000-05:00" endTime="0001-01-01T00:00:00.0000000-05:00" testType="13cdc9d9-ddb5-4fa4-a97d-d965ccfc6d4b" outcome="NotExecuted" testListId="8c84fa94-04c1-424b-9868-57a2d4851a1d">
    </UnitTestResult>
    <UnitTestResult executionId="6c842e01-8940-42cc-b80e-2d5a5ed8e23b" testId="25ed8de6-975d-2b68-5d42-088e4dc578e7" testName="getSubcategorySubcategoryIDNothing" computerName="TOLKIEN" duration="00:00:00" startTime="0001-01-01T00:00:00.0000000-05:00" endTime="0001-01-01T00:00:00.0000000-05:00" testType="13cdc9d9-ddb5-4fa4-a97d-d965ccfc6d4b" outcome="NotExecuted" testListId="8c84fa94-04c1-424b-9868-57a2d4851a1d">
    </UnitTestResult>
    <UnitTestResult executionId="3c33aaae-a159-4682-bd71-e90d9e16e939" testId="6c1d12e8-2a89-22ef-766d-cb51fcbbb230" testName="addSubcategoryTest" computerName="TOLKIEN" duration="00:00:00" startTime="0001-01-01T00:00:00.0000000-05:00" endTime="0001-01-01T00:00:00.0000000-05:00" testType="13cdc9d9-ddb5-4fa4-a97d-d965ccfc6d4b" outcome="NotExecuted" testListId="8c84fa94-04c1-424b-9868-57a2d4851a1d">
    </UnitTestResult>
    <UnitTestResult executionId="55acd556-5dc3-46c4-abe2-41350e5629e1" testId="f627b55d-1ae3-286c-f067-07f1ac287750" testName="addSubcategorySubcategoryNothing" computerName="TOLKIEN" duration="00:00:00" startTime="0001-01-01T00:00:00.0000000-05:00" endTime="0001-01-01T00:00:00.0000000-05:00" testType="13cdc9d9-ddb5-4fa4-a97d-d965ccfc6d4b" outcome="NotExecuted" testListId="8c84fa94-04c1-424b-9868-57a2d4851a1d">
    </UnitTestResult>
    <UnitTestResult executionId="7f212157-0a92-4e85-bd11-1a3945e653c1" testId="5839d3eb-2f28-66ab-5903-f0c6aa8a4c52" testName="addSubcategoryCategoryIDNothing" computerName="TOLKIEN" duration="00:00:00" startTime="0001-01-01T00:00:00.0000000-05:00" endTime="0001-01-01T00:00:00.0000000-05:00" testType="13cdc9d9-ddb5-4fa4-a97d-d965ccfc6d4b" outcome="NotExecuted" testListId="8c84fa94-04c1-424b-9868-57a2d4851a1d">
    </UnitTestResult>
    <UnitTestResult executionId="0e663eb4-1f52-4c3b-9fe1-9c4579009563" testId="a8551577-1fbc-a817-6fba-d92f73c63ed5" testName="addSubcategoryDescriptionNothing" computerName="TOLKIEN" duration="00:00:00" startTime="0001-01-01T00:00:00.0000000-05:00" endTime="0001-01-01T00:00:00.0000000-05:00" testType="13cdc9d9-ddb5-4fa4-a97d-d965ccfc6d4b" outcome="NotExecuted" testListId="8c84fa94-04c1-424b-9868-57a2d4851a1d">
    </UnitTestResult>
    <UnitTestResult executionId="09e8a9d2-a9cd-47a2-bc26-aec2794a8c82" testId="bbfe51fd-ce1b-3e52-a251-5d90aeb6a97a" testName="addSubcategoryDescriptionMaxLen" computerName="TOLKIEN" duration="00:00:00" startTime="0001-01-01T00:00:00.0000000-05:00" endTime="0001-01-01T00:00:00.0000000-05:00" testType="13cdc9d9-ddb5-4fa4-a97d-d965ccfc6d4b" outcome="NotExecuted" testListId="8c84fa94-04c1-424b-9868-57a2d4851a1d">
    </UnitTestResult>
    <UnitTestResult executionId="0d73409a-9425-4fe9-bed5-51d2c3708e1f" testId="2a1b7d1b-15e6-8cf8-0219-2630f5c48eaf" testName="addSubcategorySinkingFundNotYOrN" computerName="TOLKIEN" duration="00:00:00" startTime="0001-01-01T00:00:00.0000000-05:00" endTime="0001-01-01T00:00:00.0000000-05:00" testType="13cdc9d9-ddb5-4fa4-a97d-d965ccfc6d4b" outcome="NotExecuted" testListId="8c84fa94-04c1-424b-9868-57a2d4851a1d">
    </UnitTestResult>
    <UnitTestResult executionId="232cc155-43ed-4f99-b6b9-efe6673ffd46" testId="201d793e-4fe6-401d-6be8-c62c538d4a65" testName="addSubcategoryNotesMaxLen" computerName="TOLKIEN" duration="00:00:00" startTime="0001-01-01T00:00:00.0000000-05:00" endTime="0001-01-01T00:00:00.0000000-05:00" testType="13cdc9d9-ddb5-4fa4-a97d-d965ccfc6d4b" outcome="NotExecuted" testListId="8c84fa94-04c1-424b-9868-57a2d4851a1d">
    </UnitTestResult>
    <UnitTestResult executionId="bb818773-369e-493d-ad53-b5bcffae9de2" testId="88291b0b-7e70-f6db-50b3-47e82e867912" testName="addSubcategoryUserIDNothing" computerName="TOLKIEN" duration="00:00:00" startTime="0001-01-01T00:00:00.0000000-05:00" endTime="0001-01-01T00:00:00.0000000-05:00" testType="13cdc9d9-ddb5-4fa4-a97d-d965ccfc6d4b" outcome="NotExecuted" testListId="8c84fa94-04c1-424b-9868-57a2d4851a1d">
    </UnitTestResult>
    <UnitTestResult executionId="3ad06cab-34a2-4cc2-a978-e25a00188fd6" testId="bedc9ca5-0715-f75f-5275-d225bacd5374" testName="updateSubcategoryTest" computerName="TOLKIEN" duration="00:00:00" startTime="0001-01-01T00:00:00.0000000-05:00" endTime="0001-01-01T00:00:00.0000000-05:00" testType="13cdc9d9-ddb5-4fa4-a97d-d965ccfc6d4b" outcome="NotExecuted" testListId="8c84fa94-04c1-424b-9868-57a2d4851a1d">
    </UnitTestResult>
    <UnitTestResult executionId="f0554921-24a9-4b26-b3b4-9a12664ea116" testId="9df3c7a9-dda3-36c5-3db7-ed52aa5c51f3" testName="updateSubcategorySubcategoryNothing" computerName="TOLKIEN" duration="00:00:00" startTime="0001-01-01T00:00:00.0000000-05:00" endTime="0001-01-01T00:00:00.0000000-05:00" testType="13cdc9d9-ddb5-4fa4-a97d-d965ccfc6d4b" outcome="NotExecuted" testListId="8c84fa94-04c1-424b-9868-57a2d4851a1d">
    </UnitTestResult>
    <UnitTestResult executionId="878ab583-c446-4769-b970-b3d80c6ef63c" testId="e1b8b9b5-31fa-3158-ed49-602ecdf8fc2b" testName="updateSubcategorySubcategoryIDNothing" computerName="TOLKIEN" duration="00:00:00" startTime="0001-01-01T00:00:00.0000000-05:00" endTime="0001-01-01T00:00:00.0000000-05:00" testType="13cdc9d9-ddb5-4fa4-a97d-d965ccfc6d4b" outcome="NotExecuted" testListId="8c84fa94-04c1-424b-9868-57a2d4851a1d">
    </UnitTestResult>
    <UnitTestResult executionId="28effc08-8678-4c89-a77e-ed799ccfe252" testId="6134c6ed-e8b7-288e-ff3e-b33d83bf08d0" testName="updateSubcategoryCategoryIDNothing" computerName="TOLKIEN" duration="00:00:00" startTime="0001-01-01T00:00:00.0000000-05:00" endTime="0001-01-01T00:00:00.0000000-05:00" testType="13cdc9d9-ddb5-4fa4-a97d-d965ccfc6d4b" outcome="NotExecuted" testListId="8c84fa94-04c1-424b-9868-57a2d4851a1d">
    </UnitTestResult>
    <UnitTestResult executionId="4cd5f142-6489-4632-a5aa-e1f18436ed4f" testId="9add4ea9-9be1-4a10-7cc8-a108d159b81a" testName="updateSubcategoryDescriptionNothing" computerName="TOLKIEN" duration="00:00:00" startTime="0001-01-01T00:00:00.0000000-05:00" endTime="0001-01-01T00:00:00.0000000-05:00" testType="13cdc9d9-ddb5-4fa4-a97d-d965ccfc6d4b" outcome="NotExecuted" testListId="8c84fa94-04c1-424b-9868-57a2d4851a1d">
    </UnitTestResult>
    <UnitTestResult executionId="5937dd9e-da1d-4267-87a2-7ecc11afa347" testId="2a218d4d-f796-c1d6-fb62-a245094f3715" testName="updateSubcategoryDescriptionMaxLen" computerName="TOLKIEN" duration="00:00:00" startTime="0001-01-01T00:00:00.0000000-05:00" endTime="0001-01-01T00:00:00.0000000-05:00" testType="13cdc9d9-ddb5-4fa4-a97d-d965ccfc6d4b" outcome="NotExecuted" testListId="8c84fa94-04c1-424b-9868-57a2d4851a1d">
    </UnitTestResult>
    <UnitTestResult executionId="0dd07d4e-fb80-4b9b-92be-d697d4c5f67b" testId="27188a8b-a7e8-3977-ee02-1bbd41b1cb1b" testName="updateSubcategorySinkingFundNotYOrN" computerName="TOLKIEN" duration="00:00:00" startTime="0001-01-01T00:00:00.0000000-05:00" endTime="0001-01-01T00:00:00.0000000-05:00" testType="13cdc9d9-ddb5-4fa4-a97d-d965ccfc6d4b" outcome="NotExecuted" testListId="8c84fa94-04c1-424b-9868-57a2d4851a1d">
    </UnitTestResult>
    <UnitTestResult executionId="971e995d-4b2a-49ad-a959-c742322d6c53" testId="00b914bf-27cf-c5f2-2337-9da7337b8b86" testName="updateSubcategoryNotesMaxLen" computerName="TOLKIEN" duration="00:00:00" startTime="0001-01-01T00:00:00.0000000-05:00" endTime="0001-01-01T00:00:00.0000000-05:00" testType="13cdc9d9-ddb5-4fa4-a97d-d965ccfc6d4b" outcome="NotExecuted" testListId="8c84fa94-04c1-424b-9868-57a2d4851a1d">
    </UnitTestResult>
    <UnitTestResult executionId="0966fc9b-311d-4522-a403-0fdc76a5ea6d" testId="b237afa0-6fb1-54bf-657e-2a66b76abb69" testName="deleteSubcategoryTest" computerName="TOLKIEN" duration="00:00:00" startTime="0001-01-01T00:00:00.0000000-05:00" endTime="0001-01-01T00:00:00.0000000-05:00" testType="13cdc9d9-ddb5-4fa4-a97d-d965ccfc6d4b" outcome="NotExecuted" testListId="8c84fa94-04c1-424b-9868-57a2d4851a1d">
    </UnitTestResult>
    <UnitTestResult executionId="b396b4c2-2e66-46ce-871f-4a60a956ee9a" testId="cf5e9fac-d4eb-db14-c376-4d1f22db0558" testName="deleteSubcategorySubcategoryIDNothing" computerName="TOLKIEN" duration="00:00:00" startTime="0001-01-01T00:00:00.0000000-05:00" endTime="0001-01-01T00:00:00.0000000-05:00" testType="13cdc9d9-ddb5-4fa4-a97d-d965ccfc6d4b" outcome="NotExecuted" testListId="8c84fa94-04c1-424b-9868-57a2d4851a1d">
    </UnitTestResult>
    <UnitTestResult executionId="741b524c-e83b-417e-9bca-8d715bf32d20" testId="9a3d0807-6457-caa6-13cd-e3a1911026ea" testName="getTransactionFirstYear" computerName="TOLKIEN" duration="00:00:00" startTime="0001-01-01T00:00:00.0000000-05:00" endTime="0001-01-01T00:00:00.0000000-05:00" testType="13cdc9d9-ddb5-4fa4-a97d-d965ccfc6d4b" outcome="NotExecuted" testListId="8c84fa94-04c1-424b-9868-57a2d4851a1d">
    </UnitTestResult>
    <UnitTestResult executionId="118bee29-f617-45b1-912e-c01cd51fd8bc" testId="0c74f04e-4ac5-b7a6-358f-741d4d504a08" testName="getTransactionsTest" computerName="TOLKIEN" duration="00:00:00" startTime="0001-01-01T00:00:00.0000000-05:00" endTime="0001-01-01T00:00:00.0000000-05:00" testType="13cdc9d9-ddb5-4fa4-a97d-d965ccfc6d4b" outcome="NotExecuted" testListId="8c84fa94-04c1-424b-9868-57a2d4851a1d">
    </UnitTestResult>
    <UnitTestResult executionId="46cc2e32-f826-4ea0-b987-fd64e5cd8c5b" testId="a941f649-0f02-5cf0-9bb1-5b6a83d2daaf" testName="getTransactionsUserIDNothing" computerName="TOLKIEN" duration="00:00:00" startTime="0001-01-01T00:00:00.0000000-05:00" endTime="0001-01-01T00:00:00.0000000-05:00" testType="13cdc9d9-ddb5-4fa4-a97d-d965ccfc6d4b" outcome="NotExecuted" testListId="8c84fa94-04c1-424b-9868-57a2d4851a1d">
    </UnitTestResult>
    <UnitTestResult executionId="060cdaa1-08fc-445c-9d8c-30c73e2e8ffc" testId="3d809d94-db02-0e76-9c09-c3d9ec12d5fd" testName="addTransactionTest" computerName="TOLKIEN" duration="00:00:00" startTime="0001-01-01T00:00:00.0000000-05:00" endTime="0001-01-01T00:00:00.0000000-05:00" testType="13cdc9d9-ddb5-4fa4-a97d-d965ccfc6d4b" outcome="NotExecuted" testListId="8c84fa94-04c1-424b-9868-57a2d4851a1d">
    </UnitTestResult>
    <UnitTestResult executionId="562053f0-627c-42b0-bd99-91b0ef16f19b" testId="028a17f3-f9c0-f73c-bbcc-8415c4c80d22" testName="addTransactionTransactionNothing" computerName="TOLKIEN" duration="00:00:00" startTime="0001-01-01T00:00:00.0000000-05:00" endTime="0001-01-01T00:00:00.0000000-05:00" testType="13cdc9d9-ddb5-4fa4-a97d-d965ccfc6d4b" outcome="NotExecuted" testListId="8c84fa94-04c1-424b-9868-57a2d4851a1d">
    </UnitTestResult>
    <UnitTestResult executionId="aaa958f8-e865-46f8-a7c9-8a2890fc759a" testId="d9c74070-150a-6459-f8b5-cd6b0de2b4ec" testName="addTransactionDateNothing" computerName="TOLKIEN" duration="00:00:00" startTime="0001-01-01T00:00:00.0000000-05:00" endTime="0001-01-01T00:00:00.0000000-05:00" testType="13cdc9d9-ddb5-4fa4-a97d-d965ccfc6d4b" outcome="NotExecuted" testListId="8c84fa94-04c1-424b-9868-57a2d4851a1d">
    </UnitTestResult>
    <UnitTestResult executionId="0ae79fb9-7d45-4631-a1de-f3eb9d7702f6" testId="da27e590-9f13-60c6-1ba7-9957aed51717" testName="addTransactionDescriptionNothing" computerName="TOLKIEN" duration="00:00:00" startTime="0001-01-01T00:00:00.0000000-05:00" endTime="0001-01-01T00:00:00.0000000-05:00" testType="13cdc9d9-ddb5-4fa4-a97d-d965ccfc6d4b" outcome="NotExecuted" testListId="8c84fa94-04c1-424b-9868-57a2d4851a1d">
    </UnitTestResult>
    <UnitTestResult executionId="3dc8ac58-0eb2-46a5-bf0d-3421cff4e823" testId="63d7ff1e-859b-98bb-e808-c5db1ec35b29" testName="addTransactionDescriptionMaxLen" computerName="TOLKIEN" duration="00:00:00" startTime="0001-01-01T00:00:00.0000000-05:00" endTime="0001-01-01T00:00:00.0000000-05:00" testType="13cdc9d9-ddb5-4fa4-a97d-d965ccfc6d4b" outcome="NotExecuted" testListId="8c84fa94-04c1-424b-9868-57a2d4851a1d">
    </UnitTestResult>
    <UnitTestResult executionId="53ed901b-9765-450e-a225-cdee3a028ad7" testId="9b270260-260c-a978-9dd4-28ae487f85d0" testName="addTransactionUserIDNothing" computerName="TOLKIEN" duration="00:00:00" startTime="0001-01-01T00:00:00.0000000-05:00" endTime="0001-01-01T00:00:00.0000000-05:00" testType="13cdc9d9-ddb5-4fa4-a97d-d965ccfc6d4b" outcome="NotExecuted" testListId="8c84fa94-04c1-424b-9868-57a2d4851a1d">
    </UnitTestResult>
    <UnitTestResult executionId="51d31420-6a2e-47ad-a00e-d4b9809b9db7" testId="4dfbf887-b7a9-b491-3023-62dba6f89178" testName="addTransactionAccountAdjust" computerName="TOLKIEN" duration="00:00:00" startTime="0001-01-01T00:00:00.0000000-05:00" endTime="0001-01-01T00:00:00.0000000-05:00" testType="13cdc9d9-ddb5-4fa4-a97d-d965ccfc6d4b" outcome="NotExecuted" testListId="8c84fa94-04c1-424b-9868-57a2d4851a1d">
    </UnitTestResult>
    <UnitTestResult executionId="28bdd5a5-548c-4fa2-9cc8-93ca6ed3b4e7" testId="820987f9-05ca-dae0-9f05-a0d4f3b7e230" testName="addTransactionSFSubcategoryAdjust" computerName="TOLKIEN" duration="00:00:00" startTime="0001-01-01T00:00:00.0000000-05:00" endTime="0001-01-01T00:00:00.0000000-05:00" testType="13cdc9d9-ddb5-4fa4-a97d-d965ccfc6d4b" outcome="NotExecuted" testListId="8c84fa94-04c1-424b-9868-57a2d4851a1d">
    </UnitTestResult>
    <UnitTestResult executionId="95a71951-b3ec-4918-80e2-03c0d70eb906" testId="1ce94126-b660-0ac9-06d3-af2dd6c473a7" testName="updateTransactionTest" computerName="TOLKIEN" duration="00:00:00" startTime="0001-01-01T00:00:00.0000000-05:00" endTime="0001-01-01T00:00:00.0000000-05:00" testType="13cdc9d9-ddb5-4fa4-a97d-d965ccfc6d4b" outcome="NotExecuted" testListId="8c84fa94-04c1-424b-9868-57a2d4851a1d">
    </UnitTestResult>
    <UnitTestResult executionId="6215c70c-eb98-4ef1-ab4d-e14648a19e7c" testId="991140ed-32ac-a771-1bbe-e26bd691905d" testName="updateTransactionTransactionNothing" computerName="TOLKIEN" duration="00:00:00" startTime="0001-01-01T00:00:00.0000000-05:00" endTime="0001-01-01T00:00:00.0000000-05:00" testType="13cdc9d9-ddb5-4fa4-a97d-d965ccfc6d4b" outcome="NotExecuted" testListId="8c84fa94-04c1-424b-9868-57a2d4851a1d">
    </UnitTestResult>
    <UnitTestResult executionId="4f7521c9-1d08-472a-bb54-332310ad7c49" testId="6c103902-84a3-cdbb-97c9-1350b2df679a" testName="updateTransactionTransactionIDNothing" computerName="TOLKIEN" duration="00:00:00" startTime="0001-01-01T00:00:00.0000000-05:00" endTime="0001-01-01T00:00:00.0000000-05:00" testType="13cdc9d9-ddb5-4fa4-a97d-d965ccfc6d4b" outcome="NotExecuted" testListId="8c84fa94-04c1-424b-9868-57a2d4851a1d">
    </UnitTestResult>
    <UnitTestResult executionId="9b3cd330-543c-4d54-9bb4-d01d838e2d07" testId="8f6940ee-6a05-220b-9d80-efa337ee3133" testName="updateTransactionDateNothing" computerName="TOLKIEN" duration="00:00:00" startTime="0001-01-01T00:00:00.0000000-05:00" endTime="0001-01-01T00:00:00.0000000-05:00" testType="13cdc9d9-ddb5-4fa4-a97d-d965ccfc6d4b" outcome="NotExecuted" testListId="8c84fa94-04c1-424b-9868-57a2d4851a1d">
    </UnitTestResult>
    <UnitTestResult executionId="cfcfd8ff-7ae1-49ca-8b6c-224fd6f3716b" testId="3ccd3f11-0213-e1b1-a3aa-1057197cac59" testName="updateTransactionDescriptionNothing" computerName="TOLKIEN" duration="00:00:00" startTime="0001-01-01T00:00:00.0000000-05:00" endTime="0001-01-01T00:00:00.0000000-05:00" testType="13cdc9d9-ddb5-4fa4-a97d-d965ccfc6d4b" outcome="NotExecuted" testListId="8c84fa94-04c1-424b-9868-57a2d4851a1d">
    </UnitTestResult>
    <UnitTestResult executionId="148c185b-e002-4618-a398-4f8363e0e3ac" testId="9cf1af96-ce60-17f7-f073-8576692875a1" testName="updateTransactionDescriptionMaxLen" computerName="TOLKIEN" duration="00:00:00" startTime="0001-01-01T00:00:00.0000000-05:00" endTime="0001-01-01T00:00:00.0000000-05:00" testType="13cdc9d9-ddb5-4fa4-a97d-d965ccfc6d4b" outcome="NotExecuted" testListId="8c84fa94-04c1-424b-9868-57a2d4851a1d">
    </UnitTestResult>
    <UnitTestResult executionId="a0387aa5-6880-4d89-97ef-7cf637f20f58" testId="50fc5a28-9321-a539-d140-7388838d8a59" testName="updateTransactionAccountAdjust" computerName="TOLKIEN" duration="00:00:00" startTime="0001-01-01T00:00:00.0000000-05:00" endTime="0001-01-01T00:00:00.0000000-05:00" testType="13cdc9d9-ddb5-4fa4-a97d-d965ccfc6d4b" outcome="NotExecuted" testListId="8c84fa94-04c1-424b-9868-57a2d4851a1d">
    </UnitTestResult>
    <UnitTestResult executionId="fa27e51f-6694-43cb-a017-4459cb244d39" testId="ff86bab7-fe25-e542-47fe-56bd2f464b72" testName="updateTransactionSFSubcategoryAdjust" computerName="TOLKIEN" duration="00:00:00" startTime="0001-01-01T00:00:00.0000000-05:00" endTime="0001-01-01T00:00:00.0000000-05:00" testType="13cdc9d9-ddb5-4fa4-a97d-d965ccfc6d4b" outcome="NotExecuted" testListId="8c84fa94-04c1-424b-9868-57a2d4851a1d">
    </UnitTestResult>
    <UnitTestResult executionId="612cfbfa-665e-4395-9bdb-70d495131efd" testId="be5b2eb0-51ec-1a02-7e30-ca7d5c29aa6f" testName="deleteTransactionTest" computerName="TOLKIEN" duration="00:00:00" startTime="0001-01-01T00:00:00.0000000-05:00" endTime="0001-01-01T00:00:00.0000000-05:00" testType="13cdc9d9-ddb5-4fa4-a97d-d965ccfc6d4b" outcome="NotExecuted" testListId="8c84fa94-04c1-424b-9868-57a2d4851a1d">
    </UnitTestResult>
    <UnitTestResult executionId="61de844a-f4eb-428a-bbe4-b76d4463abe9" testId="93af35c8-f5d8-78c3-8cc9-706ee5491c55" testName="deleteTransactionTransactionIDNothing" computerName="TOLKIEN" duration="00:00:00" startTime="0001-01-01T00:00:00.0000000-05:00" endTime="0001-01-01T00:00:00.0000000-05:00" testType="13cdc9d9-ddb5-4fa4-a97d-d965ccfc6d4b" outcome="NotExecuted" testListId="8c84fa94-04c1-424b-9868-57a2d4851a1d">
    </UnitTestResult>
    <UnitTestResult executionId="99c8d9b3-5c7e-47b0-8144-b047059a5700" testId="b9d1c2ac-e386-87fb-12aa-0d8af4d9f7af" testName="deleteTransactionAccountAdjust" computerName="TOLKIEN" duration="00:00:00" startTime="0001-01-01T00:00:00.0000000-05:00" endTime="0001-01-01T00:00:00.0000000-05:00" testType="13cdc9d9-ddb5-4fa4-a97d-d965ccfc6d4b" outcome="NotExecuted" testListId="8c84fa94-04c1-424b-9868-57a2d4851a1d">
    </UnitTestResult>
    <UnitTestResult executionId="72767faa-0694-4061-98f1-37af727e1560" testId="302f161c-1a16-7195-636f-727c6d4f7cce" testName="addUserTest" computerName="TOLKIEN" duration="00:00:00" startTime="0001-01-01T00:00:00.0000000-05:00" endTime="0001-01-01T00:00:00.0000000-05:00" testType="13cdc9d9-ddb5-4fa4-a97d-d965ccfc6d4b" outcome="NotExecuted" testListId="8c84fa94-04c1-424b-9868-57a2d4851a1d">
    </UnitTestResult>
    <UnitTestResult executionId="365b24f1-0cdd-457c-9040-c5d6352e8e1a" testId="24148662-d27c-83db-d849-dc758dd8b5f9" testName="activateUserTest" computerName="TOLKIEN" duration="00:00:00" startTime="0001-01-01T00:00:00.0000000-05:00" endTime="0001-01-01T00:00:00.0000000-05:00" testType="13cdc9d9-ddb5-4fa4-a97d-d965ccfc6d4b" outcome="NotExecuted" testListId="8c84fa94-04c1-424b-9868-57a2d4851a1d">
    </UnitTestResult>
    <UnitTestResult executionId="59796f49-6afa-47b1-b4e1-bce24629d890" testId="0da9cb98-0025-f1cc-5c4e-78987bd1ba0a" testName="addUserUserIDNothing" computerName="TOLKIEN" duration="00:00:00" startTime="0001-01-01T00:00:00.0000000-05:00" endTime="0001-01-01T00:00:00.0000000-05:00" testType="13cdc9d9-ddb5-4fa4-a97d-d965ccfc6d4b" outcome="NotExecuted" testListId="8c84fa94-04c1-424b-9868-57a2d4851a1d">
    </UnitTestResult>
    <UnitTestResult executionId="3ba2a230-f1bc-4400-aa1c-f233232f3d8e" testId="41d12651-6966-8543-ef57-0046b613ddb5" testName="addUserUserIDMaxLen" computerName="TOLKIEN" duration="00:00:00" startTime="0001-01-01T00:00:00.0000000-05:00" endTime="0001-01-01T00:00:00.0000000-05:00" testType="13cdc9d9-ddb5-4fa4-a97d-d965ccfc6d4b" outcome="NotExecuted" testListId="8c84fa94-04c1-424b-9868-57a2d4851a1d">
    </UnitTestResult>
    <UnitTestResult executionId="8b5bbd08-65be-4460-a899-cdd91fce175a" testId="4bd9796f-b636-6a7f-6857-a699f7abd7a9" testName="addUserPasswordNothing" computerName="TOLKIEN" duration="00:00:00" startTime="0001-01-01T00:00:00.0000000-05:00" endTime="0001-01-01T00:00:00.0000000-05:00" testType="13cdc9d9-ddb5-4fa4-a97d-d965ccfc6d4b" outcome="NotExecuted" testListId="8c84fa94-04c1-424b-9868-57a2d4851a1d">
    </UnitTestResult>
    <UnitTestResult executionId="f0a58a12-9019-43c5-906d-5323cc24fc7c" testId="28cb5578-a210-728f-1f2a-7829483fe9ce" testName="addUserPasswordMaxLen" computerName="TOLKIEN" duration="00:00:00" startTime="0001-01-01T00:00:00.0000000-05:00" endTime="0001-01-01T00:00:00.0000000-05:00" testType="13cdc9d9-ddb5-4fa4-a97d-d965ccfc6d4b" outcome="NotExecuted" testListId="8c84fa94-04c1-424b-9868-57a2d4851a1d">
    </UnitTestResult>
    <UnitTestResult executionId="aeafe9a8-aad8-4b6e-ad84-e6c5b80fb92f" testId="009665bb-5de0-8593-a32b-50bf52a35d2c" testName="addUserFirstNameNothing" computerName="TOLKIEN" duration="00:00:00" startTime="0001-01-01T00:00:00.0000000-05:00" endTime="0001-01-01T00:00:00.0000000-05:00" testType="13cdc9d9-ddb5-4fa4-a97d-d965ccfc6d4b" outcome="NotExecuted" testListId="8c84fa94-04c1-424b-9868-57a2d4851a1d">
    </UnitTestResult>
    <UnitTestResult executionId="7a7c8ccb-1bf3-4144-bde6-8839ab222de9" testId="dc51c213-5f3c-c5c3-c9fa-ea22cfaaa6b1" testName="addUserFirstNameMaxLen" computerName="TOLKIEN" duration="00:00:00" startTime="0001-01-01T00:00:00.0000000-05:00" endTime="0001-01-01T00:00:00.0000000-05:00" testType="13cdc9d9-ddb5-4fa4-a97d-d965ccfc6d4b" outcome="NotExecuted" testListId="8c84fa94-04c1-424b-9868-57a2d4851a1d">
    </UnitTestResult>
    <UnitTestResult executionId="7bc485d4-2583-4acc-be1b-97d3c98f6940" testId="5c8e58b7-4d3d-259d-a967-243af0246cbb" testName="addUserLastNameNothing" computerName="TOLKIEN" duration="00:00:00" startTime="0001-01-01T00:00:00.0000000-05:00" endTime="0001-01-01T00:00:00.0000000-05:00" testType="13cdc9d9-ddb5-4fa4-a97d-d965ccfc6d4b" outcome="NotExecuted" testListId="8c84fa94-04c1-424b-9868-57a2d4851a1d">
    </UnitTestResult>
    <UnitTestResult executionId="767f37f0-7b82-4a6c-9e13-0fae6bb2916d" testId="d34b29c4-f075-6bcd-bac5-00d2275289a2" testName="addUserLastNameMaxLen" computerName="TOLKIEN" duration="00:00:00" startTime="0001-01-01T00:00:00.0000000-05:00" endTime="0001-01-01T00:00:00.0000000-05:00" testType="13cdc9d9-ddb5-4fa4-a97d-d965ccfc6d4b" outcome="NotExecuted" testListId="8c84fa94-04c1-424b-9868-57a2d4851a1d">
    </UnitTestResult>
    <UnitTestResult executionId="c4c9ade4-e235-4afc-8370-5b26379fb05a" testId="90f48b05-4d4f-7605-cb20-2be7d7f85e69" testName="addUserEmailAddressNothing" computerName="TOLKIEN" duration="00:00:00" startTime="0001-01-01T00:00:00.0000000-05:00" endTime="0001-01-01T00:00:00.0000000-05:00" testType="13cdc9d9-ddb5-4fa4-a97d-d965ccfc6d4b" outcome="NotExecuted" testListId="8c84fa94-04c1-424b-9868-57a2d4851a1d">
    </UnitTestResult>
    <UnitTestResult executionId="834bdea8-fc45-4c51-9490-dc7d4be3dc98" testId="bcef52eb-c0c7-5e55-deaa-3ee9071fa25e" testName="addUserEmailAddressMaxLen" computerName="TOLKIEN" duration="00:00:00" startTime="0001-01-01T00:00:00.0000000-05:00" endTime="0001-01-01T00:00:00.0000000-05:00" testType="13cdc9d9-ddb5-4fa4-a97d-d965ccfc6d4b" outcome="NotExecuted" testListId="8c84fa94-04c1-424b-9868-57a2d4851a1d">
    </UnitTestResult>
    <UnitTestResult executionId="d4e7b9e4-9490-4516-858a-85a8498678cd" testId="5a6ba108-477a-8826-07f4-4b3d85417087" testName="updateUserPasswordTest" computerName="TOLKIEN" duration="00:00:00" startTime="0001-01-01T00:00:00.0000000-05:00" endTime="0001-01-01T00:00:00.0000000-05:00" testType="13cdc9d9-ddb5-4fa4-a97d-d965ccfc6d4b" outcome="NotExecuted" testListId="8c84fa94-04c1-424b-9868-57a2d4851a1d">
    </UnitTestResult>
    <UnitTestResult executionId="7182a7b9-6d88-4e2f-870d-d97276863d70" testId="72470363-231e-de0f-a051-36672fd2a5cf" testName="updateUserPasswordUserIDNothing" computerName="TOLKIEN" duration="00:00:00" startTime="0001-01-01T00:00:00.0000000-05:00" endTime="0001-01-01T00:00:00.0000000-05:00" testType="13cdc9d9-ddb5-4fa4-a97d-d965ccfc6d4b" outcome="NotExecuted" testListId="8c84fa94-04c1-424b-9868-57a2d4851a1d">
    </UnitTestResult>
    <UnitTestResult executionId="007def48-bc2e-4e8f-b254-c962f4eee729" testId="3a751831-a04a-99cb-4020-7bcb1dfdc48d" testName="updateUserPasswordUserIDMaxLen" computerName="TOLKIEN" duration="00:00:00" startTime="0001-01-01T00:00:00.0000000-05:00" endTime="0001-01-01T00:00:00.0000000-05:00" testType="13cdc9d9-ddb5-4fa4-a97d-d965ccfc6d4b" outcome="NotExecuted" testListId="8c84fa94-04c1-424b-9868-57a2d4851a1d">
    </UnitTestResult>
    <UnitTestResult executionId="5acc132e-42e0-4f7d-bf1e-747a136867e8" testId="96ea8a44-4a4b-1549-f98e-7f968bf38c44" testName="updateUserPasswordPasswordNothing" computerName="TOLKIEN" duration="00:00:00" startTime="0001-01-01T00:00:00.0000000-05:00" endTime="0001-01-01T00:00:00.0000000-05:00" testType="13cdc9d9-ddb5-4fa4-a97d-d965ccfc6d4b" outcome="NotExecuted" testListId="8c84fa94-04c1-424b-9868-57a2d4851a1d">
    </UnitTestResult>
    <UnitTestResult executionId="1aac3807-8bb9-4b84-b277-c97f2d2b10a2" testId="284bf1a9-75d1-2878-109e-644bc848b2b3" testName="updateUserPasswordPasswordMaxLen" computerName="TOLKIEN" duration="00:00:00" startTime="0001-01-01T00:00:00.0000000-05:00" endTime="0001-01-01T00:00:00.0000000-05:00" testType="13cdc9d9-ddb5-4fa4-a97d-d965ccfc6d4b" outcome="NotExecuted" testListId="8c84fa94-04c1-424b-9868-57a2d4851a1d">
    </UnitTestResult>
    <UnitTestResult executionId="a2120fcf-268a-409d-b426-9fc4064da425" testId="79030625-73d7-51e1-159e-387a32e20fc3" testName="updateUserEmailTest" computerName="TOLKIEN" duration="00:00:00" startTime="0001-01-01T00:00:00.0000000-05:00" endTime="0001-01-01T00:00:00.0000000-05:00" testType="13cdc9d9-ddb5-4fa4-a97d-d965ccfc6d4b" outcome="NotExecuted" testListId="8c84fa94-04c1-424b-9868-57a2d4851a1d">
    </UnitTestResult>
    <UnitTestResult executionId="0b0c448a-faf6-454b-adc3-70a7dc684a53" testId="53ff0830-cc1d-2e63-f269-a83b303e8cd9" testName="updateUserEmailAddressUserIDNothing" computerName="TOLKIEN" duration="00:00:00" startTime="0001-01-01T00:00:00.0000000-05:00" endTime="0001-01-01T00:00:00.0000000-05:00" testType="13cdc9d9-ddb5-4fa4-a97d-d965ccfc6d4b" outcome="NotExecuted" testListId="8c84fa94-04c1-424b-9868-57a2d4851a1d">
    </UnitTestResult>
    <UnitTestResult executionId="a9ce2b77-6cf5-4aaa-af99-3e08b85970a1" testId="a00f7b88-dcf5-ad47-7698-8713ba1a81ab" testName="updateUserEmailAddressUserIDMaxLen" computerName="TOLKIEN" duration="00:00:00" startTime="0001-01-01T00:00:00.0000000-05:00" endTime="0001-01-01T00:00:00.0000000-05:00" testType="13cdc9d9-ddb5-4fa4-a97d-d965ccfc6d4b" outcome="NotExecuted" testListId="8c84fa94-04c1-424b-9868-57a2d4851a1d">
    </UnitTestResult>
    <UnitTestResult executionId="b2d15454-7776-40f0-82f7-9fd01c149bb7" testId="80c414af-5874-d05b-df07-60a9f219452e" testName="updateUserEmailAddressEmailNothing" computerName="TOLKIEN" duration="00:00:00" startTime="0001-01-01T00:00:00.0000000-05:00" endTime="0001-01-01T00:00:00.0000000-05:00" testType="13cdc9d9-ddb5-4fa4-a97d-d965ccfc6d4b" outcome="NotExecuted" testListId="8c84fa94-04c1-424b-9868-57a2d4851a1d">
    </UnitTestResult>
    <UnitTestResult executionId="62385e58-f7fa-4c84-99dd-0efdfe6f6598" testId="fa4fde81-0c7b-6c9e-f074-31329de4ad82" testName="updateUserEmailAddressEmailMaxLen" computerName="TOLKIEN" duration="00:00:00" startTime="0001-01-01T00:00:00.0000000-05:00" endTime="0001-01-01T00:00:00.0000000-05:00" testType="13cdc9d9-ddb5-4fa4-a97d-d965ccfc6d4b" outcome="NotExecuted" testListId="8c84fa94-04c1-424b-9868-57a2d4851a1d">
    </UnitTestResult>
    <UnitTestResult executionId="bf4811af-a3a4-43ca-b87f-705d79f583b2" testId="3313d2d0-5480-16e1-f3ac-9d93382371ba" testName="getUserTest" computerName="TOLKIEN" duration="00:00:00" startTime="0001-01-01T00:00:00.0000000-05:00" endTime="0001-01-01T00:00:00.0000000-05:00" testType="13cdc9d9-ddb5-4fa4-a97d-d965ccfc6d4b" outcome="NotExecuted" testListId="8c84fa94-04c1-424b-9868-57a2d4851a1d">
    </UnitTestResult>
    <UnitTestResult executionId="397babd5-1b37-4465-b78d-d8463e62d789" testId="88a752e7-5c9d-d926-4dfc-8a1be934c0f9" testName="getUserUserIDNothing" computerName="TOLKIEN" duration="00:00:00" startTime="0001-01-01T00:00:00.0000000-05:00" endTime="0001-01-01T00:00:00.0000000-05:00" testType="13cdc9d9-ddb5-4fa4-a97d-d965ccfc6d4b" outcome="NotExecuted" testListId="8c84fa94-04c1-424b-9868-57a2d4851a1d">
    </UnitTestResult>
    <UnitTestResult executionId="f4577374-1675-4f64-bb27-bad7d2e7aa6a" testId="538dbcae-3613-3ec0-5462-011bbcef1f66" testName="getUserUserIDMaxLen" computerName="TOLKIEN" duration="00:00:00" startTime="0001-01-01T00:00:00.0000000-05:00" endTime="0001-01-01T00:00:00.0000000-05:00" testType="13cdc9d9-ddb5-4fa4-a97d-d965ccfc6d4b" outcome="NotExecuted" testListId="8c84fa94-04c1-424b-9868-57a2d4851a1d">
    </UnitTestResult>
  </Results>
</TestRun>