<?xml version="1.0" encoding="UTF-8"?>
<TestRun id="de8d44d5-0edb-46a0-b878-6df7c85421b0" name="Josh@TOLKIEN 2011-10-23 23:06:25" runUser="Tolkien\Josh" xmlns="http://microsoft.com/schemas/VisualStudio/TeamTest/2006">
  <TestRunConfiguration name="Local Test Run" id="8ba3157e-c793-4762-8e20-abcfc481c21a">
    <Description>This is a default test run configuration for a local test run.</Description>
    <Deployment runDeploymentRoot="C:\Develop\Budgeteer\TestResults\Josh_TOLKIEN 2011-10-23 23_06_25">
      <DeploymentItem filename="C:\Develop\Budgeteer\BudgeteerObjects\bin\Release\BudgeteerObjects.dll" />
      <DeploymentItem filename="C:\Develop\Budgeteer\BudgeteerDAL\bin\Release\BudgeteerDAL.dll" />
      <DeploymentItem filename="C:\Develop\Budgeteer\BudgeteerBusiness\bin\Release\BudgeteerBusiness.dll" />
    </Deployment>
    <TestTypeSpecific />
  </TestRunConfiguration>
  <ResultSummary outcome="Failed">
    <Counters total="1" executed="1" error="0" failed="1" timeout="0" aborted="0" inconclusive="0" passedButRunAborted="0" notRunnable="0" notExecuted="0" disconnected="0" warning="0" passed="0" completed="0" inProgress="0" pending="0" />
  </ResultSummary>
  <Times creation="2011-10-23T23:06:25.8015881-04:00" queuing="2011-10-23T23:06:28.0697179-04:00" start="2011-10-23T23:06:28.3107317-04:00" finish="2011-10-23T23:07:10.8281635-04:00" />
  <TestDefinitions>
    <UnitTest name="GetUtilizedDollarsByDateTest" storage="c:\develop\budgeteer\budgeteerbusiness.test\bin\release\budgeteerbusiness.test.dll" id="d188c60f-453a-8777-2c99-0dcd4ad79808">
      <Css projectStructure="" iteration="" />
      <Owners>
        <Owner name="" />
      </Owners>
      <Execution id="d74c3011-44e4-4e34-bc3b-949abe51e618" />
      <TestMethod codeBase="C:\Develop\Budgeteer\BudgeteerBusiness.Test\bin\Release\BudgeteerBusiness.Test.dll" adapterTypeName="Microsoft.VisualStudio.TestTools.TestTypes.Unit.UnitTestAdapter, Microsoft.VisualStudio.QualityTools.Tips.UnitTest.Adapter, Version=9.0.0.0, Culture=neutral, PublicKeyToken=b03f5f7f11d50a3a" className="BudgeteerBusiness.Test.BudgetTest, BudgeteerBusiness.Test" name="GetUtilizedDollarsByDateTest" />
    </UnitTest>
  </TestDefinitions>
  <TestLists>
    <TestList name="Results Not in a List" id="8c84fa94-04c1-424b-9868-57a2d4851a1d" />
    <TestList name="All Loaded Results" id="19431567-8539-422a-85d7-44ee4e166bda" />
  </TestLists>
  <TestEntries>
    <TestEntry testId="d188c60f-453a-8777-2c99-0dcd4ad79808" executionId="d74c3011-44e4-4e34-bc3b-949abe51e618" testListId="8c84fa94-04c1-424b-9868-57a2d4851a1d" />
  </TestEntries>
  <Results>
    <UnitTestResult executionId="d74c3011-44e4-4e34-bc3b-949abe51e618" testId="d188c60f-453a-8777-2c99-0dcd4ad79808" testName="GetUtilizedDollarsByDateTest" computerName="TOLKIEN" duration="00:00:41.6190826" startTime="2011-10-23T23:06:28.3957365-04:00" endTime="2011-10-23T23:07:10.5971503-04:00" testType="13cdc9d9-ddb5-4fa4-a97d-d965ccfc6d4b" outcome="Failed" testListId="8c84fa94-04c1-424b-9868-57a2d4851a1d">
      <Output>
        <ErrorInfo>
          <Message>Assert.AreNotEqual failed. Expected any value except:&lt;(null)&gt;. Actual:&lt;(null)&gt;. </Message>
          <StackTrace>   at BudgeteerBusiness.Test.BudgetTest.GetUtilizedDollarsByDateTest() in C:\Develop\Budgeteer\BudgeteerBusiness.Test\BudgetTest.vb:line 332
</StackTrace>
        </ErrorInfo>
      </Output>
    </UnitTestResult>
  </Results>
</TestRun>