<?xml version="1.0" encoding="UTF-8"?>
<TestRun id="47bd456d-225a-4423-9b4d-9dfda6d0967d" name="Josh@TOLKIEN 2011-09-30 23:28:15" runUser="Tolkien\Josh" xmlns="http://microsoft.com/schemas/VisualStudio/TeamTest/2006">
  <TestRunConfiguration name="Local Test Run" id="8ba3157e-c793-4762-8e20-abcfc481c21a">
    <Description>This is a default test run configuration for a local test run.</Description>
    <Deployment runDeploymentRoot="C:\Develop\Budgeteer\TestResults\Josh_TOLKIEN 2011-09-30 23_28_15" />
    <TestTypeSpecific />
  </TestRunConfiguration>
  <ResultSummary outcome="Error">
    <Counters total="151" executed="43" passed="22" error="0" failed="19" timeout="0" aborted="1" inconclusive="1" passedButRunAborted="0" notRunnable="0" notExecuted="108" disconnected="0" warning="0" completed="0" inProgress="0" pending="0" />
    <RunInfos>
      <RunInfo computerName="TOLKIEN" outcome="Error" timestamp="2011-09-30T23:28:46.2036190-04:00">
        <Text>Test host process exited unexpectedly.</Text>
      </RunInfo>
    </RunInfos>
  </ResultSummary>
  <Times creation="2011-09-30T23:28:15.7088748-04:00" queuing="2011-09-30T23:28:36.2390491-04:00" start="2011-09-30T23:28:36.5210652-04:00" finish="2011-09-30T23:28:46.2166198-04:00" />
  <TestDefinitions>
    <UnitTest name="addUserEmailAddressNothing" storage="c:\develop\budgeteer\budgeteerbusiness.test\bin\release\budgeteerbusiness.test.dll" id="90f48b05-4d4f-7605-cb20-2be7d7f85e69">
      <Css projectStructure="" iteration="" />
      <Owners>
        <Owner name="" />
      </Owners>
      <TestMethod codeBase="C:\Develop\Budgeteer\BudgeteerBusiness.Test\bin\Release\BudgeteerBusiness.Test.dll" adapterTypeName="Microsoft.VisualStudio.TestTools.TestTypes.Unit.UnitTestAdapter, Microsoft.VisualStudio.QualityTools.Tips.UnitTest.Adapter, Version=9.0.0.0, Culture=neutral, PublicKeyToken=b03f5f7f11d50a3a" className="BudgeteerBusiness.Test.UserTest, BudgeteerBusiness.Test" name="addUserEmailAddressNothing" />
    </UnitTest>
    <UnitTest name="addCategoryDescriptionMaxLen" storage="c:\develop\budgeteer\budgeteerbusiness.test\bin\release\budgeteerbusiness.test.dll" id="58a09de1-5830-1f36-c16c-3939c3e6e900">
      <Css projectStructure="" iteration="" />
      <Owners>
        <Owner name="" />
      </Owners>
      <TestMethod codeBase="C:\Develop\Budgeteer\BudgeteerBusiness.Test\bin\Release\BudgeteerBusiness.Test.dll" adapterTypeName="Microsoft.VisualStudio.TestTools.TestTypes.Unit.UnitTestAdapter, Microsoft.VisualStudio.QualityTools.Tips.UnitTest.Adapter, Version=9.0.0.0, Culture=neutral, PublicKeyToken=b03f5f7f11d50a3a" className="BudgeteerBusiness.Test.CategoryTest, BudgeteerBusiness.Test" name="addCategoryDescriptionMaxLen" />
    </UnitTest>
    <UnitTest name="getUserUserIDMaxLen" storage="c:\develop\budgeteer\budgeteerbusiness.test\bin\release\budgeteerbusiness.test.dll" id="538dbcae-3613-3ec0-5462-011bbcef1f66">
      <Css projectStructure="" iteration="" />
      <Owners>
        <Owner name="" />
      </Owners>
      <TestMethod codeBase="C:\Develop\Budgeteer\BudgeteerBusiness.Test\bin\Release\BudgeteerBusiness.Test.dll" adapterTypeName="Microsoft.VisualStudio.TestTools.TestTypes.Unit.UnitTestAdapter, Microsoft.VisualStudio.QualityTools.Tips.UnitTest.Adapter, Version=9.0.0.0, Culture=neutral, PublicKeyToken=b03f5f7f11d50a3a" className="BudgeteerBusiness.Test.UserTest, BudgeteerBusiness.Test" name="getUserUserIDMaxLen" />
    </UnitTest>
    <UnitTest name="AddAccountTest" storage="c:\develop\budgeteer\budgeteerbusiness.test\bin\release\budgeteerbusiness.test.dll" id="8dcb2405-5c91-c749-7201-777f5347a181">
      <Css projectStructure="" iteration="" />
      <Owners>
        <Owner name="" />
      </Owners>
      <Execution id="510a951a-132d-4c0d-b1f5-c9be018b1056" />
      <TestMethod codeBase="C:\Develop\Budgeteer\BudgeteerBusiness.Test\bin\Release\BudgeteerBusiness.Test.dll" adapterTypeName="Microsoft.VisualStudio.TestTools.TestTypes.Unit.UnitTestAdapter, Microsoft.VisualStudio.QualityTools.Tips.UnitTest.Adapter, Version=9.0.0.0, Culture=neutral, PublicKeyToken=b03f5f7f11d50a3a" className="BudgeteerBusiness.Test.BankAccountTest, BudgeteerBusiness.Test" name="AddAccountTest" />
    </UnitTest>
    <UnitTest name="getSettingsUserIDBlank" storage="c:\develop\budgeteer\budgeteerbusiness.test\bin\release\budgeteerbusiness.test.dll" id="8cd615c6-e162-c613-892a-65fc09419773">
      <Css projectStructure="" iteration="" />
      <Owners>
        <Owner name="" />
      </Owners>
      <Execution id="609fd9dc-40b1-489d-a24b-46f5f2cb3ba1" />
      <TestMethod codeBase="C:\Develop\Budgeteer\BudgeteerBusiness.Test\bin\Release\BudgeteerBusiness.Test.dll" adapterTypeName="Microsoft.VisualStudio.TestTools.TestTypes.Unit.UnitTestAdapter, Microsoft.VisualStudio.QualityTools.Tips.UnitTest.Adapter, Version=9.0.0.0, Culture=neutral, PublicKeyToken=b03f5f7f11d50a3a" className="BudgeteerBusiness.Test.ApplicationSettingTest, BudgeteerBusiness.Test" name="getSettingsUserIDBlank" />
    </UnitTest>
    <UnitTest name="updateSubcategoryDescriptionMaxLen" storage="c:\develop\budgeteer\budgeteerbusiness.test\bin\release\budgeteerbusiness.test.dll" id="2a218d4d-f796-c1d6-fb62-a245094f3715">
      <Css projectStructure="" iteration="" />
      <Owners>
        <Owner name="" />
      </Owners>
      <TestMethod codeBase="C:\Develop\Budgeteer\BudgeteerBusiness.Test\bin\Release\BudgeteerBusiness.Test.dll" adapterTypeName="Microsoft.VisualStudio.TestTools.TestTypes.Unit.UnitTestAdapter, Microsoft.VisualStudio.QualityTools.Tips.UnitTest.Adapter, Version=9.0.0.0, Culture=neutral, PublicKeyToken=b03f5f7f11d50a3a" className="BudgeteerBusiness.Test.SubcategoryTest, BudgeteerBusiness.Test" name="updateSubcategoryDescriptionMaxLen" />
    </UnitTest>
    <UnitTest name="addSubcategoryDescriptionMaxLen" storage="c:\develop\budgeteer\budgeteerbusiness.test\bin\release\budgeteerbusiness.test.dll" id="bbfe51fd-ce1b-3e52-a251-5d90aeb6a97a">
      <Css projectStructure="" iteration="" />
      <Owners>
        <Owner name="" />
      </Owners>
      <TestMethod codeBase="C:\Develop\Budgeteer\BudgeteerBusiness.Test\bin\Release\BudgeteerBusiness.Test.dll" adapterTypeName="Microsoft.VisualStudio.TestTools.TestTypes.Unit.UnitTestAdapter, Microsoft.VisualStudio.QualityTools.Tips.UnitTest.Adapter, Version=9.0.0.0, Culture=neutral, PublicKeyToken=b03f5f7f11d50a3a" className="BudgeteerBusiness.Test.SubcategoryTest, BudgeteerBusiness.Test" name="addSubcategoryDescriptionMaxLen" />
    </UnitTest>
    <UnitTest name="getTransactionsTest" storage="c:\develop\budgeteer\budgeteerbusiness.test\bin\release\budgeteerbusiness.test.dll" id="0c74f04e-4ac5-b7a6-358f-741d4d504a08">
      <Css projectStructure="" iteration="" />
      <Owners>
        <Owner name="" />
      </Owners>
      <TestMethod codeBase="C:\Develop\Budgeteer\BudgeteerBusiness.Test\bin\Release\BudgeteerBusiness.Test.dll" adapterTypeName="Microsoft.VisualStudio.TestTools.TestTypes.Unit.UnitTestAdapter, Microsoft.VisualStudio.QualityTools.Tips.UnitTest.Adapter, Version=9.0.0.0, Culture=neutral, PublicKeyToken=b03f5f7f11d50a3a" className="BudgeteerBusiness.Test.TransactionTest, BudgeteerBusiness.Test" name="getTransactionsTest" />
    </UnitTest>
    <UnitTest name="authenticateUserTest" storage="c:\develop\budgeteer\budgeteerbusiness.test\bin\release\budgeteerbusiness.test.dll" id="a2d4949d-2288-66c6-b89d-8f558bc7feba">
      <Css projectStructure="" iteration="" />
      <Owners>
        <Owner name="" />
      </Owners>
      <TestMethod codeBase="C:\Develop\Budgeteer\BudgeteerBusiness.Test\bin\Release\BudgeteerBusiness.Test.dll" adapterTypeName="Microsoft.VisualStudio.TestTools.TestTypes.Unit.UnitTestAdapter, Microsoft.VisualStudio.QualityTools.Tips.UnitTest.Adapter, Version=9.0.0.0, Culture=neutral, PublicKeyToken=b03f5f7f11d50a3a" className="BudgeteerBusiness.Test.SecurityTest, BudgeteerBusiness.Test" name="authenticateUserTest" />
    </UnitTest>
    <UnitTest name="addTransactionAccountAdjust" storage="c:\develop\budgeteer\budgeteerbusiness.test\bin\release\budgeteerbusiness.test.dll" id="4dfbf887-b7a9-b491-3023-62dba6f89178">
      <Css projectStructure="" iteration="" />
      <Owners>
        <Owner name="" />
      </Owners>
      <TestMethod codeBase="C:\Develop\Budgeteer\BudgeteerBusiness.Test\bin\Release\BudgeteerBusiness.Test.dll" adapterTypeName="Microsoft.VisualStudio.TestTools.TestTypes.Unit.UnitTestAdapter, Microsoft.VisualStudio.QualityTools.Tips.UnitTest.Adapter, Version=9.0.0.0, Culture=neutral, PublicKeyToken=b03f5f7f11d50a3a" className="BudgeteerBusiness.Test.TransactionTest, BudgeteerBusiness.Test" name="addTransactionAccountAdjust" />
    </UnitTest>
    <UnitTest name="AddBudgetFrequencyBlank" storage="c:\develop\budgeteer\budgeteerbusiness.test\bin\release\budgeteerbusiness.test.dll" id="61fdb9d7-48c5-641a-6f66-dfa77bb5a005">
      <Css projectStructure="" iteration="" />
      <Owners>
        <Owner name="" />
      </Owners>
      <Execution id="db39f7ba-e6b1-44b1-bc3e-d814d4ba6509" />
      <TestMethod codeBase="C:\Develop\Budgeteer\BudgeteerBusiness.Test\bin\Release\BudgeteerBusiness.Test.dll" adapterTypeName="Microsoft.VisualStudio.TestTools.TestTypes.Unit.UnitTestAdapter, Microsoft.VisualStudio.QualityTools.Tips.UnitTest.Adapter, Version=9.0.0.0, Culture=neutral, PublicKeyToken=b03f5f7f11d50a3a" className="BudgeteerBusiness.Test.BudgetTest, BudgeteerBusiness.Test" name="AddBudgetFrequencyBlank" />
    </UnitTest>
    <UnitTest name="updateSubcategorySinkingFundNotYOrN" storage="c:\develop\budgeteer\budgeteerbusiness.test\bin\release\budgeteerbusiness.test.dll" id="27188a8b-a7e8-3977-ee02-1bbd41b1cb1b">
      <Css projectStructure="" iteration="" />
      <Owners>
        <Owner name="" />
      </Owners>
      <TestMethod codeBase="C:\Develop\Budgeteer\BudgeteerBusiness.Test\bin\Release\BudgeteerBusiness.Test.dll" adapterTypeName="Microsoft.VisualStudio.TestTools.TestTypes.Unit.UnitTestAdapter, Microsoft.VisualStudio.QualityTools.Tips.UnitTest.Adapter, Version=9.0.0.0, Culture=neutral, PublicKeyToken=b03f5f7f11d50a3a" className="BudgeteerBusiness.Test.SubcategoryTest, BudgeteerBusiness.Test" name="updateSubcategorySinkingFundNotYOrN" />
    </UnitTest>
    <UnitTest name="getTransactionFirstYear" storage="c:\develop\budgeteer\budgeteerbusiness.test\bin\release\budgeteerbusiness.test.dll" id="9a3d0807-6457-caa6-13cd-e3a1911026ea">
      <Css projectStructure="" iteration="" />
      <Owners>
        <Owner name="" />
      </Owners>
      <TestMethod codeBase="C:\Develop\Budgeteer\BudgeteerBusiness.Test\bin\Release\BudgeteerBusiness.Test.dll" adapterTypeName="Microsoft.VisualStudio.TestTools.TestTypes.Unit.UnitTestAdapter, Microsoft.VisualStudio.QualityTools.Tips.UnitTest.Adapter, Version=9.0.0.0, Culture=neutral, PublicKeyToken=b03f5f7f11d50a3a" className="BudgeteerBusiness.Test.TransactionTest, BudgeteerBusiness.Test" name="getTransactionFirstYear" />
    </UnitTest>
    <UnitTest name="DeleteAccountTest" storage="c:\develop\budgeteer\budgeteerbusiness.test\bin\release\budgeteerbusiness.test.dll" id="b47ab333-b0fd-87a2-450b-d6079dce8ac2">
      <Css projectStructure="" iteration="" />
      <Owners>
        <Owner name="" />
      </Owners>
      <Execution id="b1c79210-b363-4623-ad00-94a44d24bb74" />
      <TestMethod codeBase="C:\Develop\Budgeteer\BudgeteerBusiness.Test\bin\Release\BudgeteerBusiness.Test.dll" adapterTypeName="Microsoft.VisualStudio.TestTools.TestTypes.Unit.UnitTestAdapter, Microsoft.VisualStudio.QualityTools.Tips.UnitTest.Adapter, Version=9.0.0.0, Culture=neutral, PublicKeyToken=b03f5f7f11d50a3a" className="BudgeteerBusiness.Test.BankAccountTest, BudgeteerBusiness.Test" name="DeleteAccountTest" />
    </UnitTest>
    <UnitTest name="addUserUserIDNothing" storage="c:\develop\budgeteer\budgeteerbusiness.test\bin\release\budgeteerbusiness.test.dll" id="0da9cb98-0025-f1cc-5c4e-78987bd1ba0a">
      <Css projectStructure="" iteration="" />
      <Owners>
        <Owner name="" />
      </Owners>
      <TestMethod codeBase="C:\Develop\Budgeteer\BudgeteerBusiness.Test\bin\Release\BudgeteerBusiness.Test.dll" adapterTypeName="Microsoft.VisualStudio.TestTools.TestTypes.Unit.UnitTestAdapter, Microsoft.VisualStudio.QualityTools.Tips.UnitTest.Adapter, Version=9.0.0.0, Culture=neutral, PublicKeyToken=b03f5f7f11d50a3a" className="BudgeteerBusiness.Test.UserTest, BudgeteerBusiness.Test" name="addUserUserIDNothing" />
    </UnitTest>
    <UnitTest name="addUserFirstNameNothing" storage="c:\develop\budgeteer\budgeteerbusiness.test\bin\release\budgeteerbusiness.test.dll" id="009665bb-5de0-8593-a32b-50bf52a35d2c">
      <Css projectStructure="" iteration="" />
      <Owners>
        <Owner name="" />
      </Owners>
      <TestMethod codeBase="C:\Develop\Budgeteer\BudgeteerBusiness.Test\bin\Release\BudgeteerBusiness.Test.dll" adapterTypeName="Microsoft.VisualStudio.TestTools.TestTypes.Unit.UnitTestAdapter, Microsoft.VisualStudio.QualityTools.Tips.UnitTest.Adapter, Version=9.0.0.0, Culture=neutral, PublicKeyToken=b03f5f7f11d50a3a" className="BudgeteerBusiness.Test.UserTest, BudgeteerBusiness.Test" name="addUserFirstNameNothing" />
    </UnitTest>
    <UnitTest name="addSubcategorySubcategoryNothing" storage="c:\develop\budgeteer\budgeteerbusiness.test\bin\release\budgeteerbusiness.test.dll" id="f627b55d-1ae3-286c-f067-07f1ac287750">
      <Css projectStructure="" iteration="" />
      <Owners>
        <Owner name="" />
      </Owners>
      <TestMethod codeBase="C:\Develop\Budgeteer\BudgeteerBusiness.Test\bin\Release\BudgeteerBusiness.Test.dll" adapterTypeName="Microsoft.VisualStudio.TestTools.TestTypes.Unit.UnitTestAdapter, Microsoft.VisualStudio.QualityTools.Tips.UnitTest.Adapter, Version=9.0.0.0, Culture=neutral, PublicKeyToken=b03f5f7f11d50a3a" className="BudgeteerBusiness.Test.SubcategoryTest, BudgeteerBusiness.Test" name="addSubcategorySubcategoryNothing" />
    </UnitTest>
    <UnitTest name="UpdateBudgetTest" storage="c:\develop\budgeteer\budgeteerbusiness.test\bin\release\budgeteerbusiness.test.dll" id="4a8176c5-a77c-0df9-87fa-be9df67b74cb">
      <Css projectStructure="" iteration="" />
      <Owners>
        <Owner name="" />
      </Owners>
      <TestMethod codeBase="C:\Develop\Budgeteer\BudgeteerBusiness.Test\bin\Release\BudgeteerBusiness.Test.dll" adapterTypeName="Microsoft.VisualStudio.TestTools.TestTypes.Unit.UnitTestAdapter, Microsoft.VisualStudio.QualityTools.Tips.UnitTest.Adapter, Version=9.0.0.0, Culture=neutral, PublicKeyToken=b03f5f7f11d50a3a" className="BudgeteerBusiness.Test.BudgetTest, BudgeteerBusiness.Test" name="UpdateBudgetTest" />
    </UnitTest>
    <UnitTest name="deleteFrequencyTest" storage="c:\develop\budgeteer\budgeteerbusiness.test\bin\release\budgeteerbusiness.test.dll" id="83c6509b-b125-a15a-14be-8af19ed1aed9">
      <Css projectStructure="" iteration="" />
      <Owners>
        <Owner name="" />
      </Owners>
      <TestMethod codeBase="C:\Develop\Budgeteer\BudgeteerBusiness.Test\bin\Release\BudgeteerBusiness.Test.dll" adapterTypeName="Microsoft.VisualStudio.TestTools.TestTypes.Unit.UnitTestAdapter, Microsoft.VisualStudio.QualityTools.Tips.UnitTest.Adapter, Version=9.0.0.0, Culture=neutral, PublicKeyToken=b03f5f7f11d50a3a" className="BudgeteerBusiness.Test.FrequencyTest, BudgeteerBusiness.Test" name="deleteFrequencyTest" />
    </UnitTest>
    <UnitTest name="updateFrequencyDescriptionNothing" storage="c:\develop\budgeteer\budgeteerbusiness.test\bin\release\budgeteerbusiness.test.dll" id="a4fa7f01-082a-f733-8a2d-b25ea8023d30">
      <Css projectStructure="" iteration="" />
      <Owners>
        <Owner name="" />
      </Owners>
      <TestMethod codeBase="C:\Develop\Budgeteer\BudgeteerBusiness.Test\bin\Release\BudgeteerBusiness.Test.dll" adapterTypeName="Microsoft.VisualStudio.TestTools.TestTypes.Unit.UnitTestAdapter, Microsoft.VisualStudio.QualityTools.Tips.UnitTest.Adapter, Version=9.0.0.0, Culture=neutral, PublicKeyToken=b03f5f7f11d50a3a" className="BudgeteerBusiness.Test.FrequencyTest, BudgeteerBusiness.Test" name="updateFrequencyDescriptionNothing" />
    </UnitTest>
    <UnitTest name="updateCategoryCategoryIDNothing" storage="c:\develop\budgeteer\budgeteerbusiness.test\bin\release\budgeteerbusiness.test.dll" id="a8ff8f1a-6307-d134-859e-78279102c9ce">
      <Css projectStructure="" iteration="" />
      <Owners>
        <Owner name="" />
      </Owners>
      <TestMethod codeBase="C:\Develop\Budgeteer\BudgeteerBusiness.Test\bin\Release\BudgeteerBusiness.Test.dll" adapterTypeName="Microsoft.VisualStudio.TestTools.TestTypes.Unit.UnitTestAdapter, Microsoft.VisualStudio.QualityTools.Tips.UnitTest.Adapter, Version=9.0.0.0, Culture=neutral, PublicKeyToken=b03f5f7f11d50a3a" className="BudgeteerBusiness.Test.CategoryTest, BudgeteerBusiness.Test" name="updateCategoryCategoryIDNothing" />
    </UnitTest>
    <UnitTest name="AccountUpdateTest" storage="c:\develop\budgeteer\budgeteerbusiness.test\bin\release\budgeteerbusiness.test.dll" id="acd7067b-97cd-802a-af1a-b1adb9e60800">
      <Css projectStructure="" iteration="" />
      <Owners>
        <Owner name="" />
      </Owners>
      <Execution id="fde8a5f5-306b-4a8e-8648-be3963d18916" />
      <TestMethod codeBase="C:\Develop\Budgeteer\BudgeteerBusiness.Test\bin\Release\BudgeteerBusiness.Test.dll" adapterTypeName="Microsoft.VisualStudio.TestTools.TestTypes.Unit.UnitTestAdapter, Microsoft.VisualStudio.QualityTools.Tips.UnitTest.Adapter, Version=9.0.0.0, Culture=neutral, PublicKeyToken=b03f5f7f11d50a3a" className="BudgeteerBusiness.Test.BankAccountTest, BudgeteerBusiness.Test" name="AccountUpdateTest" />
    </UnitTest>
    <UnitTest name="addCategoryTest" storage="c:\develop\budgeteer\budgeteerbusiness.test\bin\release\budgeteerbusiness.test.dll" id="28a40b92-ebf0-3021-bfd0-8669c95f701b">
      <Css projectStructure="" iteration="" />
      <Owners>
        <Owner name="" />
      </Owners>
      <TestMethod codeBase="C:\Develop\Budgeteer\BudgeteerBusiness.Test\bin\Release\BudgeteerBusiness.Test.dll" adapterTypeName="Microsoft.VisualStudio.TestTools.TestTypes.Unit.UnitTestAdapter, Microsoft.VisualStudio.QualityTools.Tips.UnitTest.Adapter, Version=9.0.0.0, Culture=neutral, PublicKeyToken=b03f5f7f11d50a3a" className="BudgeteerBusiness.Test.CategoryTest, BudgeteerBusiness.Test" name="addCategoryTest" />
    </UnitTest>
    <UnitTest name="AddBudgetTest" storage="c:\develop\budgeteer\budgeteerbusiness.test\bin\release\budgeteerbusiness.test.dll" id="ec84c0d8-8089-6d3c-3b32-6d388f8132a6">
      <Css projectStructure="" iteration="" />
      <Owners>
        <Owner name="" />
      </Owners>
      <Execution id="5cf0fac1-902c-4a9c-9b59-0da1c2347684" />
      <TestMethod codeBase="C:\Develop\Budgeteer\BudgeteerBusiness.Test\bin\Release\BudgeteerBusiness.Test.dll" adapterTypeName="Microsoft.VisualStudio.TestTools.TestTypes.Unit.UnitTestAdapter, Microsoft.VisualStudio.QualityTools.Tips.UnitTest.Adapter, Version=9.0.0.0, Culture=neutral, PublicKeyToken=b03f5f7f11d50a3a" className="BudgeteerBusiness.Test.BudgetTest, BudgeteerBusiness.Test" name="AddBudgetTest" />
    </UnitTest>
    <UnitTest name="setSettingSettingBlank" storage="c:\develop\budgeteer\budgeteerbusiness.test\bin\release\budgeteerbusiness.test.dll" id="83dddd9a-5fdf-d50e-591b-83ffd2e26894">
      <Css projectStructure="" iteration="" />
      <Owners>
        <Owner name="" />
      </Owners>
      <Execution id="b0f6f607-9c57-44a9-9da5-72f2c2cf6c3f" />
      <TestMethod codeBase="C:\Develop\Budgeteer\BudgeteerBusiness.Test\bin\Release\BudgeteerBusiness.Test.dll" adapterTypeName="Microsoft.VisualStudio.TestTools.TestTypes.Unit.UnitTestAdapter, Microsoft.VisualStudio.QualityTools.Tips.UnitTest.Adapter, Version=9.0.0.0, Culture=neutral, PublicKeyToken=b03f5f7f11d50a3a" className="BudgeteerBusiness.Test.ApplicationSettingTest, BudgeteerBusiness.Test" name="setSettingSettingBlank" />
    </UnitTest>
    <UnitTest name="AddAccountAccountNameNothing" storage="c:\develop\budgeteer\budgeteerbusiness.test\bin\release\budgeteerbusiness.test.dll" id="76e91602-d7b1-974d-3752-f1032f6e14fd">
      <Css projectStructure="" iteration="" />
      <Owners>
        <Owner name="" />
      </Owners>
      <Execution id="a97d2301-40b1-498a-b629-db4b3284caec" />
      <TestMethod codeBase="C:\Develop\Budgeteer\BudgeteerBusiness.Test\bin\Release\BudgeteerBusiness.Test.dll" adapterTypeName="Microsoft.VisualStudio.TestTools.TestTypes.Unit.UnitTestAdapter, Microsoft.VisualStudio.QualityTools.Tips.UnitTest.Adapter, Version=9.0.0.0, Culture=neutral, PublicKeyToken=b03f5f7f11d50a3a" className="BudgeteerBusiness.Test.BankAccountTest, BudgeteerBusiness.Test" name="AddAccountAccountNameNothing" />
    </UnitTest>
    <UnitTest name="AccountUpdateAccountNumberMaxLen" storage="c:\develop\budgeteer\budgeteerbusiness.test\bin\release\budgeteerbusiness.test.dll" id="fd0567ca-ebac-cdf4-0d35-eaae1abf4f60">
      <Css projectStructure="" iteration="" />
      <Owners>
        <Owner name="" />
      </Owners>
      <Execution id="9e326f27-8451-4cbe-a912-cc6d5de90edf" />
      <TestMethod codeBase="C:\Develop\Budgeteer\BudgeteerBusiness.Test\bin\Release\BudgeteerBusiness.Test.dll" adapterTypeName="Microsoft.VisualStudio.TestTools.TestTypes.Unit.UnitTestAdapter, Microsoft.VisualStudio.QualityTools.Tips.UnitTest.Adapter, Version=9.0.0.0, Culture=neutral, PublicKeyToken=b03f5f7f11d50a3a" className="BudgeteerBusiness.Test.BankAccountTest, BudgeteerBusiness.Test" name="AccountUpdateAccountNumberMaxLen" />
    </UnitTest>
    <UnitTest name="addSubcategoryTest" storage="c:\develop\budgeteer\budgeteerbusiness.test\bin\release\budgeteerbusiness.test.dll" id="6c1d12e8-2a89-22ef-766d-cb51fcbbb230">
      <Css projectStructure="" iteration="" />
      <Owners>
        <Owner name="" />
      </Owners>
      <TestMethod codeBase="C:\Develop\Budgeteer\BudgeteerBusiness.Test\bin\Release\BudgeteerBusiness.Test.dll" adapterTypeName="Microsoft.VisualStudio.TestTools.TestTypes.Unit.UnitTestAdapter, Microsoft.VisualStudio.QualityTools.Tips.UnitTest.Adapter, Version=9.0.0.0, Culture=neutral, PublicKeyToken=b03f5f7f11d50a3a" className="BudgeteerBusiness.Test.SubcategoryTest, BudgeteerBusiness.Test" name="addSubcategoryTest" />
    </UnitTest>
    <UnitTest name="updateTransactionTest" storage="c:\develop\budgeteer\budgeteerbusiness.test\bin\release\budgeteerbusiness.test.dll" id="1ce94126-b660-0ac9-06d3-af2dd6c473a7">
      <Css projectStructure="" iteration="" />
      <Owners>
        <Owner name="" />
      </Owners>
      <TestMethod codeBase="C:\Develop\Budgeteer\BudgeteerBusiness.Test\bin\Release\BudgeteerBusiness.Test.dll" adapterTypeName="Microsoft.VisualStudio.TestTools.TestTypes.Unit.UnitTestAdapter, Microsoft.VisualStudio.QualityTools.Tips.UnitTest.Adapter, Version=9.0.0.0, Culture=neutral, PublicKeyToken=b03f5f7f11d50a3a" className="BudgeteerBusiness.Test.TransactionTest, BudgeteerBusiness.Test" name="updateTransactionTest" />
    </UnitTest>
    <UnitTest name="addCategoryUserIDNothing" storage="c:\develop\budgeteer\budgeteerbusiness.test\bin\release\budgeteerbusiness.test.dll" id="532e8336-e148-b747-29ed-96f8fa85edc7">
      <Css projectStructure="" iteration="" />
      <Owners>
        <Owner name="" />
      </Owners>
      <TestMethod codeBase="C:\Develop\Budgeteer\BudgeteerBusiness.Test\bin\Release\BudgeteerBusiness.Test.dll" adapterTypeName="Microsoft.VisualStudio.TestTools.TestTypes.Unit.UnitTestAdapter, Microsoft.VisualStudio.QualityTools.Tips.UnitTest.Adapter, Version=9.0.0.0, Culture=neutral, PublicKeyToken=b03f5f7f11d50a3a" className="BudgeteerBusiness.Test.CategoryTest, BudgeteerBusiness.Test" name="addCategoryUserIDNothing" />
    </UnitTest>
    <UnitTest name="addTransactionDateNothing" storage="c:\develop\budgeteer\budgeteerbusiness.test\bin\release\budgeteerbusiness.test.dll" id="d9c74070-150a-6459-f8b5-cd6b0de2b4ec">
      <Css projectStructure="" iteration="" />
      <Owners>
        <Owner name="" />
      </Owners>
      <TestMethod codeBase="C:\Develop\Budgeteer\BudgeteerBusiness.Test\bin\Release\BudgeteerBusiness.Test.dll" adapterTypeName="Microsoft.VisualStudio.TestTools.TestTypes.Unit.UnitTestAdapter, Microsoft.VisualStudio.QualityTools.Tips.UnitTest.Adapter, Version=9.0.0.0, Culture=neutral, PublicKeyToken=b03f5f7f11d50a3a" className="BudgeteerBusiness.Test.TransactionTest, BudgeteerBusiness.Test" name="addTransactionDateNothing" />
    </UnitTest>
    <UnitTest name="AddAccountAccountNameMaxLen" storage="c:\develop\budgeteer\budgeteerbusiness.test\bin\release\budgeteerbusiness.test.dll" id="6f61982a-b51b-27fe-1f93-482011c4b473">
      <Css projectStructure="" iteration="" />
      <Owners>
        <Owner name="" />
      </Owners>
      <Execution id="de4c48a5-a12f-427d-846f-2fea4b8ed884" />
      <TestMethod codeBase="C:\Develop\Budgeteer\BudgeteerBusiness.Test\bin\Release\BudgeteerBusiness.Test.dll" adapterTypeName="Microsoft.VisualStudio.TestTools.TestTypes.Unit.UnitTestAdapter, Microsoft.VisualStudio.QualityTools.Tips.UnitTest.Adapter, Version=9.0.0.0, Culture=neutral, PublicKeyToken=b03f5f7f11d50a3a" className="BudgeteerBusiness.Test.BankAccountTest, BudgeteerBusiness.Test" name="AddAccountAccountNameMaxLen" />
    </UnitTest>
    <UnitTest name="updateCategoryTest" storage="c:\develop\budgeteer\budgeteerbusiness.test\bin\release\budgeteerbusiness.test.dll" id="8fc9d453-58a3-7668-636c-73ada71a9a28">
      <Css projectStructure="" iteration="" />
      <Owners>
        <Owner name="" />
      </Owners>
      <TestMethod codeBase="C:\Develop\Budgeteer\BudgeteerBusiness.Test\bin\Release\BudgeteerBusiness.Test.dll" adapterTypeName="Microsoft.VisualStudio.TestTools.TestTypes.Unit.UnitTestAdapter, Microsoft.VisualStudio.QualityTools.Tips.UnitTest.Adapter, Version=9.0.0.0, Culture=neutral, PublicKeyToken=b03f5f7f11d50a3a" className="BudgeteerBusiness.Test.CategoryTest, BudgeteerBusiness.Test" name="updateCategoryTest" />
    </UnitTest>
    <UnitTest name="addTransactionDescriptionNothing" storage="c:\develop\budgeteer\budgeteerbusiness.test\bin\release\budgeteerbusiness.test.dll" id="da27e590-9f13-60c6-1ba7-9957aed51717">
      <Css projectStructure="" iteration="" />
      <Owners>
        <Owner name="" />
      </Owners>
      <TestMethod codeBase="C:\Develop\Budgeteer\BudgeteerBusiness.Test\bin\Release\BudgeteerBusiness.Test.dll" adapterTypeName="Microsoft.VisualStudio.TestTools.TestTypes.Unit.UnitTestAdapter, Microsoft.VisualStudio.QualityTools.Tips.UnitTest.Adapter, Version=9.0.0.0, Culture=neutral, PublicKeyToken=b03f5f7f11d50a3a" className="BudgeteerBusiness.Test.TransactionTest, BudgeteerBusiness.Test" name="addTransactionDescriptionNothing" />
    </UnitTest>
    <UnitTest name="UpdateBudgetStartDateBlank" storage="c:\develop\budgeteer\budgeteerbusiness.test\bin\release\budgeteerbusiness.test.dll" id="b7f0e8a2-8926-f837-3cda-c1c849c6826c">
      <Css projectStructure="" iteration="" />
      <Owners>
        <Owner name="" />
      </Owners>
      <TestMethod codeBase="C:\Develop\Budgeteer\BudgeteerBusiness.Test\bin\Release\BudgeteerBusiness.Test.dll" adapterTypeName="Microsoft.VisualStudio.TestTools.TestTypes.Unit.UnitTestAdapter, Microsoft.VisualStudio.QualityTools.Tips.UnitTest.Adapter, Version=9.0.0.0, Culture=neutral, PublicKeyToken=b03f5f7f11d50a3a" className="BudgeteerBusiness.Test.BudgetTest, BudgeteerBusiness.Test" name="UpdateBudgetStartDateBlank" />
    </UnitTest>
    <UnitTest name="updateSubcategoryTest" storage="c:\develop\budgeteer\budgeteerbusiness.test\bin\release\budgeteerbusiness.test.dll" id="bedc9ca5-0715-f75f-5275-d225bacd5374">
      <Css projectStructure="" iteration="" />
      <Owners>
        <Owner name="" />
      </Owners>
      <TestMethod codeBase="C:\Develop\Budgeteer\BudgeteerBusiness.Test\bin\Release\BudgeteerBusiness.Test.dll" adapterTypeName="Microsoft.VisualStudio.TestTools.TestTypes.Unit.UnitTestAdapter, Microsoft.VisualStudio.QualityTools.Tips.UnitTest.Adapter, Version=9.0.0.0, Culture=neutral, PublicKeyToken=b03f5f7f11d50a3a" className="BudgeteerBusiness.Test.SubcategoryTest, BudgeteerBusiness.Test" name="updateSubcategoryTest" />
    </UnitTest>
    <UnitTest name="addUserLastNameMaxLen" storage="c:\develop\budgeteer\budgeteerbusiness.test\bin\release\budgeteerbusiness.test.dll" id="d34b29c4-f075-6bcd-bac5-00d2275289a2">
      <Css projectStructure="" iteration="" />
      <Owners>
        <Owner name="" />
      </Owners>
      <TestMethod codeBase="C:\Develop\Budgeteer\BudgeteerBusiness.Test\bin\Release\BudgeteerBusiness.Test.dll" adapterTypeName="Microsoft.VisualStudio.TestTools.TestTypes.Unit.UnitTestAdapter, Microsoft.VisualStudio.QualityTools.Tips.UnitTest.Adapter, Version=9.0.0.0, Culture=neutral, PublicKeyToken=b03f5f7f11d50a3a" className="BudgeteerBusiness.Test.UserTest, BudgeteerBusiness.Test" name="addUserLastNameMaxLen" />
    </UnitTest>
    <UnitTest name="updateUserEmailAddressEmailNothing" storage="c:\develop\budgeteer\budgeteerbusiness.test\bin\release\budgeteerbusiness.test.dll" id="80c414af-5874-d05b-df07-60a9f219452e">
      <Css projectStructure="" iteration="" />
      <Owners>
        <Owner name="" />
      </Owners>
      <TestMethod codeBase="C:\Develop\Budgeteer\BudgeteerBusiness.Test\bin\Release\BudgeteerBusiness.Test.dll" adapterTypeName="Microsoft.VisualStudio.TestTools.TestTypes.Unit.UnitTestAdapter, Microsoft.VisualStudio.QualityTools.Tips.UnitTest.Adapter, Version=9.0.0.0, Culture=neutral, PublicKeyToken=b03f5f7f11d50a3a" className="BudgeteerBusiness.Test.UserTest, BudgeteerBusiness.Test" name="updateUserEmailAddressEmailNothing" />
    </UnitTest>
    <UnitTest name="updateUserPasswordPasswordMaxLen" storage="c:\develop\budgeteer\budgeteerbusiness.test\bin\release\budgeteerbusiness.test.dll" id="284bf1a9-75d1-2878-109e-644bc848b2b3">
      <Css projectStructure="" iteration="" />
      <Owners>
        <Owner name="" />
      </Owners>
      <TestMethod codeBase="C:\Develop\Budgeteer\BudgeteerBusiness.Test\bin\Release\BudgeteerBusiness.Test.dll" adapterTypeName="Microsoft.VisualStudio.TestTools.TestTypes.Unit.UnitTestAdapter, Microsoft.VisualStudio.QualityTools.Tips.UnitTest.Adapter, Version=9.0.0.0, Culture=neutral, PublicKeyToken=b03f5f7f11d50a3a" className="BudgeteerBusiness.Test.UserTest, BudgeteerBusiness.Test" name="updateUserPasswordPasswordMaxLen" />
    </UnitTest>
    <UnitTest name="deleteBudgetBudgetIDBlank" storage="c:\develop\budgeteer\budgeteerbusiness.test\bin\release\budgeteerbusiness.test.dll" id="799311e6-1da3-8fae-d135-4dafc9b3c1eb">
      <Css projectStructure="" iteration="" />
      <Owners>
        <Owner name="" />
      </Owners>
      <TestMethod codeBase="C:\Develop\Budgeteer\BudgeteerBusiness.Test\bin\Release\BudgeteerBusiness.Test.dll" adapterTypeName="Microsoft.VisualStudio.TestTools.TestTypes.Unit.UnitTestAdapter, Microsoft.VisualStudio.QualityTools.Tips.UnitTest.Adapter, Version=9.0.0.0, Culture=neutral, PublicKeyToken=b03f5f7f11d50a3a" className="BudgeteerBusiness.Test.BudgetTest, BudgeteerBusiness.Test" name="deleteBudgetBudgetIDBlank" />
    </UnitTest>
    <UnitTest name="updateUserPasswordPasswordNothing" storage="c:\develop\budgeteer\budgeteerbusiness.test\bin\release\budgeteerbusiness.test.dll" id="96ea8a44-4a4b-1549-f98e-7f968bf38c44">
      <Css projectStructure="" iteration="" />
      <Owners>
        <Owner name="" />
      </Owners>
      <TestMethod codeBase="C:\Develop\Budgeteer\BudgeteerBusiness.Test\bin\Release\BudgeteerBusiness.Test.dll" adapterTypeName="Microsoft.VisualStudio.TestTools.TestTypes.Unit.UnitTestAdapter, Microsoft.VisualStudio.QualityTools.Tips.UnitTest.Adapter, Version=9.0.0.0, Culture=neutral, PublicKeyToken=b03f5f7f11d50a3a" className="BudgeteerBusiness.Test.UserTest, BudgeteerBusiness.Test" name="updateUserPasswordPasswordNothing" />
    </UnitTest>
    <UnitTest name="AddBudgetBudgetNothing" storage="c:\develop\budgeteer\budgeteerbusiness.test\bin\release\budgeteerbusiness.test.dll" id="051888c9-8a45-0bb7-a0d4-714b442283af">
      <Css projectStructure="" iteration="" />
      <Owners>
        <Owner name="" />
      </Owners>
      <Execution id="b05be900-5b43-42dd-8869-49fc7a8c08cf" />
      <TestMethod codeBase="C:\Develop\Budgeteer\BudgeteerBusiness.Test\bin\Release\BudgeteerBusiness.Test.dll" adapterTypeName="Microsoft.VisualStudio.TestTools.TestTypes.Unit.UnitTestAdapter, Microsoft.VisualStudio.QualityTools.Tips.UnitTest.Adapter, Version=9.0.0.0, Culture=neutral, PublicKeyToken=b03f5f7f11d50a3a" className="BudgeteerBusiness.Test.BudgetTest, BudgeteerBusiness.Test" name="AddBudgetBudgetNothing" />
    </UnitTest>
    <UnitTest name="getSubcategoriesTest" storage="c:\develop\budgeteer\budgeteerbusiness.test\bin\release\budgeteerbusiness.test.dll" id="c962f176-0e46-6e6a-64e1-773767b2a92e">
      <Css projectStructure="" iteration="" />
      <Owners>
        <Owner name="" />
      </Owners>
      <TestMethod codeBase="C:\Develop\Budgeteer\BudgeteerBusiness.Test\bin\Release\BudgeteerBusiness.Test.dll" adapterTypeName="Microsoft.VisualStudio.TestTools.TestTypes.Unit.UnitTestAdapter, Microsoft.VisualStudio.QualityTools.Tips.UnitTest.Adapter, Version=9.0.0.0, Culture=neutral, PublicKeyToken=b03f5f7f11d50a3a" className="BudgeteerBusiness.Test.SubcategoryTest, BudgeteerBusiness.Test" name="getSubcategoriesTest" />
    </UnitTest>
    <UnitTest name="updateFrequencyDescriptionMaxLen" storage="c:\develop\budgeteer\budgeteerbusiness.test\bin\release\budgeteerbusiness.test.dll" id="38af75c1-03ea-b909-29fa-879e4a97d0ad">
      <Css projectStructure="" iteration="" />
      <Owners>
        <Owner name="" />
      </Owners>
      <TestMethod codeBase="C:\Develop\Budgeteer\BudgeteerBusiness.Test\bin\Release\BudgeteerBusiness.Test.dll" adapterTypeName="Microsoft.VisualStudio.TestTools.TestTypes.Unit.UnitTestAdapter, Microsoft.VisualStudio.QualityTools.Tips.UnitTest.Adapter, Version=9.0.0.0, Culture=neutral, PublicKeyToken=b03f5f7f11d50a3a" className="BudgeteerBusiness.Test.FrequencyTest, BudgeteerBusiness.Test" name="updateFrequencyDescriptionMaxLen" />
    </UnitTest>
    <UnitTest name="activateUserTest" storage="c:\develop\budgeteer\budgeteerbusiness.test\bin\release\budgeteerbusiness.test.dll" id="24148662-d27c-83db-d849-dc758dd8b5f9">
      <Css projectStructure="" iteration="" />
      <Owners>
        <Owner name="" />
      </Owners>
      <TestMethod codeBase="C:\Develop\Budgeteer\BudgeteerBusiness.Test\bin\Release\BudgeteerBusiness.Test.dll" adapterTypeName="Microsoft.VisualStudio.TestTools.TestTypes.Unit.UnitTestAdapter, Microsoft.VisualStudio.QualityTools.Tips.UnitTest.Adapter, Version=9.0.0.0, Culture=neutral, PublicKeyToken=b03f5f7f11d50a3a" className="BudgeteerBusiness.Test.UserTest, BudgeteerBusiness.Test" name="activateUserTest" />
    </UnitTest>
    <UnitTest name="AccountUpdateAccountTypeMaxLen" storage="c:\develop\budgeteer\budgeteerbusiness.test\bin\release\budgeteerbusiness.test.dll" id="dc103d46-66d3-5339-3760-9e1aa3967d68">
      <Css projectStructure="" iteration="" />
      <Owners>
        <Owner name="" />
      </Owners>
      <Execution id="bd476b22-d35f-4491-be96-172ef38cecd8" />
      <TestMethod codeBase="C:\Develop\Budgeteer\BudgeteerBusiness.Test\bin\Release\BudgeteerBusiness.Test.dll" adapterTypeName="Microsoft.VisualStudio.TestTools.TestTypes.Unit.UnitTestAdapter, Microsoft.VisualStudio.QualityTools.Tips.UnitTest.Adapter, Version=9.0.0.0, Culture=neutral, PublicKeyToken=b03f5f7f11d50a3a" className="BudgeteerBusiness.Test.BankAccountTest, BudgeteerBusiness.Test" name="AccountUpdateAccountTypeMaxLen" />
    </UnitTest>
    <UnitTest name="UpdateBudgetSubcategoryIDBlank" storage="c:\develop\budgeteer\budgeteerbusiness.test\bin\release\budgeteerbusiness.test.dll" id="2961bbf1-146b-0935-82b2-1ae35615a987">
      <Css projectStructure="" iteration="" />
      <Owners>
        <Owner name="" />
      </Owners>
      <TestMethod codeBase="C:\Develop\Budgeteer\BudgeteerBusiness.Test\bin\Release\BudgeteerBusiness.Test.dll" adapterTypeName="Microsoft.VisualStudio.TestTools.TestTypes.Unit.UnitTestAdapter, Microsoft.VisualStudio.QualityTools.Tips.UnitTest.Adapter, Version=9.0.0.0, Culture=neutral, PublicKeyToken=b03f5f7f11d50a3a" className="BudgeteerBusiness.Test.BudgetTest, BudgeteerBusiness.Test" name="UpdateBudgetSubcategoryIDBlank" />
    </UnitTest>
    <UnitTest name="getSettingSettingBlank" storage="c:\develop\budgeteer\budgeteerbusiness.test\bin\release\budgeteerbusiness.test.dll" id="c1eb1ab3-71b1-7f0c-d402-7db8c88875e0">
      <Css projectStructure="" iteration="" />
      <Owners>
        <Owner name="" />
      </Owners>
      <Execution id="b41fc011-f32e-4b54-bb4d-2e65d5859983" />
      <TestMethod codeBase="C:\Develop\Budgeteer\BudgeteerBusiness.Test\bin\Release\BudgeteerBusiness.Test.dll" adapterTypeName="Microsoft.VisualStudio.TestTools.TestTypes.Unit.UnitTestAdapter, Microsoft.VisualStudio.QualityTools.Tips.UnitTest.Adapter, Version=9.0.0.0, Culture=neutral, PublicKeyToken=b03f5f7f11d50a3a" className="BudgeteerBusiness.Test.ApplicationSettingTest, BudgeteerBusiness.Test" name="getSettingSettingBlank" />
    </UnitTest>
    <UnitTest name="updateUserPasswordUserIDMaxLen" storage="c:\develop\budgeteer\budgeteerbusiness.test\bin\release\budgeteerbusiness.test.dll" id="3a751831-a04a-99cb-4020-7bcb1dfdc48d">
      <Css projectStructure="" iteration="" />
      <Owners>
        <Owner name="" />
      </Owners>
      <TestMethod codeBase="C:\Develop\Budgeteer\BudgeteerBusiness.Test\bin\Release\BudgeteerBusiness.Test.dll" adapterTypeName="Microsoft.VisualStudio.TestTools.TestTypes.Unit.UnitTestAdapter, Microsoft.VisualStudio.QualityTools.Tips.UnitTest.Adapter, Version=9.0.0.0, Culture=neutral, PublicKeyToken=b03f5f7f11d50a3a" className="BudgeteerBusiness.Test.UserTest, BudgeteerBusiness.Test" name="updateUserPasswordUserIDMaxLen" />
    </UnitTest>
    <UnitTest name="AccountUpdateAccountNameNothing" storage="c:\develop\budgeteer\budgeteerbusiness.test\bin\release\budgeteerbusiness.test.dll" id="8c6905af-52bc-76a0-b628-ad32132409ba">
      <Css projectStructure="" iteration="" />
      <Owners>
        <Owner name="" />
      </Owners>
      <Execution id="55261ac9-04d8-4d3f-9e9f-72b6f119a3f6" />
      <TestMethod codeBase="C:\Develop\Budgeteer\BudgeteerBusiness.Test\bin\Release\BudgeteerBusiness.Test.dll" adapterTypeName="Microsoft.VisualStudio.TestTools.TestTypes.Unit.UnitTestAdapter, Microsoft.VisualStudio.QualityTools.Tips.UnitTest.Adapter, Version=9.0.0.0, Culture=neutral, PublicKeyToken=b03f5f7f11d50a3a" className="BudgeteerBusiness.Test.BankAccountTest, BudgeteerBusiness.Test" name="AccountUpdateAccountNameNothing" />
    </UnitTest>
    <UnitTest name="addUserUserIDMaxLen" storage="c:\develop\budgeteer\budgeteerbusiness.test\bin\release\budgeteerbusiness.test.dll" id="41d12651-6966-8543-ef57-0046b613ddb5">
      <Css projectStructure="" iteration="" />
      <Owners>
        <Owner name="" />
      </Owners>
      <TestMethod codeBase="C:\Develop\Budgeteer\BudgeteerBusiness.Test\bin\Release\BudgeteerBusiness.Test.dll" adapterTypeName="Microsoft.VisualStudio.TestTools.TestTypes.Unit.UnitTestAdapter, Microsoft.VisualStudio.QualityTools.Tips.UnitTest.Adapter, Version=9.0.0.0, Culture=neutral, PublicKeyToken=b03f5f7f11d50a3a" className="BudgeteerBusiness.Test.UserTest, BudgeteerBusiness.Test" name="addUserUserIDMaxLen" />
    </UnitTest>
    <UnitTest name="addTransactionUserIDNothing" storage="c:\develop\budgeteer\budgeteerbusiness.test\bin\release\budgeteerbusiness.test.dll" id="9b270260-260c-a978-9dd4-28ae487f85d0">
      <Css projectStructure="" iteration="" />
      <Owners>
        <Owner name="" />
      </Owners>
      <TestMethod codeBase="C:\Develop\Budgeteer\BudgeteerBusiness.Test\bin\Release\BudgeteerBusiness.Test.dll" adapterTypeName="Microsoft.VisualStudio.TestTools.TestTypes.Unit.UnitTestAdapter, Microsoft.VisualStudio.QualityTools.Tips.UnitTest.Adapter, Version=9.0.0.0, Culture=neutral, PublicKeyToken=b03f5f7f11d50a3a" className="BudgeteerBusiness.Test.TransactionTest, BudgeteerBusiness.Test" name="addTransactionUserIDNothing" />
    </UnitTest>
    <UnitTest name="updateSubcategoryNotesMaxLen" storage="c:\develop\budgeteer\budgeteerbusiness.test\bin\release\budgeteerbusiness.test.dll" id="00b914bf-27cf-c5f2-2337-9da7337b8b86">
      <Css projectStructure="" iteration="" />
      <Owners>
        <Owner name="" />
      </Owners>
      <TestMethod codeBase="C:\Develop\Budgeteer\BudgeteerBusiness.Test\bin\Release\BudgeteerBusiness.Test.dll" adapterTypeName="Microsoft.VisualStudio.TestTools.TestTypes.Unit.UnitTestAdapter, Microsoft.VisualStudio.QualityTools.Tips.UnitTest.Adapter, Version=9.0.0.0, Culture=neutral, PublicKeyToken=b03f5f7f11d50a3a" className="BudgeteerBusiness.Test.SubcategoryTest, BudgeteerBusiness.Test" name="updateSubcategoryNotesMaxLen" />
    </UnitTest>
    <UnitTest name="addSubcategoryNotesMaxLen" storage="c:\develop\budgeteer\budgeteerbusiness.test\bin\release\budgeteerbusiness.test.dll" id="201d793e-4fe6-401d-6be8-c62c538d4a65">
      <Css projectStructure="" iteration="" />
      <Owners>
        <Owner name="" />
      </Owners>
      <TestMethod codeBase="C:\Develop\Budgeteer\BudgeteerBusiness.Test\bin\Release\BudgeteerBusiness.Test.dll" adapterTypeName="Microsoft.VisualStudio.TestTools.TestTypes.Unit.UnitTestAdapter, Microsoft.VisualStudio.QualityTools.Tips.UnitTest.Adapter, Version=9.0.0.0, Culture=neutral, PublicKeyToken=b03f5f7f11d50a3a" className="BudgeteerBusiness.Test.SubcategoryTest, BudgeteerBusiness.Test" name="addSubcategoryNotesMaxLen" />
    </UnitTest>
    <UnitTest name="updateTransactionDescriptionNothing" storage="c:\develop\budgeteer\budgeteerbusiness.test\bin\release\budgeteerbusiness.test.dll" id="3ccd3f11-0213-e1b1-a3aa-1057197cac59">
      <Css projectStructure="" iteration="" />
      <Owners>
        <Owner name="" />
      </Owners>
      <TestMethod codeBase="C:\Develop\Budgeteer\BudgeteerBusiness.Test\bin\Release\BudgeteerBusiness.Test.dll" adapterTypeName="Microsoft.VisualStudio.TestTools.TestTypes.Unit.UnitTestAdapter, Microsoft.VisualStudio.QualityTools.Tips.UnitTest.Adapter, Version=9.0.0.0, Culture=neutral, PublicKeyToken=b03f5f7f11d50a3a" className="BudgeteerBusiness.Test.TransactionTest, BudgeteerBusiness.Test" name="updateTransactionDescriptionNothing" />
    </UnitTest>
    <UnitTest name="deleteBudgetTest" storage="c:\develop\budgeteer\budgeteerbusiness.test\bin\release\budgeteerbusiness.test.dll" id="c0411296-3ae8-697f-2af6-c4ea40140d13">
      <Css projectStructure="" iteration="" />
      <Owners>
        <Owner name="" />
      </Owners>
      <TestMethod codeBase="C:\Develop\Budgeteer\BudgeteerBusiness.Test\bin\Release\BudgeteerBusiness.Test.dll" adapterTypeName="Microsoft.VisualStudio.TestTools.TestTypes.Unit.UnitTestAdapter, Microsoft.VisualStudio.QualityTools.Tips.UnitTest.Adapter, Version=9.0.0.0, Culture=neutral, PublicKeyToken=b03f5f7f11d50a3a" className="BudgeteerBusiness.Test.BudgetTest, BudgeteerBusiness.Test" name="deleteBudgetTest" />
    </UnitTest>
    <UnitTest name="AccountUpdateAccountNothing" storage="c:\develop\budgeteer\budgeteerbusiness.test\bin\release\budgeteerbusiness.test.dll" id="15012bb2-b8a7-b9c7-7871-b29804a6aa37">
      <Css projectStructure="" iteration="" />
      <Owners>
        <Owner name="" />
      </Owners>
      <Execution id="5e4e940d-bcf5-47fa-addb-abd260592764" />
      <TestMethod codeBase="C:\Develop\Budgeteer\BudgeteerBusiness.Test\bin\Release\BudgeteerBusiness.Test.dll" adapterTypeName="Microsoft.VisualStudio.TestTools.TestTypes.Unit.UnitTestAdapter, Microsoft.VisualStudio.QualityTools.Tips.UnitTest.Adapter, Version=9.0.0.0, Culture=neutral, PublicKeyToken=b03f5f7f11d50a3a" className="BudgeteerBusiness.Test.BankAccountTest, BudgeteerBusiness.Test" name="AccountUpdateAccountNothing" />
    </UnitTest>
    <UnitTest name="UpdateBudgetFrequencyIDBlank" storage="c:\develop\budgeteer\budgeteerbusiness.test\bin\release\budgeteerbusiness.test.dll" id="aa01915b-fe45-c694-5349-093d2378bbbf">
      <Css projectStructure="" iteration="" />
      <Owners>
        <Owner name="" />
      </Owners>
      <TestMethod codeBase="C:\Develop\Budgeteer\BudgeteerBusiness.Test\bin\Release\BudgeteerBusiness.Test.dll" adapterTypeName="Microsoft.VisualStudio.TestTools.TestTypes.Unit.UnitTestAdapter, Microsoft.VisualStudio.QualityTools.Tips.UnitTest.Adapter, Version=9.0.0.0, Culture=neutral, PublicKeyToken=b03f5f7f11d50a3a" className="BudgeteerBusiness.Test.BudgetTest, BudgeteerBusiness.Test" name="UpdateBudgetFrequencyIDBlank" />
    </UnitTest>
    <UnitTest name="addFrequencyUserIDNothing" storage="c:\develop\budgeteer\budgeteerbusiness.test\bin\release\budgeteerbusiness.test.dll" id="4c8b2cdb-4eab-b6f9-ff74-242bf524db2e">
      <Css projectStructure="" iteration="" />
      <Owners>
        <Owner name="" />
      </Owners>
      <TestMethod codeBase="C:\Develop\Budgeteer\BudgeteerBusiness.Test\bin\Release\BudgeteerBusiness.Test.dll" adapterTypeName="Microsoft.VisualStudio.TestTools.TestTypes.Unit.UnitTestAdapter, Microsoft.VisualStudio.QualityTools.Tips.UnitTest.Adapter, Version=9.0.0.0, Culture=neutral, PublicKeyToken=b03f5f7f11d50a3a" className="BudgeteerBusiness.Test.FrequencyTest, BudgeteerBusiness.Test" name="addFrequencyUserIDNothing" />
    </UnitTest>
    <UnitTest name="GetBudgetsUserIDBlank" storage="c:\develop\budgeteer\budgeteerbusiness.test\bin\release\budgeteerbusiness.test.dll" id="ebd39db0-e74b-3bd5-c867-9e8d1f912965">
      <Css projectStructure="" iteration="" />
      <Owners>
        <Owner name="" />
      </Owners>
      <Execution id="e2a2238b-c2fe-4e5b-9a47-ae3bd2528ba8" />
      <TestMethod codeBase="C:\Develop\Budgeteer\BudgeteerBusiness.Test\bin\Release\BudgeteerBusiness.Test.dll" adapterTypeName="Microsoft.VisualStudio.TestTools.TestTypes.Unit.UnitTestAdapter, Microsoft.VisualStudio.QualityTools.Tips.UnitTest.Adapter, Version=9.0.0.0, Culture=neutral, PublicKeyToken=b03f5f7f11d50a3a" className="BudgeteerBusiness.Test.BudgetTest, BudgeteerBusiness.Test" name="GetBudgetsUserIDBlank" />
    </UnitTest>
    <UnitTest name="getUserTest" storage="c:\develop\budgeteer\budgeteerbusiness.test\bin\release\budgeteerbusiness.test.dll" id="3313d2d0-5480-16e1-f3ac-9d93382371ba">
      <Css projectStructure="" iteration="" />
      <Owners>
        <Owner name="" />
      </Owners>
      <TestMethod codeBase="C:\Develop\Budgeteer\BudgeteerBusiness.Test\bin\Release\BudgeteerBusiness.Test.dll" adapterTypeName="Microsoft.VisualStudio.TestTools.TestTypes.Unit.UnitTestAdapter, Microsoft.VisualStudio.QualityTools.Tips.UnitTest.Adapter, Version=9.0.0.0, Culture=neutral, PublicKeyToken=b03f5f7f11d50a3a" className="BudgeteerBusiness.Test.UserTest, BudgeteerBusiness.Test" name="getUserTest" />
    </UnitTest>
    <UnitTest name="addFrequencyNothing" storage="c:\develop\budgeteer\budgeteerbusiness.test\bin\release\budgeteerbusiness.test.dll" id="afdd3970-ef14-572c-7490-d181ac1ccd1e">
      <Css projectStructure="" iteration="" />
      <Owners>
        <Owner name="" />
      </Owners>
      <TestMethod codeBase="C:\Develop\Budgeteer\BudgeteerBusiness.Test\bin\Release\BudgeteerBusiness.Test.dll" adapterTypeName="Microsoft.VisualStudio.TestTools.TestTypes.Unit.UnitTestAdapter, Microsoft.VisualStudio.QualityTools.Tips.UnitTest.Adapter, Version=9.0.0.0, Culture=neutral, PublicKeyToken=b03f5f7f11d50a3a" className="BudgeteerBusiness.Test.FrequencyTest, BudgeteerBusiness.Test" name="addFrequencyNothing" />
    </UnitTest>
    <UnitTest name="updateSubcategorySubcategoryIDNothing" storage="c:\develop\budgeteer\budgeteerbusiness.test\bin\release\budgeteerbusiness.test.dll" id="e1b8b9b5-31fa-3158-ed49-602ecdf8fc2b">
      <Css projectStructure="" iteration="" />
      <Owners>
        <Owner name="" />
      </Owners>
      <TestMethod codeBase="C:\Develop\Budgeteer\BudgeteerBusiness.Test\bin\Release\BudgeteerBusiness.Test.dll" adapterTypeName="Microsoft.VisualStudio.TestTools.TestTypes.Unit.UnitTestAdapter, Microsoft.VisualStudio.QualityTools.Tips.UnitTest.Adapter, Version=9.0.0.0, Culture=neutral, PublicKeyToken=b03f5f7f11d50a3a" className="BudgeteerBusiness.Test.SubcategoryTest, BudgeteerBusiness.Test" name="updateSubcategorySubcategoryIDNothing" />
    </UnitTest>
    <UnitTest name="deleteSubcategoryTest" storage="c:\develop\budgeteer\budgeteerbusiness.test\bin\release\budgeteerbusiness.test.dll" id="b237afa0-6fb1-54bf-657e-2a66b76abb69">
      <Css projectStructure="" iteration="" />
      <Owners>
        <Owner name="" />
      </Owners>
      <TestMethod codeBase="C:\Develop\Budgeteer\BudgeteerBusiness.Test\bin\Release\BudgeteerBusiness.Test.dll" adapterTypeName="Microsoft.VisualStudio.TestTools.TestTypes.Unit.UnitTestAdapter, Microsoft.VisualStudio.QualityTools.Tips.UnitTest.Adapter, Version=9.0.0.0, Culture=neutral, PublicKeyToken=b03f5f7f11d50a3a" className="BudgeteerBusiness.Test.SubcategoryTest, BudgeteerBusiness.Test" name="deleteSubcategoryTest" />
    </UnitTest>
    <UnitTest name="setSettingValueBlank" storage="c:\develop\budgeteer\budgeteerbusiness.test\bin\release\budgeteerbusiness.test.dll" id="fcca391a-3bf2-a7bd-8a43-2d87c89ccc3b">
      <Css projectStructure="" iteration="" />
      <Owners>
        <Owner name="" />
      </Owners>
      <Execution id="030b4d5b-85d0-43fa-8099-b8ab91c370f0" />
      <TestMethod codeBase="C:\Develop\Budgeteer\BudgeteerBusiness.Test\bin\Release\BudgeteerBusiness.Test.dll" adapterTypeName="Microsoft.VisualStudio.TestTools.TestTypes.Unit.UnitTestAdapter, Microsoft.VisualStudio.QualityTools.Tips.UnitTest.Adapter, Version=9.0.0.0, Culture=neutral, PublicKeyToken=b03f5f7f11d50a3a" className="BudgeteerBusiness.Test.ApplicationSettingTest, BudgeteerBusiness.Test" name="setSettingValueBlank" />
    </UnitTest>
    <UnitTest name="updateFrequencyFrequencyIDNothing" storage="c:\develop\budgeteer\budgeteerbusiness.test\bin\release\budgeteerbusiness.test.dll" id="899e468f-0f82-8f87-b2c5-dd542356cd37">
      <Css projectStructure="" iteration="" />
      <Owners>
        <Owner name="" />
      </Owners>
      <TestMethod codeBase="C:\Develop\Budgeteer\BudgeteerBusiness.Test\bin\Release\BudgeteerBusiness.Test.dll" adapterTypeName="Microsoft.VisualStudio.TestTools.TestTypes.Unit.UnitTestAdapter, Microsoft.VisualStudio.QualityTools.Tips.UnitTest.Adapter, Version=9.0.0.0, Culture=neutral, PublicKeyToken=b03f5f7f11d50a3a" className="BudgeteerBusiness.Test.FrequencyTest, BudgeteerBusiness.Test" name="updateFrequencyFrequencyIDNothing" />
    </UnitTest>
    <UnitTest name="updateSubcategorySubcategoryNothing" storage="c:\develop\budgeteer\budgeteerbusiness.test\bin\release\budgeteerbusiness.test.dll" id="9df3c7a9-dda3-36c5-3db7-ed52aa5c51f3">
      <Css projectStructure="" iteration="" />
      <Owners>
        <Owner name="" />
      </Owners>
      <TestMethod codeBase="C:\Develop\Budgeteer\BudgeteerBusiness.Test\bin\Release\BudgeteerBusiness.Test.dll" adapterTypeName="Microsoft.VisualStudio.TestTools.TestTypes.Unit.UnitTestAdapter, Microsoft.VisualStudio.QualityTools.Tips.UnitTest.Adapter, Version=9.0.0.0, Culture=neutral, PublicKeyToken=b03f5f7f11d50a3a" className="BudgeteerBusiness.Test.SubcategoryTest, BudgeteerBusiness.Test" name="updateSubcategorySubcategoryNothing" />
    </UnitTest>
    <UnitTest name="updateTransactionTransactionNothing" storage="c:\develop\budgeteer\budgeteerbusiness.test\bin\release\budgeteerbusiness.test.dll" id="991140ed-32ac-a771-1bbe-e26bd691905d">
      <Css projectStructure="" iteration="" />
      <Owners>
        <Owner name="" />
      </Owners>
      <TestMethod codeBase="C:\Develop\Budgeteer\BudgeteerBusiness.Test\bin\Release\BudgeteerBusiness.Test.dll" adapterTypeName="Microsoft.VisualStudio.TestTools.TestTypes.Unit.UnitTestAdapter, Microsoft.VisualStudio.QualityTools.Tips.UnitTest.Adapter, Version=9.0.0.0, Culture=neutral, PublicKeyToken=b03f5f7f11d50a3a" className="BudgeteerBusiness.Test.TransactionTest, BudgeteerBusiness.Test" name="updateTransactionTransactionNothing" />
    </UnitTest>
    <UnitTest name="UpdateBudgetBudgetIDBlank" storage="c:\develop\budgeteer\budgeteerbusiness.test\bin\release\budgeteerbusiness.test.dll" id="f072707e-36bf-6cb2-fd1d-066aa43590df">
      <Css projectStructure="" iteration="" />
      <Owners>
        <Owner name="" />
      </Owners>
      <TestMethod codeBase="C:\Develop\Budgeteer\BudgeteerBusiness.Test\bin\Release\BudgeteerBusiness.Test.dll" adapterTypeName="Microsoft.VisualStudio.TestTools.TestTypes.Unit.UnitTestAdapter, Microsoft.VisualStudio.QualityTools.Tips.UnitTest.Adapter, Version=9.0.0.0, Culture=neutral, PublicKeyToken=b03f5f7f11d50a3a" className="BudgeteerBusiness.Test.BudgetTest, BudgeteerBusiness.Test" name="UpdateBudgetBudgetIDBlank" />
    </UnitTest>
    <UnitTest name="getUserUserIDNothing" storage="c:\develop\budgeteer\budgeteerbusiness.test\bin\release\budgeteerbusiness.test.dll" id="88a752e7-5c9d-d926-4dfc-8a1be934c0f9">
      <Css projectStructure="" iteration="" />
      <Owners>
        <Owner name="" />
      </Owners>
      <TestMethod codeBase="C:\Develop\Budgeteer\BudgeteerBusiness.Test\bin\Release\BudgeteerBusiness.Test.dll" adapterTypeName="Microsoft.VisualStudio.TestTools.TestTypes.Unit.UnitTestAdapter, Microsoft.VisualStudio.QualityTools.Tips.UnitTest.Adapter, Version=9.0.0.0, Culture=neutral, PublicKeyToken=b03f5f7f11d50a3a" className="BudgeteerBusiness.Test.UserTest, BudgeteerBusiness.Test" name="getUserUserIDNothing" />
    </UnitTest>
    <UnitTest name="deleteTransactionAccountAdjust" storage="c:\develop\budgeteer\budgeteerbusiness.test\bin\release\budgeteerbusiness.test.dll" id="b9d1c2ac-e386-87fb-12aa-0d8af4d9f7af">
      <Css projectStructure="" iteration="" />
      <Owners>
        <Owner name="" />
      </Owners>
      <TestMethod codeBase="C:\Develop\Budgeteer\BudgeteerBusiness.Test\bin\Release\BudgeteerBusiness.Test.dll" adapterTypeName="Microsoft.VisualStudio.TestTools.TestTypes.Unit.UnitTestAdapter, Microsoft.VisualStudio.QualityTools.Tips.UnitTest.Adapter, Version=9.0.0.0, Culture=neutral, PublicKeyToken=b03f5f7f11d50a3a" className="BudgeteerBusiness.Test.TransactionTest, BudgeteerBusiness.Test" name="deleteTransactionAccountAdjust" />
    </UnitTest>
    <UnitTest name="deleteCategoryCategoryIDNothing" storage="c:\develop\budgeteer\budgeteerbusiness.test\bin\release\budgeteerbusiness.test.dll" id="23cfea9f-164f-f9a5-24c4-692d1157d70d">
      <Css projectStructure="" iteration="" />
      <Owners>
        <Owner name="" />
      </Owners>
      <TestMethod codeBase="C:\Develop\Budgeteer\BudgeteerBusiness.Test\bin\Release\BudgeteerBusiness.Test.dll" adapterTypeName="Microsoft.VisualStudio.TestTools.TestTypes.Unit.UnitTestAdapter, Microsoft.VisualStudio.QualityTools.Tips.UnitTest.Adapter, Version=9.0.0.0, Culture=neutral, PublicKeyToken=b03f5f7f11d50a3a" className="BudgeteerBusiness.Test.CategoryTest, BudgeteerBusiness.Test" name="deleteCategoryCategoryIDNothing" />
    </UnitTest>
    <UnitTest name="AddAccountActiveStatusNotYN" storage="c:\develop\budgeteer\budgeteerbusiness.test\bin\release\budgeteerbusiness.test.dll" id="d1360a53-95ee-b75a-cf14-ff4641961f1d">
      <Css projectStructure="" iteration="" />
      <Owners>
        <Owner name="" />
      </Owners>
      <Execution id="f674aa26-cc7f-428e-b472-a87b6a6712b1" />
      <TestMethod codeBase="C:\Develop\Budgeteer\BudgeteerBusiness.Test\bin\Release\BudgeteerBusiness.Test.dll" adapterTypeName="Microsoft.VisualStudio.TestTools.TestTypes.Unit.UnitTestAdapter, Microsoft.VisualStudio.QualityTools.Tips.UnitTest.Adapter, Version=9.0.0.0, Culture=neutral, PublicKeyToken=b03f5f7f11d50a3a" className="BudgeteerBusiness.Test.BankAccountTest, BudgeteerBusiness.Test" name="AddAccountActiveStatusNotYN" />
    </UnitTest>
    <UnitTest name="addTransactionTransactionNothing" storage="c:\develop\budgeteer\budgeteerbusiness.test\bin\release\budgeteerbusiness.test.dll" id="028a17f3-f9c0-f73c-bbcc-8415c4c80d22">
      <Css projectStructure="" iteration="" />
      <Owners>
        <Owner name="" />
      </Owners>
      <TestMethod codeBase="C:\Develop\Budgeteer\BudgeteerBusiness.Test\bin\Release\BudgeteerBusiness.Test.dll" adapterTypeName="Microsoft.VisualStudio.TestTools.TestTypes.Unit.UnitTestAdapter, Microsoft.VisualStudio.QualityTools.Tips.UnitTest.Adapter, Version=9.0.0.0, Culture=neutral, PublicKeyToken=b03f5f7f11d50a3a" className="BudgeteerBusiness.Test.TransactionTest, BudgeteerBusiness.Test" name="addTransactionTransactionNothing" />
    </UnitTest>
    <UnitTest name="updateUserEmailAddressUserIDMaxLen" storage="c:\develop\budgeteer\budgeteerbusiness.test\bin\release\budgeteerbusiness.test.dll" id="a00f7b88-dcf5-ad47-7698-8713ba1a81ab">
      <Css projectStructure="" iteration="" />
      <Owners>
        <Owner name="" />
      </Owners>
      <TestMethod codeBase="C:\Develop\Budgeteer\BudgeteerBusiness.Test\bin\Release\BudgeteerBusiness.Test.dll" adapterTypeName="Microsoft.VisualStudio.TestTools.TestTypes.Unit.UnitTestAdapter, Microsoft.VisualStudio.QualityTools.Tips.UnitTest.Adapter, Version=9.0.0.0, Culture=neutral, PublicKeyToken=b03f5f7f11d50a3a" className="BudgeteerBusiness.Test.UserTest, BudgeteerBusiness.Test" name="updateUserEmailAddressUserIDMaxLen" />
    </UnitTest>
    <UnitTest name="updateTransactionDescriptionMaxLen" storage="c:\develop\budgeteer\budgeteerbusiness.test\bin\release\budgeteerbusiness.test.dll" id="9cf1af96-ce60-17f7-f073-8576692875a1">
      <Css projectStructure="" iteration="" />
      <Owners>
        <Owner name="" />
      </Owners>
      <TestMethod codeBase="C:\Develop\Budgeteer\BudgeteerBusiness.Test\bin\Release\BudgeteerBusiness.Test.dll" adapterTypeName="Microsoft.VisualStudio.TestTools.TestTypes.Unit.UnitTestAdapter, Microsoft.VisualStudio.QualityTools.Tips.UnitTest.Adapter, Version=9.0.0.0, Culture=neutral, PublicKeyToken=b03f5f7f11d50a3a" className="BudgeteerBusiness.Test.TransactionTest, BudgeteerBusiness.Test" name="updateTransactionDescriptionMaxLen" />
    </UnitTest>
    <UnitTest name="addUserTest" storage="c:\develop\budgeteer\budgeteerbusiness.test\bin\release\budgeteerbusiness.test.dll" id="302f161c-1a16-7195-636f-727c6d4f7cce">
      <Css projectStructure="" iteration="" />
      <Owners>
        <Owner name="" />
      </Owners>
      <Execution id="9c787e7f-9dc8-4ea0-bfe1-7a45e78e8ac2" />
      <TestMethod codeBase="C:\Develop\Budgeteer\BudgeteerBusiness.Test\bin\Release\BudgeteerBusiness.Test.dll" adapterTypeName="Microsoft.VisualStudio.TestTools.TestTypes.Unit.UnitTestAdapter, Microsoft.VisualStudio.QualityTools.Tips.UnitTest.Adapter, Version=9.0.0.0, Culture=neutral, PublicKeyToken=b03f5f7f11d50a3a" className="BudgeteerBusiness.Test.UserTest, BudgeteerBusiness.Test" name="addUserTest" />
    </UnitTest>
    <UnitTest name="updateFrequencyTest" storage="c:\develop\budgeteer\budgeteerbusiness.test\bin\release\budgeteerbusiness.test.dll" id="d3b64b82-0b84-680f-9e31-0c326c489dc9">
      <Css projectStructure="" iteration="" />
      <Owners>
        <Owner name="" />
      </Owners>
      <TestMethod codeBase="C:\Develop\Budgeteer\BudgeteerBusiness.Test\bin\Release\BudgeteerBusiness.Test.dll" adapterTypeName="Microsoft.VisualStudio.TestTools.TestTypes.Unit.UnitTestAdapter, Microsoft.VisualStudio.QualityTools.Tips.UnitTest.Adapter, Version=9.0.0.0, Culture=neutral, PublicKeyToken=b03f5f7f11d50a3a" className="BudgeteerBusiness.Test.FrequencyTest, BudgeteerBusiness.Test" name="updateFrequencyTest" />
    </UnitTest>
    <UnitTest name="getSubcategoryTest" storage="c:\develop\budgeteer\budgeteerbusiness.test\bin\release\budgeteerbusiness.test.dll" id="edf0aa95-9676-85e5-bd74-2b5388c724e3">
      <Css projectStructure="" iteration="" />
      <Owners>
        <Owner name="" />
      </Owners>
      <TestMethod codeBase="C:\Develop\Budgeteer\BudgeteerBusiness.Test\bin\Release\BudgeteerBusiness.Test.dll" adapterTypeName="Microsoft.VisualStudio.TestTools.TestTypes.Unit.UnitTestAdapter, Microsoft.VisualStudio.QualityTools.Tips.UnitTest.Adapter, Version=9.0.0.0, Culture=neutral, PublicKeyToken=b03f5f7f11d50a3a" className="BudgeteerBusiness.Test.SubcategoryTest, BudgeteerBusiness.Test" name="getSubcategoryTest" />
    </UnitTest>
    <UnitTest name="AccountUpdateAccountNameMaxLen" storage="c:\develop\budgeteer\budgeteerbusiness.test\bin\release\budgeteerbusiness.test.dll" id="ab937ec4-62dc-9a36-31d9-81e0a9987ee7">
      <Css projectStructure="" iteration="" />
      <Owners>
        <Owner name="" />
      </Owners>
      <Execution id="4a4a4131-99ec-4bf1-a2b4-bc49e31bf17b" />
      <TestMethod codeBase="C:\Develop\Budgeteer\BudgeteerBusiness.Test\bin\Release\BudgeteerBusiness.Test.dll" adapterTypeName="Microsoft.VisualStudio.TestTools.TestTypes.Unit.UnitTestAdapter, Microsoft.VisualStudio.QualityTools.Tips.UnitTest.Adapter, Version=9.0.0.0, Culture=neutral, PublicKeyToken=b03f5f7f11d50a3a" className="BudgeteerBusiness.Test.BankAccountTest, BudgeteerBusiness.Test" name="AccountUpdateAccountNameMaxLen" />
    </UnitTest>
    <UnitTest name="deleteSubcategorySubcategoryIDNothing" storage="c:\develop\budgeteer\budgeteerbusiness.test\bin\release\budgeteerbusiness.test.dll" id="cf5e9fac-d4eb-db14-c376-4d1f22db0558">
      <Css projectStructure="" iteration="" />
      <Owners>
        <Owner name="" />
      </Owners>
      <TestMethod codeBase="C:\Develop\Budgeteer\BudgeteerBusiness.Test\bin\Release\BudgeteerBusiness.Test.dll" adapterTypeName="Microsoft.VisualStudio.TestTools.TestTypes.Unit.UnitTestAdapter, Microsoft.VisualStudio.QualityTools.Tips.UnitTest.Adapter, Version=9.0.0.0, Culture=neutral, PublicKeyToken=b03f5f7f11d50a3a" className="BudgeteerBusiness.Test.SubcategoryTest, BudgeteerBusiness.Test" name="deleteSubcategorySubcategoryIDNothing" />
    </UnitTest>
    <UnitTest name="AddBudgetUserIDBlank" storage="c:\develop\budgeteer\budgeteerbusiness.test\bin\release\budgeteerbusiness.test.dll" id="976ae5f8-6c26-174f-136c-aff26d2da02f">
      <Css projectStructure="" iteration="" />
      <Owners>
        <Owner name="" />
      </Owners>
      <Execution id="a35e03ec-bd47-417c-863c-8d4c35654c85" />
      <TestMethod codeBase="C:\Develop\Budgeteer\BudgeteerBusiness.Test\bin\Release\BudgeteerBusiness.Test.dll" adapterTypeName="Microsoft.VisualStudio.TestTools.TestTypes.Unit.UnitTestAdapter, Microsoft.VisualStudio.QualityTools.Tips.UnitTest.Adapter, Version=9.0.0.0, Culture=neutral, PublicKeyToken=b03f5f7f11d50a3a" className="BudgeteerBusiness.Test.BudgetTest, BudgeteerBusiness.Test" name="AddBudgetUserIDBlank" />
    </UnitTest>
    <UnitTest name="getSubcategoriesUserIDNothing" storage="c:\develop\budgeteer\budgeteerbusiness.test\bin\release\budgeteerbusiness.test.dll" id="25c221da-3cee-df3c-3d0f-8d45ce1c4bf5">
      <Css projectStructure="" iteration="" />
      <Owners>
        <Owner name="" />
      </Owners>
      <TestMethod codeBase="C:\Develop\Budgeteer\BudgeteerBusiness.Test\bin\Release\BudgeteerBusiness.Test.dll" adapterTypeName="Microsoft.VisualStudio.TestTools.TestTypes.Unit.UnitTestAdapter, Microsoft.VisualStudio.QualityTools.Tips.UnitTest.Adapter, Version=9.0.0.0, Culture=neutral, PublicKeyToken=b03f5f7f11d50a3a" className="BudgeteerBusiness.Test.SubcategoryTest, BudgeteerBusiness.Test" name="getSubcategoriesUserIDNothing" />
    </UnitTest>
    <UnitTest name="addCategoryDescriptionNothing" storage="c:\develop\budgeteer\budgeteerbusiness.test\bin\release\budgeteerbusiness.test.dll" id="ff7fb138-6236-24d9-747a-2dd6d9883235">
      <Css projectStructure="" iteration="" />
      <Owners>
        <Owner name="" />
      </Owners>
      <TestMethod codeBase="C:\Develop\Budgeteer\BudgeteerBusiness.Test\bin\Release\BudgeteerBusiness.Test.dll" adapterTypeName="Microsoft.VisualStudio.TestTools.TestTypes.Unit.UnitTestAdapter, Microsoft.VisualStudio.QualityTools.Tips.UnitTest.Adapter, Version=9.0.0.0, Culture=neutral, PublicKeyToken=b03f5f7f11d50a3a" className="BudgeteerBusiness.Test.CategoryTest, BudgeteerBusiness.Test" name="addCategoryDescriptionNothing" />
    </UnitTest>
    <UnitTest name="addFrequencyTest" storage="c:\develop\budgeteer\budgeteerbusiness.test\bin\release\budgeteerbusiness.test.dll" id="8a4ba671-1448-8492-2b78-1b765c8a587b">
      <Css projectStructure="" iteration="" />
      <Owners>
        <Owner name="" />
      </Owners>
      <TestMethod codeBase="C:\Develop\Budgeteer\BudgeteerBusiness.Test\bin\Release\BudgeteerBusiness.Test.dll" adapterTypeName="Microsoft.VisualStudio.TestTools.TestTypes.Unit.UnitTestAdapter, Microsoft.VisualStudio.QualityTools.Tips.UnitTest.Adapter, Version=9.0.0.0, Culture=neutral, PublicKeyToken=b03f5f7f11d50a3a" className="BudgeteerBusiness.Test.FrequencyTest, BudgeteerBusiness.Test" name="addFrequencyTest" />
    </UnitTest>
    <UnitTest name="GetAccountAccountIDNothing" storage="c:\develop\budgeteer\budgeteerbusiness.test\bin\release\budgeteerbusiness.test.dll" id="495b801d-fa26-fed0-0f3c-89b4c2b40633">
      <Css projectStructure="" iteration="" />
      <Owners>
        <Owner name="" />
      </Owners>
      <Execution id="5cece37d-b4a8-4fe1-9bc8-ed7de3eceaf3" />
      <TestMethod codeBase="C:\Develop\Budgeteer\BudgeteerBusiness.Test\bin\Release\BudgeteerBusiness.Test.dll" adapterTypeName="Microsoft.VisualStudio.TestTools.TestTypes.Unit.UnitTestAdapter, Microsoft.VisualStudio.QualityTools.Tips.UnitTest.Adapter, Version=9.0.0.0, Culture=neutral, PublicKeyToken=b03f5f7f11d50a3a" className="BudgeteerBusiness.Test.BankAccountTest, BudgeteerBusiness.Test" name="GetAccountAccountIDNothing" />
    </UnitTest>
    <UnitTest name="addUserLastNameNothing" storage="c:\develop\budgeteer\budgeteerbusiness.test\bin\release\budgeteerbusiness.test.dll" id="5c8e58b7-4d3d-259d-a967-243af0246cbb">
      <Css projectStructure="" iteration="" />
      <Owners>
        <Owner name="" />
      </Owners>
      <TestMethod codeBase="C:\Develop\Budgeteer\BudgeteerBusiness.Test\bin\Release\BudgeteerBusiness.Test.dll" adapterTypeName="Microsoft.VisualStudio.TestTools.TestTypes.Unit.UnitTestAdapter, Microsoft.VisualStudio.QualityTools.Tips.UnitTest.Adapter, Version=9.0.0.0, Culture=neutral, PublicKeyToken=b03f5f7f11d50a3a" className="BudgeteerBusiness.Test.UserTest, BudgeteerBusiness.Test" name="addUserLastNameNothing" />
    </UnitTest>
    <UnitTest name="AccountUpdateActiveStatusNotYN" storage="c:\develop\budgeteer\budgeteerbusiness.test\bin\release\budgeteerbusiness.test.dll" id="78580d61-10eb-61e0-ce2a-90979662c9fc">
      <Css projectStructure="" iteration="" />
      <Owners>
        <Owner name="" />
      </Owners>
      <Execution id="b2e8f195-f481-4874-9ca0-328b3cf9a3e9" />
      <TestMethod codeBase="C:\Develop\Budgeteer\BudgeteerBusiness.Test\bin\Release\BudgeteerBusiness.Test.dll" adapterTypeName="Microsoft.VisualStudio.TestTools.TestTypes.Unit.UnitTestAdapter, Microsoft.VisualStudio.QualityTools.Tips.UnitTest.Adapter, Version=9.0.0.0, Culture=neutral, PublicKeyToken=b03f5f7f11d50a3a" className="BudgeteerBusiness.Test.BankAccountTest, BudgeteerBusiness.Test" name="AccountUpdateActiveStatusNotYN" />
    </UnitTest>
    <UnitTest name="setSettingTest" storage="c:\develop\budgeteer\budgeteerbusiness.test\bin\release\budgeteerbusiness.test.dll" id="292697ef-a481-6a95-4841-a0b23aab7616">
      <Css projectStructure="" iteration="" />
      <Owners>
        <Owner name="" />
      </Owners>
      <Execution id="f431a800-9f55-482e-b459-c4fca7b3a336" />
      <TestMethod codeBase="C:\Develop\Budgeteer\BudgeteerBusiness.Test\bin\Release\BudgeteerBusiness.Test.dll" adapterTypeName="Microsoft.VisualStudio.TestTools.TestTypes.Unit.UnitTestAdapter, Microsoft.VisualStudio.QualityTools.Tips.UnitTest.Adapter, Version=9.0.0.0, Culture=neutral, PublicKeyToken=b03f5f7f11d50a3a" className="BudgeteerBusiness.Test.ApplicationSettingTest, BudgeteerBusiness.Test" name="setSettingTest" />
    </UnitTest>
    <UnitTest name="deleteTransactionTest" storage="c:\develop\budgeteer\budgeteerbusiness.test\bin\release\budgeteerbusiness.test.dll" id="be5b2eb0-51ec-1a02-7e30-ca7d5c29aa6f">
      <Css projectStructure="" iteration="" />
      <Owners>
        <Owner name="" />
      </Owners>
      <TestMethod codeBase="C:\Develop\Budgeteer\BudgeteerBusiness.Test\bin\Release\BudgeteerBusiness.Test.dll" adapterTypeName="Microsoft.VisualStudio.TestTools.TestTypes.Unit.UnitTestAdapter, Microsoft.VisualStudio.QualityTools.Tips.UnitTest.Adapter, Version=9.0.0.0, Culture=neutral, PublicKeyToken=b03f5f7f11d50a3a" className="BudgeteerBusiness.Test.TransactionTest, BudgeteerBusiness.Test" name="deleteTransactionTest" />
    </UnitTest>
    <UnitTest name="GetAccountTest" storage="c:\develop\budgeteer\budgeteerbusiness.test\bin\release\budgeteerbusiness.test.dll" id="6d337c35-98f0-54b3-f22d-26fc0f00e50a">
      <Css projectStructure="" iteration="" />
      <Owners>
        <Owner name="" />
      </Owners>
      <Execution id="5830c8dd-e4dd-49de-a84a-fc16daef554d" />
      <TestMethod codeBase="C:\Develop\Budgeteer\BudgeteerBusiness.Test\bin\Release\BudgeteerBusiness.Test.dll" adapterTypeName="Microsoft.VisualStudio.TestTools.TestTypes.Unit.UnitTestAdapter, Microsoft.VisualStudio.QualityTools.Tips.UnitTest.Adapter, Version=9.0.0.0, Culture=neutral, PublicKeyToken=b03f5f7f11d50a3a" className="BudgeteerBusiness.Test.BankAccountTest, BudgeteerBusiness.Test" name="GetAccountTest" />
    </UnitTest>
    <UnitTest name="addSubcategoryCategoryIDNothing" storage="c:\develop\budgeteer\budgeteerbusiness.test\bin\release\budgeteerbusiness.test.dll" id="5839d3eb-2f28-66ab-5903-f0c6aa8a4c52">
      <Css projectStructure="" iteration="" />
      <Owners>
        <Owner name="" />
      </Owners>
      <TestMethod codeBase="C:\Develop\Budgeteer\BudgeteerBusiness.Test\bin\Release\BudgeteerBusiness.Test.dll" adapterTypeName="Microsoft.VisualStudio.TestTools.TestTypes.Unit.UnitTestAdapter, Microsoft.VisualStudio.QualityTools.Tips.UnitTest.Adapter, Version=9.0.0.0, Culture=neutral, PublicKeyToken=b03f5f7f11d50a3a" className="BudgeteerBusiness.Test.SubcategoryTest, BudgeteerBusiness.Test" name="addSubcategoryCategoryIDNothing" />
    </UnitTest>
    <UnitTest name="updateTransactionTransactionIDNothing" storage="c:\develop\budgeteer\budgeteerbusiness.test\bin\release\budgeteerbusiness.test.dll" id="6c103902-84a3-cdbb-97c9-1350b2df679a">
      <Css projectStructure="" iteration="" />
      <Owners>
        <Owner name="" />
      </Owners>
      <TestMethod codeBase="C:\Develop\Budgeteer\BudgeteerBusiness.Test\bin\Release\BudgeteerBusiness.Test.dll" adapterTypeName="Microsoft.VisualStudio.TestTools.TestTypes.Unit.UnitTestAdapter, Microsoft.VisualStudio.QualityTools.Tips.UnitTest.Adapter, Version=9.0.0.0, Culture=neutral, PublicKeyToken=b03f5f7f11d50a3a" className="BudgeteerBusiness.Test.TransactionTest, BudgeteerBusiness.Test" name="updateTransactionTransactionIDNothing" />
    </UnitTest>
    <UnitTest name="updateUserEmailTest" storage="c:\develop\budgeteer\budgeteerbusiness.test\bin\release\budgeteerbusiness.test.dll" id="79030625-73d7-51e1-159e-387a32e20fc3">
      <Css projectStructure="" iteration="" />
      <Owners>
        <Owner name="" />
      </Owners>
      <TestMethod codeBase="C:\Develop\Budgeteer\BudgeteerBusiness.Test\bin\Release\BudgeteerBusiness.Test.dll" adapterTypeName="Microsoft.VisualStudio.TestTools.TestTypes.Unit.UnitTestAdapter, Microsoft.VisualStudio.QualityTools.Tips.UnitTest.Adapter, Version=9.0.0.0, Culture=neutral, PublicKeyToken=b03f5f7f11d50a3a" className="BudgeteerBusiness.Test.UserTest, BudgeteerBusiness.Test" name="updateUserEmailTest" />
    </UnitTest>
    <UnitTest name="AddAccountAccountNumberMaxLen" storage="c:\develop\budgeteer\budgeteerbusiness.test\bin\release\budgeteerbusiness.test.dll" id="b1348d03-fa8d-98c0-743c-70a5fbb29395">
      <Css projectStructure="" iteration="" />
      <Owners>
        <Owner name="" />
      </Owners>
      <Execution id="1080d51c-810a-41fd-92c0-d1fd2c6f731a" />
      <TestMethod codeBase="C:\Develop\Budgeteer\BudgeteerBusiness.Test\bin\Release\BudgeteerBusiness.Test.dll" adapterTypeName="Microsoft.VisualStudio.TestTools.TestTypes.Unit.UnitTestAdapter, Microsoft.VisualStudio.QualityTools.Tips.UnitTest.Adapter, Version=9.0.0.0, Culture=neutral, PublicKeyToken=b03f5f7f11d50a3a" className="BudgeteerBusiness.Test.BankAccountTest, BudgeteerBusiness.Test" name="AddAccountAccountNumberMaxLen" />
    </UnitTest>
    <UnitTest name="updateTransactionAccountAdjust" storage="c:\develop\budgeteer\budgeteerbusiness.test\bin\release\budgeteerbusiness.test.dll" id="50fc5a28-9321-a539-d140-7388838d8a59">
      <Css projectStructure="" iteration="" />
      <Owners>
        <Owner name="" />
      </Owners>
      <TestMethod codeBase="C:\Develop\Budgeteer\BudgeteerBusiness.Test\bin\Release\BudgeteerBusiness.Test.dll" adapterTypeName="Microsoft.VisualStudio.TestTools.TestTypes.Unit.UnitTestAdapter, Microsoft.VisualStudio.QualityTools.Tips.UnitTest.Adapter, Version=9.0.0.0, Culture=neutral, PublicKeyToken=b03f5f7f11d50a3a" className="BudgeteerBusiness.Test.TransactionTest, BudgeteerBusiness.Test" name="updateTransactionAccountAdjust" />
    </UnitTest>
    <UnitTest name="DeleteAccountAccountIDNothing" storage="c:\develop\budgeteer\budgeteerbusiness.test\bin\release\budgeteerbusiness.test.dll" id="8ba97d74-e039-ca12-665d-09ebe63ca7ce">
      <Css projectStructure="" iteration="" />
      <Owners>
        <Owner name="" />
      </Owners>
      <Execution id="e8d72645-1563-4164-9c00-c50fc3d3f46c" />
      <TestMethod codeBase="C:\Develop\Budgeteer\BudgeteerBusiness.Test\bin\Release\BudgeteerBusiness.Test.dll" adapterTypeName="Microsoft.VisualStudio.TestTools.TestTypes.Unit.UnitTestAdapter, Microsoft.VisualStudio.QualityTools.Tips.UnitTest.Adapter, Version=9.0.0.0, Culture=neutral, PublicKeyToken=b03f5f7f11d50a3a" className="BudgeteerBusiness.Test.BankAccountTest, BudgeteerBusiness.Test" name="DeleteAccountAccountIDNothing" />
    </UnitTest>
    <UnitTest name="getCategoriesUserIDNothing" storage="c:\develop\budgeteer\budgeteerbusiness.test\bin\release\budgeteerbusiness.test.dll" id="63c8983e-264f-303a-d3eb-9b4d25fe86d5">
      <Css projectStructure="" iteration="" />
      <Owners>
        <Owner name="" />
      </Owners>
      <TestMethod codeBase="C:\Develop\Budgeteer\BudgeteerBusiness.Test\bin\Release\BudgeteerBusiness.Test.dll" adapterTypeName="Microsoft.VisualStudio.TestTools.TestTypes.Unit.UnitTestAdapter, Microsoft.VisualStudio.QualityTools.Tips.UnitTest.Adapter, Version=9.0.0.0, Culture=neutral, PublicKeyToken=b03f5f7f11d50a3a" className="BudgeteerBusiness.Test.CategoryTest, BudgeteerBusiness.Test" name="getCategoriesUserIDNothing" />
    </UnitTest>
    <UnitTest name="addTransactionTest" storage="c:\develop\budgeteer\budgeteerbusiness.test\bin\release\budgeteerbusiness.test.dll" id="3d809d94-db02-0e76-9c09-c3d9ec12d5fd">
      <Css projectStructure="" iteration="" />
      <Owners>
        <Owner name="" />
      </Owners>
      <TestMethod codeBase="C:\Develop\Budgeteer\BudgeteerBusiness.Test\bin\Release\BudgeteerBusiness.Test.dll" adapterTypeName="Microsoft.VisualStudio.TestTools.TestTypes.Unit.UnitTestAdapter, Microsoft.VisualStudio.QualityTools.Tips.UnitTest.Adapter, Version=9.0.0.0, Culture=neutral, PublicKeyToken=b03f5f7f11d50a3a" className="BudgeteerBusiness.Test.TransactionTest, BudgeteerBusiness.Test" name="addTransactionTest" />
    </UnitTest>
    <UnitTest name="setSettingSettingMaxLen" storage="c:\develop\budgeteer\budgeteerbusiness.test\bin\release\budgeteerbusiness.test.dll" id="5a6fb017-10b5-f179-df9d-ec95cc76a963">
      <Css projectStructure="" iteration="" />
      <Owners>
        <Owner name="" />
      </Owners>
      <Execution id="d6c31e8c-86bb-496b-95bb-781457f49eb8" />
      <TestMethod codeBase="C:\Develop\Budgeteer\BudgeteerBusiness.Test\bin\Release\BudgeteerBusiness.Test.dll" adapterTypeName="Microsoft.VisualStudio.TestTools.TestTypes.Unit.UnitTestAdapter, Microsoft.VisualStudio.QualityTools.Tips.UnitTest.Adapter, Version=9.0.0.0, Culture=neutral, PublicKeyToken=b03f5f7f11d50a3a" className="BudgeteerBusiness.Test.ApplicationSettingTest, BudgeteerBusiness.Test" name="setSettingSettingMaxLen" />
    </UnitTest>
    <UnitTest name="getTransactionsUserIDNothing" storage="c:\develop\budgeteer\budgeteerbusiness.test\bin\release\budgeteerbusiness.test.dll" id="a941f649-0f02-5cf0-9bb1-5b6a83d2daaf">
      <Css projectStructure="" iteration="" />
      <Owners>
        <Owner name="" />
      </Owners>
      <TestMethod codeBase="C:\Develop\Budgeteer\BudgeteerBusiness.Test\bin\Release\BudgeteerBusiness.Test.dll" adapterTypeName="Microsoft.VisualStudio.TestTools.TestTypes.Unit.UnitTestAdapter, Microsoft.VisualStudio.QualityTools.Tips.UnitTest.Adapter, Version=9.0.0.0, Culture=neutral, PublicKeyToken=b03f5f7f11d50a3a" className="BudgeteerBusiness.Test.TransactionTest, BudgeteerBusiness.Test" name="getTransactionsUserIDNothing" />
    </UnitTest>
    <UnitTest name="updateSubcategoryCategoryIDNothing" storage="c:\develop\budgeteer\budgeteerbusiness.test\bin\release\budgeteerbusiness.test.dll" id="6134c6ed-e8b7-288e-ff3e-b33d83bf08d0">
      <Css projectStructure="" iteration="" />
      <Owners>
        <Owner name="" />
      </Owners>
      <TestMethod codeBase="C:\Develop\Budgeteer\BudgeteerBusiness.Test\bin\Release\BudgeteerBusiness.Test.dll" adapterTypeName="Microsoft.VisualStudio.TestTools.TestTypes.Unit.UnitTestAdapter, Microsoft.VisualStudio.QualityTools.Tips.UnitTest.Adapter, Version=9.0.0.0, Culture=neutral, PublicKeyToken=b03f5f7f11d50a3a" className="BudgeteerBusiness.Test.SubcategoryTest, BudgeteerBusiness.Test" name="updateSubcategoryCategoryIDNothing" />
    </UnitTest>
    <UnitTest name="getSettingsTest" storage="c:\develop\budgeteer\budgeteerbusiness.test\bin\release\budgeteerbusiness.test.dll" id="2da17ebb-99f1-543b-1336-ba260aa88fba">
      <Css projectStructure="" iteration="" />
      <Owners>
        <Owner name="" />
      </Owners>
      <Execution id="412ddd74-791e-473a-a6df-6c39ba288cbe" />
      <TestMethod codeBase="C:\Develop\Budgeteer\BudgeteerBusiness.Test\bin\Release\BudgeteerBusiness.Test.dll" adapterTypeName="Microsoft.VisualStudio.TestTools.TestTypes.Unit.UnitTestAdapter, Microsoft.VisualStudio.QualityTools.Tips.UnitTest.Adapter, Version=9.0.0.0, Culture=neutral, PublicKeyToken=b03f5f7f11d50a3a" className="BudgeteerBusiness.Test.ApplicationSettingTest, BudgeteerBusiness.Test" name="getSettingsTest" />
    </UnitTest>
    <UnitTest name="getFrequenciesUserIDNothing" storage="c:\develop\budgeteer\budgeteerbusiness.test\bin\release\budgeteerbusiness.test.dll" id="83ec55a3-815a-67d2-b2f2-28b93a616423">
      <Css projectStructure="" iteration="" />
      <Owners>
        <Owner name="" />
      </Owners>
      <TestMethod codeBase="C:\Develop\Budgeteer\BudgeteerBusiness.Test\bin\Release\BudgeteerBusiness.Test.dll" adapterTypeName="Microsoft.VisualStudio.TestTools.TestTypes.Unit.UnitTestAdapter, Microsoft.VisualStudio.QualityTools.Tips.UnitTest.Adapter, Version=9.0.0.0, Culture=neutral, PublicKeyToken=b03f5f7f11d50a3a" className="BudgeteerBusiness.Test.FrequencyTest, BudgeteerBusiness.Test" name="getFrequenciesUserIDNothing" />
    </UnitTest>
    <UnitTest name="getSubcategorySubcategoryIDNothing" storage="c:\develop\budgeteer\budgeteerbusiness.test\bin\release\budgeteerbusiness.test.dll" id="25ed8de6-975d-2b68-5d42-088e4dc578e7">
      <Css projectStructure="" iteration="" />
      <Owners>
        <Owner name="" />
      </Owners>
      <TestMethod codeBase="C:\Develop\Budgeteer\BudgeteerBusiness.Test\bin\Release\BudgeteerBusiness.Test.dll" adapterTypeName="Microsoft.VisualStudio.TestTools.TestTypes.Unit.UnitTestAdapter, Microsoft.VisualStudio.QualityTools.Tips.UnitTest.Adapter, Version=9.0.0.0, Culture=neutral, PublicKeyToken=b03f5f7f11d50a3a" className="BudgeteerBusiness.Test.SubcategoryTest, BudgeteerBusiness.Test" name="getSubcategorySubcategoryIDNothing" />
    </UnitTest>
    <UnitTest name="updateUserPasswordUserIDNothing" storage="c:\develop\budgeteer\budgeteerbusiness.test\bin\release\budgeteerbusiness.test.dll" id="72470363-231e-de0f-a051-36672fd2a5cf">
      <Css projectStructure="" iteration="" />
      <Owners>
        <Owner name="" />
      </Owners>
      <TestMethod codeBase="C:\Develop\Budgeteer\BudgeteerBusiness.Test\bin\Release\BudgeteerBusiness.Test.dll" adapterTypeName="Microsoft.VisualStudio.TestTools.TestTypes.Unit.UnitTestAdapter, Microsoft.VisualStudio.QualityTools.Tips.UnitTest.Adapter, Version=9.0.0.0, Culture=neutral, PublicKeyToken=b03f5f7f11d50a3a" className="BudgeteerBusiness.Test.UserTest, BudgeteerBusiness.Test" name="updateUserPasswordUserIDNothing" />
    </UnitTest>
    <UnitTest name="getSubcategoriesByCategoryID" storage="c:\develop\budgeteer\budgeteerbusiness.test\bin\release\budgeteerbusiness.test.dll" id="b05310d8-828c-c740-927a-df64a819e935">
      <Css projectStructure="" iteration="" />
      <Owners>
        <Owner name="" />
      </Owners>
      <TestMethod codeBase="C:\Develop\Budgeteer\BudgeteerBusiness.Test\bin\Release\BudgeteerBusiness.Test.dll" adapterTypeName="Microsoft.VisualStudio.TestTools.TestTypes.Unit.UnitTestAdapter, Microsoft.VisualStudio.QualityTools.Tips.UnitTest.Adapter, Version=9.0.0.0, Culture=neutral, PublicKeyToken=b03f5f7f11d50a3a" className="BudgeteerBusiness.Test.SubcategoryTest, BudgeteerBusiness.Test" name="getSubcategoriesByCategoryID" />
    </UnitTest>
    <UnitTest name="AddAccountUserIDNothing" storage="c:\develop\budgeteer\budgeteerbusiness.test\bin\release\budgeteerbusiness.test.dll" id="b34318a0-b694-1c59-0274-13c5f648813a">
      <Css projectStructure="" iteration="" />
      <Owners>
        <Owner name="" />
      </Owners>
      <Execution id="70c6860b-6883-45ef-9261-24f2168e30da" />
      <TestMethod codeBase="C:\Develop\Budgeteer\BudgeteerBusiness.Test\bin\Release\BudgeteerBusiness.Test.dll" adapterTypeName="Microsoft.VisualStudio.TestTools.TestTypes.Unit.UnitTestAdapter, Microsoft.VisualStudio.QualityTools.Tips.UnitTest.Adapter, Version=9.0.0.0, Culture=neutral, PublicKeyToken=b03f5f7f11d50a3a" className="BudgeteerBusiness.Test.BankAccountTest, BudgeteerBusiness.Test" name="AddAccountUserIDNothing" />
    </UnitTest>
    <UnitTest name="AddAccountAccountTypeMaxLen" storage="c:\develop\budgeteer\budgeteerbusiness.test\bin\release\budgeteerbusiness.test.dll" id="087effc2-bf96-1942-c83f-68f5aa5d2005">
      <Css projectStructure="" iteration="" />
      <Owners>
        <Owner name="" />
      </Owners>
      <Execution id="4def62ac-04d7-4f4f-aa37-e8d4e8dbe1ad" />
      <TestMethod codeBase="C:\Develop\Budgeteer\BudgeteerBusiness.Test\bin\Release\BudgeteerBusiness.Test.dll" adapterTypeName="Microsoft.VisualStudio.TestTools.TestTypes.Unit.UnitTestAdapter, Microsoft.VisualStudio.QualityTools.Tips.UnitTest.Adapter, Version=9.0.0.0, Culture=neutral, PublicKeyToken=b03f5f7f11d50a3a" className="BudgeteerBusiness.Test.BankAccountTest, BudgeteerBusiness.Test" name="AddAccountAccountTypeMaxLen" />
    </UnitTest>
    <UnitTest name="UpdateBudgetBudgetNothing" storage="c:\develop\budgeteer\budgeteerbusiness.test\bin\release\budgeteerbusiness.test.dll" id="f4e61a2b-e0fc-ae40-938e-060246d5db66">
      <Css projectStructure="" iteration="" />
      <Owners>
        <Owner name="" />
      </Owners>
      <TestMethod codeBase="C:\Develop\Budgeteer\BudgeteerBusiness.Test\bin\Release\BudgeteerBusiness.Test.dll" adapterTypeName="Microsoft.VisualStudio.TestTools.TestTypes.Unit.UnitTestAdapter, Microsoft.VisualStudio.QualityTools.Tips.UnitTest.Adapter, Version=9.0.0.0, Culture=neutral, PublicKeyToken=b03f5f7f11d50a3a" className="BudgeteerBusiness.Test.BudgetTest, BudgeteerBusiness.Test" name="UpdateBudgetBudgetNothing" />
    </UnitTest>
    <UnitTest name="addSubcategorySinkingFundNotYOrN" storage="c:\develop\budgeteer\budgeteerbusiness.test\bin\release\budgeteerbusiness.test.dll" id="2a1b7d1b-15e6-8cf8-0219-2630f5c48eaf">
      <Css projectStructure="" iteration="" />
      <Owners>
        <Owner name="" />
      </Owners>
      <TestMethod codeBase="C:\Develop\Budgeteer\BudgeteerBusiness.Test\bin\Release\BudgeteerBusiness.Test.dll" adapterTypeName="Microsoft.VisualStudio.TestTools.TestTypes.Unit.UnitTestAdapter, Microsoft.VisualStudio.QualityTools.Tips.UnitTest.Adapter, Version=9.0.0.0, Culture=neutral, PublicKeyToken=b03f5f7f11d50a3a" className="BudgeteerBusiness.Test.SubcategoryTest, BudgeteerBusiness.Test" name="addSubcategorySinkingFundNotYOrN" />
    </UnitTest>
    <UnitTest name="updateSubcategoryDescriptionNothing" storage="c:\develop\budgeteer\budgeteerbusiness.test\bin\release\budgeteerbusiness.test.dll" id="9add4ea9-9be1-4a10-7cc8-a108d159b81a">
      <Css projectStructure="" iteration="" />
      <Owners>
        <Owner name="" />
      </Owners>
      <TestMethod codeBase="C:\Develop\Budgeteer\BudgeteerBusiness.Test\bin\Release\BudgeteerBusiness.Test.dll" adapterTypeName="Microsoft.VisualStudio.TestTools.TestTypes.Unit.UnitTestAdapter, Microsoft.VisualStudio.QualityTools.Tips.UnitTest.Adapter, Version=9.0.0.0, Culture=neutral, PublicKeyToken=b03f5f7f11d50a3a" className="BudgeteerBusiness.Test.SubcategoryTest, BudgeteerBusiness.Test" name="updateSubcategoryDescriptionNothing" />
    </UnitTest>
    <UnitTest name="addTransactionDescriptionMaxLen" storage="c:\develop\budgeteer\budgeteerbusiness.test\bin\release\budgeteerbusiness.test.dll" id="63d7ff1e-859b-98bb-e808-c5db1ec35b29">
      <Css projectStructure="" iteration="" />
      <Owners>
        <Owner name="" />
      </Owners>
      <TestMethod codeBase="C:\Develop\Budgeteer\BudgeteerBusiness.Test\bin\Release\BudgeteerBusiness.Test.dll" adapterTypeName="Microsoft.VisualStudio.TestTools.TestTypes.Unit.UnitTestAdapter, Microsoft.VisualStudio.QualityTools.Tips.UnitTest.Adapter, Version=9.0.0.0, Culture=neutral, PublicKeyToken=b03f5f7f11d50a3a" className="BudgeteerBusiness.Test.TransactionTest, BudgeteerBusiness.Test" name="addTransactionDescriptionMaxLen" />
    </UnitTest>
    <UnitTest name="addTransactionSFSubcategoryAdjust" storage="c:\develop\budgeteer\budgeteerbusiness.test\bin\release\budgeteerbusiness.test.dll" id="820987f9-05ca-dae0-9f05-a0d4f3b7e230">
      <Css projectStructure="" iteration="" />
      <Owners>
        <Owner name="" />
      </Owners>
      <TestMethod codeBase="C:\Develop\Budgeteer\BudgeteerBusiness.Test\bin\Release\BudgeteerBusiness.Test.dll" adapterTypeName="Microsoft.VisualStudio.TestTools.TestTypes.Unit.UnitTestAdapter, Microsoft.VisualStudio.QualityTools.Tips.UnitTest.Adapter, Version=9.0.0.0, Culture=neutral, PublicKeyToken=b03f5f7f11d50a3a" className="BudgeteerBusiness.Test.TransactionTest, BudgeteerBusiness.Test" name="addTransactionSFSubcategoryAdjust" />
    </UnitTest>
    <UnitTest name="AddBudgetSubcategoryBlank" storage="c:\develop\budgeteer\budgeteerbusiness.test\bin\release\budgeteerbusiness.test.dll" id="76dd44d9-ff6d-af09-8821-f2463b66ed80">
      <Css projectStructure="" iteration="" />
      <Owners>
        <Owner name="" />
      </Owners>
      <Execution id="88b1a3ad-b18d-4b06-9e94-8020b17adfaa" />
      <TestMethod codeBase="C:\Develop\Budgeteer\BudgeteerBusiness.Test\bin\Release\BudgeteerBusiness.Test.dll" adapterTypeName="Microsoft.VisualStudio.TestTools.TestTypes.Unit.UnitTestAdapter, Microsoft.VisualStudio.QualityTools.Tips.UnitTest.Adapter, Version=9.0.0.0, Culture=neutral, PublicKeyToken=b03f5f7f11d50a3a" className="BudgeteerBusiness.Test.BudgetTest, BudgeteerBusiness.Test" name="AddBudgetSubcategoryBlank" />
    </UnitTest>
    <UnitTest name="updateCategoryUserIDNothing" storage="c:\develop\budgeteer\budgeteerbusiness.test\bin\release\budgeteerbusiness.test.dll" id="75e6fe92-6338-062a-4fee-95765bf801c5">
      <Css projectStructure="" iteration="" />
      <Owners>
        <Owner name="" />
      </Owners>
      <TestMethod codeBase="C:\Develop\Budgeteer\BudgeteerBusiness.Test\bin\Release\BudgeteerBusiness.Test.dll" adapterTypeName="Microsoft.VisualStudio.TestTools.TestTypes.Unit.UnitTestAdapter, Microsoft.VisualStudio.QualityTools.Tips.UnitTest.Adapter, Version=9.0.0.0, Culture=neutral, PublicKeyToken=b03f5f7f11d50a3a" className="BudgeteerBusiness.Test.CategoryTest, BudgeteerBusiness.Test" name="updateCategoryUserIDNothing" />
    </UnitTest>
    <UnitTest name="addUserPasswordMaxLen" storage="c:\develop\budgeteer\budgeteerbusiness.test\bin\release\budgeteerbusiness.test.dll" id="28cb5578-a210-728f-1f2a-7829483fe9ce">
      <Css projectStructure="" iteration="" />
      <Owners>
        <Owner name="" />
      </Owners>
      <TestMethod codeBase="C:\Develop\Budgeteer\BudgeteerBusiness.Test\bin\Release\BudgeteerBusiness.Test.dll" adapterTypeName="Microsoft.VisualStudio.TestTools.TestTypes.Unit.UnitTestAdapter, Microsoft.VisualStudio.QualityTools.Tips.UnitTest.Adapter, Version=9.0.0.0, Culture=neutral, PublicKeyToken=b03f5f7f11d50a3a" className="BudgeteerBusiness.Test.UserTest, BudgeteerBusiness.Test" name="addUserPasswordMaxLen" />
    </UnitTest>
    <UnitTest name="updateFrequencyNothing" storage="c:\develop\budgeteer\budgeteerbusiness.test\bin\release\budgeteerbusiness.test.dll" id="06d70802-cbf3-0105-85fe-1032f68b0c57">
      <Css projectStructure="" iteration="" />
      <Owners>
        <Owner name="" />
      </Owners>
      <TestMethod codeBase="C:\Develop\Budgeteer\BudgeteerBusiness.Test\bin\Release\BudgeteerBusiness.Test.dll" adapterTypeName="Microsoft.VisualStudio.TestTools.TestTypes.Unit.UnitTestAdapter, Microsoft.VisualStudio.QualityTools.Tips.UnitTest.Adapter, Version=9.0.0.0, Culture=neutral, PublicKeyToken=b03f5f7f11d50a3a" className="BudgeteerBusiness.Test.FrequencyTest, BudgeteerBusiness.Test" name="updateFrequencyNothing" />
    </UnitTest>
    <UnitTest name="getSettingUserIDBlank" storage="c:\develop\budgeteer\budgeteerbusiness.test\bin\release\budgeteerbusiness.test.dll" id="f229dc9d-2951-41bb-da77-6b10cc77c319">
      <Css projectStructure="" iteration="" />
      <Owners>
        <Owner name="" />
      </Owners>
      <Execution id="dac10f81-8c8c-4f49-b4ed-fa4bd2fa45c5" />
      <TestMethod codeBase="C:\Develop\Budgeteer\BudgeteerBusiness.Test\bin\Release\BudgeteerBusiness.Test.dll" adapterTypeName="Microsoft.VisualStudio.TestTools.TestTypes.Unit.UnitTestAdapter, Microsoft.VisualStudio.QualityTools.Tips.UnitTest.Adapter, Version=9.0.0.0, Culture=neutral, PublicKeyToken=b03f5f7f11d50a3a" className="BudgeteerBusiness.Test.ApplicationSettingTest, BudgeteerBusiness.Test" name="getSettingUserIDBlank" />
    </UnitTest>
    <UnitTest name="getFrequenciesTest" storage="c:\develop\budgeteer\budgeteerbusiness.test\bin\release\budgeteerbusiness.test.dll" id="2e218b54-9cdc-19a6-f73f-134529b0d574">
      <Css projectStructure="" iteration="" />
      <Owners>
        <Owner name="" />
      </Owners>
      <TestMethod codeBase="C:\Develop\Budgeteer\BudgeteerBusiness.Test\bin\Release\BudgeteerBusiness.Test.dll" adapterTypeName="Microsoft.VisualStudio.TestTools.TestTypes.Unit.UnitTestAdapter, Microsoft.VisualStudio.QualityTools.Tips.UnitTest.Adapter, Version=9.0.0.0, Culture=neutral, PublicKeyToken=b03f5f7f11d50a3a" className="BudgeteerBusiness.Test.FrequencyTest, BudgeteerBusiness.Test" name="getFrequenciesTest" />
    </UnitTest>
    <UnitTest name="addFrequencyDescriptionMaxLen" storage="c:\develop\budgeteer\budgeteerbusiness.test\bin\release\budgeteerbusiness.test.dll" id="94aa3a89-922e-c096-871a-c4ffb87404f0">
      <Css projectStructure="" iteration="" />
      <Owners>
        <Owner name="" />
      </Owners>
      <TestMethod codeBase="C:\Develop\Budgeteer\BudgeteerBusiness.Test\bin\Release\BudgeteerBusiness.Test.dll" adapterTypeName="Microsoft.VisualStudio.TestTools.TestTypes.Unit.UnitTestAdapter, Microsoft.VisualStudio.QualityTools.Tips.UnitTest.Adapter, Version=9.0.0.0, Culture=neutral, PublicKeyToken=b03f5f7f11d50a3a" className="BudgeteerBusiness.Test.FrequencyTest, BudgeteerBusiness.Test" name="addFrequencyDescriptionMaxLen" />
    </UnitTest>
    <UnitTest name="updateFrequencyMonthsNegative" storage="c:\develop\budgeteer\budgeteerbusiness.test\bin\release\budgeteerbusiness.test.dll" id="3f53a5bc-85ec-b5b1-a732-530a68ca5fa8">
      <Css projectStructure="" iteration="" />
      <Owners>
        <Owner name="" />
      </Owners>
      <TestMethod codeBase="C:\Develop\Budgeteer\BudgeteerBusiness.Test\bin\Release\BudgeteerBusiness.Test.dll" adapterTypeName="Microsoft.VisualStudio.TestTools.TestTypes.Unit.UnitTestAdapter, Microsoft.VisualStudio.QualityTools.Tips.UnitTest.Adapter, Version=9.0.0.0, Culture=neutral, PublicKeyToken=b03f5f7f11d50a3a" className="BudgeteerBusiness.Test.FrequencyTest, BudgeteerBusiness.Test" name="updateFrequencyMonthsNegative" />
    </UnitTest>
    <UnitTest name="GetAccountsTest" storage="c:\develop\budgeteer\budgeteerbusiness.test\bin\release\budgeteerbusiness.test.dll" id="61615b4f-b3ca-d68a-3eb6-d94deb0da781">
      <Css projectStructure="" iteration="" />
      <Owners>
        <Owner name="" />
      </Owners>
      <Execution id="51e25112-1145-4c39-8636-3595b51e7e73" />
      <TestMethod codeBase="C:\Develop\Budgeteer\BudgeteerBusiness.Test\bin\Release\BudgeteerBusiness.Test.dll" adapterTypeName="Microsoft.VisualStudio.TestTools.TestTypes.Unit.UnitTestAdapter, Microsoft.VisualStudio.QualityTools.Tips.UnitTest.Adapter, Version=9.0.0.0, Culture=neutral, PublicKeyToken=b03f5f7f11d50a3a" className="BudgeteerBusiness.Test.BankAccountTest, BudgeteerBusiness.Test" name="GetAccountsTest" />
    </UnitTest>
    <UnitTest name="updateUserEmailAddressUserIDNothing" storage="c:\develop\budgeteer\budgeteerbusiness.test\bin\release\budgeteerbusiness.test.dll" id="53ff0830-cc1d-2e63-f269-a83b303e8cd9">
      <Css projectStructure="" iteration="" />
      <Owners>
        <Owner name="" />
      </Owners>
      <TestMethod codeBase="C:\Develop\Budgeteer\BudgeteerBusiness.Test\bin\Release\BudgeteerBusiness.Test.dll" adapterTypeName="Microsoft.VisualStudio.TestTools.TestTypes.Unit.UnitTestAdapter, Microsoft.VisualStudio.QualityTools.Tips.UnitTest.Adapter, Version=9.0.0.0, Culture=neutral, PublicKeyToken=b03f5f7f11d50a3a" className="BudgeteerBusiness.Test.UserTest, BudgeteerBusiness.Test" name="updateUserEmailAddressUserIDNothing" />
    </UnitTest>
    <UnitTest name="setSettingUserIDBlank" storage="c:\develop\budgeteer\budgeteerbusiness.test\bin\release\budgeteerbusiness.test.dll" id="68eb3959-6f6d-2194-65cd-b1eaa7337292">
      <Css projectStructure="" iteration="" />
      <Owners>
        <Owner name="" />
      </Owners>
      <Execution id="cb146959-e1c3-4f76-a93e-ad5a877d5f08" />
      <TestMethod codeBase="C:\Develop\Budgeteer\BudgeteerBusiness.Test\bin\Release\BudgeteerBusiness.Test.dll" adapterTypeName="Microsoft.VisualStudio.TestTools.TestTypes.Unit.UnitTestAdapter, Microsoft.VisualStudio.QualityTools.Tips.UnitTest.Adapter, Version=9.0.0.0, Culture=neutral, PublicKeyToken=b03f5f7f11d50a3a" className="BudgeteerBusiness.Test.ApplicationSettingTest, BudgeteerBusiness.Test" name="setSettingUserIDBlank" />
    </UnitTest>
    <UnitTest name="addUserEmailAddressMaxLen" storage="c:\develop\budgeteer\budgeteerbusiness.test\bin\release\budgeteerbusiness.test.dll" id="bcef52eb-c0c7-5e55-deaa-3ee9071fa25e">
      <Css projectStructure="" iteration="" />
      <Owners>
        <Owner name="" />
      </Owners>
      <TestMethod codeBase="C:\Develop\Budgeteer\BudgeteerBusiness.Test\bin\Release\BudgeteerBusiness.Test.dll" adapterTypeName="Microsoft.VisualStudio.TestTools.TestTypes.Unit.UnitTestAdapter, Microsoft.VisualStudio.QualityTools.Tips.UnitTest.Adapter, Version=9.0.0.0, Culture=neutral, PublicKeyToken=b03f5f7f11d50a3a" className="BudgeteerBusiness.Test.UserTest, BudgeteerBusiness.Test" name="addUserEmailAddressMaxLen" />
    </UnitTest>
    <UnitTest name="AddAccountAccountNothing" storage="c:\develop\budgeteer\budgeteerbusiness.test\bin\release\budgeteerbusiness.test.dll" id="587660b0-3b90-02e1-7b54-03c664507fce">
      <Css projectStructure="" iteration="" />
      <Owners>
        <Owner name="" />
      </Owners>
      <Execution id="692de9a2-9d00-411d-a8cf-334476bb0a6d" />
      <TestMethod codeBase="C:\Develop\Budgeteer\BudgeteerBusiness.Test\bin\Release\BudgeteerBusiness.Test.dll" adapterTypeName="Microsoft.VisualStudio.TestTools.TestTypes.Unit.UnitTestAdapter, Microsoft.VisualStudio.QualityTools.Tips.UnitTest.Adapter, Version=9.0.0.0, Culture=neutral, PublicKeyToken=b03f5f7f11d50a3a" className="BudgeteerBusiness.Test.BankAccountTest, BudgeteerBusiness.Test" name="AddAccountAccountNothing" />
    </UnitTest>
    <UnitTest name="updateTransactionSFSubcategoryAdjust" storage="c:\develop\budgeteer\budgeteerbusiness.test\bin\release\budgeteerbusiness.test.dll" id="ff86bab7-fe25-e542-47fe-56bd2f464b72">
      <Css projectStructure="" iteration="" />
      <Owners>
        <Owner name="" />
      </Owners>
      <TestMethod codeBase="C:\Develop\Budgeteer\BudgeteerBusiness.Test\bin\Release\BudgeteerBusiness.Test.dll" adapterTypeName="Microsoft.VisualStudio.TestTools.TestTypes.Unit.UnitTestAdapter, Microsoft.VisualStudio.QualityTools.Tips.UnitTest.Adapter, Version=9.0.0.0, Culture=neutral, PublicKeyToken=b03f5f7f11d50a3a" className="BudgeteerBusiness.Test.TransactionTest, BudgeteerBusiness.Test" name="updateTransactionSFSubcategoryAdjust" />
    </UnitTest>
    <UnitTest name="addFrequencyDescriptionNothing" storage="c:\develop\budgeteer\budgeteerbusiness.test\bin\release\budgeteerbusiness.test.dll" id="b1452ef1-13ca-46e9-c44f-98baa104fb92">
      <Css projectStructure="" iteration="" />
      <Owners>
        <Owner name="" />
      </Owners>
      <TestMethod codeBase="C:\Develop\Budgeteer\BudgeteerBusiness.Test\bin\Release\BudgeteerBusiness.Test.dll" adapterTypeName="Microsoft.VisualStudio.TestTools.TestTypes.Unit.UnitTestAdapter, Microsoft.VisualStudio.QualityTools.Tips.UnitTest.Adapter, Version=9.0.0.0, Culture=neutral, PublicKeyToken=b03f5f7f11d50a3a" className="BudgeteerBusiness.Test.FrequencyTest, BudgeteerBusiness.Test" name="addFrequencyDescriptionNothing" />
    </UnitTest>
    <UnitTest name="addSubcategoryDescriptionNothing" storage="c:\develop\budgeteer\budgeteerbusiness.test\bin\release\budgeteerbusiness.test.dll" id="a8551577-1fbc-a817-6fba-d92f73c63ed5">
      <Css projectStructure="" iteration="" />
      <Owners>
        <Owner name="" />
      </Owners>
      <TestMethod codeBase="C:\Develop\Budgeteer\BudgeteerBusiness.Test\bin\Release\BudgeteerBusiness.Test.dll" adapterTypeName="Microsoft.VisualStudio.TestTools.TestTypes.Unit.UnitTestAdapter, Microsoft.VisualStudio.QualityTools.Tips.UnitTest.Adapter, Version=9.0.0.0, Culture=neutral, PublicKeyToken=b03f5f7f11d50a3a" className="BudgeteerBusiness.Test.SubcategoryTest, BudgeteerBusiness.Test" name="addSubcategoryDescriptionNothing" />
    </UnitTest>
    <UnitTest name="deleteCategoryTest" storage="c:\develop\budgeteer\budgeteerbusiness.test\bin\release\budgeteerbusiness.test.dll" id="0bdfe357-59d7-2115-bc84-10e25df0e6f5">
      <Css projectStructure="" iteration="" />
      <Owners>
        <Owner name="" />
      </Owners>
      <TestMethod codeBase="C:\Develop\Budgeteer\BudgeteerBusiness.Test\bin\Release\BudgeteerBusiness.Test.dll" adapterTypeName="Microsoft.VisualStudio.TestTools.TestTypes.Unit.UnitTestAdapter, Microsoft.VisualStudio.QualityTools.Tips.UnitTest.Adapter, Version=9.0.0.0, Culture=neutral, PublicKeyToken=b03f5f7f11d50a3a" className="BudgeteerBusiness.Test.CategoryTest, BudgeteerBusiness.Test" name="deleteCategoryTest" />
    </UnitTest>
    <UnitTest name="addUserFirstNameMaxLen" storage="c:\develop\budgeteer\budgeteerbusiness.test\bin\release\budgeteerbusiness.test.dll" id="dc51c213-5f3c-c5c3-c9fa-ea22cfaaa6b1">
      <Css projectStructure="" iteration="" />
      <Owners>
        <Owner name="" />
      </Owners>
      <TestMethod codeBase="C:\Develop\Budgeteer\BudgeteerBusiness.Test\bin\Release\BudgeteerBusiness.Test.dll" adapterTypeName="Microsoft.VisualStudio.TestTools.TestTypes.Unit.UnitTestAdapter, Microsoft.VisualStudio.QualityTools.Tips.UnitTest.Adapter, Version=9.0.0.0, Culture=neutral, PublicKeyToken=b03f5f7f11d50a3a" className="BudgeteerBusiness.Test.UserTest, BudgeteerBusiness.Test" name="addUserFirstNameMaxLen" />
    </UnitTest>
    <UnitTest name="updateUserEmailAddressEmailMaxLen" storage="c:\develop\budgeteer\budgeteerbusiness.test\bin\release\budgeteerbusiness.test.dll" id="fa4fde81-0c7b-6c9e-f074-31329de4ad82">
      <Css projectStructure="" iteration="" />
      <Owners>
        <Owner name="" />
      </Owners>
      <TestMethod codeBase="C:\Develop\Budgeteer\BudgeteerBusiness.Test\bin\Release\BudgeteerBusiness.Test.dll" adapterTypeName="Microsoft.VisualStudio.TestTools.TestTypes.Unit.UnitTestAdapter, Microsoft.VisualStudio.QualityTools.Tips.UnitTest.Adapter, Version=9.0.0.0, Culture=neutral, PublicKeyToken=b03f5f7f11d50a3a" className="BudgeteerBusiness.Test.UserTest, BudgeteerBusiness.Test" name="updateUserEmailAddressEmailMaxLen" />
    </UnitTest>
    <UnitTest name="addFrequencyMonthsNegative" storage="c:\develop\budgeteer\budgeteerbusiness.test\bin\release\budgeteerbusiness.test.dll" id="0c5517d4-5316-3e21-871a-fa8800272a65">
      <Css projectStructure="" iteration="" />
      <Owners>
        <Owner name="" />
      </Owners>
      <TestMethod codeBase="C:\Develop\Budgeteer\BudgeteerBusiness.Test\bin\Release\BudgeteerBusiness.Test.dll" adapterTypeName="Microsoft.VisualStudio.TestTools.TestTypes.Unit.UnitTestAdapter, Microsoft.VisualStudio.QualityTools.Tips.UnitTest.Adapter, Version=9.0.0.0, Culture=neutral, PublicKeyToken=b03f5f7f11d50a3a" className="BudgeteerBusiness.Test.FrequencyTest, BudgeteerBusiness.Test" name="addFrequencyMonthsNegative" />
    </UnitTest>
    <UnitTest name="getCategoriesTest" storage="c:\develop\budgeteer\budgeteerbusiness.test\bin\release\budgeteerbusiness.test.dll" id="fa94ca7c-1aae-2e32-1d1b-d0e45ca41440">
      <Css projectStructure="" iteration="" />
      <Owners>
        <Owner name="" />
      </Owners>
      <TestMethod codeBase="C:\Develop\Budgeteer\BudgeteerBusiness.Test\bin\Release\BudgeteerBusiness.Test.dll" adapterTypeName="Microsoft.VisualStudio.TestTools.TestTypes.Unit.UnitTestAdapter, Microsoft.VisualStudio.QualityTools.Tips.UnitTest.Adapter, Version=9.0.0.0, Culture=neutral, PublicKeyToken=b03f5f7f11d50a3a" className="BudgeteerBusiness.Test.CategoryTest, BudgeteerBusiness.Test" name="getCategoriesTest" />
    </UnitTest>
    <UnitTest name="addUserPasswordNothing" storage="c:\develop\budgeteer\budgeteerbusiness.test\bin\release\budgeteerbusiness.test.dll" id="4bd9796f-b636-6a7f-6857-a699f7abd7a9">
      <Css projectStructure="" iteration="" />
      <Owners>
        <Owner name="" />
      </Owners>
      <TestMethod codeBase="C:\Develop\Budgeteer\BudgeteerBusiness.Test\bin\Release\BudgeteerBusiness.Test.dll" adapterTypeName="Microsoft.VisualStudio.TestTools.TestTypes.Unit.UnitTestAdapter, Microsoft.VisualStudio.QualityTools.Tips.UnitTest.Adapter, Version=9.0.0.0, Culture=neutral, PublicKeyToken=b03f5f7f11d50a3a" className="BudgeteerBusiness.Test.UserTest, BudgeteerBusiness.Test" name="addUserPasswordNothing" />
    </UnitTest>
    <UnitTest name="AddBudgetStartDateBlank" storage="c:\develop\budgeteer\budgeteerbusiness.test\bin\release\budgeteerbusiness.test.dll" id="4486fb42-6e67-f081-7552-b679d25d695f">
      <Css projectStructure="" iteration="" />
      <Owners>
        <Owner name="" />
      </Owners>
      <Execution id="e9ce4af3-59d2-4eb5-aca1-492bef037c76" />
      <TestMethod codeBase="C:\Develop\Budgeteer\BudgeteerBusiness.Test\bin\Release\BudgeteerBusiness.Test.dll" adapterTypeName="Microsoft.VisualStudio.TestTools.TestTypes.Unit.UnitTestAdapter, Microsoft.VisualStudio.QualityTools.Tips.UnitTest.Adapter, Version=9.0.0.0, Culture=neutral, PublicKeyToken=b03f5f7f11d50a3a" className="BudgeteerBusiness.Test.BudgetTest, BudgeteerBusiness.Test" name="AddBudgetStartDateBlank" />
    </UnitTest>
    <UnitTest name="setSettingValueMaxLen" storage="c:\develop\budgeteer\budgeteerbusiness.test\bin\release\budgeteerbusiness.test.dll" id="369638f7-538b-b560-7383-2a599f9e5891">
      <Css projectStructure="" iteration="" />
      <Owners>
        <Owner name="" />
      </Owners>
      <Execution id="75e95255-24d7-4920-9796-b423121f18fc" />
      <TestMethod codeBase="C:\Develop\Budgeteer\BudgeteerBusiness.Test\bin\Release\BudgeteerBusiness.Test.dll" adapterTypeName="Microsoft.VisualStudio.TestTools.TestTypes.Unit.UnitTestAdapter, Microsoft.VisualStudio.QualityTools.Tips.UnitTest.Adapter, Version=9.0.0.0, Culture=neutral, PublicKeyToken=b03f5f7f11d50a3a" className="BudgeteerBusiness.Test.ApplicationSettingTest, BudgeteerBusiness.Test" name="setSettingValueMaxLen" />
    </UnitTest>
    <UnitTest name="updateCategoryDescriptionNothing" storage="c:\develop\budgeteer\budgeteerbusiness.test\bin\release\budgeteerbusiness.test.dll" id="a2d96dcc-0274-ae96-1084-c6eeaf735a67">
      <Css projectStructure="" iteration="" />
      <Owners>
        <Owner name="" />
      </Owners>
      <TestMethod codeBase="C:\Develop\Budgeteer\BudgeteerBusiness.Test\bin\Release\BudgeteerBusiness.Test.dll" adapterTypeName="Microsoft.VisualStudio.TestTools.TestTypes.Unit.UnitTestAdapter, Microsoft.VisualStudio.QualityTools.Tips.UnitTest.Adapter, Version=9.0.0.0, Culture=neutral, PublicKeyToken=b03f5f7f11d50a3a" className="BudgeteerBusiness.Test.CategoryTest, BudgeteerBusiness.Test" name="updateCategoryDescriptionNothing" />
    </UnitTest>
    <UnitTest name="updateCategoryNothing" storage="c:\develop\budgeteer\budgeteerbusiness.test\bin\release\budgeteerbusiness.test.dll" id="a59c967c-b286-ecbe-5787-275fa8e4e9c9">
      <Css projectStructure="" iteration="" />
      <Owners>
        <Owner name="" />
      </Owners>
      <TestMethod codeBase="C:\Develop\Budgeteer\BudgeteerBusiness.Test\bin\Release\BudgeteerBusiness.Test.dll" adapterTypeName="Microsoft.VisualStudio.TestTools.TestTypes.Unit.UnitTestAdapter, Microsoft.VisualStudio.QualityTools.Tips.UnitTest.Adapter, Version=9.0.0.0, Culture=neutral, PublicKeyToken=b03f5f7f11d50a3a" className="BudgeteerBusiness.Test.CategoryTest, BudgeteerBusiness.Test" name="updateCategoryNothing" />
    </UnitTest>
    <UnitTest name="AccountUpdateAccountIDNothing" storage="c:\develop\budgeteer\budgeteerbusiness.test\bin\release\budgeteerbusiness.test.dll" id="d45c411c-5ad0-5299-8bb1-88f95d2c7618">
      <Css projectStructure="" iteration="" />
      <Owners>
        <Owner name="" />
      </Owners>
      <Execution id="5bce4c52-1308-48a8-95cf-6b493928c157" />
      <TestMethod codeBase="C:\Develop\Budgeteer\BudgeteerBusiness.Test\bin\Release\BudgeteerBusiness.Test.dll" adapterTypeName="Microsoft.VisualStudio.TestTools.TestTypes.Unit.UnitTestAdapter, Microsoft.VisualStudio.QualityTools.Tips.UnitTest.Adapter, Version=9.0.0.0, Culture=neutral, PublicKeyToken=b03f5f7f11d50a3a" className="BudgeteerBusiness.Test.BankAccountTest, BudgeteerBusiness.Test" name="AccountUpdateAccountIDNothing" />
    </UnitTest>
    <UnitTest name="getSettingTest" storage="c:\develop\budgeteer\budgeteerbusiness.test\bin\release\budgeteerbusiness.test.dll" id="60cc931f-8e63-39f9-719e-c12ab9d1a9c9">
      <Css projectStructure="" iteration="" />
      <Owners>
        <Owner name="" />
      </Owners>
      <Execution id="990c0427-fd9b-4e67-a666-a7a958fbdb53" />
      <TestMethod codeBase="C:\Develop\Budgeteer\BudgeteerBusiness.Test\bin\Release\BudgeteerBusiness.Test.dll" adapterTypeName="Microsoft.VisualStudio.TestTools.TestTypes.Unit.UnitTestAdapter, Microsoft.VisualStudio.QualityTools.Tips.UnitTest.Adapter, Version=9.0.0.0, Culture=neutral, PublicKeyToken=b03f5f7f11d50a3a" className="BudgeteerBusiness.Test.ApplicationSettingTest, BudgeteerBusiness.Test" name="getSettingTest" />
    </UnitTest>
    <UnitTest name="addSubcategoryUserIDNothing" storage="c:\develop\budgeteer\budgeteerbusiness.test\bin\release\budgeteerbusiness.test.dll" id="88291b0b-7e70-f6db-50b3-47e82e867912">
      <Css projectStructure="" iteration="" />
      <Owners>
        <Owner name="" />
      </Owners>
      <TestMethod codeBase="C:\Develop\Budgeteer\BudgeteerBusiness.Test\bin\Release\BudgeteerBusiness.Test.dll" adapterTypeName="Microsoft.VisualStudio.TestTools.TestTypes.Unit.UnitTestAdapter, Microsoft.VisualStudio.QualityTools.Tips.UnitTest.Adapter, Version=9.0.0.0, Culture=neutral, PublicKeyToken=b03f5f7f11d50a3a" className="BudgeteerBusiness.Test.SubcategoryTest, BudgeteerBusiness.Test" name="addSubcategoryUserIDNothing" />
    </UnitTest>
    <UnitTest name="addCategoryNothing" storage="c:\develop\budgeteer\budgeteerbusiness.test\bin\release\budgeteerbusiness.test.dll" id="0fca1d8a-cdd0-27c2-fb9e-0f26a9f562df">
      <Css projectStructure="" iteration="" />
      <Owners>
        <Owner name="" />
      </Owners>
      <TestMethod codeBase="C:\Develop\Budgeteer\BudgeteerBusiness.Test\bin\Release\BudgeteerBusiness.Test.dll" adapterTypeName="Microsoft.VisualStudio.TestTools.TestTypes.Unit.UnitTestAdapter, Microsoft.VisualStudio.QualityTools.Tips.UnitTest.Adapter, Version=9.0.0.0, Culture=neutral, PublicKeyToken=b03f5f7f11d50a3a" className="BudgeteerBusiness.Test.CategoryTest, BudgeteerBusiness.Test" name="addCategoryNothing" />
    </UnitTest>
    <UnitTest name="deleteFrequencyFrequencyIDNothing" storage="c:\develop\budgeteer\budgeteerbusiness.test\bin\release\budgeteerbusiness.test.dll" id="6f7faeec-fd19-b1af-0830-7613b5075b88">
      <Css projectStructure="" iteration="" />
      <Owners>
        <Owner name="" />
      </Owners>
      <TestMethod codeBase="C:\Develop\Budgeteer\BudgeteerBusiness.Test\bin\Release\BudgeteerBusiness.Test.dll" adapterTypeName="Microsoft.VisualStudio.TestTools.TestTypes.Unit.UnitTestAdapter, Microsoft.VisualStudio.QualityTools.Tips.UnitTest.Adapter, Version=9.0.0.0, Culture=neutral, PublicKeyToken=b03f5f7f11d50a3a" className="BudgeteerBusiness.Test.FrequencyTest, BudgeteerBusiness.Test" name="deleteFrequencyFrequencyIDNothing" />
    </UnitTest>
    <UnitTest name="updateUserPasswordTest" storage="c:\develop\budgeteer\budgeteerbusiness.test\bin\release\budgeteerbusiness.test.dll" id="5a6ba108-477a-8826-07f4-4b3d85417087">
      <Css projectStructure="" iteration="" />
      <Owners>
        <Owner name="" />
      </Owners>
      <TestMethod codeBase="C:\Develop\Budgeteer\BudgeteerBusiness.Test\bin\Release\BudgeteerBusiness.Test.dll" adapterTypeName="Microsoft.VisualStudio.TestTools.TestTypes.Unit.UnitTestAdapter, Microsoft.VisualStudio.QualityTools.Tips.UnitTest.Adapter, Version=9.0.0.0, Culture=neutral, PublicKeyToken=b03f5f7f11d50a3a" className="BudgeteerBusiness.Test.UserTest, BudgeteerBusiness.Test" name="updateUserPasswordTest" />
    </UnitTest>
    <UnitTest name="GetAccountsUserIDNothing" storage="c:\develop\budgeteer\budgeteerbusiness.test\bin\release\budgeteerbusiness.test.dll" id="95c0682e-1297-4ce1-4725-5f3b047e8687">
      <Css projectStructure="" iteration="" />
      <Owners>
        <Owner name="" />
      </Owners>
      <Execution id="dcebfef4-2651-4af0-9cb1-575e5b694216" />
      <TestMethod codeBase="C:\Develop\Budgeteer\BudgeteerBusiness.Test\bin\Release\BudgeteerBusiness.Test.dll" adapterTypeName="Microsoft.VisualStudio.TestTools.TestTypes.Unit.UnitTestAdapter, Microsoft.VisualStudio.QualityTools.Tips.UnitTest.Adapter, Version=9.0.0.0, Culture=neutral, PublicKeyToken=b03f5f7f11d50a3a" className="BudgeteerBusiness.Test.BankAccountTest, BudgeteerBusiness.Test" name="GetAccountsUserIDNothing" />
    </UnitTest>
    <UnitTest name="updateTransactionDateNothing" storage="c:\develop\budgeteer\budgeteerbusiness.test\bin\release\budgeteerbusiness.test.dll" id="8f6940ee-6a05-220b-9d80-efa337ee3133">
      <Css projectStructure="" iteration="" />
      <Owners>
        <Owner name="" />
      </Owners>
      <TestMethod codeBase="C:\Develop\Budgeteer\BudgeteerBusiness.Test\bin\Release\BudgeteerBusiness.Test.dll" adapterTypeName="Microsoft.VisualStudio.TestTools.TestTypes.Unit.UnitTestAdapter, Microsoft.VisualStudio.QualityTools.Tips.UnitTest.Adapter, Version=9.0.0.0, Culture=neutral, PublicKeyToken=b03f5f7f11d50a3a" className="BudgeteerBusiness.Test.TransactionTest, BudgeteerBusiness.Test" name="updateTransactionDateNothing" />
    </UnitTest>
    <UnitTest name="GetBudgetsByCriteriaTest" storage="c:\develop\budgeteer\budgeteerbusiness.test\bin\release\budgeteerbusiness.test.dll" id="7a67e1af-a886-d057-74bb-d7a715ebb35b">
      <Css projectStructure="" iteration="" />
      <Owners>
        <Owner name="" />
      </Owners>
      <Execution id="de2f5973-c44b-431d-9cc1-8c20e3b07535" />
      <TestMethod codeBase="C:\Develop\Budgeteer\BudgeteerBusiness.Test\bin\Release\BudgeteerBusiness.Test.dll" adapterTypeName="Microsoft.VisualStudio.TestTools.TestTypes.Unit.UnitTestAdapter, Microsoft.VisualStudio.QualityTools.Tips.UnitTest.Adapter, Version=9.0.0.0, Culture=neutral, PublicKeyToken=b03f5f7f11d50a3a" className="BudgeteerBusiness.Test.BudgetTest, BudgeteerBusiness.Test" name="GetBudgetsByCriteriaTest" />
    </UnitTest>
    <UnitTest name="deleteTransactionTransactionIDNothing" storage="c:\develop\budgeteer\budgeteerbusiness.test\bin\release\budgeteerbusiness.test.dll" id="93af35c8-f5d8-78c3-8cc9-706ee5491c55">
      <Css projectStructure="" iteration="" />
      <Owners>
        <Owner name="" />
      </Owners>
      <TestMethod codeBase="C:\Develop\Budgeteer\BudgeteerBusiness.Test\bin\Release\BudgeteerBusiness.Test.dll" adapterTypeName="Microsoft.VisualStudio.TestTools.TestTypes.Unit.UnitTestAdapter, Microsoft.VisualStudio.QualityTools.Tips.UnitTest.Adapter, Version=9.0.0.0, Culture=neutral, PublicKeyToken=b03f5f7f11d50a3a" className="BudgeteerBusiness.Test.TransactionTest, BudgeteerBusiness.Test" name="deleteTransactionTransactionIDNothing" />
    </UnitTest>
    <UnitTest name="GetBudgetsTest" storage="c:\develop\budgeteer\budgeteerbusiness.test\bin\release\budgeteerbusiness.test.dll" id="cb8df43f-6492-dd91-9c3b-f64ea6d0afbc">
      <Css projectStructure="" iteration="" />
      <Owners>
        <Owner name="" />
      </Owners>
      <Execution id="4d92e67d-6d0c-4fed-a045-b223db2ec91a" />
      <TestMethod codeBase="C:\Develop\Budgeteer\BudgeteerBusiness.Test\bin\Release\BudgeteerBusiness.Test.dll" adapterTypeName="Microsoft.VisualStudio.TestTools.TestTypes.Unit.UnitTestAdapter, Microsoft.VisualStudio.QualityTools.Tips.UnitTest.Adapter, Version=9.0.0.0, Culture=neutral, PublicKeyToken=b03f5f7f11d50a3a" className="BudgeteerBusiness.Test.BudgetTest, BudgeteerBusiness.Test" name="GetBudgetsTest" />
    </UnitTest>
  </TestDefinitions>
  <TestLists>
    <TestList name="Results Not in a List" id="8c84fa94-04c1-424b-9868-57a2d4851a1d" />
    <TestList name="All Loaded Results" id="19431567-8539-422a-85d7-44ee4e166bda" />
  </TestLists>
  <TestEntries>
    <TestEntry testId="2da17ebb-99f1-543b-1336-ba260aa88fba" executionId="412ddd74-791e-473a-a6df-6c39ba288cbe" testListId="8c84fa94-04c1-424b-9868-57a2d4851a1d" />
    <TestEntry testId="8cd615c6-e162-c613-892a-65fc09419773" executionId="609fd9dc-40b1-489d-a24b-46f5f2cb3ba1" testListId="8c84fa94-04c1-424b-9868-57a2d4851a1d" />
    <TestEntry testId="60cc931f-8e63-39f9-719e-c12ab9d1a9c9" executionId="990c0427-fd9b-4e67-a666-a7a958fbdb53" testListId="8c84fa94-04c1-424b-9868-57a2d4851a1d" />
    <TestEntry testId="f229dc9d-2951-41bb-da77-6b10cc77c319" executionId="dac10f81-8c8c-4f49-b4ed-fa4bd2fa45c5" testListId="8c84fa94-04c1-424b-9868-57a2d4851a1d" />
    <TestEntry testId="c1eb1ab3-71b1-7f0c-d402-7db8c88875e0" executionId="b41fc011-f32e-4b54-bb4d-2e65d5859983" testListId="8c84fa94-04c1-424b-9868-57a2d4851a1d" />
    <TestEntry testId="292697ef-a481-6a95-4841-a0b23aab7616" executionId="f431a800-9f55-482e-b459-c4fca7b3a336" testListId="8c84fa94-04c1-424b-9868-57a2d4851a1d" />
    <TestEntry testId="68eb3959-6f6d-2194-65cd-b1eaa7337292" executionId="cb146959-e1c3-4f76-a93e-ad5a877d5f08" testListId="8c84fa94-04c1-424b-9868-57a2d4851a1d" />
    <TestEntry testId="83dddd9a-5fdf-d50e-591b-83ffd2e26894" executionId="b0f6f607-9c57-44a9-9da5-72f2c2cf6c3f" testListId="8c84fa94-04c1-424b-9868-57a2d4851a1d" />
    <TestEntry testId="5a6fb017-10b5-f179-df9d-ec95cc76a963" executionId="d6c31e8c-86bb-496b-95bb-781457f49eb8" testListId="8c84fa94-04c1-424b-9868-57a2d4851a1d" />
    <TestEntry testId="369638f7-538b-b560-7383-2a599f9e5891" executionId="75e95255-24d7-4920-9796-b423121f18fc" testListId="8c84fa94-04c1-424b-9868-57a2d4851a1d" />
    <TestEntry testId="fcca391a-3bf2-a7bd-8a43-2d87c89ccc3b" executionId="030b4d5b-85d0-43fa-8099-b8ab91c370f0" testListId="8c84fa94-04c1-424b-9868-57a2d4851a1d" />
    <TestEntry testId="61615b4f-b3ca-d68a-3eb6-d94deb0da781" executionId="51e25112-1145-4c39-8636-3595b51e7e73" testListId="8c84fa94-04c1-424b-9868-57a2d4851a1d" />
    <TestEntry testId="95c0682e-1297-4ce1-4725-5f3b047e8687" executionId="dcebfef4-2651-4af0-9cb1-575e5b694216" testListId="8c84fa94-04c1-424b-9868-57a2d4851a1d" />
    <TestEntry testId="6d337c35-98f0-54b3-f22d-26fc0f00e50a" executionId="5830c8dd-e4dd-49de-a84a-fc16daef554d" testListId="8c84fa94-04c1-424b-9868-57a2d4851a1d" />
    <TestEntry testId="495b801d-fa26-fed0-0f3c-89b4c2b40633" executionId="5cece37d-b4a8-4fe1-9bc8-ed7de3eceaf3" testListId="8c84fa94-04c1-424b-9868-57a2d4851a1d" />
    <TestEntry testId="8dcb2405-5c91-c749-7201-777f5347a181" executionId="510a951a-132d-4c0d-b1f5-c9be018b1056" testListId="8c84fa94-04c1-424b-9868-57a2d4851a1d" />
    <TestEntry testId="587660b0-3b90-02e1-7b54-03c664507fce" executionId="692de9a2-9d00-411d-a8cf-334476bb0a6d" testListId="8c84fa94-04c1-424b-9868-57a2d4851a1d" />
    <TestEntry testId="b1348d03-fa8d-98c0-743c-70a5fbb29395" executionId="1080d51c-810a-41fd-92c0-d1fd2c6f731a" testListId="8c84fa94-04c1-424b-9868-57a2d4851a1d" />
    <TestEntry testId="76e91602-d7b1-974d-3752-f1032f6e14fd" executionId="a97d2301-40b1-498a-b629-db4b3284caec" testListId="8c84fa94-04c1-424b-9868-57a2d4851a1d" />
    <TestEntry testId="6f61982a-b51b-27fe-1f93-482011c4b473" executionId="de4c48a5-a12f-427d-846f-2fea4b8ed884" testListId="8c84fa94-04c1-424b-9868-57a2d4851a1d" />
    <TestEntry testId="087effc2-bf96-1942-c83f-68f5aa5d2005" executionId="4def62ac-04d7-4f4f-aa37-e8d4e8dbe1ad" testListId="8c84fa94-04c1-424b-9868-57a2d4851a1d" />
    <TestEntry testId="d1360a53-95ee-b75a-cf14-ff4641961f1d" executionId="f674aa26-cc7f-428e-b472-a87b6a6712b1" testListId="8c84fa94-04c1-424b-9868-57a2d4851a1d" />
    <TestEntry testId="b34318a0-b694-1c59-0274-13c5f648813a" executionId="70c6860b-6883-45ef-9261-24f2168e30da" testListId="8c84fa94-04c1-424b-9868-57a2d4851a1d" />
    <TestEntry testId="acd7067b-97cd-802a-af1a-b1adb9e60800" executionId="fde8a5f5-306b-4a8e-8648-be3963d18916" testListId="8c84fa94-04c1-424b-9868-57a2d4851a1d" />
    <TestEntry testId="15012bb2-b8a7-b9c7-7871-b29804a6aa37" executionId="5e4e940d-bcf5-47fa-addb-abd260592764" testListId="8c84fa94-04c1-424b-9868-57a2d4851a1d" />
    <TestEntry testId="d45c411c-5ad0-5299-8bb1-88f95d2c7618" executionId="5bce4c52-1308-48a8-95cf-6b493928c157" testListId="8c84fa94-04c1-424b-9868-57a2d4851a1d" />
    <TestEntry testId="fd0567ca-ebac-cdf4-0d35-eaae1abf4f60" executionId="9e326f27-8451-4cbe-a912-cc6d5de90edf" testListId="8c84fa94-04c1-424b-9868-57a2d4851a1d" />
    <TestEntry testId="8c6905af-52bc-76a0-b628-ad32132409ba" executionId="55261ac9-04d8-4d3f-9e9f-72b6f119a3f6" testListId="8c84fa94-04c1-424b-9868-57a2d4851a1d" />
    <TestEntry testId="ab937ec4-62dc-9a36-31d9-81e0a9987ee7" executionId="4a4a4131-99ec-4bf1-a2b4-bc49e31bf17b" testListId="8c84fa94-04c1-424b-9868-57a2d4851a1d" />
    <TestEntry testId="dc103d46-66d3-5339-3760-9e1aa3967d68" executionId="bd476b22-d35f-4491-be96-172ef38cecd8" testListId="8c84fa94-04c1-424b-9868-57a2d4851a1d" />
    <TestEntry testId="78580d61-10eb-61e0-ce2a-90979662c9fc" executionId="b2e8f195-f481-4874-9ca0-328b3cf9a3e9" testListId="8c84fa94-04c1-424b-9868-57a2d4851a1d" />
    <TestEntry testId="b47ab333-b0fd-87a2-450b-d6079dce8ac2" executionId="b1c79210-b363-4623-ad00-94a44d24bb74" testListId="8c84fa94-04c1-424b-9868-57a2d4851a1d" />
    <TestEntry testId="8ba97d74-e039-ca12-665d-09ebe63ca7ce" executionId="e8d72645-1563-4164-9c00-c50fc3d3f46c" testListId="8c84fa94-04c1-424b-9868-57a2d4851a1d" />
    <TestEntry testId="cb8df43f-6492-dd91-9c3b-f64ea6d0afbc" executionId="4d92e67d-6d0c-4fed-a045-b223db2ec91a" testListId="8c84fa94-04c1-424b-9868-57a2d4851a1d" />
    <TestEntry testId="ebd39db0-e74b-3bd5-c867-9e8d1f912965" executionId="e2a2238b-c2fe-4e5b-9a47-ae3bd2528ba8" testListId="8c84fa94-04c1-424b-9868-57a2d4851a1d" />
    <TestEntry testId="7a67e1af-a886-d057-74bb-d7a715ebb35b" executionId="de2f5973-c44b-431d-9cc1-8c20e3b07535" testListId="8c84fa94-04c1-424b-9868-57a2d4851a1d" />
    <TestEntry testId="ec84c0d8-8089-6d3c-3b32-6d388f8132a6" executionId="5cf0fac1-902c-4a9c-9b59-0da1c2347684" testListId="8c84fa94-04c1-424b-9868-57a2d4851a1d" />
    <TestEntry testId="051888c9-8a45-0bb7-a0d4-714b442283af" executionId="b05be900-5b43-42dd-8869-49fc7a8c08cf" testListId="8c84fa94-04c1-424b-9868-57a2d4851a1d" />
    <TestEntry testId="4486fb42-6e67-f081-7552-b679d25d695f" executionId="e9ce4af3-59d2-4eb5-aca1-492bef037c76" testListId="8c84fa94-04c1-424b-9868-57a2d4851a1d" />
    <TestEntry testId="76dd44d9-ff6d-af09-8821-f2463b66ed80" executionId="88b1a3ad-b18d-4b06-9e94-8020b17adfaa" testListId="8c84fa94-04c1-424b-9868-57a2d4851a1d" />
    <TestEntry testId="61fdb9d7-48c5-641a-6f66-dfa77bb5a005" executionId="db39f7ba-e6b1-44b1-bc3e-d814d4ba6509" testListId="8c84fa94-04c1-424b-9868-57a2d4851a1d" />
    <TestEntry testId="976ae5f8-6c26-174f-136c-aff26d2da02f" executionId="a35e03ec-bd47-417c-863c-8d4c35654c85" testListId="8c84fa94-04c1-424b-9868-57a2d4851a1d" />
    <TestEntry testId="4a8176c5-a77c-0df9-87fa-be9df67b74cb" executionId="3fd416c1-1a29-49a1-8030-e3387ee7bee4" testListId="8c84fa94-04c1-424b-9868-57a2d4851a1d" />
    <TestEntry testId="f4e61a2b-e0fc-ae40-938e-060246d5db66" executionId="bf7aca2d-72a1-45a2-8d2b-fd18d01e1563" testListId="8c84fa94-04c1-424b-9868-57a2d4851a1d" />
    <TestEntry testId="f072707e-36bf-6cb2-fd1d-066aa43590df" executionId="c799b4e3-04b3-44a7-8fc9-9a57fbe4bec9" testListId="8c84fa94-04c1-424b-9868-57a2d4851a1d" />
    <TestEntry testId="2961bbf1-146b-0935-82b2-1ae35615a987" executionId="6c8e7cd1-d9dd-4260-9a4f-177098553655" testListId="8c84fa94-04c1-424b-9868-57a2d4851a1d" />
    <TestEntry testId="aa01915b-fe45-c694-5349-093d2378bbbf" executionId="d4a8c308-1f58-43df-aff1-b5229f326f53" testListId="8c84fa94-04c1-424b-9868-57a2d4851a1d" />
    <TestEntry testId="b7f0e8a2-8926-f837-3cda-c1c849c6826c" executionId="e7e038a3-1a13-4a8e-862f-47daf74cb8e0" testListId="8c84fa94-04c1-424b-9868-57a2d4851a1d" />
    <TestEntry testId="c0411296-3ae8-697f-2af6-c4ea40140d13" executionId="ed7fb68c-301d-4a3e-9896-03106a0bc8e3" testListId="8c84fa94-04c1-424b-9868-57a2d4851a1d" />
    <TestEntry testId="799311e6-1da3-8fae-d135-4dafc9b3c1eb" executionId="d2d97c5e-cde0-43cf-9203-4fdb38e4b2bf" testListId="8c84fa94-04c1-424b-9868-57a2d4851a1d" />
    <TestEntry testId="fa94ca7c-1aae-2e32-1d1b-d0e45ca41440" executionId="25861d46-1b4c-476d-befd-a06579006123" testListId="8c84fa94-04c1-424b-9868-57a2d4851a1d" />
    <TestEntry testId="63c8983e-264f-303a-d3eb-9b4d25fe86d5" executionId="31dfcaa8-70db-4355-a390-fb3064abe28a" testListId="8c84fa94-04c1-424b-9868-57a2d4851a1d" />
    <TestEntry testId="28a40b92-ebf0-3021-bfd0-8669c95f701b" executionId="5bc8013b-2173-4a41-b4b3-48020397a8d2" testListId="8c84fa94-04c1-424b-9868-57a2d4851a1d" />
    <TestEntry testId="0fca1d8a-cdd0-27c2-fb9e-0f26a9f562df" executionId="e2a86725-fdee-410c-964f-a3efdf211a89" testListId="8c84fa94-04c1-424b-9868-57a2d4851a1d" />
    <TestEntry testId="ff7fb138-6236-24d9-747a-2dd6d9883235" executionId="ee20b95b-f2d8-4e40-8918-53c823340715" testListId="8c84fa94-04c1-424b-9868-57a2d4851a1d" />
    <TestEntry testId="58a09de1-5830-1f36-c16c-3939c3e6e900" executionId="d4788259-368d-4cce-82fc-c45cccbf9486" testListId="8c84fa94-04c1-424b-9868-57a2d4851a1d" />
    <TestEntry testId="532e8336-e148-b747-29ed-96f8fa85edc7" executionId="81b3102d-c785-40d5-af29-28629f39fc56" testListId="8c84fa94-04c1-424b-9868-57a2d4851a1d" />
    <TestEntry testId="8fc9d453-58a3-7668-636c-73ada71a9a28" executionId="76e57725-b603-4301-af1b-108469238530" testListId="8c84fa94-04c1-424b-9868-57a2d4851a1d" />
    <TestEntry testId="a59c967c-b286-ecbe-5787-275fa8e4e9c9" executionId="574c0e13-4719-44db-ba97-e1b9f3ad708c" testListId="8c84fa94-04c1-424b-9868-57a2d4851a1d" />
    <TestEntry testId="a8ff8f1a-6307-d134-859e-78279102c9ce" executionId="4d9ad924-5f3a-476a-8678-76ff417ec098" testListId="8c84fa94-04c1-424b-9868-57a2d4851a1d" />
    <TestEntry testId="a2d96dcc-0274-ae96-1084-c6eeaf735a67" executionId="141e9e0a-5ff5-44c1-b80d-e7f91d7e1157" testListId="8c84fa94-04c1-424b-9868-57a2d4851a1d" />
    <TestEntry testId="75e6fe92-6338-062a-4fee-95765bf801c5" executionId="a9d35316-dcbb-4a92-a81c-f599ecfcfd00" testListId="8c84fa94-04c1-424b-9868-57a2d4851a1d" />
    <TestEntry testId="0bdfe357-59d7-2115-bc84-10e25df0e6f5" executionId="0e2ca7f6-d22c-4622-8ed7-6b9ec7cc70bb" testListId="8c84fa94-04c1-424b-9868-57a2d4851a1d" />
    <TestEntry testId="23cfea9f-164f-f9a5-24c4-692d1157d70d" executionId="134ec174-82de-46d4-8f2e-2a9dce265573" testListId="8c84fa94-04c1-424b-9868-57a2d4851a1d" />
    <TestEntry testId="2e218b54-9cdc-19a6-f73f-134529b0d574" executionId="a448db2b-574f-4c8e-ba19-22d570f26554" testListId="8c84fa94-04c1-424b-9868-57a2d4851a1d" />
    <TestEntry testId="83ec55a3-815a-67d2-b2f2-28b93a616423" executionId="7e6510c3-5077-4e18-9685-f074c32d1510" testListId="8c84fa94-04c1-424b-9868-57a2d4851a1d" />
    <TestEntry testId="8a4ba671-1448-8492-2b78-1b765c8a587b" executionId="ef1dd8db-f0a7-4434-aee9-e69e5bde6b12" testListId="8c84fa94-04c1-424b-9868-57a2d4851a1d" />
    <TestEntry testId="afdd3970-ef14-572c-7490-d181ac1ccd1e" executionId="ec9c87a5-9cf9-4488-b877-2cd759747399" testListId="8c84fa94-04c1-424b-9868-57a2d4851a1d" />
    <TestEntry testId="b1452ef1-13ca-46e9-c44f-98baa104fb92" executionId="c9f42eed-084a-4564-81f7-661803b8580b" testListId="8c84fa94-04c1-424b-9868-57a2d4851a1d" />
    <TestEntry testId="94aa3a89-922e-c096-871a-c4ffb87404f0" executionId="3caed354-f7d6-4307-b9a4-fe55d619131a" testListId="8c84fa94-04c1-424b-9868-57a2d4851a1d" />
    <TestEntry testId="0c5517d4-5316-3e21-871a-fa8800272a65" executionId="2f0336b3-a0f6-4bb5-94de-c3ca2137952e" testListId="8c84fa94-04c1-424b-9868-57a2d4851a1d" />
    <TestEntry testId="4c8b2cdb-4eab-b6f9-ff74-242bf524db2e" executionId="824be763-1d7c-4ccf-96fd-377ad155c2dd" testListId="8c84fa94-04c1-424b-9868-57a2d4851a1d" />
    <TestEntry testId="d3b64b82-0b84-680f-9e31-0c326c489dc9" executionId="59baf9b0-b82f-48a7-b748-d204ff276e35" testListId="8c84fa94-04c1-424b-9868-57a2d4851a1d" />
    <TestEntry testId="06d70802-cbf3-0105-85fe-1032f68b0c57" executionId="3aa74b9f-d2c8-4b41-91af-d5bfbde5bbb4" testListId="8c84fa94-04c1-424b-9868-57a2d4851a1d" />
    <TestEntry testId="899e468f-0f82-8f87-b2c5-dd542356cd37" executionId="d1c70323-dc99-414a-bbbc-575748ea43a7" testListId="8c84fa94-04c1-424b-9868-57a2d4851a1d" />
    <TestEntry testId="a4fa7f01-082a-f733-8a2d-b25ea8023d30" executionId="2faff4f5-bf98-448f-903a-a3d8812b166e" testListId="8c84fa94-04c1-424b-9868-57a2d4851a1d" />
    <TestEntry testId="38af75c1-03ea-b909-29fa-879e4a97d0ad" executionId="1793a54d-62f6-49c0-b56b-4e3f7193de22" testListId="8c84fa94-04c1-424b-9868-57a2d4851a1d" />
    <TestEntry testId="3f53a5bc-85ec-b5b1-a732-530a68ca5fa8" executionId="b63430f8-73af-46ee-87fd-b7623306139b" testListId="8c84fa94-04c1-424b-9868-57a2d4851a1d" />
    <TestEntry testId="83c6509b-b125-a15a-14be-8af19ed1aed9" executionId="24685344-b18e-4784-9b34-bdd20b4b79e7" testListId="8c84fa94-04c1-424b-9868-57a2d4851a1d" />
    <TestEntry testId="6f7faeec-fd19-b1af-0830-7613b5075b88" executionId="d6689b95-1533-4779-a819-a485e145e350" testListId="8c84fa94-04c1-424b-9868-57a2d4851a1d" />
    <TestEntry testId="a2d4949d-2288-66c6-b89d-8f558bc7feba" executionId="2537b4df-30ac-4c94-a775-c1ca8802c862" testListId="8c84fa94-04c1-424b-9868-57a2d4851a1d" />
    <TestEntry testId="c962f176-0e46-6e6a-64e1-773767b2a92e" executionId="6bdce64a-85c4-4ee7-9545-a755482b5b55" testListId="8c84fa94-04c1-424b-9868-57a2d4851a1d" />
    <TestEntry testId="b05310d8-828c-c740-927a-df64a819e935" executionId="74f7526d-7fe7-4b20-8805-31978a4fe5a9" testListId="8c84fa94-04c1-424b-9868-57a2d4851a1d" />
    <TestEntry testId="25c221da-3cee-df3c-3d0f-8d45ce1c4bf5" executionId="04eb65c3-1736-4b19-93eb-cfc81e0adc43" testListId="8c84fa94-04c1-424b-9868-57a2d4851a1d" />
    <TestEntry testId="edf0aa95-9676-85e5-bd74-2b5388c724e3" executionId="1ac8ac62-5816-4f41-b28d-5e433d3b8b38" testListId="8c84fa94-04c1-424b-9868-57a2d4851a1d" />
    <TestEntry testId="25ed8de6-975d-2b68-5d42-088e4dc578e7" executionId="eb740910-f540-461d-a242-ae85cf5f7c0f" testListId="8c84fa94-04c1-424b-9868-57a2d4851a1d" />
    <TestEntry testId="6c1d12e8-2a89-22ef-766d-cb51fcbbb230" executionId="1ea6c27c-9edc-47fd-a5bd-742118f21ac4" testListId="8c84fa94-04c1-424b-9868-57a2d4851a1d" />
    <TestEntry testId="f627b55d-1ae3-286c-f067-07f1ac287750" executionId="3302664c-8de0-4e77-9516-fed927a6d537" testListId="8c84fa94-04c1-424b-9868-57a2d4851a1d" />
    <TestEntry testId="5839d3eb-2f28-66ab-5903-f0c6aa8a4c52" executionId="e3f4e83e-325b-4ffb-88f5-7f99e99bcca0" testListId="8c84fa94-04c1-424b-9868-57a2d4851a1d" />
    <TestEntry testId="a8551577-1fbc-a817-6fba-d92f73c63ed5" executionId="95b9f677-bfc4-4341-ac52-67f2376ec12c" testListId="8c84fa94-04c1-424b-9868-57a2d4851a1d" />
    <TestEntry testId="bbfe51fd-ce1b-3e52-a251-5d90aeb6a97a" executionId="896ae249-76bb-4921-b0e3-0c0a5ba4ee1d" testListId="8c84fa94-04c1-424b-9868-57a2d4851a1d" />
    <TestEntry testId="2a1b7d1b-15e6-8cf8-0219-2630f5c48eaf" executionId="71754fd3-e4b6-4073-b6ab-5b372e1c3b2e" testListId="8c84fa94-04c1-424b-9868-57a2d4851a1d" />
    <TestEntry testId="201d793e-4fe6-401d-6be8-c62c538d4a65" executionId="4b30a4bb-fa99-44e1-9f7d-414333cf20a5" testListId="8c84fa94-04c1-424b-9868-57a2d4851a1d" />
    <TestEntry testId="88291b0b-7e70-f6db-50b3-47e82e867912" executionId="49fdaa35-c454-4637-a198-84b5c6043f1d" testListId="8c84fa94-04c1-424b-9868-57a2d4851a1d" />
    <TestEntry testId="bedc9ca5-0715-f75f-5275-d225bacd5374" executionId="f9e28242-f996-498d-a9d1-3686e3e0fa12" testListId="8c84fa94-04c1-424b-9868-57a2d4851a1d" />
    <TestEntry testId="9df3c7a9-dda3-36c5-3db7-ed52aa5c51f3" executionId="58dea35e-a6dc-4173-bdee-90ab1d5d763b" testListId="8c84fa94-04c1-424b-9868-57a2d4851a1d" />
    <TestEntry testId="e1b8b9b5-31fa-3158-ed49-602ecdf8fc2b" executionId="a6515cfd-db54-40af-b218-18cc593184bb" testListId="8c84fa94-04c1-424b-9868-57a2d4851a1d" />
    <TestEntry testId="6134c6ed-e8b7-288e-ff3e-b33d83bf08d0" executionId="e4ad8e6a-8a70-45b7-8077-4c94d06830f4" testListId="8c84fa94-04c1-424b-9868-57a2d4851a1d" />
    <TestEntry testId="9add4ea9-9be1-4a10-7cc8-a108d159b81a" executionId="2b877626-192b-4a68-984f-a1245780298f" testListId="8c84fa94-04c1-424b-9868-57a2d4851a1d" />
    <TestEntry testId="2a218d4d-f796-c1d6-fb62-a245094f3715" executionId="a4047c79-6f16-497e-9735-cc9d3add3ec9" testListId="8c84fa94-04c1-424b-9868-57a2d4851a1d" />
    <TestEntry testId="27188a8b-a7e8-3977-ee02-1bbd41b1cb1b" executionId="28b3a34e-e1ac-4f93-bdce-28c39c135bf2" testListId="8c84fa94-04c1-424b-9868-57a2d4851a1d" />
    <TestEntry testId="00b914bf-27cf-c5f2-2337-9da7337b8b86" executionId="ffbaef7b-0a64-449d-8569-a598dd572286" testListId="8c84fa94-04c1-424b-9868-57a2d4851a1d" />
    <TestEntry testId="b237afa0-6fb1-54bf-657e-2a66b76abb69" executionId="4e43f96f-bd97-4b91-8a0a-d8c682c6517a" testListId="8c84fa94-04c1-424b-9868-57a2d4851a1d" />
    <TestEntry testId="cf5e9fac-d4eb-db14-c376-4d1f22db0558" executionId="f9602330-2d99-46e3-b94f-0972f8dc80f1" testListId="8c84fa94-04c1-424b-9868-57a2d4851a1d" />
    <TestEntry testId="9a3d0807-6457-caa6-13cd-e3a1911026ea" executionId="fbe0197d-e6f3-4530-b274-05f9bf4a467d" testListId="8c84fa94-04c1-424b-9868-57a2d4851a1d" />
    <TestEntry testId="0c74f04e-4ac5-b7a6-358f-741d4d504a08" executionId="7f98401b-dcee-44e6-a657-c00d059e0df0" testListId="8c84fa94-04c1-424b-9868-57a2d4851a1d" />
    <TestEntry testId="a941f649-0f02-5cf0-9bb1-5b6a83d2daaf" executionId="0828b4a2-55ee-4e94-9376-b6ec9b6f6ccd" testListId="8c84fa94-04c1-424b-9868-57a2d4851a1d" />
    <TestEntry testId="3d809d94-db02-0e76-9c09-c3d9ec12d5fd" executionId="2f7332d7-faa5-4d36-a2d7-b2a2b4889751" testListId="8c84fa94-04c1-424b-9868-57a2d4851a1d" />
    <TestEntry testId="028a17f3-f9c0-f73c-bbcc-8415c4c80d22" executionId="66fe67ff-5970-4c37-af70-f012624a8d5d" testListId="8c84fa94-04c1-424b-9868-57a2d4851a1d" />
    <TestEntry testId="d9c74070-150a-6459-f8b5-cd6b0de2b4ec" executionId="53645f03-095f-4cf7-a57f-511746441f28" testListId="8c84fa94-04c1-424b-9868-57a2d4851a1d" />
    <TestEntry testId="da27e590-9f13-60c6-1ba7-9957aed51717" executionId="d5e18566-491a-40d0-bb0d-111ee0945853" testListId="8c84fa94-04c1-424b-9868-57a2d4851a1d" />
    <TestEntry testId="63d7ff1e-859b-98bb-e808-c5db1ec35b29" executionId="7dbd90c5-5ca2-44fa-a78b-820a954198bc" testListId="8c84fa94-04c1-424b-9868-57a2d4851a1d" />
    <TestEntry testId="9b270260-260c-a978-9dd4-28ae487f85d0" executionId="7d93f908-fb2a-4b3b-ac80-0ac072808ae5" testListId="8c84fa94-04c1-424b-9868-57a2d4851a1d" />
    <TestEntry testId="4dfbf887-b7a9-b491-3023-62dba6f89178" executionId="11a2fe22-ba71-4834-a65f-c9b4fe258cb5" testListId="8c84fa94-04c1-424b-9868-57a2d4851a1d" />
    <TestEntry testId="820987f9-05ca-dae0-9f05-a0d4f3b7e230" executionId="c72d5bc3-91cb-4a33-a17f-e0d3d9be9792" testListId="8c84fa94-04c1-424b-9868-57a2d4851a1d" />
    <TestEntry testId="1ce94126-b660-0ac9-06d3-af2dd6c473a7" executionId="fea5bc13-ad91-4432-8659-21a3163f055f" testListId="8c84fa94-04c1-424b-9868-57a2d4851a1d" />
    <TestEntry testId="991140ed-32ac-a771-1bbe-e26bd691905d" executionId="746b877a-9af4-43a0-8b62-d94f8411adad" testListId="8c84fa94-04c1-424b-9868-57a2d4851a1d" />
    <TestEntry testId="6c103902-84a3-cdbb-97c9-1350b2df679a" executionId="290e190b-882e-4422-b1a8-0eca5deb8368" testListId="8c84fa94-04c1-424b-9868-57a2d4851a1d" />
    <TestEntry testId="8f6940ee-6a05-220b-9d80-efa337ee3133" executionId="e7e4aa58-b5f3-4ddd-9c1f-3e3245706def" testListId="8c84fa94-04c1-424b-9868-57a2d4851a1d" />
    <TestEntry testId="3ccd3f11-0213-e1b1-a3aa-1057197cac59" executionId="b0782111-0a05-4da3-b036-a57480139538" testListId="8c84fa94-04c1-424b-9868-57a2d4851a1d" />
    <TestEntry testId="9cf1af96-ce60-17f7-f073-8576692875a1" executionId="cf7795eb-8849-4394-a18d-2c41dfc4ae29" testListId="8c84fa94-04c1-424b-9868-57a2d4851a1d" />
    <TestEntry testId="50fc5a28-9321-a539-d140-7388838d8a59" executionId="11f66935-1bcf-4a21-997d-2fb773c20ea1" testListId="8c84fa94-04c1-424b-9868-57a2d4851a1d" />
    <TestEntry testId="ff86bab7-fe25-e542-47fe-56bd2f464b72" executionId="7c28c924-c35a-465c-88d9-1ff74994e0a5" testListId="8c84fa94-04c1-424b-9868-57a2d4851a1d" />
    <TestEntry testId="be5b2eb0-51ec-1a02-7e30-ca7d5c29aa6f" executionId="dfdb5b3b-f5ec-46af-a768-0e6201abb598" testListId="8c84fa94-04c1-424b-9868-57a2d4851a1d" />
    <TestEntry testId="93af35c8-f5d8-78c3-8cc9-706ee5491c55" executionId="201b650c-d31d-40b5-aecd-b97ded80245c" testListId="8c84fa94-04c1-424b-9868-57a2d4851a1d" />
    <TestEntry testId="b9d1c2ac-e386-87fb-12aa-0d8af4d9f7af" executionId="db22da63-7c20-4a9e-a271-93434d265a06" testListId="8c84fa94-04c1-424b-9868-57a2d4851a1d" />
    <TestEntry testId="302f161c-1a16-7195-636f-727c6d4f7cce" executionId="bef4a305-dcd1-415b-b255-fcbcda783d24" testListId="8c84fa94-04c1-424b-9868-57a2d4851a1d" />
    <TestEntry testId="24148662-d27c-83db-d849-dc758dd8b5f9" executionId="6466d691-b844-41e2-9d65-c8241d7391eb" testListId="8c84fa94-04c1-424b-9868-57a2d4851a1d" />
    <TestEntry testId="0da9cb98-0025-f1cc-5c4e-78987bd1ba0a" executionId="ca33a31a-be2d-4c42-ab50-a331615bcb74" testListId="8c84fa94-04c1-424b-9868-57a2d4851a1d" />
    <TestEntry testId="41d12651-6966-8543-ef57-0046b613ddb5" executionId="9632007e-2d4c-413b-aab6-cda135fbe5aa" testListId="8c84fa94-04c1-424b-9868-57a2d4851a1d" />
    <TestEntry testId="4bd9796f-b636-6a7f-6857-a699f7abd7a9" executionId="c4e30496-33f0-4bd6-80b8-41561e39985f" testListId="8c84fa94-04c1-424b-9868-57a2d4851a1d" />
    <TestEntry testId="28cb5578-a210-728f-1f2a-7829483fe9ce" executionId="2601c6c0-96b2-42d2-9728-e398c4d3404c" testListId="8c84fa94-04c1-424b-9868-57a2d4851a1d" />
    <TestEntry testId="009665bb-5de0-8593-a32b-50bf52a35d2c" executionId="33e0edf0-5489-4f26-a42f-586d289a3c85" testListId="8c84fa94-04c1-424b-9868-57a2d4851a1d" />
    <TestEntry testId="dc51c213-5f3c-c5c3-c9fa-ea22cfaaa6b1" executionId="b748d594-123d-4870-a85d-4d13b27a37f6" testListId="8c84fa94-04c1-424b-9868-57a2d4851a1d" />
    <TestEntry testId="5c8e58b7-4d3d-259d-a967-243af0246cbb" executionId="1d3acf14-0b9e-40fd-a0ce-25f1b9a241cd" testListId="8c84fa94-04c1-424b-9868-57a2d4851a1d" />
    <TestEntry testId="d34b29c4-f075-6bcd-bac5-00d2275289a2" executionId="59c95e28-9f24-4bae-b84f-91d441f061cb" testListId="8c84fa94-04c1-424b-9868-57a2d4851a1d" />
    <TestEntry testId="90f48b05-4d4f-7605-cb20-2be7d7f85e69" executionId="d6783a25-70ba-42ad-bcb0-9ae0d9c5b9cb" testListId="8c84fa94-04c1-424b-9868-57a2d4851a1d" />
    <TestEntry testId="bcef52eb-c0c7-5e55-deaa-3ee9071fa25e" executionId="cd69784c-7107-4e95-846b-0014f0f10ed7" testListId="8c84fa94-04c1-424b-9868-57a2d4851a1d" />
    <TestEntry testId="5a6ba108-477a-8826-07f4-4b3d85417087" executionId="19cefe48-2748-4abd-84c2-fd0e5d8b19ac" testListId="8c84fa94-04c1-424b-9868-57a2d4851a1d" />
    <TestEntry testId="72470363-231e-de0f-a051-36672fd2a5cf" executionId="31b0a237-ff11-446e-858e-2b36d3e741fc" testListId="8c84fa94-04c1-424b-9868-57a2d4851a1d" />
    <TestEntry testId="3a751831-a04a-99cb-4020-7bcb1dfdc48d" executionId="00199995-55c8-42c3-adfc-52d7dc7a3240" testListId="8c84fa94-04c1-424b-9868-57a2d4851a1d" />
    <TestEntry testId="96ea8a44-4a4b-1549-f98e-7f968bf38c44" executionId="4afdbef2-110b-4d41-9236-eb2e708fadf2" testListId="8c84fa94-04c1-424b-9868-57a2d4851a1d" />
    <TestEntry testId="284bf1a9-75d1-2878-109e-644bc848b2b3" executionId="72e45bc2-67a2-4260-b8a9-090374c5bb2a" testListId="8c84fa94-04c1-424b-9868-57a2d4851a1d" />
    <TestEntry testId="79030625-73d7-51e1-159e-387a32e20fc3" executionId="b0274066-3855-4fd3-9442-4ad2680b14b3" testListId="8c84fa94-04c1-424b-9868-57a2d4851a1d" />
    <TestEntry testId="53ff0830-cc1d-2e63-f269-a83b303e8cd9" executionId="f980ed46-e51d-47c6-b4f9-b8035d2471ef" testListId="8c84fa94-04c1-424b-9868-57a2d4851a1d" />
    <TestEntry testId="a00f7b88-dcf5-ad47-7698-8713ba1a81ab" executionId="7e7c6ab6-ddf3-4aa9-b096-38ebd3649554" testListId="8c84fa94-04c1-424b-9868-57a2d4851a1d" />
    <TestEntry testId="80c414af-5874-d05b-df07-60a9f219452e" executionId="600f1329-08a5-4354-a9d6-770823bdbbda" testListId="8c84fa94-04c1-424b-9868-57a2d4851a1d" />
    <TestEntry testId="fa4fde81-0c7b-6c9e-f074-31329de4ad82" executionId="29d76604-701e-46c6-9f4f-677b325609f8" testListId="8c84fa94-04c1-424b-9868-57a2d4851a1d" />
    <TestEntry testId="3313d2d0-5480-16e1-f3ac-9d93382371ba" executionId="78e2293e-b355-4c24-9ae9-4a81c685d4ba" testListId="8c84fa94-04c1-424b-9868-57a2d4851a1d" />
    <TestEntry testId="88a752e7-5c9d-d926-4dfc-8a1be934c0f9" executionId="9dbc2c62-6f58-43b1-9f6e-9edbf124e15e" testListId="8c84fa94-04c1-424b-9868-57a2d4851a1d" />
    <TestEntry testId="538dbcae-3613-3ec0-5462-011bbcef1f66" executionId="61ac8212-fbd5-46d7-af92-92f6e9ea08c8" testListId="8c84fa94-04c1-424b-9868-57a2d4851a1d" />
  </TestEntries>
  <Results>
    <UnitTestResult executionId="412ddd74-791e-473a-a6df-6c39ba288cbe" testId="2da17ebb-99f1-543b-1336-ba260aa88fba" testName="getSettingsTest" computerName="TOLKIEN" duration="00:00:00.3117243" startTime="2011-09-30T23:28:36.5890691-04:00" endTime="2011-09-30T23:28:37.4761198-04:00" testType="13cdc9d9-ddb5-4fa4-a97d-d965ccfc6d4b" outcome="Passed" testListId="8c84fa94-04c1-424b-9868-57a2d4851a1d">
      <Output>
      </Output>
    </UnitTestResult>
    <UnitTestResult executionId="609fd9dc-40b1-489d-a24b-46f5f2cb3ba1" testId="8cd615c6-e162-c613-892a-65fc09419773" testName="getSettingsUserIDBlank" computerName="TOLKIEN" duration="00:00:00.0089344" startTime="2011-09-30T23:28:37.4851203-04:00" endTime="2011-09-30T23:28:37.5031214-04:00" testType="13cdc9d9-ddb5-4fa4-a97d-d965ccfc6d4b" outcome="Passed" testListId="8c84fa94-04c1-424b-9868-57a2d4851a1d">
      <Output>
      </Output>
    </UnitTestResult>
    <UnitTestResult executionId="990c0427-fd9b-4e67-a666-a7a958fbdb53" testId="60cc931f-8e63-39f9-719e-c12ab9d1a9c9" testName="getSettingTest" computerName="TOLKIEN" duration="00:00:00.0095475" startTime="2011-09-30T23:28:37.5081217-04:00" endTime="2011-09-30T23:28:37.5231225-04:00" testType="13cdc9d9-ddb5-4fa4-a97d-d965ccfc6d4b" outcome="Passed" testListId="8c84fa94-04c1-424b-9868-57a2d4851a1d">
      <Output>
      </Output>
    </UnitTestResult>
    <UnitTestResult executionId="dac10f81-8c8c-4f49-b4ed-fa4bd2fa45c5" testId="f229dc9d-2951-41bb-da77-6b10cc77c319" testName="getSettingUserIDBlank" computerName="TOLKIEN" duration="00:00:00.0076491" startTime="2011-09-30T23:28:37.5291229-04:00" endTime="2011-09-30T23:28:37.5441237-04:00" testType="13cdc9d9-ddb5-4fa4-a97d-d965ccfc6d4b" outcome="Passed" testListId="8c84fa94-04c1-424b-9868-57a2d4851a1d">
      <Output>
      </Output>
    </UnitTestResult>
    <UnitTestResult executionId="b41fc011-f32e-4b54-bb4d-2e65d5859983" testId="c1eb1ab3-71b1-7f0c-d402-7db8c88875e0" testName="getSettingSettingBlank" computerName="TOLKIEN" duration="00:00:00.0072130" startTime="2011-09-30T23:28:37.5491240-04:00" endTime="2011-09-30T23:28:37.5611247-04:00" testType="13cdc9d9-ddb5-4fa4-a97d-d965ccfc6d4b" outcome="Passed" testListId="8c84fa94-04c1-424b-9868-57a2d4851a1d">
      <Output>
      </Output>
    </UnitTestResult>
    <UnitTestResult executionId="f431a800-9f55-482e-b459-c4fca7b3a336" testId="292697ef-a481-6a95-4841-a0b23aab7616" testName="setSettingTest" computerName="TOLKIEN" duration="00:00:00.0777543" startTime="2011-09-30T23:28:37.5661250-04:00" endTime="2011-09-30T23:28:37.6491297-04:00" testType="13cdc9d9-ddb5-4fa4-a97d-d965ccfc6d4b" outcome="Passed" testListId="8c84fa94-04c1-424b-9868-57a2d4851a1d">
      <Output>
      </Output>
    </UnitTestResult>
    <UnitTestResult executionId="cb146959-e1c3-4f76-a93e-ad5a877d5f08" testId="68eb3959-6f6d-2194-65cd-b1eaa7337292" testName="setSettingUserIDBlank" computerName="TOLKIEN" duration="00:00:00.0065359" startTime="2011-09-30T23:28:37.6541300-04:00" endTime="2011-09-30T23:28:37.6651306-04:00" testType="13cdc9d9-ddb5-4fa4-a97d-d965ccfc6d4b" outcome="Passed" testListId="8c84fa94-04c1-424b-9868-57a2d4851a1d">
      <Output>
      </Output>
    </UnitTestResult>
    <UnitTestResult executionId="b0f6f607-9c57-44a9-9da5-72f2c2cf6c3f" testId="83dddd9a-5fdf-d50e-591b-83ffd2e26894" testName="setSettingSettingBlank" computerName="TOLKIEN" duration="00:00:00.0070532" startTime="2011-09-30T23:28:37.6691309-04:00" endTime="2011-09-30T23:28:37.6811316-04:00" testType="13cdc9d9-ddb5-4fa4-a97d-d965ccfc6d4b" outcome="Passed" testListId="8c84fa94-04c1-424b-9868-57a2d4851a1d">
      <Output>
      </Output>
    </UnitTestResult>
    <UnitTestResult executionId="d6c31e8c-86bb-496b-95bb-781457f49eb8" testId="5a6fb017-10b5-f179-df9d-ec95cc76a963" testName="setSettingSettingMaxLen" computerName="TOLKIEN" duration="00:00:00.0061389" startTime="2011-09-30T23:28:37.6851318-04:00" endTime="2011-09-30T23:28:37.6961324-04:00" testType="13cdc9d9-ddb5-4fa4-a97d-d965ccfc6d4b" outcome="Passed" testListId="8c84fa94-04c1-424b-9868-57a2d4851a1d">
      <Output>
      </Output>
    </UnitTestResult>
    <UnitTestResult executionId="75e95255-24d7-4920-9796-b423121f18fc" testId="369638f7-538b-b560-7383-2a599f9e5891" testName="setSettingValueMaxLen" computerName="TOLKIEN" duration="00:00:00.0089588" startTime="2011-09-30T23:28:37.7021328-04:00" endTime="2011-09-30T23:28:37.7151335-04:00" testType="13cdc9d9-ddb5-4fa4-a97d-d965ccfc6d4b" outcome="Passed" testListId="8c84fa94-04c1-424b-9868-57a2d4851a1d">
      <Output>
      </Output>
    </UnitTestResult>
    <UnitTestResult executionId="030b4d5b-85d0-43fa-8099-b8ab91c370f0" testId="fcca391a-3bf2-a7bd-8a43-2d87c89ccc3b" testName="setSettingValueBlank" computerName="TOLKIEN" duration="00:00:00.0128993" startTime="2011-09-30T23:28:37.7211338-04:00" endTime="2011-09-30T23:28:37.7391349-04:00" testType="13cdc9d9-ddb5-4fa4-a97d-d965ccfc6d4b" outcome="Passed" testListId="8c84fa94-04c1-424b-9868-57a2d4851a1d">
      <Output>
      </Output>
    </UnitTestResult>
    <UnitTestResult executionId="51e25112-1145-4c39-8636-3595b51e7e73" testId="61615b4f-b3ca-d68a-3eb6-d94deb0da781" testName="GetAccountsTest" computerName="TOLKIEN" duration="00:00:00.0805864" startTime="2011-09-30T23:28:37.7461353-04:00" endTime="2011-09-30T23:28:37.8371405-04:00" testType="13cdc9d9-ddb5-4fa4-a97d-d965ccfc6d4b" outcome="Failed" testListId="8c84fa94-04c1-424b-9868-57a2d4851a1d">
      <Output>
        <ErrorInfo>
          <Message>Assert.AreNotEqual failed. Expected any value except:&lt;(null)&gt;. Actual:&lt;(null)&gt;. </Message>
          <StackTrace>   at BudgeteerBusiness.Test.BankAccountTest.GetAccountsTest() in C:\Develop\Budgeteer\BudgeteerBusiness.Test\BankAccountTest.vb:line 65
</StackTrace>
        </ErrorInfo>
      </Output>
    </UnitTestResult>
    <UnitTestResult executionId="dcebfef4-2651-4af0-9cb1-575e5b694216" testId="95c0682e-1297-4ce1-4725-5f3b047e8687" testName="GetAccountsUserIDNothing" computerName="TOLKIEN" duration="00:00:00.0071416" startTime="2011-09-30T23:28:37.8541415-04:00" endTime="2011-09-30T23:28:37.8651421-04:00" testType="13cdc9d9-ddb5-4fa4-a97d-d965ccfc6d4b" outcome="Passed" testListId="8c84fa94-04c1-424b-9868-57a2d4851a1d">
      <Output>
      </Output>
    </UnitTestResult>
    <UnitTestResult executionId="5830c8dd-e4dd-49de-a84a-fc16daef554d" testId="6d337c35-98f0-54b3-f22d-26fc0f00e50a" testName="GetAccountTest" computerName="TOLKIEN" duration="00:00:00.0186393" startTime="2011-09-30T23:28:37.8711424-04:00" endTime="2011-09-30T23:28:37.8951438-04:00" testType="13cdc9d9-ddb5-4fa4-a97d-d965ccfc6d4b" outcome="Failed" testListId="8c84fa94-04c1-424b-9868-57a2d4851a1d">
      <Output>
        <ErrorInfo>
          <Message>Assert.AreNotEqual failed. Expected any value except:&lt;(null)&gt;. Actual:&lt;(null)&gt;. </Message>
          <StackTrace>   at BudgeteerBusiness.Test.BankAccountTest.GetAccountTest() in C:\Develop\Budgeteer\BudgeteerBusiness.Test\BankAccountTest.vb:line 96
</StackTrace>
        </ErrorInfo>
      </Output>
    </UnitTestResult>
    <UnitTestResult executionId="5cece37d-b4a8-4fe1-9bc8-ed7de3eceaf3" testId="495b801d-fa26-fed0-0f3c-89b4c2b40633" testName="GetAccountAccountIDNothing" computerName="TOLKIEN" duration="00:00:00.0085589" startTime="2011-09-30T23:28:37.9071445-04:00" endTime="2011-09-30T23:28:37.9211453-04:00" testType="13cdc9d9-ddb5-4fa4-a97d-d965ccfc6d4b" outcome="Passed" testListId="8c84fa94-04c1-424b-9868-57a2d4851a1d">
      <Output>
      </Output>
    </UnitTestResult>
    <UnitTestResult executionId="510a951a-132d-4c0d-b1f5-c9be018b1056" testId="8dcb2405-5c91-c749-7201-777f5347a181" testName="AddAccountTest" computerName="TOLKIEN" duration="00:00:00.0311001" startTime="2011-09-30T23:28:37.9261456-04:00" endTime="2011-09-30T23:28:37.9611476-04:00" testType="13cdc9d9-ddb5-4fa4-a97d-d965ccfc6d4b" outcome="Failed" testListId="8c84fa94-04c1-424b-9868-57a2d4851a1d">
      <Output>
        <ErrorInfo>
          <Message>Test method BudgeteerBusiness.Test.BankAccountTest.AddAccountTest threw exception:  System.InvalidCastException: Conversion from string "Y" to type 'Boolean' is not valid. ---&gt;  System.FormatException: Input string was not in a correct format..</Message>
          <StackTrace>    at Microsoft.VisualBasic.CompilerServices.Conversions.ParseDouble(String Value, NumberFormatInfo NumberFormat)
   at Microsoft.VisualBasic.CompilerServices.Conversions.ToBoolean(String Value)
 --- End of inner exception stack trace ---
    at Microsoft.VisualBasic.CompilerServices.Conversions.ToBoolean(String Value)
   at BudgeteerBusiness.Test.BankAccountTest.AddAccountTest() in C:\Develop\Budgeteer\BudgeteerBusiness.Test\BankAccountTest.vb:line 129
</StackTrace>
        </ErrorInfo>
      </Output>
    </UnitTestResult>
    <UnitTestResult executionId="692de9a2-9d00-411d-a8cf-334476bb0a6d" testId="587660b0-3b90-02e1-7b54-03c664507fce" testName="AddAccountAccountNothing" computerName="TOLKIEN" duration="00:00:00.0097548" startTime="2011-09-30T23:28:37.9681480-04:00" endTime="2011-09-30T23:28:37.9851489-04:00" testType="13cdc9d9-ddb5-4fa4-a97d-d965ccfc6d4b" outcome="Passed" testListId="8c84fa94-04c1-424b-9868-57a2d4851a1d">
      <Output>
      </Output>
    </UnitTestResult>
    <UnitTestResult executionId="1080d51c-810a-41fd-92c0-d1fd2c6f731a" testId="b1348d03-fa8d-98c0-743c-70a5fbb29395" testName="AddAccountAccountNumberMaxLen" computerName="TOLKIEN" duration="00:00:00.0226927" startTime="2011-09-30T23:28:37.9901492-04:00" endTime="2011-09-30T23:28:38.0191509-04:00" testType="13cdc9d9-ddb5-4fa4-a97d-d965ccfc6d4b" outcome="Failed" testListId="8c84fa94-04c1-424b-9868-57a2d4851a1d">
      <Output>
        <ErrorInfo>
          <Message>Test method BudgeteerBusiness.Test.BankAccountTest.AddAccountAccountNumberMaxLen threw exception System.InvalidCastException, but exception System.ArgumentException was expected. Exception message:  System.InvalidCastException: Conversion from string "Y" to type 'Boolean' is not valid. ---&gt;  System.FormatException: Input string was not in a correct format.
Account Name exeeceded the maximum length of characters allowed</Message>
          <StackTrace>    at Microsoft.VisualBasic.CompilerServices.Conversions.ParseDouble(String Value, NumberFormatInfo NumberFormat)
   at Microsoft.VisualBasic.CompilerServices.Conversions.ToBoolean(String Value)
 --- End of inner exception stack trace ---
    at Microsoft.VisualBasic.CompilerServices.Conversions.ToBoolean(String Value)
   at BudgeteerBusiness.Test.BankAccountTest.AddAccountAccountNumberMaxLen() in C:\Develop\Budgeteer\BudgeteerBusiness.Test\BankAccountTest.vb:line 160
</StackTrace>
        </ErrorInfo>
      </Output>
    </UnitTestResult>
    <UnitTestResult executionId="a97d2301-40b1-498a-b629-db4b3284caec" testId="76e91602-d7b1-974d-3752-f1032f6e14fd" testName="AddAccountAccountNameNothing" computerName="TOLKIEN" duration="00:00:00.0225216" startTime="2011-09-30T23:28:38.0261513-04:00" endTime="2011-09-30T23:28:38.0551529-04:00" testType="13cdc9d9-ddb5-4fa4-a97d-d965ccfc6d4b" outcome="Failed" testListId="8c84fa94-04c1-424b-9868-57a2d4851a1d">
      <Output>
        <ErrorInfo>
          <Message>Test method BudgeteerBusiness.Test.BankAccountTest.AddAccountAccountNameNothing threw exception System.InvalidCastException, but exception System.ArgumentException was expected. Exception message:  System.InvalidCastException: Conversion from string "Y" to type 'Boolean' is not valid. ---&gt;  System.FormatException: Input string was not in a correct format.
A null Account Name was inappropriately allowed</Message>
          <StackTrace>    at Microsoft.VisualBasic.CompilerServices.Conversions.ParseDouble(String Value, NumberFormatInfo NumberFormat)
   at Microsoft.VisualBasic.CompilerServices.Conversions.ToBoolean(String Value)
 --- End of inner exception stack trace ---
    at Microsoft.VisualBasic.CompilerServices.Conversions.ToBoolean(String Value)
   at BudgeteerBusiness.Test.BankAccountTest.AddAccountAccountNameNothing() in C:\Develop\Budgeteer\BudgeteerBusiness.Test\BankAccountTest.vb:line 178
</StackTrace>
        </ErrorInfo>
      </Output>
    </UnitTestResult>
    <UnitTestResult executionId="de4c48a5-a12f-427d-846f-2fea4b8ed884" testId="6f61982a-b51b-27fe-1f93-482011c4b473" testName="AddAccountAccountNameMaxLen" computerName="TOLKIEN" duration="00:00:00.0221975" startTime="2011-09-30T23:28:38.0631534-04:00" endTime="2011-09-30T23:28:38.0941552-04:00" testType="13cdc9d9-ddb5-4fa4-a97d-d965ccfc6d4b" outcome="Failed" testListId="8c84fa94-04c1-424b-9868-57a2d4851a1d">
      <Output>
        <ErrorInfo>
          <Message>Test method BudgeteerBusiness.Test.BankAccountTest.AddAccountAccountNameMaxLen threw exception System.InvalidCastException, but exception System.ArgumentException was expected. Exception message:  System.InvalidCastException: Conversion from string "Y" to type 'Boolean' is not valid. ---&gt;  System.FormatException: Input string was not in a correct format.
Account Name exeeceded the maximum length of characters allowed</Message>
          <StackTrace>    at Microsoft.VisualBasic.CompilerServices.Conversions.ParseDouble(String Value, NumberFormatInfo NumberFormat)
   at Microsoft.VisualBasic.CompilerServices.Conversions.ToBoolean(String Value)
 --- End of inner exception stack trace ---
    at Microsoft.VisualBasic.CompilerServices.Conversions.ToBoolean(String Value)
   at BudgeteerBusiness.Test.BankAccountTest.AddAccountAccountNameMaxLen() in C:\Develop\Budgeteer\BudgeteerBusiness.Test\BankAccountTest.vb:line 199
</StackTrace>
        </ErrorInfo>
      </Output>
    </UnitTestResult>
    <UnitTestResult executionId="4def62ac-04d7-4f4f-aa37-e8d4e8dbe1ad" testId="087effc2-bf96-1942-c83f-68f5aa5d2005" testName="AddAccountAccountTypeMaxLen" computerName="TOLKIEN" duration="00:00:00.0212906" startTime="2011-09-30T23:28:38.1051558-04:00" endTime="2011-09-30T23:28:38.1321574-04:00" testType="13cdc9d9-ddb5-4fa4-a97d-d965ccfc6d4b" outcome="Failed" testListId="8c84fa94-04c1-424b-9868-57a2d4851a1d">
      <Output>
        <ErrorInfo>
          <Message>Test method BudgeteerBusiness.Test.BankAccountTest.AddAccountAccountTypeMaxLen threw exception System.InvalidCastException, but exception System.ArgumentException was expected. Exception message:  System.InvalidCastException: Conversion from string "Y" to type 'Boolean' is not valid. ---&gt;  System.FormatException: Input string was not in a correct format.
Account Name exeeceded the maximum length of characters allowed</Message>
          <StackTrace>    at Microsoft.VisualBasic.CompilerServices.Conversions.ParseDouble(String Value, NumberFormatInfo NumberFormat)
   at Microsoft.VisualBasic.CompilerServices.Conversions.ToBoolean(String Value)
 --- End of inner exception stack trace ---
    at Microsoft.VisualBasic.CompilerServices.Conversions.ToBoolean(String Value)
   at BudgeteerBusiness.Test.BankAccountTest.AddAccountAccountTypeMaxLen() in C:\Develop\Budgeteer\BudgeteerBusiness.Test\BankAccountTest.vb:line 220
</StackTrace>
        </ErrorInfo>
      </Output>
    </UnitTestResult>
    <UnitTestResult executionId="f674aa26-cc7f-428e-b472-a87b6a6712b1" testId="d1360a53-95ee-b75a-cf14-ff4641961f1d" testName="AddAccountActiveStatusNotYN" computerName="TOLKIEN" duration="00:00:00.0213952" startTime="2011-09-30T23:28:38.1451581-04:00" endTime="2011-09-30T23:28:38.1731597-04:00" testType="13cdc9d9-ddb5-4fa4-a97d-d965ccfc6d4b" outcome="Failed" testListId="8c84fa94-04c1-424b-9868-57a2d4851a1d">
      <Output>
        <ErrorInfo>
          <Message>Test method BudgeteerBusiness.Test.BankAccountTest.AddAccountActiveStatusNotYN threw exception System.InvalidCastException, but exception System.ArgumentException was expected. Exception message:  System.InvalidCastException: Conversion from string "A" to type 'Boolean' is not valid. ---&gt;  System.FormatException: Input string was not in a correct format.
Account Type not 'Y' or 'N'</Message>
          <StackTrace>    at Microsoft.VisualBasic.CompilerServices.Conversions.ParseDouble(String Value, NumberFormatInfo NumberFormat)
   at Microsoft.VisualBasic.CompilerServices.Conversions.ToBoolean(String Value)
 --- End of inner exception stack trace ---
    at Microsoft.VisualBasic.CompilerServices.Conversions.ToBoolean(String Value)
   at BudgeteerBusiness.Test.BankAccountTest.AddAccountActiveStatusNotYN() in C:\Develop\Budgeteer\BudgeteerBusiness.Test\BankAccountTest.vb:line 238
</StackTrace>
        </ErrorInfo>
      </Output>
    </UnitTestResult>
    <UnitTestResult executionId="70c6860b-6883-45ef-9261-24f2168e30da" testId="b34318a0-b694-1c59-0274-13c5f648813a" testName="AddAccountUserIDNothing" computerName="TOLKIEN" duration="00:00:00.0217878" startTime="2011-09-30T23:28:38.1801601-04:00" endTime="2011-09-30T23:28:38.2081617-04:00" testType="13cdc9d9-ddb5-4fa4-a97d-d965ccfc6d4b" outcome="Failed" testListId="8c84fa94-04c1-424b-9868-57a2d4851a1d">
      <Output>
        <ErrorInfo>
          <Message>Test method BudgeteerBusiness.Test.BankAccountTest.AddAccountUserIDNothing threw exception System.InvalidCastException, but exception System.ArgumentException was expected. Exception message:  System.InvalidCastException: Conversion from string "Y" to type 'Boolean' is not valid. ---&gt;  System.FormatException: Input string was not in a correct format.
Account User ID set to nothing</Message>
          <StackTrace>    at Microsoft.VisualBasic.CompilerServices.Conversions.ParseDouble(String Value, NumberFormatInfo NumberFormat)
   at Microsoft.VisualBasic.CompilerServices.Conversions.ToBoolean(String Value)
 --- End of inner exception stack trace ---
    at Microsoft.VisualBasic.CompilerServices.Conversions.ToBoolean(String Value)
   at BudgeteerBusiness.Test.BankAccountTest.AddAccountUserIDNothing() in C:\Develop\Budgeteer\BudgeteerBusiness.Test\BankAccountTest.vb:line 257
</StackTrace>
        </ErrorInfo>
      </Output>
    </UnitTestResult>
    <UnitTestResult executionId="fde8a5f5-306b-4a8e-8648-be3963d18916" testId="acd7067b-97cd-802a-af1a-b1adb9e60800" testName="AccountUpdateTest" computerName="TOLKIEN" duration="00:00:00.0230770" startTime="2011-09-30T23:28:38.2191623-04:00" endTime="2011-09-30T23:28:38.2471639-04:00" testType="13cdc9d9-ddb5-4fa4-a97d-d965ccfc6d4b" outcome="Failed" testListId="8c84fa94-04c1-424b-9868-57a2d4851a1d">
      <Output>
        <ErrorInfo>
          <Message>Test method BudgeteerBusiness.Test.BankAccountTest.AccountUpdateTest threw exception:  System.InvalidCastException: Conversion from string "Y" to type 'Boolean' is not valid. ---&gt;  System.FormatException: Input string was not in a correct format..</Message>
          <StackTrace>    at Microsoft.VisualBasic.CompilerServices.Conversions.ParseDouble(String Value, NumberFormatInfo NumberFormat)
   at Microsoft.VisualBasic.CompilerServices.Conversions.ToBoolean(String Value)
 --- End of inner exception stack trace ---
    at Microsoft.VisualBasic.CompilerServices.Conversions.ToBoolean(String Value)
   at BudgeteerBusiness.Test.BankAccountTest.AccountUpdateTest() in C:\Develop\Budgeteer\BudgeteerBusiness.Test\BankAccountTest.vb:line 278
</StackTrace>
        </ErrorInfo>
      </Output>
    </UnitTestResult>
    <UnitTestResult executionId="5e4e940d-bcf5-47fa-addb-abd260592764" testId="15012bb2-b8a7-b9c7-7871-b29804a6aa37" testName="AccountUpdateAccountNothing" computerName="TOLKIEN" duration="00:00:00.0166525" startTime="2011-09-30T23:28:38.2541643-04:00" endTime="2011-09-30T23:28:38.2791658-04:00" testType="13cdc9d9-ddb5-4fa4-a97d-d965ccfc6d4b" outcome="Passed" testListId="8c84fa94-04c1-424b-9868-57a2d4851a1d">
      <Output>
      </Output>
    </UnitTestResult>
    <UnitTestResult executionId="5bce4c52-1308-48a8-95cf-6b493928c157" testId="d45c411c-5ad0-5299-8bb1-88f95d2c7618" testName="AccountUpdateAccountIDNothing" computerName="TOLKIEN" duration="00:00:00.0228257" startTime="2011-09-30T23:28:38.2901664-04:00" endTime="2011-09-30T23:28:38.3181680-04:00" testType="13cdc9d9-ddb5-4fa4-a97d-d965ccfc6d4b" outcome="Failed" testListId="8c84fa94-04c1-424b-9868-57a2d4851a1d">
      <Output>
        <ErrorInfo>
          <Message>Test method BudgeteerBusiness.Test.BankAccountTest.AccountUpdateAccountIDNothing threw exception System.InvalidCastException, but exception System.ArgumentException was expected. Exception message:  System.InvalidCastException: Conversion from string "Y" to type 'Boolean' is not valid. ---&gt;  System.FormatException: Input string was not in a correct format.
An accountID of nothing was inappropriately allowed</Message>
          <StackTrace>    at Microsoft.VisualBasic.CompilerServices.Conversions.ParseDouble(String Value, NumberFormatInfo NumberFormat)
   at Microsoft.VisualBasic.CompilerServices.Conversions.ToBoolean(String Value)
 --- End of inner exception stack trace ---
    at Microsoft.VisualBasic.CompilerServices.Conversions.ToBoolean(String Value)
   at BudgeteerBusiness.Test.BankAccountTest.AccountUpdateAccountIDNothing() in C:\Develop\Budgeteer\BudgeteerBusiness.Test\BankAccountTest.vb:line 321
</StackTrace>
        </ErrorInfo>
      </Output>
    </UnitTestResult>
    <UnitTestResult executionId="9e326f27-8451-4cbe-a912-cc6d5de90edf" testId="fd0567ca-ebac-cdf4-0d35-eaae1abf4f60" testName="AccountUpdateAccountNumberMaxLen" computerName="TOLKIEN" duration="00:00:00.0217785" startTime="2011-09-30T23:28:38.3281686-04:00" endTime="2011-09-30T23:28:38.3561702-04:00" testType="13cdc9d9-ddb5-4fa4-a97d-d965ccfc6d4b" outcome="Failed" testListId="8c84fa94-04c1-424b-9868-57a2d4851a1d">
      <Output>
        <ErrorInfo>
          <Message>Test method BudgeteerBusiness.Test.BankAccountTest.AccountUpdateAccountNumberMaxLen threw exception System.InvalidCastException, but exception System.ArgumentException was expected. Exception message:  System.InvalidCastException: Conversion from string "Y" to type 'Boolean' is not valid. ---&gt;  System.FormatException: Input string was not in a correct format.
An accountID of nothing was inappropriately allowed</Message>
          <StackTrace>    at Microsoft.VisualBasic.CompilerServices.Conversions.ParseDouble(String Value, NumberFormatInfo NumberFormat)
   at Microsoft.VisualBasic.CompilerServices.Conversions.ToBoolean(String Value)
 --- End of inner exception stack trace ---
    at Microsoft.VisualBasic.CompilerServices.Conversions.ToBoolean(String Value)
   at BudgeteerBusiness.Test.BankAccountTest.AccountUpdateAccountNumberMaxLen() in C:\Develop\Budgeteer\BudgeteerBusiness.Test\BankAccountTest.vb:line 345
</StackTrace>
        </ErrorInfo>
      </Output>
    </UnitTestResult>
    <UnitTestResult executionId="55261ac9-04d8-4d3f-9e9f-72b6f119a3f6" testId="8c6905af-52bc-76a0-b628-ad32132409ba" testName="AccountUpdateAccountNameNothing" computerName="TOLKIEN" duration="00:00:00.0314106" startTime="2011-09-30T23:28:38.3621705-04:00" endTime="2011-09-30T23:28:38.4001727-04:00" testType="13cdc9d9-ddb5-4fa4-a97d-d965ccfc6d4b" outcome="Failed" testListId="8c84fa94-04c1-424b-9868-57a2d4851a1d">
      <Output>
        <ErrorInfo>
          <Message>Test method BudgeteerBusiness.Test.BankAccountTest.AccountUpdateAccountNameNothing threw exception System.InvalidCastException, but exception System.ArgumentException was expected. Exception message:  System.InvalidCastException: Conversion from string "Y" to type 'Boolean' is not valid. ---&gt;  System.FormatException: Input string was not in a correct format.
A blank account name was inappropriately allowed</Message>
          <StackTrace>    at Microsoft.VisualBasic.CompilerServices.Conversions.ParseDouble(String Value, NumberFormatInfo NumberFormat)
   at Microsoft.VisualBasic.CompilerServices.Conversions.ToBoolean(String Value)
 --- End of inner exception stack trace ---
    at Microsoft.VisualBasic.CompilerServices.Conversions.ToBoolean(String Value)
   at BudgeteerBusiness.Test.BankAccountTest.AccountUpdateAccountNameNothing() in C:\Develop\Budgeteer\BudgeteerBusiness.Test\BankAccountTest.vb:line 369
</StackTrace>
        </ErrorInfo>
      </Output>
    </UnitTestResult>
    <UnitTestResult executionId="4a4a4131-99ec-4bf1-a2b4-bc49e31bf17b" testId="ab937ec4-62dc-9a36-31d9-81e0a9987ee7" testName="AccountUpdateAccountNameMaxLen" computerName="TOLKIEN" duration="00:00:00.0217237" startTime="2011-09-30T23:28:38.4091732-04:00" endTime="2011-09-30T23:28:38.4371748-04:00" testType="13cdc9d9-ddb5-4fa4-a97d-d965ccfc6d4b" outcome="Failed" testListId="8c84fa94-04c1-424b-9868-57a2d4851a1d">
      <Output>
        <ErrorInfo>
          <Message>Test method BudgeteerBusiness.Test.BankAccountTest.AccountUpdateAccountNameMaxLen threw exception System.InvalidCastException, but exception System.ArgumentException was expected. Exception message:  System.InvalidCastException: Conversion from string "Y" to type 'Boolean' is not valid. ---&gt;  System.FormatException: Input string was not in a correct format.
Account Name exeeceded the maximum length of characters allowed</Message>
          <StackTrace>    at Microsoft.VisualBasic.CompilerServices.Conversions.ParseDouble(String Value, NumberFormatInfo NumberFormat)
   at Microsoft.VisualBasic.CompilerServices.Conversions.ToBoolean(String Value)
 --- End of inner exception stack trace ---
    at Microsoft.VisualBasic.CompilerServices.Conversions.ToBoolean(String Value)
   at BudgeteerBusiness.Test.BankAccountTest.AccountUpdateAccountNameMaxLen() in C:\Develop\Budgeteer\BudgeteerBusiness.Test\BankAccountTest.vb:line 396
</StackTrace>
        </ErrorInfo>
      </Output>
    </UnitTestResult>
    <UnitTestResult executionId="bd476b22-d35f-4491-be96-172ef38cecd8" testId="dc103d46-66d3-5339-3760-9e1aa3967d68" testName="AccountUpdateAccountTypeMaxLen" computerName="TOLKIEN" duration="00:00:00.0241472" startTime="2011-09-30T23:28:38.4481754-04:00" endTime="2011-09-30T23:28:38.4781771-04:00" testType="13cdc9d9-ddb5-4fa4-a97d-d965ccfc6d4b" outcome="Failed" testListId="8c84fa94-04c1-424b-9868-57a2d4851a1d">
      <Output>
        <ErrorInfo>
          <Message>Test method BudgeteerBusiness.Test.BankAccountTest.AccountUpdateAccountTypeMaxLen threw exception System.InvalidCastException, but exception System.ArgumentException was expected. Exception message:  System.InvalidCastException: Conversion from string "Y" to type 'Boolean' is not valid. ---&gt;  System.FormatException: Input string was not in a correct format.
Account Name exeeceded the maximum length of characters allowed</Message>
          <StackTrace>    at Microsoft.VisualBasic.CompilerServices.Conversions.ParseDouble(String Value, NumberFormatInfo NumberFormat)
   at Microsoft.VisualBasic.CompilerServices.Conversions.ToBoolean(String Value)
 --- End of inner exception stack trace ---
    at Microsoft.VisualBasic.CompilerServices.Conversions.ToBoolean(String Value)
   at BudgeteerBusiness.Test.BankAccountTest.AccountUpdateAccountTypeMaxLen() in C:\Develop\Budgeteer\BudgeteerBusiness.Test\BankAccountTest.vb:line 423
</StackTrace>
        </ErrorInfo>
      </Output>
    </UnitTestResult>
    <UnitTestResult executionId="b2e8f195-f481-4874-9ca0-328b3cf9a3e9" testId="78580d61-10eb-61e0-ce2a-90979662c9fc" testName="AccountUpdateActiveStatusNotYN" computerName="TOLKIEN" duration="00:00:00.0893346" startTime="2011-09-30T23:28:38.4871777-04:00" endTime="2011-09-30T23:28:38.5811830-04:00" testType="13cdc9d9-ddb5-4fa4-a97d-d965ccfc6d4b" outcome="Failed" testListId="8c84fa94-04c1-424b-9868-57a2d4851a1d">
      <Output>
        <ErrorInfo>
          <Message>Test method BudgeteerBusiness.Test.BankAccountTest.AccountUpdateActiveStatusNotYN threw exception System.NullReferenceException, but exception System.ArgumentException was expected. Exception message:  System.NullReferenceException: Object reference not set to an instance of an object.
An active status other than Y or N was inappropriately allowed</Message>
          <StackTrace>    at BudgeteerBusiness.BankAccount.UpdateAccount(BankAccount account) in C:\Develop\Budgeteer\BudgeteerBusiness\BankAccount.vb:line 189
   at BudgeteerBusiness.Test.BankAccountTest.AccountUpdateActiveStatusNotYN() in C:\Develop\Budgeteer\BudgeteerBusiness.Test\BankAccountTest.vb:line 450
</StackTrace>
        </ErrorInfo>
      </Output>
    </UnitTestResult>
    <UnitTestResult executionId="b1c79210-b363-4623-ad00-94a44d24bb74" testId="b47ab333-b0fd-87a2-450b-d6079dce8ac2" testName="DeleteAccountTest" computerName="TOLKIEN" duration="00:00:00.0257766" startTime="2011-09-30T23:28:38.5911836-04:00" endTime="2011-09-30T23:28:38.6221854-04:00" testType="13cdc9d9-ddb5-4fa4-a97d-d965ccfc6d4b" outcome="Failed" testListId="8c84fa94-04c1-424b-9868-57a2d4851a1d">
      <Output>
        <ErrorInfo>
          <Message>Test method BudgeteerBusiness.Test.BankAccountTest.DeleteAccountTest threw exception:  System.InvalidCastException: Conversion from string "Y" to type 'Boolean' is not valid. ---&gt;  System.FormatException: Input string was not in a correct format..</Message>
          <StackTrace>    at Microsoft.VisualBasic.CompilerServices.Conversions.ParseDouble(String Value, NumberFormatInfo NumberFormat)
   at Microsoft.VisualBasic.CompilerServices.Conversions.ToBoolean(String Value)
 --- End of inner exception stack trace ---
    at Microsoft.VisualBasic.CompilerServices.Conversions.ToBoolean(String Value)
   at BudgeteerBusiness.Test.BankAccountTest.DeleteAccountTest() in C:\Develop\Budgeteer\BudgeteerBusiness.Test\BankAccountTest.vb:line 469
</StackTrace>
        </ErrorInfo>
      </Output>
    </UnitTestResult>
    <UnitTestResult executionId="e8d72645-1563-4164-9c00-c50fc3d3f46c" testId="8ba97d74-e039-ca12-665d-09ebe63ca7ce" testName="DeleteAccountAccountIDNothing" computerName="TOLKIEN" duration="00:00:00.0077899" startTime="2011-09-30T23:28:38.6291858-04:00" endTime="2011-09-30T23:28:38.6451867-04:00" testType="13cdc9d9-ddb5-4fa4-a97d-d965ccfc6d4b" outcome="Passed" testListId="8c84fa94-04c1-424b-9868-57a2d4851a1d">
      <Output>
      </Output>
    </UnitTestResult>
    <UnitTestResult executionId="4d92e67d-6d0c-4fed-a045-b223db2ec91a" testId="cb8df43f-6492-dd91-9c3b-f64ea6d0afbc" testName="GetBudgetsTest" computerName="TOLKIEN" duration="00:00:00.1339834" startTime="2011-09-30T23:28:38.6511870-04:00" endTime="2011-09-30T23:28:38.7931952-04:00" testType="13cdc9d9-ddb5-4fa4-a97d-d965ccfc6d4b" outcome="Failed" testListId="8c84fa94-04c1-424b-9868-57a2d4851a1d">
      <Output>
        <ErrorInfo>
          <Message>Assert.AreNotEqual failed. Expected any value except:&lt;(null)&gt;. Actual:&lt;(null)&gt;. </Message>
          <StackTrace>   at BudgeteerBusiness.Test.BudgetTest.GetBudgetsTest() in C:\Develop\Budgeteer\BudgeteerBusiness.Test\BudgetTest.vb:line 39
</StackTrace>
        </ErrorInfo>
      </Output>
    </UnitTestResult>
    <UnitTestResult executionId="e2a2238b-c2fe-4e5b-9a47-ae3bd2528ba8" testId="ebd39db0-e74b-3bd5-c867-9e8d1f912965" testName="GetBudgetsUserIDBlank" computerName="TOLKIEN" duration="00:00:00.0077063" startTime="2011-09-30T23:28:38.8061959-04:00" endTime="2011-09-30T23:28:38.8191966-04:00" testType="13cdc9d9-ddb5-4fa4-a97d-d965ccfc6d4b" outcome="Passed" testListId="8c84fa94-04c1-424b-9868-57a2d4851a1d">
      <Output>
      </Output>
    </UnitTestResult>
    <UnitTestResult executionId="de2f5973-c44b-431d-9cc1-8c20e3b07535" testId="7a67e1af-a886-d057-74bb-d7a715ebb35b" testName="GetBudgetsByCriteriaTest" computerName="TOLKIEN" duration="00:00:00.0165391" startTime="2011-09-30T23:28:38.8251970-04:00" endTime="2011-09-30T23:28:38.8481983-04:00" testType="13cdc9d9-ddb5-4fa4-a97d-d965ccfc6d4b" outcome="Failed" testListId="8c84fa94-04c1-424b-9868-57a2d4851a1d">
      <Output>
        <ErrorInfo>
          <Message>Assert.AreNotEqual failed. Expected any value except:&lt;(null)&gt;. Actual:&lt;(null)&gt;. </Message>
          <StackTrace>   at BudgeteerBusiness.Test.BudgetTest.GetBudgetsByCriteriaTest() in C:\Develop\Budgeteer\BudgeteerBusiness.Test\BudgetTest.vb:line 68
</StackTrace>
        </ErrorInfo>
      </Output>
    </UnitTestResult>
    <UnitTestResult executionId="5cf0fac1-902c-4a9c-9b59-0da1c2347684" testId="ec84c0d8-8089-6d3c-3b32-6d388f8132a6" testName="AddBudgetTest" computerName="TOLKIEN" duration="00:00:00.0766519" startTime="2011-09-30T23:28:38.8551987-04:00" endTime="2011-09-30T23:28:38.9402036-04:00" testType="13cdc9d9-ddb5-4fa4-a97d-d965ccfc6d4b" outcome="Inconclusive" testListId="8c84fa94-04c1-424b-9868-57a2d4851a1d">
      <Output>
        <ErrorInfo>
          <Message>Assert.Inconclusive failed. Initialize budget to start date and subcategory not already in the database</Message>
          <StackTrace>   at BudgeteerBusiness.Test.BudgetTest.AddBudgetTest() in C:\Develop\Budgeteer\BudgeteerBusiness.Test\BudgetTest.vb:line 95
</StackTrace>
        </ErrorInfo>
      </Output>
    </UnitTestResult>
    <UnitTestResult executionId="b05be900-5b43-42dd-8869-49fc7a8c08cf" testId="051888c9-8a45-0bb7-a0d4-714b442283af" testName="AddBudgetBudgetNothing" computerName="TOLKIEN" duration="00:00:00.0061614" startTime="2011-09-30T23:28:38.9472040-04:00" endTime="2011-09-30T23:28:38.9592047-04:00" testType="13cdc9d9-ddb5-4fa4-a97d-d965ccfc6d4b" outcome="Passed" testListId="8c84fa94-04c1-424b-9868-57a2d4851a1d">
      <Output>
      </Output>
    </UnitTestResult>
    <UnitTestResult executionId="e9ce4af3-59d2-4eb5-aca1-492bef037c76" testId="4486fb42-6e67-f081-7552-b679d25d695f" testName="AddBudgetStartDateBlank" computerName="TOLKIEN" duration="00:00:00.0071446" startTime="2011-09-30T23:28:38.9652050-04:00" endTime="2011-09-30T23:28:38.9772057-04:00" testType="13cdc9d9-ddb5-4fa4-a97d-d965ccfc6d4b" outcome="Passed" testListId="8c84fa94-04c1-424b-9868-57a2d4851a1d">
      <Output>
      </Output>
    </UnitTestResult>
    <UnitTestResult executionId="88b1a3ad-b18d-4b06-9e94-8020b17adfaa" testId="76dd44d9-ff6d-af09-8821-f2463b66ed80" testName="AddBudgetSubcategoryBlank" computerName="TOLKIEN" duration="00:00:00.0066024" startTime="2011-09-30T23:28:38.9832060-04:00" endTime="2011-09-30T23:28:38.9942067-04:00" testType="13cdc9d9-ddb5-4fa4-a97d-d965ccfc6d4b" outcome="Passed" testListId="8c84fa94-04c1-424b-9868-57a2d4851a1d">
      <Output>
      </Output>
    </UnitTestResult>
    <UnitTestResult executionId="db39f7ba-e6b1-44b1-bc3e-d814d4ba6509" testId="61fdb9d7-48c5-641a-6f66-dfa77bb5a005" testName="AddBudgetFrequencyBlank" computerName="TOLKIEN" duration="00:00:00.0066767" startTime="2011-09-30T23:28:38.9992069-04:00" endTime="2011-09-30T23:28:39.0112076-04:00" testType="13cdc9d9-ddb5-4fa4-a97d-d965ccfc6d4b" outcome="Passed" testListId="8c84fa94-04c1-424b-9868-57a2d4851a1d">
      <Output>
      </Output>
    </UnitTestResult>
    <UnitTestResult executionId="a35e03ec-bd47-417c-863c-8d4c35654c85" testId="976ae5f8-6c26-174f-136c-aff26d2da02f" testName="AddBudgetUserIDBlank" computerName="TOLKIEN" duration="00:00:00.0062665" startTime="2011-09-30T23:28:39.0162079-04:00" endTime="2011-09-30T23:28:39.0282086-04:00" testType="13cdc9d9-ddb5-4fa4-a97d-d965ccfc6d4b" outcome="Passed" testListId="8c84fa94-04c1-424b-9868-57a2d4851a1d">
      <Output>
      </Output>
    </UnitTestResult>
    <UnitTestResult executionId="3fd416c1-1a29-49a1-8030-e3387ee7bee4" testId="4a8176c5-a77c-0df9-87fa-be9df67b74cb" testName="UpdateBudgetTest" computerName="TOLKIEN" duration="00:00:07.1714102" startTime="2011-09-30T23:28:39.0342089-04:00" endTime="2011-09-30T23:28:46.2056191-04:00" testType="13cdc9d9-ddb5-4fa4-a97d-d965ccfc6d4b" outcome="Aborted" testListId="8c84fa94-04c1-424b-9868-57a2d4851a1d">
    </UnitTestResult>
    <UnitTestResult executionId="bf7aca2d-72a1-45a2-8d2b-fd18d01e1563" testId="f4e61a2b-e0fc-ae40-938e-060246d5db66" testName="UpdateBudgetBudgetNothing" computerName="TOLKIEN" duration="00:00:00" startTime="0001-01-01T00:00:00.0000000-05:00" endTime="0001-01-01T00:00:00.0000000-05:00" testType="13cdc9d9-ddb5-4fa4-a97d-d965ccfc6d4b" outcome="NotExecuted" testListId="8c84fa94-04c1-424b-9868-57a2d4851a1d">
    </UnitTestResult>
    <UnitTestResult executionId="c799b4e3-04b3-44a7-8fc9-9a57fbe4bec9" testId="f072707e-36bf-6cb2-fd1d-066aa43590df" testName="UpdateBudgetBudgetIDBlank" computerName="TOLKIEN" duration="00:00:00" startTime="0001-01-01T00:00:00.0000000-05:00" endTime="0001-01-01T00:00:00.0000000-05:00" testType="13cdc9d9-ddb5-4fa4-a97d-d965ccfc6d4b" outcome="NotExecuted" testListId="8c84fa94-04c1-424b-9868-57a2d4851a1d">
    </UnitTestResult>
    <UnitTestResult executionId="6c8e7cd1-d9dd-4260-9a4f-177098553655" testId="2961bbf1-146b-0935-82b2-1ae35615a987" testName="UpdateBudgetSubcategoryIDBlank" computerName="TOLKIEN" duration="00:00:00" startTime="0001-01-01T00:00:00.0000000-05:00" endTime="0001-01-01T00:00:00.0000000-05:00" testType="13cdc9d9-ddb5-4fa4-a97d-d965ccfc6d4b" outcome="NotExecuted" testListId="8c84fa94-04c1-424b-9868-57a2d4851a1d">
    </UnitTestResult>
    <UnitTestResult executionId="d4a8c308-1f58-43df-aff1-b5229f326f53" testId="aa01915b-fe45-c694-5349-093d2378bbbf" testName="UpdateBudgetFrequencyIDBlank" computerName="TOLKIEN" duration="00:00:00" startTime="0001-01-01T00:00:00.0000000-05:00" endTime="0001-01-01T00:00:00.0000000-05:00" testType="13cdc9d9-ddb5-4fa4-a97d-d965ccfc6d4b" outcome="NotExecuted" testListId="8c84fa94-04c1-424b-9868-57a2d4851a1d">
    </UnitTestResult>
    <UnitTestResult executionId="e7e038a3-1a13-4a8e-862f-47daf74cb8e0" testId="b7f0e8a2-8926-f837-3cda-c1c849c6826c" testName="UpdateBudgetStartDateBlank" computerName="TOLKIEN" duration="00:00:00" startTime="0001-01-01T00:00:00.0000000-05:00" endTime="0001-01-01T00:00:00.0000000-05:00" testType="13cdc9d9-ddb5-4fa4-a97d-d965ccfc6d4b" outcome="NotExecuted" testListId="8c84fa94-04c1-424b-9868-57a2d4851a1d">
    </UnitTestResult>
    <UnitTestResult executionId="ed7fb68c-301d-4a3e-9896-03106a0bc8e3" testId="c0411296-3ae8-697f-2af6-c4ea40140d13" testName="deleteBudgetTest" computerName="TOLKIEN" duration="00:00:00" startTime="0001-01-01T00:00:00.0000000-05:00" endTime="0001-01-01T00:00:00.0000000-05:00" testType="13cdc9d9-ddb5-4fa4-a97d-d965ccfc6d4b" outcome="NotExecuted" testListId="8c84fa94-04c1-424b-9868-57a2d4851a1d">
    </UnitTestResult>
    <UnitTestResult executionId="d2d97c5e-cde0-43cf-9203-4fdb38e4b2bf" testId="799311e6-1da3-8fae-d135-4dafc9b3c1eb" testName="deleteBudgetBudgetIDBlank" computerName="TOLKIEN" duration="00:00:00" startTime="0001-01-01T00:00:00.0000000-05:00" endTime="0001-01-01T00:00:00.0000000-05:00" testType="13cdc9d9-ddb5-4fa4-a97d-d965ccfc6d4b" outcome="NotExecuted" testListId="8c84fa94-04c1-424b-9868-57a2d4851a1d">
    </UnitTestResult>
    <UnitTestResult executionId="25861d46-1b4c-476d-befd-a06579006123" testId="fa94ca7c-1aae-2e32-1d1b-d0e45ca41440" testName="getCategoriesTest" computerName="TOLKIEN" duration="00:00:00" startTime="0001-01-01T00:00:00.0000000-05:00" endTime="0001-01-01T00:00:00.0000000-05:00" testType="13cdc9d9-ddb5-4fa4-a97d-d965ccfc6d4b" outcome="NotExecuted" testListId="8c84fa94-04c1-424b-9868-57a2d4851a1d">
    </UnitTestResult>
    <UnitTestResult executionId="31dfcaa8-70db-4355-a390-fb3064abe28a" testId="63c8983e-264f-303a-d3eb-9b4d25fe86d5" testName="getCategoriesUserIDNothing" computerName="TOLKIEN" duration="00:00:00" startTime="0001-01-01T00:00:00.0000000-05:00" endTime="0001-01-01T00:00:00.0000000-05:00" testType="13cdc9d9-ddb5-4fa4-a97d-d965ccfc6d4b" outcome="NotExecuted" testListId="8c84fa94-04c1-424b-9868-57a2d4851a1d">
    </UnitTestResult>
    <UnitTestResult executionId="5bc8013b-2173-4a41-b4b3-48020397a8d2" testId="28a40b92-ebf0-3021-bfd0-8669c95f701b" testName="addCategoryTest" computerName="TOLKIEN" duration="00:00:00" startTime="0001-01-01T00:00:00.0000000-05:00" endTime="0001-01-01T00:00:00.0000000-05:00" testType="13cdc9d9-ddb5-4fa4-a97d-d965ccfc6d4b" outcome="NotExecuted" testListId="8c84fa94-04c1-424b-9868-57a2d4851a1d">
    </UnitTestResult>
    <UnitTestResult executionId="e2a86725-fdee-410c-964f-a3efdf211a89" testId="0fca1d8a-cdd0-27c2-fb9e-0f26a9f562df" testName="addCategoryNothing" computerName="TOLKIEN" duration="00:00:00" startTime="0001-01-01T00:00:00.0000000-05:00" endTime="0001-01-01T00:00:00.0000000-05:00" testType="13cdc9d9-ddb5-4fa4-a97d-d965ccfc6d4b" outcome="NotExecuted" testListId="8c84fa94-04c1-424b-9868-57a2d4851a1d">
    </UnitTestResult>
    <UnitTestResult executionId="ee20b95b-f2d8-4e40-8918-53c823340715" testId="ff7fb138-6236-24d9-747a-2dd6d9883235" testName="addCategoryDescriptionNothing" computerName="TOLKIEN" duration="00:00:00" startTime="0001-01-01T00:00:00.0000000-05:00" endTime="0001-01-01T00:00:00.0000000-05:00" testType="13cdc9d9-ddb5-4fa4-a97d-d965ccfc6d4b" outcome="NotExecuted" testListId="8c84fa94-04c1-424b-9868-57a2d4851a1d">
    </UnitTestResult>
    <UnitTestResult executionId="d4788259-368d-4cce-82fc-c45cccbf9486" testId="58a09de1-5830-1f36-c16c-3939c3e6e900" testName="addCategoryDescriptionMaxLen" computerName="TOLKIEN" duration="00:00:00" startTime="0001-01-01T00:00:00.0000000-05:00" endTime="0001-01-01T00:00:00.0000000-05:00" testType="13cdc9d9-ddb5-4fa4-a97d-d965ccfc6d4b" outcome="NotExecuted" testListId="8c84fa94-04c1-424b-9868-57a2d4851a1d">
    </UnitTestResult>
    <UnitTestResult executionId="81b3102d-c785-40d5-af29-28629f39fc56" testId="532e8336-e148-b747-29ed-96f8fa85edc7" testName="addCategoryUserIDNothing" computerName="TOLKIEN" duration="00:00:00" startTime="0001-01-01T00:00:00.0000000-05:00" endTime="0001-01-01T00:00:00.0000000-05:00" testType="13cdc9d9-ddb5-4fa4-a97d-d965ccfc6d4b" outcome="NotExecuted" testListId="8c84fa94-04c1-424b-9868-57a2d4851a1d">
    </UnitTestResult>
    <UnitTestResult executionId="76e57725-b603-4301-af1b-108469238530" testId="8fc9d453-58a3-7668-636c-73ada71a9a28" testName="updateCategoryTest" computerName="TOLKIEN" duration="00:00:00" startTime="0001-01-01T00:00:00.0000000-05:00" endTime="0001-01-01T00:00:00.0000000-05:00" testType="13cdc9d9-ddb5-4fa4-a97d-d965ccfc6d4b" outcome="NotExecuted" testListId="8c84fa94-04c1-424b-9868-57a2d4851a1d">
    </UnitTestResult>
    <UnitTestResult executionId="574c0e13-4719-44db-ba97-e1b9f3ad708c" testId="a59c967c-b286-ecbe-5787-275fa8e4e9c9" testName="updateCategoryNothing" computerName="TOLKIEN" duration="00:00:00" startTime="0001-01-01T00:00:00.0000000-05:00" endTime="0001-01-01T00:00:00.0000000-05:00" testType="13cdc9d9-ddb5-4fa4-a97d-d965ccfc6d4b" outcome="NotExecuted" testListId="8c84fa94-04c1-424b-9868-57a2d4851a1d">
    </UnitTestResult>
    <UnitTestResult executionId="4d9ad924-5f3a-476a-8678-76ff417ec098" testId="a8ff8f1a-6307-d134-859e-78279102c9ce" testName="updateCategoryCategoryIDNothing" computerName="TOLKIEN" duration="00:00:00" startTime="0001-01-01T00:00:00.0000000-05:00" endTime="0001-01-01T00:00:00.0000000-05:00" testType="13cdc9d9-ddb5-4fa4-a97d-d965ccfc6d4b" outcome="NotExecuted" testListId="8c84fa94-04c1-424b-9868-57a2d4851a1d">
    </UnitTestResult>
    <UnitTestResult executionId="141e9e0a-5ff5-44c1-b80d-e7f91d7e1157" testId="a2d96dcc-0274-ae96-1084-c6eeaf735a67" testName="updateCategoryDescriptionNothing" computerName="TOLKIEN" duration="00:00:00" startTime="0001-01-01T00:00:00.0000000-05:00" endTime="0001-01-01T00:00:00.0000000-05:00" testType="13cdc9d9-ddb5-4fa4-a97d-d965ccfc6d4b" outcome="NotExecuted" testListId="8c84fa94-04c1-424b-9868-57a2d4851a1d">
    </UnitTestResult>
    <UnitTestResult executionId="a9d35316-dcbb-4a92-a81c-f599ecfcfd00" testId="75e6fe92-6338-062a-4fee-95765bf801c5" testName="updateCategoryUserIDNothing" computerName="TOLKIEN" duration="00:00:00" startTime="0001-01-01T00:00:00.0000000-05:00" endTime="0001-01-01T00:00:00.0000000-05:00" testType="13cdc9d9-ddb5-4fa4-a97d-d965ccfc6d4b" outcome="NotExecuted" testListId="8c84fa94-04c1-424b-9868-57a2d4851a1d">
    </UnitTestResult>
    <UnitTestResult executionId="0e2ca7f6-d22c-4622-8ed7-6b9ec7cc70bb" testId="0bdfe357-59d7-2115-bc84-10e25df0e6f5" testName="deleteCategoryTest" computerName="TOLKIEN" duration="00:00:00" startTime="0001-01-01T00:00:00.0000000-05:00" endTime="0001-01-01T00:00:00.0000000-05:00" testType="13cdc9d9-ddb5-4fa4-a97d-d965ccfc6d4b" outcome="NotExecuted" testListId="8c84fa94-04c1-424b-9868-57a2d4851a1d">
    </UnitTestResult>
    <UnitTestResult executionId="134ec174-82de-46d4-8f2e-2a9dce265573" testId="23cfea9f-164f-f9a5-24c4-692d1157d70d" testName="deleteCategoryCategoryIDNothing" computerName="TOLKIEN" duration="00:00:00" startTime="0001-01-01T00:00:00.0000000-05:00" endTime="0001-01-01T00:00:00.0000000-05:00" testType="13cdc9d9-ddb5-4fa4-a97d-d965ccfc6d4b" outcome="NotExecuted" testListId="8c84fa94-04c1-424b-9868-57a2d4851a1d">
    </UnitTestResult>
    <UnitTestResult executionId="a448db2b-574f-4c8e-ba19-22d570f26554" testId="2e218b54-9cdc-19a6-f73f-134529b0d574" testName="getFrequenciesTest" computerName="TOLKIEN" duration="00:00:00" startTime="0001-01-01T00:00:00.0000000-05:00" endTime="0001-01-01T00:00:00.0000000-05:00" testType="13cdc9d9-ddb5-4fa4-a97d-d965ccfc6d4b" outcome="NotExecuted" testListId="8c84fa94-04c1-424b-9868-57a2d4851a1d">
    </UnitTestResult>
    <UnitTestResult executionId="7e6510c3-5077-4e18-9685-f074c32d1510" testId="83ec55a3-815a-67d2-b2f2-28b93a616423" testName="getFrequenciesUserIDNothing" computerName="TOLKIEN" duration="00:00:00" startTime="0001-01-01T00:00:00.0000000-05:00" endTime="0001-01-01T00:00:00.0000000-05:00" testType="13cdc9d9-ddb5-4fa4-a97d-d965ccfc6d4b" outcome="NotExecuted" testListId="8c84fa94-04c1-424b-9868-57a2d4851a1d">
    </UnitTestResult>
    <UnitTestResult executionId="ef1dd8db-f0a7-4434-aee9-e69e5bde6b12" testId="8a4ba671-1448-8492-2b78-1b765c8a587b" testName="addFrequencyTest" computerName="TOLKIEN" duration="00:00:00" startTime="0001-01-01T00:00:00.0000000-05:00" endTime="0001-01-01T00:00:00.0000000-05:00" testType="13cdc9d9-ddb5-4fa4-a97d-d965ccfc6d4b" outcome="NotExecuted" testListId="8c84fa94-04c1-424b-9868-57a2d4851a1d">
    </UnitTestResult>
    <UnitTestResult executionId="ec9c87a5-9cf9-4488-b877-2cd759747399" testId="afdd3970-ef14-572c-7490-d181ac1ccd1e" testName="addFrequencyNothing" computerName="TOLKIEN" duration="00:00:00" startTime="0001-01-01T00:00:00.0000000-05:00" endTime="0001-01-01T00:00:00.0000000-05:00" testType="13cdc9d9-ddb5-4fa4-a97d-d965ccfc6d4b" outcome="NotExecuted" testListId="8c84fa94-04c1-424b-9868-57a2d4851a1d">
    </UnitTestResult>
    <UnitTestResult executionId="c9f42eed-084a-4564-81f7-661803b8580b" testId="b1452ef1-13ca-46e9-c44f-98baa104fb92" testName="addFrequencyDescriptionNothing" computerName="TOLKIEN" duration="00:00:00" startTime="0001-01-01T00:00:00.0000000-05:00" endTime="0001-01-01T00:00:00.0000000-05:00" testType="13cdc9d9-ddb5-4fa4-a97d-d965ccfc6d4b" outcome="NotExecuted" testListId="8c84fa94-04c1-424b-9868-57a2d4851a1d">
    </UnitTestResult>
    <UnitTestResult executionId="3caed354-f7d6-4307-b9a4-fe55d619131a" testId="94aa3a89-922e-c096-871a-c4ffb87404f0" testName="addFrequencyDescriptionMaxLen" computerName="TOLKIEN" duration="00:00:00" startTime="0001-01-01T00:00:00.0000000-05:00" endTime="0001-01-01T00:00:00.0000000-05:00" testType="13cdc9d9-ddb5-4fa4-a97d-d965ccfc6d4b" outcome="NotExecuted" testListId="8c84fa94-04c1-424b-9868-57a2d4851a1d">
    </UnitTestResult>
    <UnitTestResult executionId="2f0336b3-a0f6-4bb5-94de-c3ca2137952e" testId="0c5517d4-5316-3e21-871a-fa8800272a65" testName="addFrequencyMonthsNegative" computerName="TOLKIEN" duration="00:00:00" startTime="0001-01-01T00:00:00.0000000-05:00" endTime="0001-01-01T00:00:00.0000000-05:00" testType="13cdc9d9-ddb5-4fa4-a97d-d965ccfc6d4b" outcome="NotExecuted" testListId="8c84fa94-04c1-424b-9868-57a2d4851a1d">
    </UnitTestResult>
    <UnitTestResult executionId="824be763-1d7c-4ccf-96fd-377ad155c2dd" testId="4c8b2cdb-4eab-b6f9-ff74-242bf524db2e" testName="addFrequencyUserIDNothing" computerName="TOLKIEN" duration="00:00:00" startTime="0001-01-01T00:00:00.0000000-05:00" endTime="0001-01-01T00:00:00.0000000-05:00" testType="13cdc9d9-ddb5-4fa4-a97d-d965ccfc6d4b" outcome="NotExecuted" testListId="8c84fa94-04c1-424b-9868-57a2d4851a1d">
    </UnitTestResult>
    <UnitTestResult executionId="59baf9b0-b82f-48a7-b748-d204ff276e35" testId="d3b64b82-0b84-680f-9e31-0c326c489dc9" testName="updateFrequencyTest" computerName="TOLKIEN" duration="00:00:00" startTime="0001-01-01T00:00:00.0000000-05:00" endTime="0001-01-01T00:00:00.0000000-05:00" testType="13cdc9d9-ddb5-4fa4-a97d-d965ccfc6d4b" outcome="NotExecuted" testListId="8c84fa94-04c1-424b-9868-57a2d4851a1d">
    </UnitTestResult>
    <UnitTestResult executionId="3aa74b9f-d2c8-4b41-91af-d5bfbde5bbb4" testId="06d70802-cbf3-0105-85fe-1032f68b0c57" testName="updateFrequencyNothing" computerName="TOLKIEN" duration="00:00:00" startTime="0001-01-01T00:00:00.0000000-05:00" endTime="0001-01-01T00:00:00.0000000-05:00" testType="13cdc9d9-ddb5-4fa4-a97d-d965ccfc6d4b" outcome="NotExecuted" testListId="8c84fa94-04c1-424b-9868-57a2d4851a1d">
    </UnitTestResult>
    <UnitTestResult executionId="d1c70323-dc99-414a-bbbc-575748ea43a7" testId="899e468f-0f82-8f87-b2c5-dd542356cd37" testName="updateFrequencyFrequencyIDNothing" computerName="TOLKIEN" duration="00:00:00" startTime="0001-01-01T00:00:00.0000000-05:00" endTime="0001-01-01T00:00:00.0000000-05:00" testType="13cdc9d9-ddb5-4fa4-a97d-d965ccfc6d4b" outcome="NotExecuted" testListId="8c84fa94-04c1-424b-9868-57a2d4851a1d">
    </UnitTestResult>
    <UnitTestResult executionId="2faff4f5-bf98-448f-903a-a3d8812b166e" testId="a4fa7f01-082a-f733-8a2d-b25ea8023d30" testName="updateFrequencyDescriptionNothing" computerName="TOLKIEN" duration="00:00:00" startTime="0001-01-01T00:00:00.0000000-05:00" endTime="0001-01-01T00:00:00.0000000-05:00" testType="13cdc9d9-ddb5-4fa4-a97d-d965ccfc6d4b" outcome="NotExecuted" testListId="8c84fa94-04c1-424b-9868-57a2d4851a1d">
    </UnitTestResult>
    <UnitTestResult executionId="1793a54d-62f6-49c0-b56b-4e3f7193de22" testId="38af75c1-03ea-b909-29fa-879e4a97d0ad" testName="updateFrequencyDescriptionMaxLen" computerName="TOLKIEN" duration="00:00:00" startTime="0001-01-01T00:00:00.0000000-05:00" endTime="0001-01-01T00:00:00.0000000-05:00" testType="13cdc9d9-ddb5-4fa4-a97d-d965ccfc6d4b" outcome="NotExecuted" testListId="8c84fa94-04c1-424b-9868-57a2d4851a1d">
    </UnitTestResult>
    <UnitTestResult executionId="b63430f8-73af-46ee-87fd-b7623306139b" testId="3f53a5bc-85ec-b5b1-a732-530a68ca5fa8" testName="updateFrequencyMonthsNegative" computerName="TOLKIEN" duration="00:00:00" startTime="0001-01-01T00:00:00.0000000-05:00" endTime="0001-01-01T00:00:00.0000000-05:00" testType="13cdc9d9-ddb5-4fa4-a97d-d965ccfc6d4b" outcome="NotExecuted" testListId="8c84fa94-04c1-424b-9868-57a2d4851a1d">
    </UnitTestResult>
    <UnitTestResult executionId="24685344-b18e-4784-9b34-bdd20b4b79e7" testId="83c6509b-b125-a15a-14be-8af19ed1aed9" testName="deleteFrequencyTest" computerName="TOLKIEN" duration="00:00:00" startTime="0001-01-01T00:00:00.0000000-05:00" endTime="0001-01-01T00:00:00.0000000-05:00" testType="13cdc9d9-ddb5-4fa4-a97d-d965ccfc6d4b" outcome="NotExecuted" testListId="8c84fa94-04c1-424b-9868-57a2d4851a1d">
    </UnitTestResult>
    <UnitTestResult executionId="d6689b95-1533-4779-a819-a485e145e350" testId="6f7faeec-fd19-b1af-0830-7613b5075b88" testName="deleteFrequencyFrequencyIDNothing" computerName="TOLKIEN" duration="00:00:00" startTime="0001-01-01T00:00:00.0000000-05:00" endTime="0001-01-01T00:00:00.0000000-05:00" testType="13cdc9d9-ddb5-4fa4-a97d-d965ccfc6d4b" outcome="NotExecuted" testListId="8c84fa94-04c1-424b-9868-57a2d4851a1d">
    </UnitTestResult>
    <UnitTestResult executionId="2537b4df-30ac-4c94-a775-c1ca8802c862" testId="a2d4949d-2288-66c6-b89d-8f558bc7feba" testName="authenticateUserTest" computerName="TOLKIEN" duration="00:00:00" startTime="0001-01-01T00:00:00.0000000-05:00" endTime="0001-01-01T00:00:00.0000000-05:00" testType="13cdc9d9-ddb5-4fa4-a97d-d965ccfc6d4b" outcome="NotExecuted" testListId="8c84fa94-04c1-424b-9868-57a2d4851a1d">
    </UnitTestResult>
    <UnitTestResult executionId="6bdce64a-85c4-4ee7-9545-a755482b5b55" testId="c962f176-0e46-6e6a-64e1-773767b2a92e" testName="getSubcategoriesTest" computerName="TOLKIEN" duration="00:00:00" startTime="0001-01-01T00:00:00.0000000-05:00" endTime="0001-01-01T00:00:00.0000000-05:00" testType="13cdc9d9-ddb5-4fa4-a97d-d965ccfc6d4b" outcome="NotExecuted" testListId="8c84fa94-04c1-424b-9868-57a2d4851a1d">
    </UnitTestResult>
    <UnitTestResult executionId="74f7526d-7fe7-4b20-8805-31978a4fe5a9" testId="b05310d8-828c-c740-927a-df64a819e935" testName="getSubcategoriesByCategoryID" computerName="TOLKIEN" duration="00:00:00" startTime="0001-01-01T00:00:00.0000000-05:00" endTime="0001-01-01T00:00:00.0000000-05:00" testType="13cdc9d9-ddb5-4fa4-a97d-d965ccfc6d4b" outcome="NotExecuted" testListId="8c84fa94-04c1-424b-9868-57a2d4851a1d">
    </UnitTestResult>
    <UnitTestResult executionId="04eb65c3-1736-4b19-93eb-cfc81e0adc43" testId="25c221da-3cee-df3c-3d0f-8d45ce1c4bf5" testName="getSubcategoriesUserIDNothing" computerName="TOLKIEN" duration="00:00:00" startTime="0001-01-01T00:00:00.0000000-05:00" endTime="0001-01-01T00:00:00.0000000-05:00" testType="13cdc9d9-ddb5-4fa4-a97d-d965ccfc6d4b" outcome="NotExecuted" testListId="8c84fa94-04c1-424b-9868-57a2d4851a1d">
    </UnitTestResult>
    <UnitTestResult executionId="1ac8ac62-5816-4f41-b28d-5e433d3b8b38" testId="edf0aa95-9676-85e5-bd74-2b5388c724e3" testName="getSubcategoryTest" computerName="TOLKIEN" duration="00:00:00" startTime="0001-01-01T00:00:00.0000000-05:00" endTime="0001-01-01T00:00:00.0000000-05:00" testType="13cdc9d9-ddb5-4fa4-a97d-d965ccfc6d4b" outcome="NotExecuted" testListId="8c84fa94-04c1-424b-9868-57a2d4851a1d">
    </UnitTestResult>
    <UnitTestResult executionId="eb740910-f540-461d-a242-ae85cf5f7c0f" testId="25ed8de6-975d-2b68-5d42-088e4dc578e7" testName="getSubcategorySubcategoryIDNothing" computerName="TOLKIEN" duration="00:00:00" startTime="0001-01-01T00:00:00.0000000-05:00" endTime="0001-01-01T00:00:00.0000000-05:00" testType="13cdc9d9-ddb5-4fa4-a97d-d965ccfc6d4b" outcome="NotExecuted" testListId="8c84fa94-04c1-424b-9868-57a2d4851a1d">
    </UnitTestResult>
    <UnitTestResult executionId="1ea6c27c-9edc-47fd-a5bd-742118f21ac4" testId="6c1d12e8-2a89-22ef-766d-cb51fcbbb230" testName="addSubcategoryTest" computerName="TOLKIEN" duration="00:00:00" startTime="0001-01-01T00:00:00.0000000-05:00" endTime="0001-01-01T00:00:00.0000000-05:00" testType="13cdc9d9-ddb5-4fa4-a97d-d965ccfc6d4b" outcome="NotExecuted" testListId="8c84fa94-04c1-424b-9868-57a2d4851a1d">
    </UnitTestResult>
    <UnitTestResult executionId="3302664c-8de0-4e77-9516-fed927a6d537" testId="f627b55d-1ae3-286c-f067-07f1ac287750" testName="addSubcategorySubcategoryNothing" computerName="TOLKIEN" duration="00:00:00" startTime="0001-01-01T00:00:00.0000000-05:00" endTime="0001-01-01T00:00:00.0000000-05:00" testType="13cdc9d9-ddb5-4fa4-a97d-d965ccfc6d4b" outcome="NotExecuted" testListId="8c84fa94-04c1-424b-9868-57a2d4851a1d">
    </UnitTestResult>
    <UnitTestResult executionId="e3f4e83e-325b-4ffb-88f5-7f99e99bcca0" testId="5839d3eb-2f28-66ab-5903-f0c6aa8a4c52" testName="addSubcategoryCategoryIDNothing" computerName="TOLKIEN" duration="00:00:00" startTime="0001-01-01T00:00:00.0000000-05:00" endTime="0001-01-01T00:00:00.0000000-05:00" testType="13cdc9d9-ddb5-4fa4-a97d-d965ccfc6d4b" outcome="NotExecuted" testListId="8c84fa94-04c1-424b-9868-57a2d4851a1d">
    </UnitTestResult>
    <UnitTestResult executionId="95b9f677-bfc4-4341-ac52-67f2376ec12c" testId="a8551577-1fbc-a817-6fba-d92f73c63ed5" testName="addSubcategoryDescriptionNothing" computerName="TOLKIEN" duration="00:00:00" startTime="0001-01-01T00:00:00.0000000-05:00" endTime="0001-01-01T00:00:00.0000000-05:00" testType="13cdc9d9-ddb5-4fa4-a97d-d965ccfc6d4b" outcome="NotExecuted" testListId="8c84fa94-04c1-424b-9868-57a2d4851a1d">
    </UnitTestResult>
    <UnitTestResult executionId="896ae249-76bb-4921-b0e3-0c0a5ba4ee1d" testId="bbfe51fd-ce1b-3e52-a251-5d90aeb6a97a" testName="addSubcategoryDescriptionMaxLen" computerName="TOLKIEN" duration="00:00:00" startTime="0001-01-01T00:00:00.0000000-05:00" endTime="0001-01-01T00:00:00.0000000-05:00" testType="13cdc9d9-ddb5-4fa4-a97d-d965ccfc6d4b" outcome="NotExecuted" testListId="8c84fa94-04c1-424b-9868-57a2d4851a1d">
    </UnitTestResult>
    <UnitTestResult executionId="71754fd3-e4b6-4073-b6ab-5b372e1c3b2e" testId="2a1b7d1b-15e6-8cf8-0219-2630f5c48eaf" testName="addSubcategorySinkingFundNotYOrN" computerName="TOLKIEN" duration="00:00:00" startTime="0001-01-01T00:00:00.0000000-05:00" endTime="0001-01-01T00:00:00.0000000-05:00" testType="13cdc9d9-ddb5-4fa4-a97d-d965ccfc6d4b" outcome="NotExecuted" testListId="8c84fa94-04c1-424b-9868-57a2d4851a1d">
    </UnitTestResult>
    <UnitTestResult executionId="4b30a4bb-fa99-44e1-9f7d-414333cf20a5" testId="201d793e-4fe6-401d-6be8-c62c538d4a65" testName="addSubcategoryNotesMaxLen" computerName="TOLKIEN" duration="00:00:00" startTime="0001-01-01T00:00:00.0000000-05:00" endTime="0001-01-01T00:00:00.0000000-05:00" testType="13cdc9d9-ddb5-4fa4-a97d-d965ccfc6d4b" outcome="NotExecuted" testListId="8c84fa94-04c1-424b-9868-57a2d4851a1d">
    </UnitTestResult>
    <UnitTestResult executionId="49fdaa35-c454-4637-a198-84b5c6043f1d" testId="88291b0b-7e70-f6db-50b3-47e82e867912" testName="addSubcategoryUserIDNothing" computerName="TOLKIEN" duration="00:00:00" startTime="0001-01-01T00:00:00.0000000-05:00" endTime="0001-01-01T00:00:00.0000000-05:00" testType="13cdc9d9-ddb5-4fa4-a97d-d965ccfc6d4b" outcome="NotExecuted" testListId="8c84fa94-04c1-424b-9868-57a2d4851a1d">
    </UnitTestResult>
    <UnitTestResult executionId="f9e28242-f996-498d-a9d1-3686e3e0fa12" testId="bedc9ca5-0715-f75f-5275-d225bacd5374" testName="updateSubcategoryTest" computerName="TOLKIEN" duration="00:00:00" startTime="0001-01-01T00:00:00.0000000-05:00" endTime="0001-01-01T00:00:00.0000000-05:00" testType="13cdc9d9-ddb5-4fa4-a97d-d965ccfc6d4b" outcome="NotExecuted" testListId="8c84fa94-04c1-424b-9868-57a2d4851a1d">
    </UnitTestResult>
    <UnitTestResult executionId="58dea35e-a6dc-4173-bdee-90ab1d5d763b" testId="9df3c7a9-dda3-36c5-3db7-ed52aa5c51f3" testName="updateSubcategorySubcategoryNothing" computerName="TOLKIEN" duration="00:00:00" startTime="0001-01-01T00:00:00.0000000-05:00" endTime="0001-01-01T00:00:00.0000000-05:00" testType="13cdc9d9-ddb5-4fa4-a97d-d965ccfc6d4b" outcome="NotExecuted" testListId="8c84fa94-04c1-424b-9868-57a2d4851a1d">
    </UnitTestResult>
    <UnitTestResult executionId="a6515cfd-db54-40af-b218-18cc593184bb" testId="e1b8b9b5-31fa-3158-ed49-602ecdf8fc2b" testName="updateSubcategorySubcategoryIDNothing" computerName="TOLKIEN" duration="00:00:00" startTime="0001-01-01T00:00:00.0000000-05:00" endTime="0001-01-01T00:00:00.0000000-05:00" testType="13cdc9d9-ddb5-4fa4-a97d-d965ccfc6d4b" outcome="NotExecuted" testListId="8c84fa94-04c1-424b-9868-57a2d4851a1d">
    </UnitTestResult>
    <UnitTestResult executionId="e4ad8e6a-8a70-45b7-8077-4c94d06830f4" testId="6134c6ed-e8b7-288e-ff3e-b33d83bf08d0" testName="updateSubcategoryCategoryIDNothing" computerName="TOLKIEN" duration="00:00:00" startTime="0001-01-01T00:00:00.0000000-05:00" endTime="0001-01-01T00:00:00.0000000-05:00" testType="13cdc9d9-ddb5-4fa4-a97d-d965ccfc6d4b" outcome="NotExecuted" testListId="8c84fa94-04c1-424b-9868-57a2d4851a1d">
    </UnitTestResult>
    <UnitTestResult executionId="2b877626-192b-4a68-984f-a1245780298f" testId="9add4ea9-9be1-4a10-7cc8-a108d159b81a" testName="updateSubcategoryDescriptionNothing" computerName="TOLKIEN" duration="00:00:00" startTime="0001-01-01T00:00:00.0000000-05:00" endTime="0001-01-01T00:00:00.0000000-05:00" testType="13cdc9d9-ddb5-4fa4-a97d-d965ccfc6d4b" outcome="NotExecuted" testListId="8c84fa94-04c1-424b-9868-57a2d4851a1d">
    </UnitTestResult>
    <UnitTestResult executionId="a4047c79-6f16-497e-9735-cc9d3add3ec9" testId="2a218d4d-f796-c1d6-fb62-a245094f3715" testName="updateSubcategoryDescriptionMaxLen" computerName="TOLKIEN" duration="00:00:00" startTime="0001-01-01T00:00:00.0000000-05:00" endTime="0001-01-01T00:00:00.0000000-05:00" testType="13cdc9d9-ddb5-4fa4-a97d-d965ccfc6d4b" outcome="NotExecuted" testListId="8c84fa94-04c1-424b-9868-57a2d4851a1d">
    </UnitTestResult>
    <UnitTestResult executionId="28b3a34e-e1ac-4f93-bdce-28c39c135bf2" testId="27188a8b-a7e8-3977-ee02-1bbd41b1cb1b" testName="updateSubcategorySinkingFundNotYOrN" computerName="TOLKIEN" duration="00:00:00" startTime="0001-01-01T00:00:00.0000000-05:00" endTime="0001-01-01T00:00:00.0000000-05:00" testType="13cdc9d9-ddb5-4fa4-a97d-d965ccfc6d4b" outcome="NotExecuted" testListId="8c84fa94-04c1-424b-9868-57a2d4851a1d">
    </UnitTestResult>
    <UnitTestResult executionId="ffbaef7b-0a64-449d-8569-a598dd572286" testId="00b914bf-27cf-c5f2-2337-9da7337b8b86" testName="updateSubcategoryNotesMaxLen" computerName="TOLKIEN" duration="00:00:00" startTime="0001-01-01T00:00:00.0000000-05:00" endTime="0001-01-01T00:00:00.0000000-05:00" testType="13cdc9d9-ddb5-4fa4-a97d-d965ccfc6d4b" outcome="NotExecuted" testListId="8c84fa94-04c1-424b-9868-57a2d4851a1d">
    </UnitTestResult>
    <UnitTestResult executionId="4e43f96f-bd97-4b91-8a0a-d8c682c6517a" testId="b237afa0-6fb1-54bf-657e-2a66b76abb69" testName="deleteSubcategoryTest" computerName="TOLKIEN" duration="00:00:00" startTime="0001-01-01T00:00:00.0000000-05:00" endTime="0001-01-01T00:00:00.0000000-05:00" testType="13cdc9d9-ddb5-4fa4-a97d-d965ccfc6d4b" outcome="NotExecuted" testListId="8c84fa94-04c1-424b-9868-57a2d4851a1d">
    </UnitTestResult>
    <UnitTestResult executionId="f9602330-2d99-46e3-b94f-0972f8dc80f1" testId="cf5e9fac-d4eb-db14-c376-4d1f22db0558" testName="deleteSubcategorySubcategoryIDNothing" computerName="TOLKIEN" duration="00:00:00" startTime="0001-01-01T00:00:00.0000000-05:00" endTime="0001-01-01T00:00:00.0000000-05:00" testType="13cdc9d9-ddb5-4fa4-a97d-d965ccfc6d4b" outcome="NotExecuted" testListId="8c84fa94-04c1-424b-9868-57a2d4851a1d">
    </UnitTestResult>
    <UnitTestResult executionId="fbe0197d-e6f3-4530-b274-05f9bf4a467d" testId="9a3d0807-6457-caa6-13cd-e3a1911026ea" testName="getTransactionFirstYear" computerName="TOLKIEN" duration="00:00:00" startTime="0001-01-01T00:00:00.0000000-05:00" endTime="0001-01-01T00:00:00.0000000-05:00" testType="13cdc9d9-ddb5-4fa4-a97d-d965ccfc6d4b" outcome="NotExecuted" testListId="8c84fa94-04c1-424b-9868-57a2d4851a1d">
    </UnitTestResult>
    <UnitTestResult executionId="7f98401b-dcee-44e6-a657-c00d059e0df0" testId="0c74f04e-4ac5-b7a6-358f-741d4d504a08" testName="getTransactionsTest" computerName="TOLKIEN" duration="00:00:00" startTime="0001-01-01T00:00:00.0000000-05:00" endTime="0001-01-01T00:00:00.0000000-05:00" testType="13cdc9d9-ddb5-4fa4-a97d-d965ccfc6d4b" outcome="NotExecuted" testListId="8c84fa94-04c1-424b-9868-57a2d4851a1d">
    </UnitTestResult>
    <UnitTestResult executionId="0828b4a2-55ee-4e94-9376-b6ec9b6f6ccd" testId="a941f649-0f02-5cf0-9bb1-5b6a83d2daaf" testName="getTransactionsUserIDNothing" computerName="TOLKIEN" duration="00:00:00" startTime="0001-01-01T00:00:00.0000000-05:00" endTime="0001-01-01T00:00:00.0000000-05:00" testType="13cdc9d9-ddb5-4fa4-a97d-d965ccfc6d4b" outcome="NotExecuted" testListId="8c84fa94-04c1-424b-9868-57a2d4851a1d">
    </UnitTestResult>
    <UnitTestResult executionId="2f7332d7-faa5-4d36-a2d7-b2a2b4889751" testId="3d809d94-db02-0e76-9c09-c3d9ec12d5fd" testName="addTransactionTest" computerName="TOLKIEN" duration="00:00:00" startTime="0001-01-01T00:00:00.0000000-05:00" endTime="0001-01-01T00:00:00.0000000-05:00" testType="13cdc9d9-ddb5-4fa4-a97d-d965ccfc6d4b" outcome="NotExecuted" testListId="8c84fa94-04c1-424b-9868-57a2d4851a1d">
    </UnitTestResult>
    <UnitTestResult executionId="66fe67ff-5970-4c37-af70-f012624a8d5d" testId="028a17f3-f9c0-f73c-bbcc-8415c4c80d22" testName="addTransactionTransactionNothing" computerName="TOLKIEN" duration="00:00:00" startTime="0001-01-01T00:00:00.0000000-05:00" endTime="0001-01-01T00:00:00.0000000-05:00" testType="13cdc9d9-ddb5-4fa4-a97d-d965ccfc6d4b" outcome="NotExecuted" testListId="8c84fa94-04c1-424b-9868-57a2d4851a1d">
    </UnitTestResult>
    <UnitTestResult executionId="53645f03-095f-4cf7-a57f-511746441f28" testId="d9c74070-150a-6459-f8b5-cd6b0de2b4ec" testName="addTransactionDateNothing" computerName="TOLKIEN" duration="00:00:00" startTime="0001-01-01T00:00:00.0000000-05:00" endTime="0001-01-01T00:00:00.0000000-05:00" testType="13cdc9d9-ddb5-4fa4-a97d-d965ccfc6d4b" outcome="NotExecuted" testListId="8c84fa94-04c1-424b-9868-57a2d4851a1d">
    </UnitTestResult>
    <UnitTestResult executionId="d5e18566-491a-40d0-bb0d-111ee0945853" testId="da27e590-9f13-60c6-1ba7-9957aed51717" testName="addTransactionDescriptionNothing" computerName="TOLKIEN" duration="00:00:00" startTime="0001-01-01T00:00:00.0000000-05:00" endTime="0001-01-01T00:00:00.0000000-05:00" testType="13cdc9d9-ddb5-4fa4-a97d-d965ccfc6d4b" outcome="NotExecuted" testListId="8c84fa94-04c1-424b-9868-57a2d4851a1d">
    </UnitTestResult>
    <UnitTestResult executionId="7dbd90c5-5ca2-44fa-a78b-820a954198bc" testId="63d7ff1e-859b-98bb-e808-c5db1ec35b29" testName="addTransactionDescriptionMaxLen" computerName="TOLKIEN" duration="00:00:00" startTime="0001-01-01T00:00:00.0000000-05:00" endTime="0001-01-01T00:00:00.0000000-05:00" testType="13cdc9d9-ddb5-4fa4-a97d-d965ccfc6d4b" outcome="NotExecuted" testListId="8c84fa94-04c1-424b-9868-57a2d4851a1d">
    </UnitTestResult>
    <UnitTestResult executionId="7d93f908-fb2a-4b3b-ac80-0ac072808ae5" testId="9b270260-260c-a978-9dd4-28ae487f85d0" testName="addTransactionUserIDNothing" computerName="TOLKIEN" duration="00:00:00" startTime="0001-01-01T00:00:00.0000000-05:00" endTime="0001-01-01T00:00:00.0000000-05:00" testType="13cdc9d9-ddb5-4fa4-a97d-d965ccfc6d4b" outcome="NotExecuted" testListId="8c84fa94-04c1-424b-9868-57a2d4851a1d">
    </UnitTestResult>
    <UnitTestResult executionId="11a2fe22-ba71-4834-a65f-c9b4fe258cb5" testId="4dfbf887-b7a9-b491-3023-62dba6f89178" testName="addTransactionAccountAdjust" computerName="TOLKIEN" duration="00:00:00" startTime="0001-01-01T00:00:00.0000000-05:00" endTime="0001-01-01T00:00:00.0000000-05:00" testType="13cdc9d9-ddb5-4fa4-a97d-d965ccfc6d4b" outcome="NotExecuted" testListId="8c84fa94-04c1-424b-9868-57a2d4851a1d">
    </UnitTestResult>
    <UnitTestResult executionId="c72d5bc3-91cb-4a33-a17f-e0d3d9be9792" testId="820987f9-05ca-dae0-9f05-a0d4f3b7e230" testName="addTransactionSFSubcategoryAdjust" computerName="TOLKIEN" duration="00:00:00" startTime="0001-01-01T00:00:00.0000000-05:00" endTime="0001-01-01T00:00:00.0000000-05:00" testType="13cdc9d9-ddb5-4fa4-a97d-d965ccfc6d4b" outcome="NotExecuted" testListId="8c84fa94-04c1-424b-9868-57a2d4851a1d">
    </UnitTestResult>
    <UnitTestResult executionId="fea5bc13-ad91-4432-8659-21a3163f055f" testId="1ce94126-b660-0ac9-06d3-af2dd6c473a7" testName="updateTransactionTest" computerName="TOLKIEN" duration="00:00:00" startTime="0001-01-01T00:00:00.0000000-05:00" endTime="0001-01-01T00:00:00.0000000-05:00" testType="13cdc9d9-ddb5-4fa4-a97d-d965ccfc6d4b" outcome="NotExecuted" testListId="8c84fa94-04c1-424b-9868-57a2d4851a1d">
    </UnitTestResult>
    <UnitTestResult executionId="746b877a-9af4-43a0-8b62-d94f8411adad" testId="991140ed-32ac-a771-1bbe-e26bd691905d" testName="updateTransactionTransactionNothing" computerName="TOLKIEN" duration="00:00:00" startTime="0001-01-01T00:00:00.0000000-05:00" endTime="0001-01-01T00:00:00.0000000-05:00" testType="13cdc9d9-ddb5-4fa4-a97d-d965ccfc6d4b" outcome="NotExecuted" testListId="8c84fa94-04c1-424b-9868-57a2d4851a1d">
    </UnitTestResult>
    <UnitTestResult executionId="290e190b-882e-4422-b1a8-0eca5deb8368" testId="6c103902-84a3-cdbb-97c9-1350b2df679a" testName="updateTransactionTransactionIDNothing" computerName="TOLKIEN" duration="00:00:00" startTime="0001-01-01T00:00:00.0000000-05:00" endTime="0001-01-01T00:00:00.0000000-05:00" testType="13cdc9d9-ddb5-4fa4-a97d-d965ccfc6d4b" outcome="NotExecuted" testListId="8c84fa94-04c1-424b-9868-57a2d4851a1d">
    </UnitTestResult>
    <UnitTestResult executionId="e7e4aa58-b5f3-4ddd-9c1f-3e3245706def" testId="8f6940ee-6a05-220b-9d80-efa337ee3133" testName="updateTransactionDateNothing" computerName="TOLKIEN" duration="00:00:00" startTime="0001-01-01T00:00:00.0000000-05:00" endTime="0001-01-01T00:00:00.0000000-05:00" testType="13cdc9d9-ddb5-4fa4-a97d-d965ccfc6d4b" outcome="NotExecuted" testListId="8c84fa94-04c1-424b-9868-57a2d4851a1d">
    </UnitTestResult>
    <UnitTestResult executionId="b0782111-0a05-4da3-b036-a57480139538" testId="3ccd3f11-0213-e1b1-a3aa-1057197cac59" testName="updateTransactionDescriptionNothing" computerName="TOLKIEN" duration="00:00:00" startTime="0001-01-01T00:00:00.0000000-05:00" endTime="0001-01-01T00:00:00.0000000-05:00" testType="13cdc9d9-ddb5-4fa4-a97d-d965ccfc6d4b" outcome="NotExecuted" testListId="8c84fa94-04c1-424b-9868-57a2d4851a1d">
    </UnitTestResult>
    <UnitTestResult executionId="cf7795eb-8849-4394-a18d-2c41dfc4ae29" testId="9cf1af96-ce60-17f7-f073-8576692875a1" testName="updateTransactionDescriptionMaxLen" computerName="TOLKIEN" duration="00:00:00" startTime="0001-01-01T00:00:00.0000000-05:00" endTime="0001-01-01T00:00:00.0000000-05:00" testType="13cdc9d9-ddb5-4fa4-a97d-d965ccfc6d4b" outcome="NotExecuted" testListId="8c84fa94-04c1-424b-9868-57a2d4851a1d">
    </UnitTestResult>
    <UnitTestResult executionId="11f66935-1bcf-4a21-997d-2fb773c20ea1" testId="50fc5a28-9321-a539-d140-7388838d8a59" testName="updateTransactionAccountAdjust" computerName="TOLKIEN" duration="00:00:00" startTime="0001-01-01T00:00:00.0000000-05:00" endTime="0001-01-01T00:00:00.0000000-05:00" testType="13cdc9d9-ddb5-4fa4-a97d-d965ccfc6d4b" outcome="NotExecuted" testListId="8c84fa94-04c1-424b-9868-57a2d4851a1d">
    </UnitTestResult>
    <UnitTestResult executionId="7c28c924-c35a-465c-88d9-1ff74994e0a5" testId="ff86bab7-fe25-e542-47fe-56bd2f464b72" testName="updateTransactionSFSubcategoryAdjust" computerName="TOLKIEN" duration="00:00:00" startTime="0001-01-01T00:00:00.0000000-05:00" endTime="0001-01-01T00:00:00.0000000-05:00" testType="13cdc9d9-ddb5-4fa4-a97d-d965ccfc6d4b" outcome="NotExecuted" testListId="8c84fa94-04c1-424b-9868-57a2d4851a1d">
    </UnitTestResult>
    <UnitTestResult executionId="dfdb5b3b-f5ec-46af-a768-0e6201abb598" testId="be5b2eb0-51ec-1a02-7e30-ca7d5c29aa6f" testName="deleteTransactionTest" computerName="TOLKIEN" duration="00:00:00" startTime="0001-01-01T00:00:00.0000000-05:00" endTime="0001-01-01T00:00:00.0000000-05:00" testType="13cdc9d9-ddb5-4fa4-a97d-d965ccfc6d4b" outcome="NotExecuted" testListId="8c84fa94-04c1-424b-9868-57a2d4851a1d">
    </UnitTestResult>
    <UnitTestResult executionId="201b650c-d31d-40b5-aecd-b97ded80245c" testId="93af35c8-f5d8-78c3-8cc9-706ee5491c55" testName="deleteTransactionTransactionIDNothing" computerName="TOLKIEN" duration="00:00:00" startTime="0001-01-01T00:00:00.0000000-05:00" endTime="0001-01-01T00:00:00.0000000-05:00" testType="13cdc9d9-ddb5-4fa4-a97d-d965ccfc6d4b" outcome="NotExecuted" testListId="8c84fa94-04c1-424b-9868-57a2d4851a1d">
    </UnitTestResult>
    <UnitTestResult executionId="db22da63-7c20-4a9e-a271-93434d265a06" testId="b9d1c2ac-e386-87fb-12aa-0d8af4d9f7af" testName="deleteTransactionAccountAdjust" computerName="TOLKIEN" duration="00:00:00" startTime="0001-01-01T00:00:00.0000000-05:00" endTime="0001-01-01T00:00:00.0000000-05:00" testType="13cdc9d9-ddb5-4fa4-a97d-d965ccfc6d4b" outcome="NotExecuted" testListId="8c84fa94-04c1-424b-9868-57a2d4851a1d">
    </UnitTestResult>
    <UnitTestResult executionId="bef4a305-dcd1-415b-b255-fcbcda783d24" testId="302f161c-1a16-7195-636f-727c6d4f7cce" testName="addUserTest" computerName="TOLKIEN" duration="00:00:00" startTime="0001-01-01T00:00:00.0000000-05:00" endTime="0001-01-01T00:00:00.0000000-05:00" testType="13cdc9d9-ddb5-4fa4-a97d-d965ccfc6d4b" outcome="NotExecuted" testListId="8c84fa94-04c1-424b-9868-57a2d4851a1d">
    </UnitTestResult>
    <UnitTestResult executionId="6466d691-b844-41e2-9d65-c8241d7391eb" testId="24148662-d27c-83db-d849-dc758dd8b5f9" testName="activateUserTest" computerName="TOLKIEN" duration="00:00:00" startTime="0001-01-01T00:00:00.0000000-05:00" endTime="0001-01-01T00:00:00.0000000-05:00" testType="13cdc9d9-ddb5-4fa4-a97d-d965ccfc6d4b" outcome="NotExecuted" testListId="8c84fa94-04c1-424b-9868-57a2d4851a1d">
    </UnitTestResult>
    <UnitTestResult executionId="ca33a31a-be2d-4c42-ab50-a331615bcb74" testId="0da9cb98-0025-f1cc-5c4e-78987bd1ba0a" testName="addUserUserIDNothing" computerName="TOLKIEN" duration="00:00:00" startTime="0001-01-01T00:00:00.0000000-05:00" endTime="0001-01-01T00:00:00.0000000-05:00" testType="13cdc9d9-ddb5-4fa4-a97d-d965ccfc6d4b" outcome="NotExecuted" testListId="8c84fa94-04c1-424b-9868-57a2d4851a1d">
    </UnitTestResult>
    <UnitTestResult executionId="9632007e-2d4c-413b-aab6-cda135fbe5aa" testId="41d12651-6966-8543-ef57-0046b613ddb5" testName="addUserUserIDMaxLen" computerName="TOLKIEN" duration="00:00:00" startTime="0001-01-01T00:00:00.0000000-05:00" endTime="0001-01-01T00:00:00.0000000-05:00" testType="13cdc9d9-ddb5-4fa4-a97d-d965ccfc6d4b" outcome="NotExecuted" testListId="8c84fa94-04c1-424b-9868-57a2d4851a1d">
    </UnitTestResult>
    <UnitTestResult executionId="c4e30496-33f0-4bd6-80b8-41561e39985f" testId="4bd9796f-b636-6a7f-6857-a699f7abd7a9" testName="addUserPasswordNothing" computerName="TOLKIEN" duration="00:00:00" startTime="0001-01-01T00:00:00.0000000-05:00" endTime="0001-01-01T00:00:00.0000000-05:00" testType="13cdc9d9-ddb5-4fa4-a97d-d965ccfc6d4b" outcome="NotExecuted" testListId="8c84fa94-04c1-424b-9868-57a2d4851a1d">
    </UnitTestResult>
    <UnitTestResult executionId="2601c6c0-96b2-42d2-9728-e398c4d3404c" testId="28cb5578-a210-728f-1f2a-7829483fe9ce" testName="addUserPasswordMaxLen" computerName="TOLKIEN" duration="00:00:00" startTime="0001-01-01T00:00:00.0000000-05:00" endTime="0001-01-01T00:00:00.0000000-05:00" testType="13cdc9d9-ddb5-4fa4-a97d-d965ccfc6d4b" outcome="NotExecuted" testListId="8c84fa94-04c1-424b-9868-57a2d4851a1d">
    </UnitTestResult>
    <UnitTestResult executionId="33e0edf0-5489-4f26-a42f-586d289a3c85" testId="009665bb-5de0-8593-a32b-50bf52a35d2c" testName="addUserFirstNameNothing" computerName="TOLKIEN" duration="00:00:00" startTime="0001-01-01T00:00:00.0000000-05:00" endTime="0001-01-01T00:00:00.0000000-05:00" testType="13cdc9d9-ddb5-4fa4-a97d-d965ccfc6d4b" outcome="NotExecuted" testListId="8c84fa94-04c1-424b-9868-57a2d4851a1d">
    </UnitTestResult>
    <UnitTestResult executionId="b748d594-123d-4870-a85d-4d13b27a37f6" testId="dc51c213-5f3c-c5c3-c9fa-ea22cfaaa6b1" testName="addUserFirstNameMaxLen" computerName="TOLKIEN" duration="00:00:00" startTime="0001-01-01T00:00:00.0000000-05:00" endTime="0001-01-01T00:00:00.0000000-05:00" testType="13cdc9d9-ddb5-4fa4-a97d-d965ccfc6d4b" outcome="NotExecuted" testListId="8c84fa94-04c1-424b-9868-57a2d4851a1d">
    </UnitTestResult>
    <UnitTestResult executionId="1d3acf14-0b9e-40fd-a0ce-25f1b9a241cd" testId="5c8e58b7-4d3d-259d-a967-243af0246cbb" testName="addUserLastNameNothing" computerName="TOLKIEN" duration="00:00:00" startTime="0001-01-01T00:00:00.0000000-05:00" endTime="0001-01-01T00:00:00.0000000-05:00" testType="13cdc9d9-ddb5-4fa4-a97d-d965ccfc6d4b" outcome="NotExecuted" testListId="8c84fa94-04c1-424b-9868-57a2d4851a1d">
    </UnitTestResult>
    <UnitTestResult executionId="59c95e28-9f24-4bae-b84f-91d441f061cb" testId="d34b29c4-f075-6bcd-bac5-00d2275289a2" testName="addUserLastNameMaxLen" computerName="TOLKIEN" duration="00:00:00" startTime="0001-01-01T00:00:00.0000000-05:00" endTime="0001-01-01T00:00:00.0000000-05:00" testType="13cdc9d9-ddb5-4fa4-a97d-d965ccfc6d4b" outcome="NotExecuted" testListId="8c84fa94-04c1-424b-9868-57a2d4851a1d">
    </UnitTestResult>
    <UnitTestResult executionId="d6783a25-70ba-42ad-bcb0-9ae0d9c5b9cb" testId="90f48b05-4d4f-7605-cb20-2be7d7f85e69" testName="addUserEmailAddressNothing" computerName="TOLKIEN" duration="00:00:00" startTime="0001-01-01T00:00:00.0000000-05:00" endTime="0001-01-01T00:00:00.0000000-05:00" testType="13cdc9d9-ddb5-4fa4-a97d-d965ccfc6d4b" outcome="NotExecuted" testListId="8c84fa94-04c1-424b-9868-57a2d4851a1d">
    </UnitTestResult>
    <UnitTestResult executionId="cd69784c-7107-4e95-846b-0014f0f10ed7" testId="bcef52eb-c0c7-5e55-deaa-3ee9071fa25e" testName="addUserEmailAddressMaxLen" computerName="TOLKIEN" duration="00:00:00" startTime="0001-01-01T00:00:00.0000000-05:00" endTime="0001-01-01T00:00:00.0000000-05:00" testType="13cdc9d9-ddb5-4fa4-a97d-d965ccfc6d4b" outcome="NotExecuted" testListId="8c84fa94-04c1-424b-9868-57a2d4851a1d">
    </UnitTestResult>
    <UnitTestResult executionId="19cefe48-2748-4abd-84c2-fd0e5d8b19ac" testId="5a6ba108-477a-8826-07f4-4b3d85417087" testName="updateUserPasswordTest" computerName="TOLKIEN" duration="00:00:00" startTime="0001-01-01T00:00:00.0000000-05:00" endTime="0001-01-01T00:00:00.0000000-05:00" testType="13cdc9d9-ddb5-4fa4-a97d-d965ccfc6d4b" outcome="NotExecuted" testListId="8c84fa94-04c1-424b-9868-57a2d4851a1d">
    </UnitTestResult>
    <UnitTestResult executionId="31b0a237-ff11-446e-858e-2b36d3e741fc" testId="72470363-231e-de0f-a051-36672fd2a5cf" testName="updateUserPasswordUserIDNothing" computerName="TOLKIEN" duration="00:00:00" startTime="0001-01-01T00:00:00.0000000-05:00" endTime="0001-01-01T00:00:00.0000000-05:00" testType="13cdc9d9-ddb5-4fa4-a97d-d965ccfc6d4b" outcome="NotExecuted" testListId="8c84fa94-04c1-424b-9868-57a2d4851a1d">
    </UnitTestResult>
    <UnitTestResult executionId="00199995-55c8-42c3-adfc-52d7dc7a3240" testId="3a751831-a04a-99cb-4020-7bcb1dfdc48d" testName="updateUserPasswordUserIDMaxLen" computerName="TOLKIEN" duration="00:00:00" startTime="0001-01-01T00:00:00.0000000-05:00" endTime="0001-01-01T00:00:00.0000000-05:00" testType="13cdc9d9-ddb5-4fa4-a97d-d965ccfc6d4b" outcome="NotExecuted" testListId="8c84fa94-04c1-424b-9868-57a2d4851a1d">
    </UnitTestResult>
    <UnitTestResult executionId="4afdbef2-110b-4d41-9236-eb2e708fadf2" testId="96ea8a44-4a4b-1549-f98e-7f968bf38c44" testName="updateUserPasswordPasswordNothing" computerName="TOLKIEN" duration="00:00:00" startTime="0001-01-01T00:00:00.0000000-05:00" endTime="0001-01-01T00:00:00.0000000-05:00" testType="13cdc9d9-ddb5-4fa4-a97d-d965ccfc6d4b" outcome="NotExecuted" testListId="8c84fa94-04c1-424b-9868-57a2d4851a1d">
    </UnitTestResult>
    <UnitTestResult executionId="72e45bc2-67a2-4260-b8a9-090374c5bb2a" testId="284bf1a9-75d1-2878-109e-644bc848b2b3" testName="updateUserPasswordPasswordMaxLen" computerName="TOLKIEN" duration="00:00:00" startTime="0001-01-01T00:00:00.0000000-05:00" endTime="0001-01-01T00:00:00.0000000-05:00" testType="13cdc9d9-ddb5-4fa4-a97d-d965ccfc6d4b" outcome="NotExecuted" testListId="8c84fa94-04c1-424b-9868-57a2d4851a1d">
    </UnitTestResult>
    <UnitTestResult executionId="b0274066-3855-4fd3-9442-4ad2680b14b3" testId="79030625-73d7-51e1-159e-387a32e20fc3" testName="updateUserEmailTest" computerName="TOLKIEN" duration="00:00:00" startTime="0001-01-01T00:00:00.0000000-05:00" endTime="0001-01-01T00:00:00.0000000-05:00" testType="13cdc9d9-ddb5-4fa4-a97d-d965ccfc6d4b" outcome="NotExecuted" testListId="8c84fa94-04c1-424b-9868-57a2d4851a1d">
    </UnitTestResult>
    <UnitTestResult executionId="f980ed46-e51d-47c6-b4f9-b8035d2471ef" testId="53ff0830-cc1d-2e63-f269-a83b303e8cd9" testName="updateUserEmailAddressUserIDNothing" computerName="TOLKIEN" duration="00:00:00" startTime="0001-01-01T00:00:00.0000000-05:00" endTime="0001-01-01T00:00:00.0000000-05:00" testType="13cdc9d9-ddb5-4fa4-a97d-d965ccfc6d4b" outcome="NotExecuted" testListId="8c84fa94-04c1-424b-9868-57a2d4851a1d">
    </UnitTestResult>
    <UnitTestResult executionId="7e7c6ab6-ddf3-4aa9-b096-38ebd3649554" testId="a00f7b88-dcf5-ad47-7698-8713ba1a81ab" testName="updateUserEmailAddressUserIDMaxLen" computerName="TOLKIEN" duration="00:00:00" startTime="0001-01-01T00:00:00.0000000-05:00" endTime="0001-01-01T00:00:00.0000000-05:00" testType="13cdc9d9-ddb5-4fa4-a97d-d965ccfc6d4b" outcome="NotExecuted" testListId="8c84fa94-04c1-424b-9868-57a2d4851a1d">
    </UnitTestResult>
    <UnitTestResult executionId="600f1329-08a5-4354-a9d6-770823bdbbda" testId="80c414af-5874-d05b-df07-60a9f219452e" testName="updateUserEmailAddressEmailNothing" computerName="TOLKIEN" duration="00:00:00" startTime="0001-01-01T00:00:00.0000000-05:00" endTime="0001-01-01T00:00:00.0000000-05:00" testType="13cdc9d9-ddb5-4fa4-a97d-d965ccfc6d4b" outcome="NotExecuted" testListId="8c84fa94-04c1-424b-9868-57a2d4851a1d">
    </UnitTestResult>
    <UnitTestResult executionId="29d76604-701e-46c6-9f4f-677b325609f8" testId="fa4fde81-0c7b-6c9e-f074-31329de4ad82" testName="updateUserEmailAddressEmailMaxLen" computerName="TOLKIEN" duration="00:00:00" startTime="0001-01-01T00:00:00.0000000-05:00" endTime="0001-01-01T00:00:00.0000000-05:00" testType="13cdc9d9-ddb5-4fa4-a97d-d965ccfc6d4b" outcome="NotExecuted" testListId="8c84fa94-04c1-424b-9868-57a2d4851a1d">
    </UnitTestResult>
    <UnitTestResult executionId="78e2293e-b355-4c24-9ae9-4a81c685d4ba" testId="3313d2d0-5480-16e1-f3ac-9d93382371ba" testName="getUserTest" computerName="TOLKIEN" duration="00:00:00" startTime="0001-01-01T00:00:00.0000000-05:00" endTime="0001-01-01T00:00:00.0000000-05:00" testType="13cdc9d9-ddb5-4fa4-a97d-d965ccfc6d4b" outcome="NotExecuted" testListId="8c84fa94-04c1-424b-9868-57a2d4851a1d">
    </UnitTestResult>
    <UnitTestResult executionId="9dbc2c62-6f58-43b1-9f6e-9edbf124e15e" testId="88a752e7-5c9d-d926-4dfc-8a1be934c0f9" testName="getUserUserIDNothing" computerName="TOLKIEN" duration="00:00:00" startTime="0001-01-01T00:00:00.0000000-05:00" endTime="0001-01-01T00:00:00.0000000-05:00" testType="13cdc9d9-ddb5-4fa4-a97d-d965ccfc6d4b" outcome="NotExecuted" testListId="8c84fa94-04c1-424b-9868-57a2d4851a1d">
    </UnitTestResult>
    <UnitTestResult executionId="61ac8212-fbd5-46d7-af92-92f6e9ea08c8" testId="538dbcae-3613-3ec0-5462-011bbcef1f66" testName="getUserUserIDMaxLen" computerName="TOLKIEN" duration="00:00:00" startTime="0001-01-01T00:00:00.0000000-05:00" endTime="0001-01-01T00:00:00.0000000-05:00" testType="13cdc9d9-ddb5-4fa4-a97d-d965ccfc6d4b" outcome="NotExecuted" testListId="8c84fa94-04c1-424b-9868-57a2d4851a1d">
    </UnitTestResult>
  </Results>
</TestRun>