<?xml version="1.0" encoding="UTF-8"?>
<TestRun id="5d140f59-0588-4c90-9afa-96cd9bee24ba" name="Josh@TOLKIEN 2011-09-30 23:26:40" runUser="Tolkien\Josh" xmlns="http://microsoft.com/schemas/VisualStudio/TeamTest/2006">
  <TestRunConfiguration name="Local Test Run" id="8ba3157e-c793-4762-8e20-abcfc481c21a">
    <Description>This is a default test run configuration for a local test run.</Description>
    <Deployment runDeploymentRoot="C:\Develop\Budgeteer\TestResults\Josh_TOLKIEN 2011-09-30 23_26_40" />
    <TestTypeSpecific />
  </TestRunConfiguration>
  <ResultSummary outcome="Error">
    <Counters total="151" error="0" failed="0" timeout="0" aborted="0" inconclusive="0" passedButRunAborted="0" notRunnable="0" notExecuted="151" disconnected="0" warning="0" passed="0" completed="0" inProgress="0" pending="0" />
    <RunInfos>
      <RunInfo computerName="TOLKIEN" outcome="Error" timestamp="2011-09-30T23:26:47.5988352-04:00">
        <Text>Test host process exited unexpectedly.</Text>
      </RunInfo>
      <RunInfo computerName="TOLKIEN" outcome="Error" timestamp="2011-09-30T23:26:47.7808456-04:00">
        <Text>Failed to queue test run 'Josh@TOLKIEN 2011-09-30 23:26:40': Test host process exited unexpectedly.</Text>
        <Exception>Microsoft.VisualStudio.TestTools.TestManagement.ExecutionException: Test host process exited unexpectedly.
   at Microsoft.VisualStudio.TestTools.TestManagement.LocalControllerProxy.StartProcess(TestRun run)
   at Microsoft.VisualStudio.TestTools.TestManagement.LocalControllerProxy.RestartProcess(TestRun run)
   at Microsoft.VisualStudio.TestTools.TestManagement.LocalControllerProxy.PrepareProcess(TestRun run)
   at Microsoft.VisualStudio.TestTools.TestManagement.LocalControllerProxy.InitializeController(TestRun run)
   at Microsoft.VisualStudio.TestTools.TestManagement.ControllerProxy.QueueTestRunWorker(Object state)</Exception>
      </RunInfo>
    </RunInfos>
  </ResultSummary>
  <Times creation="2011-09-30T23:26:40.3494206-04:00" queuing="2011-09-30T23:26:40.3494206-04:00" start="2011-09-30T23:26:40.3494206-04:00" finish="2011-09-30T23:26:47.7808456-04:00" />
  <TestDefinitions>
    <UnitTest name="addUserEmailAddressNothing" storage="c:\develop\budgeteer\budgeteerbusiness.test\bin\release\budgeteerbusiness.test.dll" id="90f48b05-4d4f-7605-cb20-2be7d7f85e69">
      <Css projectStructure="" iteration="" />
      <Owners>
        <Owner name="" />
      </Owners>
      <TestMethod codeBase="C:\Develop\Budgeteer\BudgeteerBusiness.Test\bin\Release\BudgeteerBusiness.Test.dll" adapterTypeName="Microsoft.VisualStudio.TestTools.TestTypes.Unit.UnitTestAdapter, Microsoft.VisualStudio.QualityTools.Tips.UnitTest.Adapter, Version=9.0.0.0, Culture=neutral, PublicKeyToken=b03f5f7f11d50a3a" className="BudgeteerBusiness.Test.UserTest, BudgeteerBusiness.Test" name="addUserEmailAddressNothing" />
    </UnitTest>
    <UnitTest name="addCategoryDescriptionMaxLen" storage="c:\develop\budgeteer\budgeteerbusiness.test\bin\release\budgeteerbusiness.test.dll" id="58a09de1-5830-1f36-c16c-3939c3e6e900">
      <Css projectStructure="" iteration="" />
      <Owners>
        <Owner name="" />
      </Owners>
      <TestMethod codeBase="C:\Develop\Budgeteer\BudgeteerBusiness.Test\bin\Release\BudgeteerBusiness.Test.dll" adapterTypeName="Microsoft.VisualStudio.TestTools.TestTypes.Unit.UnitTestAdapter, Microsoft.VisualStudio.QualityTools.Tips.UnitTest.Adapter, Version=9.0.0.0, Culture=neutral, PublicKeyToken=b03f5f7f11d50a3a" className="BudgeteerBusiness.Test.CategoryTest, BudgeteerBusiness.Test" name="addCategoryDescriptionMaxLen" />
    </UnitTest>
    <UnitTest name="getUserUserIDMaxLen" storage="c:\develop\budgeteer\budgeteerbusiness.test\bin\release\budgeteerbusiness.test.dll" id="538dbcae-3613-3ec0-5462-011bbcef1f66">
      <Css projectStructure="" iteration="" />
      <Owners>
        <Owner name="" />
      </Owners>
      <TestMethod codeBase="C:\Develop\Budgeteer\BudgeteerBusiness.Test\bin\Release\BudgeteerBusiness.Test.dll" adapterTypeName="Microsoft.VisualStudio.TestTools.TestTypes.Unit.UnitTestAdapter, Microsoft.VisualStudio.QualityTools.Tips.UnitTest.Adapter, Version=9.0.0.0, Culture=neutral, PublicKeyToken=b03f5f7f11d50a3a" className="BudgeteerBusiness.Test.UserTest, BudgeteerBusiness.Test" name="getUserUserIDMaxLen" />
    </UnitTest>
    <UnitTest name="AddAccountTest" storage="c:\develop\budgeteer\budgeteerbusiness.test\bin\release\budgeteerbusiness.test.dll" id="8dcb2405-5c91-c749-7201-777f5347a181">
      <Css projectStructure="" iteration="" />
      <Owners>
        <Owner name="" />
      </Owners>
      <TestMethod codeBase="C:\Develop\Budgeteer\BudgeteerBusiness.Test\bin\Release\BudgeteerBusiness.Test.dll" adapterTypeName="Microsoft.VisualStudio.TestTools.TestTypes.Unit.UnitTestAdapter, Microsoft.VisualStudio.QualityTools.Tips.UnitTest.Adapter, Version=9.0.0.0, Culture=neutral, PublicKeyToken=b03f5f7f11d50a3a" className="BudgeteerBusiness.Test.BankAccountTest, BudgeteerBusiness.Test" name="AddAccountTest" />
    </UnitTest>
    <UnitTest name="getSettingsUserIDBlank" storage="c:\develop\budgeteer\budgeteerbusiness.test\bin\release\budgeteerbusiness.test.dll" id="8cd615c6-e162-c613-892a-65fc09419773">
      <Css projectStructure="" iteration="" />
      <Owners>
        <Owner name="" />
      </Owners>
      <TestMethod codeBase="C:\Develop\Budgeteer\BudgeteerBusiness.Test\bin\Release\BudgeteerBusiness.Test.dll" adapterTypeName="Microsoft.VisualStudio.TestTools.TestTypes.Unit.UnitTestAdapter, Microsoft.VisualStudio.QualityTools.Tips.UnitTest.Adapter, Version=9.0.0.0, Culture=neutral, PublicKeyToken=b03f5f7f11d50a3a" className="BudgeteerBusiness.Test.ApplicationSettingTest, BudgeteerBusiness.Test" name="getSettingsUserIDBlank" />
    </UnitTest>
    <UnitTest name="updateSubcategoryDescriptionMaxLen" storage="c:\develop\budgeteer\budgeteerbusiness.test\bin\release\budgeteerbusiness.test.dll" id="2a218d4d-f796-c1d6-fb62-a245094f3715">
      <Css projectStructure="" iteration="" />
      <Owners>
        <Owner name="" />
      </Owners>
      <TestMethod codeBase="C:\Develop\Budgeteer\BudgeteerBusiness.Test\bin\Release\BudgeteerBusiness.Test.dll" adapterTypeName="Microsoft.VisualStudio.TestTools.TestTypes.Unit.UnitTestAdapter, Microsoft.VisualStudio.QualityTools.Tips.UnitTest.Adapter, Version=9.0.0.0, Culture=neutral, PublicKeyToken=b03f5f7f11d50a3a" className="BudgeteerBusiness.Test.SubcategoryTest, BudgeteerBusiness.Test" name="updateSubcategoryDescriptionMaxLen" />
    </UnitTest>
    <UnitTest name="addSubcategoryDescriptionMaxLen" storage="c:\develop\budgeteer\budgeteerbusiness.test\bin\release\budgeteerbusiness.test.dll" id="bbfe51fd-ce1b-3e52-a251-5d90aeb6a97a">
      <Css projectStructure="" iteration="" />
      <Owners>
        <Owner name="" />
      </Owners>
      <TestMethod codeBase="C:\Develop\Budgeteer\BudgeteerBusiness.Test\bin\Release\BudgeteerBusiness.Test.dll" adapterTypeName="Microsoft.VisualStudio.TestTools.TestTypes.Unit.UnitTestAdapter, Microsoft.VisualStudio.QualityTools.Tips.UnitTest.Adapter, Version=9.0.0.0, Culture=neutral, PublicKeyToken=b03f5f7f11d50a3a" className="BudgeteerBusiness.Test.SubcategoryTest, BudgeteerBusiness.Test" name="addSubcategoryDescriptionMaxLen" />
    </UnitTest>
    <UnitTest name="getTransactionsTest" storage="c:\develop\budgeteer\budgeteerbusiness.test\bin\release\budgeteerbusiness.test.dll" id="0c74f04e-4ac5-b7a6-358f-741d4d504a08">
      <Css projectStructure="" iteration="" />
      <Owners>
        <Owner name="" />
      </Owners>
      <TestMethod codeBase="C:\Develop\Budgeteer\BudgeteerBusiness.Test\bin\Release\BudgeteerBusiness.Test.dll" adapterTypeName="Microsoft.VisualStudio.TestTools.TestTypes.Unit.UnitTestAdapter, Microsoft.VisualStudio.QualityTools.Tips.UnitTest.Adapter, Version=9.0.0.0, Culture=neutral, PublicKeyToken=b03f5f7f11d50a3a" className="BudgeteerBusiness.Test.TransactionTest, BudgeteerBusiness.Test" name="getTransactionsTest" />
    </UnitTest>
    <UnitTest name="authenticateUserTest" storage="c:\develop\budgeteer\budgeteerbusiness.test\bin\release\budgeteerbusiness.test.dll" id="a2d4949d-2288-66c6-b89d-8f558bc7feba">
      <Css projectStructure="" iteration="" />
      <Owners>
        <Owner name="" />
      </Owners>
      <TestMethod codeBase="C:\Develop\Budgeteer\BudgeteerBusiness.Test\bin\Release\BudgeteerBusiness.Test.dll" adapterTypeName="Microsoft.VisualStudio.TestTools.TestTypes.Unit.UnitTestAdapter, Microsoft.VisualStudio.QualityTools.Tips.UnitTest.Adapter, Version=9.0.0.0, Culture=neutral, PublicKeyToken=b03f5f7f11d50a3a" className="BudgeteerBusiness.Test.SecurityTest, BudgeteerBusiness.Test" name="authenticateUserTest" />
    </UnitTest>
    <UnitTest name="addTransactionAccountAdjust" storage="c:\develop\budgeteer\budgeteerbusiness.test\bin\release\budgeteerbusiness.test.dll" id="4dfbf887-b7a9-b491-3023-62dba6f89178">
      <Css projectStructure="" iteration="" />
      <Owners>
        <Owner name="" />
      </Owners>
      <TestMethod codeBase="C:\Develop\Budgeteer\BudgeteerBusiness.Test\bin\Release\BudgeteerBusiness.Test.dll" adapterTypeName="Microsoft.VisualStudio.TestTools.TestTypes.Unit.UnitTestAdapter, Microsoft.VisualStudio.QualityTools.Tips.UnitTest.Adapter, Version=9.0.0.0, Culture=neutral, PublicKeyToken=b03f5f7f11d50a3a" className="BudgeteerBusiness.Test.TransactionTest, BudgeteerBusiness.Test" name="addTransactionAccountAdjust" />
    </UnitTest>
    <UnitTest name="AddBudgetFrequencyBlank" storage="c:\develop\budgeteer\budgeteerbusiness.test\bin\release\budgeteerbusiness.test.dll" id="61fdb9d7-48c5-641a-6f66-dfa77bb5a005">
      <Css projectStructure="" iteration="" />
      <Owners>
        <Owner name="" />
      </Owners>
      <TestMethod codeBase="C:\Develop\Budgeteer\BudgeteerBusiness.Test\bin\Release\BudgeteerBusiness.Test.dll" adapterTypeName="Microsoft.VisualStudio.TestTools.TestTypes.Unit.UnitTestAdapter, Microsoft.VisualStudio.QualityTools.Tips.UnitTest.Adapter, Version=9.0.0.0, Culture=neutral, PublicKeyToken=b03f5f7f11d50a3a" className="BudgeteerBusiness.Test.BudgetTest, BudgeteerBusiness.Test" name="AddBudgetFrequencyBlank" />
    </UnitTest>
    <UnitTest name="updateSubcategorySinkingFundNotYOrN" storage="c:\develop\budgeteer\budgeteerbusiness.test\bin\release\budgeteerbusiness.test.dll" id="27188a8b-a7e8-3977-ee02-1bbd41b1cb1b">
      <Css projectStructure="" iteration="" />
      <Owners>
        <Owner name="" />
      </Owners>
      <TestMethod codeBase="C:\Develop\Budgeteer\BudgeteerBusiness.Test\bin\Release\BudgeteerBusiness.Test.dll" adapterTypeName="Microsoft.VisualStudio.TestTools.TestTypes.Unit.UnitTestAdapter, Microsoft.VisualStudio.QualityTools.Tips.UnitTest.Adapter, Version=9.0.0.0, Culture=neutral, PublicKeyToken=b03f5f7f11d50a3a" className="BudgeteerBusiness.Test.SubcategoryTest, BudgeteerBusiness.Test" name="updateSubcategorySinkingFundNotYOrN" />
    </UnitTest>
    <UnitTest name="getTransactionFirstYear" storage="c:\develop\budgeteer\budgeteerbusiness.test\bin\release\budgeteerbusiness.test.dll" id="9a3d0807-6457-caa6-13cd-e3a1911026ea">
      <Css projectStructure="" iteration="" />
      <Owners>
        <Owner name="" />
      </Owners>
      <TestMethod codeBase="C:\Develop\Budgeteer\BudgeteerBusiness.Test\bin\Release\BudgeteerBusiness.Test.dll" adapterTypeName="Microsoft.VisualStudio.TestTools.TestTypes.Unit.UnitTestAdapter, Microsoft.VisualStudio.QualityTools.Tips.UnitTest.Adapter, Version=9.0.0.0, Culture=neutral, PublicKeyToken=b03f5f7f11d50a3a" className="BudgeteerBusiness.Test.TransactionTest, BudgeteerBusiness.Test" name="getTransactionFirstYear" />
    </UnitTest>
    <UnitTest name="DeleteAccountTest" storage="c:\develop\budgeteer\budgeteerbusiness.test\bin\release\budgeteerbusiness.test.dll" id="b47ab333-b0fd-87a2-450b-d6079dce8ac2">
      <Css projectStructure="" iteration="" />
      <Owners>
        <Owner name="" />
      </Owners>
      <TestMethod codeBase="C:\Develop\Budgeteer\BudgeteerBusiness.Test\bin\Release\BudgeteerBusiness.Test.dll" adapterTypeName="Microsoft.VisualStudio.TestTools.TestTypes.Unit.UnitTestAdapter, Microsoft.VisualStudio.QualityTools.Tips.UnitTest.Adapter, Version=9.0.0.0, Culture=neutral, PublicKeyToken=b03f5f7f11d50a3a" className="BudgeteerBusiness.Test.BankAccountTest, BudgeteerBusiness.Test" name="DeleteAccountTest" />
    </UnitTest>
    <UnitTest name="addUserUserIDNothing" storage="c:\develop\budgeteer\budgeteerbusiness.test\bin\release\budgeteerbusiness.test.dll" id="0da9cb98-0025-f1cc-5c4e-78987bd1ba0a">
      <Css projectStructure="" iteration="" />
      <Owners>
        <Owner name="" />
      </Owners>
      <TestMethod codeBase="C:\Develop\Budgeteer\BudgeteerBusiness.Test\bin\Release\BudgeteerBusiness.Test.dll" adapterTypeName="Microsoft.VisualStudio.TestTools.TestTypes.Unit.UnitTestAdapter, Microsoft.VisualStudio.QualityTools.Tips.UnitTest.Adapter, Version=9.0.0.0, Culture=neutral, PublicKeyToken=b03f5f7f11d50a3a" className="BudgeteerBusiness.Test.UserTest, BudgeteerBusiness.Test" name="addUserUserIDNothing" />
    </UnitTest>
    <UnitTest name="addUserFirstNameNothing" storage="c:\develop\budgeteer\budgeteerbusiness.test\bin\release\budgeteerbusiness.test.dll" id="009665bb-5de0-8593-a32b-50bf52a35d2c">
      <Css projectStructure="" iteration="" />
      <Owners>
        <Owner name="" />
      </Owners>
      <TestMethod codeBase="C:\Develop\Budgeteer\BudgeteerBusiness.Test\bin\Release\BudgeteerBusiness.Test.dll" adapterTypeName="Microsoft.VisualStudio.TestTools.TestTypes.Unit.UnitTestAdapter, Microsoft.VisualStudio.QualityTools.Tips.UnitTest.Adapter, Version=9.0.0.0, Culture=neutral, PublicKeyToken=b03f5f7f11d50a3a" className="BudgeteerBusiness.Test.UserTest, BudgeteerBusiness.Test" name="addUserFirstNameNothing" />
    </UnitTest>
    <UnitTest name="addSubcategorySubcategoryNothing" storage="c:\develop\budgeteer\budgeteerbusiness.test\bin\release\budgeteerbusiness.test.dll" id="f627b55d-1ae3-286c-f067-07f1ac287750">
      <Css projectStructure="" iteration="" />
      <Owners>
        <Owner name="" />
      </Owners>
      <TestMethod codeBase="C:\Develop\Budgeteer\BudgeteerBusiness.Test\bin\Release\BudgeteerBusiness.Test.dll" adapterTypeName="Microsoft.VisualStudio.TestTools.TestTypes.Unit.UnitTestAdapter, Microsoft.VisualStudio.QualityTools.Tips.UnitTest.Adapter, Version=9.0.0.0, Culture=neutral, PublicKeyToken=b03f5f7f11d50a3a" className="BudgeteerBusiness.Test.SubcategoryTest, BudgeteerBusiness.Test" name="addSubcategorySubcategoryNothing" />
    </UnitTest>
    <UnitTest name="UpdateBudgetTest" storage="c:\develop\budgeteer\budgeteerbusiness.test\bin\release\budgeteerbusiness.test.dll" id="4a8176c5-a77c-0df9-87fa-be9df67b74cb">
      <Css projectStructure="" iteration="" />
      <Owners>
        <Owner name="" />
      </Owners>
      <TestMethod codeBase="C:\Develop\Budgeteer\BudgeteerBusiness.Test\bin\Release\BudgeteerBusiness.Test.dll" adapterTypeName="Microsoft.VisualStudio.TestTools.TestTypes.Unit.UnitTestAdapter, Microsoft.VisualStudio.QualityTools.Tips.UnitTest.Adapter, Version=9.0.0.0, Culture=neutral, PublicKeyToken=b03f5f7f11d50a3a" className="BudgeteerBusiness.Test.BudgetTest, BudgeteerBusiness.Test" name="UpdateBudgetTest" />
    </UnitTest>
    <UnitTest name="deleteFrequencyTest" storage="c:\develop\budgeteer\budgeteerbusiness.test\bin\release\budgeteerbusiness.test.dll" id="83c6509b-b125-a15a-14be-8af19ed1aed9">
      <Css projectStructure="" iteration="" />
      <Owners>
        <Owner name="" />
      </Owners>
      <TestMethod codeBase="C:\Develop\Budgeteer\BudgeteerBusiness.Test\bin\Release\BudgeteerBusiness.Test.dll" adapterTypeName="Microsoft.VisualStudio.TestTools.TestTypes.Unit.UnitTestAdapter, Microsoft.VisualStudio.QualityTools.Tips.UnitTest.Adapter, Version=9.0.0.0, Culture=neutral, PublicKeyToken=b03f5f7f11d50a3a" className="BudgeteerBusiness.Test.FrequencyTest, BudgeteerBusiness.Test" name="deleteFrequencyTest" />
    </UnitTest>
    <UnitTest name="updateFrequencyDescriptionNothing" storage="c:\develop\budgeteer\budgeteerbusiness.test\bin\release\budgeteerbusiness.test.dll" id="a4fa7f01-082a-f733-8a2d-b25ea8023d30">
      <Css projectStructure="" iteration="" />
      <Owners>
        <Owner name="" />
      </Owners>
      <TestMethod codeBase="C:\Develop\Budgeteer\BudgeteerBusiness.Test\bin\Release\BudgeteerBusiness.Test.dll" adapterTypeName="Microsoft.VisualStudio.TestTools.TestTypes.Unit.UnitTestAdapter, Microsoft.VisualStudio.QualityTools.Tips.UnitTest.Adapter, Version=9.0.0.0, Culture=neutral, PublicKeyToken=b03f5f7f11d50a3a" className="BudgeteerBusiness.Test.FrequencyTest, BudgeteerBusiness.Test" name="updateFrequencyDescriptionNothing" />
    </UnitTest>
    <UnitTest name="updateCategoryCategoryIDNothing" storage="c:\develop\budgeteer\budgeteerbusiness.test\bin\release\budgeteerbusiness.test.dll" id="a8ff8f1a-6307-d134-859e-78279102c9ce">
      <Css projectStructure="" iteration="" />
      <Owners>
        <Owner name="" />
      </Owners>
      <TestMethod codeBase="C:\Develop\Budgeteer\BudgeteerBusiness.Test\bin\Release\BudgeteerBusiness.Test.dll" adapterTypeName="Microsoft.VisualStudio.TestTools.TestTypes.Unit.UnitTestAdapter, Microsoft.VisualStudio.QualityTools.Tips.UnitTest.Adapter, Version=9.0.0.0, Culture=neutral, PublicKeyToken=b03f5f7f11d50a3a" className="BudgeteerBusiness.Test.CategoryTest, BudgeteerBusiness.Test" name="updateCategoryCategoryIDNothing" />
    </UnitTest>
    <UnitTest name="AccountUpdateTest" storage="c:\develop\budgeteer\budgeteerbusiness.test\bin\release\budgeteerbusiness.test.dll" id="acd7067b-97cd-802a-af1a-b1adb9e60800">
      <Css projectStructure="" iteration="" />
      <Owners>
        <Owner name="" />
      </Owners>
      <TestMethod codeBase="C:\Develop\Budgeteer\BudgeteerBusiness.Test\bin\Release\BudgeteerBusiness.Test.dll" adapterTypeName="Microsoft.VisualStudio.TestTools.TestTypes.Unit.UnitTestAdapter, Microsoft.VisualStudio.QualityTools.Tips.UnitTest.Adapter, Version=9.0.0.0, Culture=neutral, PublicKeyToken=b03f5f7f11d50a3a" className="BudgeteerBusiness.Test.BankAccountTest, BudgeteerBusiness.Test" name="AccountUpdateTest" />
    </UnitTest>
    <UnitTest name="addCategoryTest" storage="c:\develop\budgeteer\budgeteerbusiness.test\bin\release\budgeteerbusiness.test.dll" id="28a40b92-ebf0-3021-bfd0-8669c95f701b">
      <Css projectStructure="" iteration="" />
      <Owners>
        <Owner name="" />
      </Owners>
      <TestMethod codeBase="C:\Develop\Budgeteer\BudgeteerBusiness.Test\bin\Release\BudgeteerBusiness.Test.dll" adapterTypeName="Microsoft.VisualStudio.TestTools.TestTypes.Unit.UnitTestAdapter, Microsoft.VisualStudio.QualityTools.Tips.UnitTest.Adapter, Version=9.0.0.0, Culture=neutral, PublicKeyToken=b03f5f7f11d50a3a" className="BudgeteerBusiness.Test.CategoryTest, BudgeteerBusiness.Test" name="addCategoryTest" />
    </UnitTest>
    <UnitTest name="AddBudgetTest" storage="c:\develop\budgeteer\budgeteerbusiness.test\bin\release\budgeteerbusiness.test.dll" id="ec84c0d8-8089-6d3c-3b32-6d388f8132a6">
      <Css projectStructure="" iteration="" />
      <Owners>
        <Owner name="" />
      </Owners>
      <TestMethod codeBase="C:\Develop\Budgeteer\BudgeteerBusiness.Test\bin\Release\BudgeteerBusiness.Test.dll" adapterTypeName="Microsoft.VisualStudio.TestTools.TestTypes.Unit.UnitTestAdapter, Microsoft.VisualStudio.QualityTools.Tips.UnitTest.Adapter, Version=9.0.0.0, Culture=neutral, PublicKeyToken=b03f5f7f11d50a3a" className="BudgeteerBusiness.Test.BudgetTest, BudgeteerBusiness.Test" name="AddBudgetTest" />
    </UnitTest>
    <UnitTest name="setSettingSettingBlank" storage="c:\develop\budgeteer\budgeteerbusiness.test\bin\release\budgeteerbusiness.test.dll" id="83dddd9a-5fdf-d50e-591b-83ffd2e26894">
      <Css projectStructure="" iteration="" />
      <Owners>
        <Owner name="" />
      </Owners>
      <TestMethod codeBase="C:\Develop\Budgeteer\BudgeteerBusiness.Test\bin\Release\BudgeteerBusiness.Test.dll" adapterTypeName="Microsoft.VisualStudio.TestTools.TestTypes.Unit.UnitTestAdapter, Microsoft.VisualStudio.QualityTools.Tips.UnitTest.Adapter, Version=9.0.0.0, Culture=neutral, PublicKeyToken=b03f5f7f11d50a3a" className="BudgeteerBusiness.Test.ApplicationSettingTest, BudgeteerBusiness.Test" name="setSettingSettingBlank" />
    </UnitTest>
    <UnitTest name="AddAccountAccountNameNothing" storage="c:\develop\budgeteer\budgeteerbusiness.test\bin\release\budgeteerbusiness.test.dll" id="76e91602-d7b1-974d-3752-f1032f6e14fd">
      <Css projectStructure="" iteration="" />
      <Owners>
        <Owner name="" />
      </Owners>
      <TestMethod codeBase="C:\Develop\Budgeteer\BudgeteerBusiness.Test\bin\Release\BudgeteerBusiness.Test.dll" adapterTypeName="Microsoft.VisualStudio.TestTools.TestTypes.Unit.UnitTestAdapter, Microsoft.VisualStudio.QualityTools.Tips.UnitTest.Adapter, Version=9.0.0.0, Culture=neutral, PublicKeyToken=b03f5f7f11d50a3a" className="BudgeteerBusiness.Test.BankAccountTest, BudgeteerBusiness.Test" name="AddAccountAccountNameNothing" />
    </UnitTest>
    <UnitTest name="AccountUpdateAccountNumberMaxLen" storage="c:\develop\budgeteer\budgeteerbusiness.test\bin\release\budgeteerbusiness.test.dll" id="fd0567ca-ebac-cdf4-0d35-eaae1abf4f60">
      <Css projectStructure="" iteration="" />
      <Owners>
        <Owner name="" />
      </Owners>
      <TestMethod codeBase="C:\Develop\Budgeteer\BudgeteerBusiness.Test\bin\Release\BudgeteerBusiness.Test.dll" adapterTypeName="Microsoft.VisualStudio.TestTools.TestTypes.Unit.UnitTestAdapter, Microsoft.VisualStudio.QualityTools.Tips.UnitTest.Adapter, Version=9.0.0.0, Culture=neutral, PublicKeyToken=b03f5f7f11d50a3a" className="BudgeteerBusiness.Test.BankAccountTest, BudgeteerBusiness.Test" name="AccountUpdateAccountNumberMaxLen" />
    </UnitTest>
    <UnitTest name="addSubcategoryTest" storage="c:\develop\budgeteer\budgeteerbusiness.test\bin\release\budgeteerbusiness.test.dll" id="6c1d12e8-2a89-22ef-766d-cb51fcbbb230">
      <Css projectStructure="" iteration="" />
      <Owners>
        <Owner name="" />
      </Owners>
      <TestMethod codeBase="C:\Develop\Budgeteer\BudgeteerBusiness.Test\bin\Release\BudgeteerBusiness.Test.dll" adapterTypeName="Microsoft.VisualStudio.TestTools.TestTypes.Unit.UnitTestAdapter, Microsoft.VisualStudio.QualityTools.Tips.UnitTest.Adapter, Version=9.0.0.0, Culture=neutral, PublicKeyToken=b03f5f7f11d50a3a" className="BudgeteerBusiness.Test.SubcategoryTest, BudgeteerBusiness.Test" name="addSubcategoryTest" />
    </UnitTest>
    <UnitTest name="updateTransactionTest" storage="c:\develop\budgeteer\budgeteerbusiness.test\bin\release\budgeteerbusiness.test.dll" id="1ce94126-b660-0ac9-06d3-af2dd6c473a7">
      <Css projectStructure="" iteration="" />
      <Owners>
        <Owner name="" />
      </Owners>
      <TestMethod codeBase="C:\Develop\Budgeteer\BudgeteerBusiness.Test\bin\Release\BudgeteerBusiness.Test.dll" adapterTypeName="Microsoft.VisualStudio.TestTools.TestTypes.Unit.UnitTestAdapter, Microsoft.VisualStudio.QualityTools.Tips.UnitTest.Adapter, Version=9.0.0.0, Culture=neutral, PublicKeyToken=b03f5f7f11d50a3a" className="BudgeteerBusiness.Test.TransactionTest, BudgeteerBusiness.Test" name="updateTransactionTest" />
    </UnitTest>
    <UnitTest name="addCategoryUserIDNothing" storage="c:\develop\budgeteer\budgeteerbusiness.test\bin\release\budgeteerbusiness.test.dll" id="532e8336-e148-b747-29ed-96f8fa85edc7">
      <Css projectStructure="" iteration="" />
      <Owners>
        <Owner name="" />
      </Owners>
      <TestMethod codeBase="C:\Develop\Budgeteer\BudgeteerBusiness.Test\bin\Release\BudgeteerBusiness.Test.dll" adapterTypeName="Microsoft.VisualStudio.TestTools.TestTypes.Unit.UnitTestAdapter, Microsoft.VisualStudio.QualityTools.Tips.UnitTest.Adapter, Version=9.0.0.0, Culture=neutral, PublicKeyToken=b03f5f7f11d50a3a" className="BudgeteerBusiness.Test.CategoryTest, BudgeteerBusiness.Test" name="addCategoryUserIDNothing" />
    </UnitTest>
    <UnitTest name="addTransactionDateNothing" storage="c:\develop\budgeteer\budgeteerbusiness.test\bin\release\budgeteerbusiness.test.dll" id="d9c74070-150a-6459-f8b5-cd6b0de2b4ec">
      <Css projectStructure="" iteration="" />
      <Owners>
        <Owner name="" />
      </Owners>
      <TestMethod codeBase="C:\Develop\Budgeteer\BudgeteerBusiness.Test\bin\Release\BudgeteerBusiness.Test.dll" adapterTypeName="Microsoft.VisualStudio.TestTools.TestTypes.Unit.UnitTestAdapter, Microsoft.VisualStudio.QualityTools.Tips.UnitTest.Adapter, Version=9.0.0.0, Culture=neutral, PublicKeyToken=b03f5f7f11d50a3a" className="BudgeteerBusiness.Test.TransactionTest, BudgeteerBusiness.Test" name="addTransactionDateNothing" />
    </UnitTest>
    <UnitTest name="AddAccountAccountNameMaxLen" storage="c:\develop\budgeteer\budgeteerbusiness.test\bin\release\budgeteerbusiness.test.dll" id="6f61982a-b51b-27fe-1f93-482011c4b473">
      <Css projectStructure="" iteration="" />
      <Owners>
        <Owner name="" />
      </Owners>
      <TestMethod codeBase="C:\Develop\Budgeteer\BudgeteerBusiness.Test\bin\Release\BudgeteerBusiness.Test.dll" adapterTypeName="Microsoft.VisualStudio.TestTools.TestTypes.Unit.UnitTestAdapter, Microsoft.VisualStudio.QualityTools.Tips.UnitTest.Adapter, Version=9.0.0.0, Culture=neutral, PublicKeyToken=b03f5f7f11d50a3a" className="BudgeteerBusiness.Test.BankAccountTest, BudgeteerBusiness.Test" name="AddAccountAccountNameMaxLen" />
    </UnitTest>
    <UnitTest name="updateCategoryTest" storage="c:\develop\budgeteer\budgeteerbusiness.test\bin\release\budgeteerbusiness.test.dll" id="8fc9d453-58a3-7668-636c-73ada71a9a28">
      <Css projectStructure="" iteration="" />
      <Owners>
        <Owner name="" />
      </Owners>
      <TestMethod codeBase="C:\Develop\Budgeteer\BudgeteerBusiness.Test\bin\Release\BudgeteerBusiness.Test.dll" adapterTypeName="Microsoft.VisualStudio.TestTools.TestTypes.Unit.UnitTestAdapter, Microsoft.VisualStudio.QualityTools.Tips.UnitTest.Adapter, Version=9.0.0.0, Culture=neutral, PublicKeyToken=b03f5f7f11d50a3a" className="BudgeteerBusiness.Test.CategoryTest, BudgeteerBusiness.Test" name="updateCategoryTest" />
    </UnitTest>
    <UnitTest name="addTransactionDescriptionNothing" storage="c:\develop\budgeteer\budgeteerbusiness.test\bin\release\budgeteerbusiness.test.dll" id="da27e590-9f13-60c6-1ba7-9957aed51717">
      <Css projectStructure="" iteration="" />
      <Owners>
        <Owner name="" />
      </Owners>
      <TestMethod codeBase="C:\Develop\Budgeteer\BudgeteerBusiness.Test\bin\Release\BudgeteerBusiness.Test.dll" adapterTypeName="Microsoft.VisualStudio.TestTools.TestTypes.Unit.UnitTestAdapter, Microsoft.VisualStudio.QualityTools.Tips.UnitTest.Adapter, Version=9.0.0.0, Culture=neutral, PublicKeyToken=b03f5f7f11d50a3a" className="BudgeteerBusiness.Test.TransactionTest, BudgeteerBusiness.Test" name="addTransactionDescriptionNothing" />
    </UnitTest>
    <UnitTest name="UpdateBudgetStartDateBlank" storage="c:\develop\budgeteer\budgeteerbusiness.test\bin\release\budgeteerbusiness.test.dll" id="b7f0e8a2-8926-f837-3cda-c1c849c6826c">
      <Css projectStructure="" iteration="" />
      <Owners>
        <Owner name="" />
      </Owners>
      <TestMethod codeBase="C:\Develop\Budgeteer\BudgeteerBusiness.Test\bin\Release\BudgeteerBusiness.Test.dll" adapterTypeName="Microsoft.VisualStudio.TestTools.TestTypes.Unit.UnitTestAdapter, Microsoft.VisualStudio.QualityTools.Tips.UnitTest.Adapter, Version=9.0.0.0, Culture=neutral, PublicKeyToken=b03f5f7f11d50a3a" className="BudgeteerBusiness.Test.BudgetTest, BudgeteerBusiness.Test" name="UpdateBudgetStartDateBlank" />
    </UnitTest>
    <UnitTest name="updateSubcategoryTest" storage="c:\develop\budgeteer\budgeteerbusiness.test\bin\release\budgeteerbusiness.test.dll" id="bedc9ca5-0715-f75f-5275-d225bacd5374">
      <Css projectStructure="" iteration="" />
      <Owners>
        <Owner name="" />
      </Owners>
      <TestMethod codeBase="C:\Develop\Budgeteer\BudgeteerBusiness.Test\bin\Release\BudgeteerBusiness.Test.dll" adapterTypeName="Microsoft.VisualStudio.TestTools.TestTypes.Unit.UnitTestAdapter, Microsoft.VisualStudio.QualityTools.Tips.UnitTest.Adapter, Version=9.0.0.0, Culture=neutral, PublicKeyToken=b03f5f7f11d50a3a" className="BudgeteerBusiness.Test.SubcategoryTest, BudgeteerBusiness.Test" name="updateSubcategoryTest" />
    </UnitTest>
    <UnitTest name="addUserLastNameMaxLen" storage="c:\develop\budgeteer\budgeteerbusiness.test\bin\release\budgeteerbusiness.test.dll" id="d34b29c4-f075-6bcd-bac5-00d2275289a2">
      <Css projectStructure="" iteration="" />
      <Owners>
        <Owner name="" />
      </Owners>
      <TestMethod codeBase="C:\Develop\Budgeteer\BudgeteerBusiness.Test\bin\Release\BudgeteerBusiness.Test.dll" adapterTypeName="Microsoft.VisualStudio.TestTools.TestTypes.Unit.UnitTestAdapter, Microsoft.VisualStudio.QualityTools.Tips.UnitTest.Adapter, Version=9.0.0.0, Culture=neutral, PublicKeyToken=b03f5f7f11d50a3a" className="BudgeteerBusiness.Test.UserTest, BudgeteerBusiness.Test" name="addUserLastNameMaxLen" />
    </UnitTest>
    <UnitTest name="updateUserEmailAddressEmailNothing" storage="c:\develop\budgeteer\budgeteerbusiness.test\bin\release\budgeteerbusiness.test.dll" id="80c414af-5874-d05b-df07-60a9f219452e">
      <Css projectStructure="" iteration="" />
      <Owners>
        <Owner name="" />
      </Owners>
      <TestMethod codeBase="C:\Develop\Budgeteer\BudgeteerBusiness.Test\bin\Release\BudgeteerBusiness.Test.dll" adapterTypeName="Microsoft.VisualStudio.TestTools.TestTypes.Unit.UnitTestAdapter, Microsoft.VisualStudio.QualityTools.Tips.UnitTest.Adapter, Version=9.0.0.0, Culture=neutral, PublicKeyToken=b03f5f7f11d50a3a" className="BudgeteerBusiness.Test.UserTest, BudgeteerBusiness.Test" name="updateUserEmailAddressEmailNothing" />
    </UnitTest>
    <UnitTest name="updateUserPasswordPasswordMaxLen" storage="c:\develop\budgeteer\budgeteerbusiness.test\bin\release\budgeteerbusiness.test.dll" id="284bf1a9-75d1-2878-109e-644bc848b2b3">
      <Css projectStructure="" iteration="" />
      <Owners>
        <Owner name="" />
      </Owners>
      <TestMethod codeBase="C:\Develop\Budgeteer\BudgeteerBusiness.Test\bin\Release\BudgeteerBusiness.Test.dll" adapterTypeName="Microsoft.VisualStudio.TestTools.TestTypes.Unit.UnitTestAdapter, Microsoft.VisualStudio.QualityTools.Tips.UnitTest.Adapter, Version=9.0.0.0, Culture=neutral, PublicKeyToken=b03f5f7f11d50a3a" className="BudgeteerBusiness.Test.UserTest, BudgeteerBusiness.Test" name="updateUserPasswordPasswordMaxLen" />
    </UnitTest>
    <UnitTest name="deleteBudgetBudgetIDBlank" storage="c:\develop\budgeteer\budgeteerbusiness.test\bin\release\budgeteerbusiness.test.dll" id="799311e6-1da3-8fae-d135-4dafc9b3c1eb">
      <Css projectStructure="" iteration="" />
      <Owners>
        <Owner name="" />
      </Owners>
      <TestMethod codeBase="C:\Develop\Budgeteer\BudgeteerBusiness.Test\bin\Release\BudgeteerBusiness.Test.dll" adapterTypeName="Microsoft.VisualStudio.TestTools.TestTypes.Unit.UnitTestAdapter, Microsoft.VisualStudio.QualityTools.Tips.UnitTest.Adapter, Version=9.0.0.0, Culture=neutral, PublicKeyToken=b03f5f7f11d50a3a" className="BudgeteerBusiness.Test.BudgetTest, BudgeteerBusiness.Test" name="deleteBudgetBudgetIDBlank" />
    </UnitTest>
    <UnitTest name="updateUserPasswordPasswordNothing" storage="c:\develop\budgeteer\budgeteerbusiness.test\bin\release\budgeteerbusiness.test.dll" id="96ea8a44-4a4b-1549-f98e-7f968bf38c44">
      <Css projectStructure="" iteration="" />
      <Owners>
        <Owner name="" />
      </Owners>
      <TestMethod codeBase="C:\Develop\Budgeteer\BudgeteerBusiness.Test\bin\Release\BudgeteerBusiness.Test.dll" adapterTypeName="Microsoft.VisualStudio.TestTools.TestTypes.Unit.UnitTestAdapter, Microsoft.VisualStudio.QualityTools.Tips.UnitTest.Adapter, Version=9.0.0.0, Culture=neutral, PublicKeyToken=b03f5f7f11d50a3a" className="BudgeteerBusiness.Test.UserTest, BudgeteerBusiness.Test" name="updateUserPasswordPasswordNothing" />
    </UnitTest>
    <UnitTest name="AddBudgetBudgetNothing" storage="c:\develop\budgeteer\budgeteerbusiness.test\bin\release\budgeteerbusiness.test.dll" id="051888c9-8a45-0bb7-a0d4-714b442283af">
      <Css projectStructure="" iteration="" />
      <Owners>
        <Owner name="" />
      </Owners>
      <TestMethod codeBase="C:\Develop\Budgeteer\BudgeteerBusiness.Test\bin\Release\BudgeteerBusiness.Test.dll" adapterTypeName="Microsoft.VisualStudio.TestTools.TestTypes.Unit.UnitTestAdapter, Microsoft.VisualStudio.QualityTools.Tips.UnitTest.Adapter, Version=9.0.0.0, Culture=neutral, PublicKeyToken=b03f5f7f11d50a3a" className="BudgeteerBusiness.Test.BudgetTest, BudgeteerBusiness.Test" name="AddBudgetBudgetNothing" />
    </UnitTest>
    <UnitTest name="getSubcategoriesTest" storage="c:\develop\budgeteer\budgeteerbusiness.test\bin\release\budgeteerbusiness.test.dll" id="c962f176-0e46-6e6a-64e1-773767b2a92e">
      <Css projectStructure="" iteration="" />
      <Owners>
        <Owner name="" />
      </Owners>
      <TestMethod codeBase="C:\Develop\Budgeteer\BudgeteerBusiness.Test\bin\Release\BudgeteerBusiness.Test.dll" adapterTypeName="Microsoft.VisualStudio.TestTools.TestTypes.Unit.UnitTestAdapter, Microsoft.VisualStudio.QualityTools.Tips.UnitTest.Adapter, Version=9.0.0.0, Culture=neutral, PublicKeyToken=b03f5f7f11d50a3a" className="BudgeteerBusiness.Test.SubcategoryTest, BudgeteerBusiness.Test" name="getSubcategoriesTest" />
    </UnitTest>
    <UnitTest name="updateFrequencyDescriptionMaxLen" storage="c:\develop\budgeteer\budgeteerbusiness.test\bin\release\budgeteerbusiness.test.dll" id="38af75c1-03ea-b909-29fa-879e4a97d0ad">
      <Css projectStructure="" iteration="" />
      <Owners>
        <Owner name="" />
      </Owners>
      <TestMethod codeBase="C:\Develop\Budgeteer\BudgeteerBusiness.Test\bin\Release\BudgeteerBusiness.Test.dll" adapterTypeName="Microsoft.VisualStudio.TestTools.TestTypes.Unit.UnitTestAdapter, Microsoft.VisualStudio.QualityTools.Tips.UnitTest.Adapter, Version=9.0.0.0, Culture=neutral, PublicKeyToken=b03f5f7f11d50a3a" className="BudgeteerBusiness.Test.FrequencyTest, BudgeteerBusiness.Test" name="updateFrequencyDescriptionMaxLen" />
    </UnitTest>
    <UnitTest name="activateUserTest" storage="c:\develop\budgeteer\budgeteerbusiness.test\bin\release\budgeteerbusiness.test.dll" id="24148662-d27c-83db-d849-dc758dd8b5f9">
      <Css projectStructure="" iteration="" />
      <Owners>
        <Owner name="" />
      </Owners>
      <TestMethod codeBase="C:\Develop\Budgeteer\BudgeteerBusiness.Test\bin\Release\BudgeteerBusiness.Test.dll" adapterTypeName="Microsoft.VisualStudio.TestTools.TestTypes.Unit.UnitTestAdapter, Microsoft.VisualStudio.QualityTools.Tips.UnitTest.Adapter, Version=9.0.0.0, Culture=neutral, PublicKeyToken=b03f5f7f11d50a3a" className="BudgeteerBusiness.Test.UserTest, BudgeteerBusiness.Test" name="activateUserTest" />
    </UnitTest>
    <UnitTest name="AccountUpdateAccountTypeMaxLen" storage="c:\develop\budgeteer\budgeteerbusiness.test\bin\release\budgeteerbusiness.test.dll" id="dc103d46-66d3-5339-3760-9e1aa3967d68">
      <Css projectStructure="" iteration="" />
      <Owners>
        <Owner name="" />
      </Owners>
      <TestMethod codeBase="C:\Develop\Budgeteer\BudgeteerBusiness.Test\bin\Release\BudgeteerBusiness.Test.dll" adapterTypeName="Microsoft.VisualStudio.TestTools.TestTypes.Unit.UnitTestAdapter, Microsoft.VisualStudio.QualityTools.Tips.UnitTest.Adapter, Version=9.0.0.0, Culture=neutral, PublicKeyToken=b03f5f7f11d50a3a" className="BudgeteerBusiness.Test.BankAccountTest, BudgeteerBusiness.Test" name="AccountUpdateAccountTypeMaxLen" />
    </UnitTest>
    <UnitTest name="UpdateBudgetSubcategoryIDBlank" storage="c:\develop\budgeteer\budgeteerbusiness.test\bin\release\budgeteerbusiness.test.dll" id="2961bbf1-146b-0935-82b2-1ae35615a987">
      <Css projectStructure="" iteration="" />
      <Owners>
        <Owner name="" />
      </Owners>
      <TestMethod codeBase="C:\Develop\Budgeteer\BudgeteerBusiness.Test\bin\Release\BudgeteerBusiness.Test.dll" adapterTypeName="Microsoft.VisualStudio.TestTools.TestTypes.Unit.UnitTestAdapter, Microsoft.VisualStudio.QualityTools.Tips.UnitTest.Adapter, Version=9.0.0.0, Culture=neutral, PublicKeyToken=b03f5f7f11d50a3a" className="BudgeteerBusiness.Test.BudgetTest, BudgeteerBusiness.Test" name="UpdateBudgetSubcategoryIDBlank" />
    </UnitTest>
    <UnitTest name="getSettingSettingBlank" storage="c:\develop\budgeteer\budgeteerbusiness.test\bin\release\budgeteerbusiness.test.dll" id="c1eb1ab3-71b1-7f0c-d402-7db8c88875e0">
      <Css projectStructure="" iteration="" />
      <Owners>
        <Owner name="" />
      </Owners>
      <TestMethod codeBase="C:\Develop\Budgeteer\BudgeteerBusiness.Test\bin\Release\BudgeteerBusiness.Test.dll" adapterTypeName="Microsoft.VisualStudio.TestTools.TestTypes.Unit.UnitTestAdapter, Microsoft.VisualStudio.QualityTools.Tips.UnitTest.Adapter, Version=9.0.0.0, Culture=neutral, PublicKeyToken=b03f5f7f11d50a3a" className="BudgeteerBusiness.Test.ApplicationSettingTest, BudgeteerBusiness.Test" name="getSettingSettingBlank" />
    </UnitTest>
    <UnitTest name="updateUserPasswordUserIDMaxLen" storage="c:\develop\budgeteer\budgeteerbusiness.test\bin\release\budgeteerbusiness.test.dll" id="3a751831-a04a-99cb-4020-7bcb1dfdc48d">
      <Css projectStructure="" iteration="" />
      <Owners>
        <Owner name="" />
      </Owners>
      <TestMethod codeBase="C:\Develop\Budgeteer\BudgeteerBusiness.Test\bin\Release\BudgeteerBusiness.Test.dll" adapterTypeName="Microsoft.VisualStudio.TestTools.TestTypes.Unit.UnitTestAdapter, Microsoft.VisualStudio.QualityTools.Tips.UnitTest.Adapter, Version=9.0.0.0, Culture=neutral, PublicKeyToken=b03f5f7f11d50a3a" className="BudgeteerBusiness.Test.UserTest, BudgeteerBusiness.Test" name="updateUserPasswordUserIDMaxLen" />
    </UnitTest>
    <UnitTest name="AccountUpdateAccountNameNothing" storage="c:\develop\budgeteer\budgeteerbusiness.test\bin\release\budgeteerbusiness.test.dll" id="8c6905af-52bc-76a0-b628-ad32132409ba">
      <Css projectStructure="" iteration="" />
      <Owners>
        <Owner name="" />
      </Owners>
      <TestMethod codeBase="C:\Develop\Budgeteer\BudgeteerBusiness.Test\bin\Release\BudgeteerBusiness.Test.dll" adapterTypeName="Microsoft.VisualStudio.TestTools.TestTypes.Unit.UnitTestAdapter, Microsoft.VisualStudio.QualityTools.Tips.UnitTest.Adapter, Version=9.0.0.0, Culture=neutral, PublicKeyToken=b03f5f7f11d50a3a" className="BudgeteerBusiness.Test.BankAccountTest, BudgeteerBusiness.Test" name="AccountUpdateAccountNameNothing" />
    </UnitTest>
    <UnitTest name="addUserUserIDMaxLen" storage="c:\develop\budgeteer\budgeteerbusiness.test\bin\release\budgeteerbusiness.test.dll" id="41d12651-6966-8543-ef57-0046b613ddb5">
      <Css projectStructure="" iteration="" />
      <Owners>
        <Owner name="" />
      </Owners>
      <TestMethod codeBase="C:\Develop\Budgeteer\BudgeteerBusiness.Test\bin\Release\BudgeteerBusiness.Test.dll" adapterTypeName="Microsoft.VisualStudio.TestTools.TestTypes.Unit.UnitTestAdapter, Microsoft.VisualStudio.QualityTools.Tips.UnitTest.Adapter, Version=9.0.0.0, Culture=neutral, PublicKeyToken=b03f5f7f11d50a3a" className="BudgeteerBusiness.Test.UserTest, BudgeteerBusiness.Test" name="addUserUserIDMaxLen" />
    </UnitTest>
    <UnitTest name="addTransactionUserIDNothing" storage="c:\develop\budgeteer\budgeteerbusiness.test\bin\release\budgeteerbusiness.test.dll" id="9b270260-260c-a978-9dd4-28ae487f85d0">
      <Css projectStructure="" iteration="" />
      <Owners>
        <Owner name="" />
      </Owners>
      <TestMethod codeBase="C:\Develop\Budgeteer\BudgeteerBusiness.Test\bin\Release\BudgeteerBusiness.Test.dll" adapterTypeName="Microsoft.VisualStudio.TestTools.TestTypes.Unit.UnitTestAdapter, Microsoft.VisualStudio.QualityTools.Tips.UnitTest.Adapter, Version=9.0.0.0, Culture=neutral, PublicKeyToken=b03f5f7f11d50a3a" className="BudgeteerBusiness.Test.TransactionTest, BudgeteerBusiness.Test" name="addTransactionUserIDNothing" />
    </UnitTest>
    <UnitTest name="updateSubcategoryNotesMaxLen" storage="c:\develop\budgeteer\budgeteerbusiness.test\bin\release\budgeteerbusiness.test.dll" id="00b914bf-27cf-c5f2-2337-9da7337b8b86">
      <Css projectStructure="" iteration="" />
      <Owners>
        <Owner name="" />
      </Owners>
      <TestMethod codeBase="C:\Develop\Budgeteer\BudgeteerBusiness.Test\bin\Release\BudgeteerBusiness.Test.dll" adapterTypeName="Microsoft.VisualStudio.TestTools.TestTypes.Unit.UnitTestAdapter, Microsoft.VisualStudio.QualityTools.Tips.UnitTest.Adapter, Version=9.0.0.0, Culture=neutral, PublicKeyToken=b03f5f7f11d50a3a" className="BudgeteerBusiness.Test.SubcategoryTest, BudgeteerBusiness.Test" name="updateSubcategoryNotesMaxLen" />
    </UnitTest>
    <UnitTest name="addSubcategoryNotesMaxLen" storage="c:\develop\budgeteer\budgeteerbusiness.test\bin\release\budgeteerbusiness.test.dll" id="201d793e-4fe6-401d-6be8-c62c538d4a65">
      <Css projectStructure="" iteration="" />
      <Owners>
        <Owner name="" />
      </Owners>
      <TestMethod codeBase="C:\Develop\Budgeteer\BudgeteerBusiness.Test\bin\Release\BudgeteerBusiness.Test.dll" adapterTypeName="Microsoft.VisualStudio.TestTools.TestTypes.Unit.UnitTestAdapter, Microsoft.VisualStudio.QualityTools.Tips.UnitTest.Adapter, Version=9.0.0.0, Culture=neutral, PublicKeyToken=b03f5f7f11d50a3a" className="BudgeteerBusiness.Test.SubcategoryTest, BudgeteerBusiness.Test" name="addSubcategoryNotesMaxLen" />
    </UnitTest>
    <UnitTest name="updateTransactionDescriptionNothing" storage="c:\develop\budgeteer\budgeteerbusiness.test\bin\release\budgeteerbusiness.test.dll" id="3ccd3f11-0213-e1b1-a3aa-1057197cac59">
      <Css projectStructure="" iteration="" />
      <Owners>
        <Owner name="" />
      </Owners>
      <TestMethod codeBase="C:\Develop\Budgeteer\BudgeteerBusiness.Test\bin\Release\BudgeteerBusiness.Test.dll" adapterTypeName="Microsoft.VisualStudio.TestTools.TestTypes.Unit.UnitTestAdapter, Microsoft.VisualStudio.QualityTools.Tips.UnitTest.Adapter, Version=9.0.0.0, Culture=neutral, PublicKeyToken=b03f5f7f11d50a3a" className="BudgeteerBusiness.Test.TransactionTest, BudgeteerBusiness.Test" name="updateTransactionDescriptionNothing" />
    </UnitTest>
    <UnitTest name="deleteBudgetTest" storage="c:\develop\budgeteer\budgeteerbusiness.test\bin\release\budgeteerbusiness.test.dll" id="c0411296-3ae8-697f-2af6-c4ea40140d13">
      <Css projectStructure="" iteration="" />
      <Owners>
        <Owner name="" />
      </Owners>
      <TestMethod codeBase="C:\Develop\Budgeteer\BudgeteerBusiness.Test\bin\Release\BudgeteerBusiness.Test.dll" adapterTypeName="Microsoft.VisualStudio.TestTools.TestTypes.Unit.UnitTestAdapter, Microsoft.VisualStudio.QualityTools.Tips.UnitTest.Adapter, Version=9.0.0.0, Culture=neutral, PublicKeyToken=b03f5f7f11d50a3a" className="BudgeteerBusiness.Test.BudgetTest, BudgeteerBusiness.Test" name="deleteBudgetTest" />
    </UnitTest>
    <UnitTest name="AccountUpdateAccountNothing" storage="c:\develop\budgeteer\budgeteerbusiness.test\bin\release\budgeteerbusiness.test.dll" id="15012bb2-b8a7-b9c7-7871-b29804a6aa37">
      <Css projectStructure="" iteration="" />
      <Owners>
        <Owner name="" />
      </Owners>
      <TestMethod codeBase="C:\Develop\Budgeteer\BudgeteerBusiness.Test\bin\Release\BudgeteerBusiness.Test.dll" adapterTypeName="Microsoft.VisualStudio.TestTools.TestTypes.Unit.UnitTestAdapter, Microsoft.VisualStudio.QualityTools.Tips.UnitTest.Adapter, Version=9.0.0.0, Culture=neutral, PublicKeyToken=b03f5f7f11d50a3a" className="BudgeteerBusiness.Test.BankAccountTest, BudgeteerBusiness.Test" name="AccountUpdateAccountNothing" />
    </UnitTest>
    <UnitTest name="UpdateBudgetFrequencyIDBlank" storage="c:\develop\budgeteer\budgeteerbusiness.test\bin\release\budgeteerbusiness.test.dll" id="aa01915b-fe45-c694-5349-093d2378bbbf">
      <Css projectStructure="" iteration="" />
      <Owners>
        <Owner name="" />
      </Owners>
      <TestMethod codeBase="C:\Develop\Budgeteer\BudgeteerBusiness.Test\bin\Release\BudgeteerBusiness.Test.dll" adapterTypeName="Microsoft.VisualStudio.TestTools.TestTypes.Unit.UnitTestAdapter, Microsoft.VisualStudio.QualityTools.Tips.UnitTest.Adapter, Version=9.0.0.0, Culture=neutral, PublicKeyToken=b03f5f7f11d50a3a" className="BudgeteerBusiness.Test.BudgetTest, BudgeteerBusiness.Test" name="UpdateBudgetFrequencyIDBlank" />
    </UnitTest>
    <UnitTest name="addFrequencyUserIDNothing" storage="c:\develop\budgeteer\budgeteerbusiness.test\bin\release\budgeteerbusiness.test.dll" id="4c8b2cdb-4eab-b6f9-ff74-242bf524db2e">
      <Css projectStructure="" iteration="" />
      <Owners>
        <Owner name="" />
      </Owners>
      <TestMethod codeBase="C:\Develop\Budgeteer\BudgeteerBusiness.Test\bin\Release\BudgeteerBusiness.Test.dll" adapterTypeName="Microsoft.VisualStudio.TestTools.TestTypes.Unit.UnitTestAdapter, Microsoft.VisualStudio.QualityTools.Tips.UnitTest.Adapter, Version=9.0.0.0, Culture=neutral, PublicKeyToken=b03f5f7f11d50a3a" className="BudgeteerBusiness.Test.FrequencyTest, BudgeteerBusiness.Test" name="addFrequencyUserIDNothing" />
    </UnitTest>
    <UnitTest name="GetBudgetsUserIDBlank" storage="c:\develop\budgeteer\budgeteerbusiness.test\bin\release\budgeteerbusiness.test.dll" id="ebd39db0-e74b-3bd5-c867-9e8d1f912965">
      <Css projectStructure="" iteration="" />
      <Owners>
        <Owner name="" />
      </Owners>
      <TestMethod codeBase="C:\Develop\Budgeteer\BudgeteerBusiness.Test\bin\Release\BudgeteerBusiness.Test.dll" adapterTypeName="Microsoft.VisualStudio.TestTools.TestTypes.Unit.UnitTestAdapter, Microsoft.VisualStudio.QualityTools.Tips.UnitTest.Adapter, Version=9.0.0.0, Culture=neutral, PublicKeyToken=b03f5f7f11d50a3a" className="BudgeteerBusiness.Test.BudgetTest, BudgeteerBusiness.Test" name="GetBudgetsUserIDBlank" />
    </UnitTest>
    <UnitTest name="getUserTest" storage="c:\develop\budgeteer\budgeteerbusiness.test\bin\release\budgeteerbusiness.test.dll" id="3313d2d0-5480-16e1-f3ac-9d93382371ba">
      <Css projectStructure="" iteration="" />
      <Owners>
        <Owner name="" />
      </Owners>
      <TestMethod codeBase="C:\Develop\Budgeteer\BudgeteerBusiness.Test\bin\Release\BudgeteerBusiness.Test.dll" adapterTypeName="Microsoft.VisualStudio.TestTools.TestTypes.Unit.UnitTestAdapter, Microsoft.VisualStudio.QualityTools.Tips.UnitTest.Adapter, Version=9.0.0.0, Culture=neutral, PublicKeyToken=b03f5f7f11d50a3a" className="BudgeteerBusiness.Test.UserTest, BudgeteerBusiness.Test" name="getUserTest" />
    </UnitTest>
    <UnitTest name="addFrequencyNothing" storage="c:\develop\budgeteer\budgeteerbusiness.test\bin\release\budgeteerbusiness.test.dll" id="afdd3970-ef14-572c-7490-d181ac1ccd1e">
      <Css projectStructure="" iteration="" />
      <Owners>
        <Owner name="" />
      </Owners>
      <TestMethod codeBase="C:\Develop\Budgeteer\BudgeteerBusiness.Test\bin\Release\BudgeteerBusiness.Test.dll" adapterTypeName="Microsoft.VisualStudio.TestTools.TestTypes.Unit.UnitTestAdapter, Microsoft.VisualStudio.QualityTools.Tips.UnitTest.Adapter, Version=9.0.0.0, Culture=neutral, PublicKeyToken=b03f5f7f11d50a3a" className="BudgeteerBusiness.Test.FrequencyTest, BudgeteerBusiness.Test" name="addFrequencyNothing" />
    </UnitTest>
    <UnitTest name="updateSubcategorySubcategoryIDNothing" storage="c:\develop\budgeteer\budgeteerbusiness.test\bin\release\budgeteerbusiness.test.dll" id="e1b8b9b5-31fa-3158-ed49-602ecdf8fc2b">
      <Css projectStructure="" iteration="" />
      <Owners>
        <Owner name="" />
      </Owners>
      <TestMethod codeBase="C:\Develop\Budgeteer\BudgeteerBusiness.Test\bin\Release\BudgeteerBusiness.Test.dll" adapterTypeName="Microsoft.VisualStudio.TestTools.TestTypes.Unit.UnitTestAdapter, Microsoft.VisualStudio.QualityTools.Tips.UnitTest.Adapter, Version=9.0.0.0, Culture=neutral, PublicKeyToken=b03f5f7f11d50a3a" className="BudgeteerBusiness.Test.SubcategoryTest, BudgeteerBusiness.Test" name="updateSubcategorySubcategoryIDNothing" />
    </UnitTest>
    <UnitTest name="deleteSubcategoryTest" storage="c:\develop\budgeteer\budgeteerbusiness.test\bin\release\budgeteerbusiness.test.dll" id="b237afa0-6fb1-54bf-657e-2a66b76abb69">
      <Css projectStructure="" iteration="" />
      <Owners>
        <Owner name="" />
      </Owners>
      <TestMethod codeBase="C:\Develop\Budgeteer\BudgeteerBusiness.Test\bin\Release\BudgeteerBusiness.Test.dll" adapterTypeName="Microsoft.VisualStudio.TestTools.TestTypes.Unit.UnitTestAdapter, Microsoft.VisualStudio.QualityTools.Tips.UnitTest.Adapter, Version=9.0.0.0, Culture=neutral, PublicKeyToken=b03f5f7f11d50a3a" className="BudgeteerBusiness.Test.SubcategoryTest, BudgeteerBusiness.Test" name="deleteSubcategoryTest" />
    </UnitTest>
    <UnitTest name="setSettingValueBlank" storage="c:\develop\budgeteer\budgeteerbusiness.test\bin\release\budgeteerbusiness.test.dll" id="fcca391a-3bf2-a7bd-8a43-2d87c89ccc3b">
      <Css projectStructure="" iteration="" />
      <Owners>
        <Owner name="" />
      </Owners>
      <TestMethod codeBase="C:\Develop\Budgeteer\BudgeteerBusiness.Test\bin\Release\BudgeteerBusiness.Test.dll" adapterTypeName="Microsoft.VisualStudio.TestTools.TestTypes.Unit.UnitTestAdapter, Microsoft.VisualStudio.QualityTools.Tips.UnitTest.Adapter, Version=9.0.0.0, Culture=neutral, PublicKeyToken=b03f5f7f11d50a3a" className="BudgeteerBusiness.Test.ApplicationSettingTest, BudgeteerBusiness.Test" name="setSettingValueBlank" />
    </UnitTest>
    <UnitTest name="updateFrequencyFrequencyIDNothing" storage="c:\develop\budgeteer\budgeteerbusiness.test\bin\release\budgeteerbusiness.test.dll" id="899e468f-0f82-8f87-b2c5-dd542356cd37">
      <Css projectStructure="" iteration="" />
      <Owners>
        <Owner name="" />
      </Owners>
      <TestMethod codeBase="C:\Develop\Budgeteer\BudgeteerBusiness.Test\bin\Release\BudgeteerBusiness.Test.dll" adapterTypeName="Microsoft.VisualStudio.TestTools.TestTypes.Unit.UnitTestAdapter, Microsoft.VisualStudio.QualityTools.Tips.UnitTest.Adapter, Version=9.0.0.0, Culture=neutral, PublicKeyToken=b03f5f7f11d50a3a" className="BudgeteerBusiness.Test.FrequencyTest, BudgeteerBusiness.Test" name="updateFrequencyFrequencyIDNothing" />
    </UnitTest>
    <UnitTest name="updateSubcategorySubcategoryNothing" storage="c:\develop\budgeteer\budgeteerbusiness.test\bin\release\budgeteerbusiness.test.dll" id="9df3c7a9-dda3-36c5-3db7-ed52aa5c51f3">
      <Css projectStructure="" iteration="" />
      <Owners>
        <Owner name="" />
      </Owners>
      <TestMethod codeBase="C:\Develop\Budgeteer\BudgeteerBusiness.Test\bin\Release\BudgeteerBusiness.Test.dll" adapterTypeName="Microsoft.VisualStudio.TestTools.TestTypes.Unit.UnitTestAdapter, Microsoft.VisualStudio.QualityTools.Tips.UnitTest.Adapter, Version=9.0.0.0, Culture=neutral, PublicKeyToken=b03f5f7f11d50a3a" className="BudgeteerBusiness.Test.SubcategoryTest, BudgeteerBusiness.Test" name="updateSubcategorySubcategoryNothing" />
    </UnitTest>
    <UnitTest name="updateTransactionTransactionNothing" storage="c:\develop\budgeteer\budgeteerbusiness.test\bin\release\budgeteerbusiness.test.dll" id="991140ed-32ac-a771-1bbe-e26bd691905d">
      <Css projectStructure="" iteration="" />
      <Owners>
        <Owner name="" />
      </Owners>
      <TestMethod codeBase="C:\Develop\Budgeteer\BudgeteerBusiness.Test\bin\Release\BudgeteerBusiness.Test.dll" adapterTypeName="Microsoft.VisualStudio.TestTools.TestTypes.Unit.UnitTestAdapter, Microsoft.VisualStudio.QualityTools.Tips.UnitTest.Adapter, Version=9.0.0.0, Culture=neutral, PublicKeyToken=b03f5f7f11d50a3a" className="BudgeteerBusiness.Test.TransactionTest, BudgeteerBusiness.Test" name="updateTransactionTransactionNothing" />
    </UnitTest>
    <UnitTest name="UpdateBudgetBudgetIDBlank" storage="c:\develop\budgeteer\budgeteerbusiness.test\bin\release\budgeteerbusiness.test.dll" id="f072707e-36bf-6cb2-fd1d-066aa43590df">
      <Css projectStructure="" iteration="" />
      <Owners>
        <Owner name="" />
      </Owners>
      <TestMethod codeBase="C:\Develop\Budgeteer\BudgeteerBusiness.Test\bin\Release\BudgeteerBusiness.Test.dll" adapterTypeName="Microsoft.VisualStudio.TestTools.TestTypes.Unit.UnitTestAdapter, Microsoft.VisualStudio.QualityTools.Tips.UnitTest.Adapter, Version=9.0.0.0, Culture=neutral, PublicKeyToken=b03f5f7f11d50a3a" className="BudgeteerBusiness.Test.BudgetTest, BudgeteerBusiness.Test" name="UpdateBudgetBudgetIDBlank" />
    </UnitTest>
    <UnitTest name="getUserUserIDNothing" storage="c:\develop\budgeteer\budgeteerbusiness.test\bin\release\budgeteerbusiness.test.dll" id="88a752e7-5c9d-d926-4dfc-8a1be934c0f9">
      <Css projectStructure="" iteration="" />
      <Owners>
        <Owner name="" />
      </Owners>
      <TestMethod codeBase="C:\Develop\Budgeteer\BudgeteerBusiness.Test\bin\Release\BudgeteerBusiness.Test.dll" adapterTypeName="Microsoft.VisualStudio.TestTools.TestTypes.Unit.UnitTestAdapter, Microsoft.VisualStudio.QualityTools.Tips.UnitTest.Adapter, Version=9.0.0.0, Culture=neutral, PublicKeyToken=b03f5f7f11d50a3a" className="BudgeteerBusiness.Test.UserTest, BudgeteerBusiness.Test" name="getUserUserIDNothing" />
    </UnitTest>
    <UnitTest name="deleteTransactionAccountAdjust" storage="c:\develop\budgeteer\budgeteerbusiness.test\bin\release\budgeteerbusiness.test.dll" id="b9d1c2ac-e386-87fb-12aa-0d8af4d9f7af">
      <Css projectStructure="" iteration="" />
      <Owners>
        <Owner name="" />
      </Owners>
      <TestMethod codeBase="C:\Develop\Budgeteer\BudgeteerBusiness.Test\bin\Release\BudgeteerBusiness.Test.dll" adapterTypeName="Microsoft.VisualStudio.TestTools.TestTypes.Unit.UnitTestAdapter, Microsoft.VisualStudio.QualityTools.Tips.UnitTest.Adapter, Version=9.0.0.0, Culture=neutral, PublicKeyToken=b03f5f7f11d50a3a" className="BudgeteerBusiness.Test.TransactionTest, BudgeteerBusiness.Test" name="deleteTransactionAccountAdjust" />
    </UnitTest>
    <UnitTest name="deleteCategoryCategoryIDNothing" storage="c:\develop\budgeteer\budgeteerbusiness.test\bin\release\budgeteerbusiness.test.dll" id="23cfea9f-164f-f9a5-24c4-692d1157d70d">
      <Css projectStructure="" iteration="" />
      <Owners>
        <Owner name="" />
      </Owners>
      <TestMethod codeBase="C:\Develop\Budgeteer\BudgeteerBusiness.Test\bin\Release\BudgeteerBusiness.Test.dll" adapterTypeName="Microsoft.VisualStudio.TestTools.TestTypes.Unit.UnitTestAdapter, Microsoft.VisualStudio.QualityTools.Tips.UnitTest.Adapter, Version=9.0.0.0, Culture=neutral, PublicKeyToken=b03f5f7f11d50a3a" className="BudgeteerBusiness.Test.CategoryTest, BudgeteerBusiness.Test" name="deleteCategoryCategoryIDNothing" />
    </UnitTest>
    <UnitTest name="AddAccountActiveStatusNotYN" storage="c:\develop\budgeteer\budgeteerbusiness.test\bin\release\budgeteerbusiness.test.dll" id="d1360a53-95ee-b75a-cf14-ff4641961f1d">
      <Css projectStructure="" iteration="" />
      <Owners>
        <Owner name="" />
      </Owners>
      <TestMethod codeBase="C:\Develop\Budgeteer\BudgeteerBusiness.Test\bin\Release\BudgeteerBusiness.Test.dll" adapterTypeName="Microsoft.VisualStudio.TestTools.TestTypes.Unit.UnitTestAdapter, Microsoft.VisualStudio.QualityTools.Tips.UnitTest.Adapter, Version=9.0.0.0, Culture=neutral, PublicKeyToken=b03f5f7f11d50a3a" className="BudgeteerBusiness.Test.BankAccountTest, BudgeteerBusiness.Test" name="AddAccountActiveStatusNotYN" />
    </UnitTest>
    <UnitTest name="addTransactionTransactionNothing" storage="c:\develop\budgeteer\budgeteerbusiness.test\bin\release\budgeteerbusiness.test.dll" id="028a17f3-f9c0-f73c-bbcc-8415c4c80d22">
      <Css projectStructure="" iteration="" />
      <Owners>
        <Owner name="" />
      </Owners>
      <TestMethod codeBase="C:\Develop\Budgeteer\BudgeteerBusiness.Test\bin\Release\BudgeteerBusiness.Test.dll" adapterTypeName="Microsoft.VisualStudio.TestTools.TestTypes.Unit.UnitTestAdapter, Microsoft.VisualStudio.QualityTools.Tips.UnitTest.Adapter, Version=9.0.0.0, Culture=neutral, PublicKeyToken=b03f5f7f11d50a3a" className="BudgeteerBusiness.Test.TransactionTest, BudgeteerBusiness.Test" name="addTransactionTransactionNothing" />
    </UnitTest>
    <UnitTest name="updateUserEmailAddressUserIDMaxLen" storage="c:\develop\budgeteer\budgeteerbusiness.test\bin\release\budgeteerbusiness.test.dll" id="a00f7b88-dcf5-ad47-7698-8713ba1a81ab">
      <Css projectStructure="" iteration="" />
      <Owners>
        <Owner name="" />
      </Owners>
      <TestMethod codeBase="C:\Develop\Budgeteer\BudgeteerBusiness.Test\bin\Release\BudgeteerBusiness.Test.dll" adapterTypeName="Microsoft.VisualStudio.TestTools.TestTypes.Unit.UnitTestAdapter, Microsoft.VisualStudio.QualityTools.Tips.UnitTest.Adapter, Version=9.0.0.0, Culture=neutral, PublicKeyToken=b03f5f7f11d50a3a" className="BudgeteerBusiness.Test.UserTest, BudgeteerBusiness.Test" name="updateUserEmailAddressUserIDMaxLen" />
    </UnitTest>
    <UnitTest name="updateTransactionDescriptionMaxLen" storage="c:\develop\budgeteer\budgeteerbusiness.test\bin\release\budgeteerbusiness.test.dll" id="9cf1af96-ce60-17f7-f073-8576692875a1">
      <Css projectStructure="" iteration="" />
      <Owners>
        <Owner name="" />
      </Owners>
      <TestMethod codeBase="C:\Develop\Budgeteer\BudgeteerBusiness.Test\bin\Release\BudgeteerBusiness.Test.dll" adapterTypeName="Microsoft.VisualStudio.TestTools.TestTypes.Unit.UnitTestAdapter, Microsoft.VisualStudio.QualityTools.Tips.UnitTest.Adapter, Version=9.0.0.0, Culture=neutral, PublicKeyToken=b03f5f7f11d50a3a" className="BudgeteerBusiness.Test.TransactionTest, BudgeteerBusiness.Test" name="updateTransactionDescriptionMaxLen" />
    </UnitTest>
    <UnitTest name="addUserTest" storage="c:\develop\budgeteer\budgeteerbusiness.test\bin\release\budgeteerbusiness.test.dll" id="302f161c-1a16-7195-636f-727c6d4f7cce">
      <Css projectStructure="" iteration="" />
      <Owners>
        <Owner name="" />
      </Owners>
      <Execution id="9ae2f1fa-1472-4c71-9511-2e01ffbf50af" />
      <TestMethod codeBase="C:\Develop\Budgeteer\BudgeteerBusiness.Test\bin\Release\BudgeteerBusiness.Test.dll" adapterTypeName="Microsoft.VisualStudio.TestTools.TestTypes.Unit.UnitTestAdapter, Microsoft.VisualStudio.QualityTools.Tips.UnitTest.Adapter, Version=9.0.0.0, Culture=neutral, PublicKeyToken=b03f5f7f11d50a3a" className="BudgeteerBusiness.Test.UserTest, BudgeteerBusiness.Test" name="addUserTest" />
    </UnitTest>
    <UnitTest name="updateFrequencyTest" storage="c:\develop\budgeteer\budgeteerbusiness.test\bin\release\budgeteerbusiness.test.dll" id="d3b64b82-0b84-680f-9e31-0c326c489dc9">
      <Css projectStructure="" iteration="" />
      <Owners>
        <Owner name="" />
      </Owners>
      <TestMethod codeBase="C:\Develop\Budgeteer\BudgeteerBusiness.Test\bin\Release\BudgeteerBusiness.Test.dll" adapterTypeName="Microsoft.VisualStudio.TestTools.TestTypes.Unit.UnitTestAdapter, Microsoft.VisualStudio.QualityTools.Tips.UnitTest.Adapter, Version=9.0.0.0, Culture=neutral, PublicKeyToken=b03f5f7f11d50a3a" className="BudgeteerBusiness.Test.FrequencyTest, BudgeteerBusiness.Test" name="updateFrequencyTest" />
    </UnitTest>
    <UnitTest name="getSubcategoryTest" storage="c:\develop\budgeteer\budgeteerbusiness.test\bin\release\budgeteerbusiness.test.dll" id="edf0aa95-9676-85e5-bd74-2b5388c724e3">
      <Css projectStructure="" iteration="" />
      <Owners>
        <Owner name="" />
      </Owners>
      <TestMethod codeBase="C:\Develop\Budgeteer\BudgeteerBusiness.Test\bin\Release\BudgeteerBusiness.Test.dll" adapterTypeName="Microsoft.VisualStudio.TestTools.TestTypes.Unit.UnitTestAdapter, Microsoft.VisualStudio.QualityTools.Tips.UnitTest.Adapter, Version=9.0.0.0, Culture=neutral, PublicKeyToken=b03f5f7f11d50a3a" className="BudgeteerBusiness.Test.SubcategoryTest, BudgeteerBusiness.Test" name="getSubcategoryTest" />
    </UnitTest>
    <UnitTest name="AccountUpdateAccountNameMaxLen" storage="c:\develop\budgeteer\budgeteerbusiness.test\bin\release\budgeteerbusiness.test.dll" id="ab937ec4-62dc-9a36-31d9-81e0a9987ee7">
      <Css projectStructure="" iteration="" />
      <Owners>
        <Owner name="" />
      </Owners>
      <TestMethod codeBase="C:\Develop\Budgeteer\BudgeteerBusiness.Test\bin\Release\BudgeteerBusiness.Test.dll" adapterTypeName="Microsoft.VisualStudio.TestTools.TestTypes.Unit.UnitTestAdapter, Microsoft.VisualStudio.QualityTools.Tips.UnitTest.Adapter, Version=9.0.0.0, Culture=neutral, PublicKeyToken=b03f5f7f11d50a3a" className="BudgeteerBusiness.Test.BankAccountTest, BudgeteerBusiness.Test" name="AccountUpdateAccountNameMaxLen" />
    </UnitTest>
    <UnitTest name="deleteSubcategorySubcategoryIDNothing" storage="c:\develop\budgeteer\budgeteerbusiness.test\bin\release\budgeteerbusiness.test.dll" id="cf5e9fac-d4eb-db14-c376-4d1f22db0558">
      <Css projectStructure="" iteration="" />
      <Owners>
        <Owner name="" />
      </Owners>
      <TestMethod codeBase="C:\Develop\Budgeteer\BudgeteerBusiness.Test\bin\Release\BudgeteerBusiness.Test.dll" adapterTypeName="Microsoft.VisualStudio.TestTools.TestTypes.Unit.UnitTestAdapter, Microsoft.VisualStudio.QualityTools.Tips.UnitTest.Adapter, Version=9.0.0.0, Culture=neutral, PublicKeyToken=b03f5f7f11d50a3a" className="BudgeteerBusiness.Test.SubcategoryTest, BudgeteerBusiness.Test" name="deleteSubcategorySubcategoryIDNothing" />
    </UnitTest>
    <UnitTest name="AddBudgetUserIDBlank" storage="c:\develop\budgeteer\budgeteerbusiness.test\bin\release\budgeteerbusiness.test.dll" id="976ae5f8-6c26-174f-136c-aff26d2da02f">
      <Css projectStructure="" iteration="" />
      <Owners>
        <Owner name="" />
      </Owners>
      <TestMethod codeBase="C:\Develop\Budgeteer\BudgeteerBusiness.Test\bin\Release\BudgeteerBusiness.Test.dll" adapterTypeName="Microsoft.VisualStudio.TestTools.TestTypes.Unit.UnitTestAdapter, Microsoft.VisualStudio.QualityTools.Tips.UnitTest.Adapter, Version=9.0.0.0, Culture=neutral, PublicKeyToken=b03f5f7f11d50a3a" className="BudgeteerBusiness.Test.BudgetTest, BudgeteerBusiness.Test" name="AddBudgetUserIDBlank" />
    </UnitTest>
    <UnitTest name="getSubcategoriesUserIDNothing" storage="c:\develop\budgeteer\budgeteerbusiness.test\bin\release\budgeteerbusiness.test.dll" id="25c221da-3cee-df3c-3d0f-8d45ce1c4bf5">
      <Css projectStructure="" iteration="" />
      <Owners>
        <Owner name="" />
      </Owners>
      <TestMethod codeBase="C:\Develop\Budgeteer\BudgeteerBusiness.Test\bin\Release\BudgeteerBusiness.Test.dll" adapterTypeName="Microsoft.VisualStudio.TestTools.TestTypes.Unit.UnitTestAdapter, Microsoft.VisualStudio.QualityTools.Tips.UnitTest.Adapter, Version=9.0.0.0, Culture=neutral, PublicKeyToken=b03f5f7f11d50a3a" className="BudgeteerBusiness.Test.SubcategoryTest, BudgeteerBusiness.Test" name="getSubcategoriesUserIDNothing" />
    </UnitTest>
    <UnitTest name="addCategoryDescriptionNothing" storage="c:\develop\budgeteer\budgeteerbusiness.test\bin\release\budgeteerbusiness.test.dll" id="ff7fb138-6236-24d9-747a-2dd6d9883235">
      <Css projectStructure="" iteration="" />
      <Owners>
        <Owner name="" />
      </Owners>
      <TestMethod codeBase="C:\Develop\Budgeteer\BudgeteerBusiness.Test\bin\Release\BudgeteerBusiness.Test.dll" adapterTypeName="Microsoft.VisualStudio.TestTools.TestTypes.Unit.UnitTestAdapter, Microsoft.VisualStudio.QualityTools.Tips.UnitTest.Adapter, Version=9.0.0.0, Culture=neutral, PublicKeyToken=b03f5f7f11d50a3a" className="BudgeteerBusiness.Test.CategoryTest, BudgeteerBusiness.Test" name="addCategoryDescriptionNothing" />
    </UnitTest>
    <UnitTest name="addFrequencyTest" storage="c:\develop\budgeteer\budgeteerbusiness.test\bin\release\budgeteerbusiness.test.dll" id="8a4ba671-1448-8492-2b78-1b765c8a587b">
      <Css projectStructure="" iteration="" />
      <Owners>
        <Owner name="" />
      </Owners>
      <TestMethod codeBase="C:\Develop\Budgeteer\BudgeteerBusiness.Test\bin\Release\BudgeteerBusiness.Test.dll" adapterTypeName="Microsoft.VisualStudio.TestTools.TestTypes.Unit.UnitTestAdapter, Microsoft.VisualStudio.QualityTools.Tips.UnitTest.Adapter, Version=9.0.0.0, Culture=neutral, PublicKeyToken=b03f5f7f11d50a3a" className="BudgeteerBusiness.Test.FrequencyTest, BudgeteerBusiness.Test" name="addFrequencyTest" />
    </UnitTest>
    <UnitTest name="GetAccountAccountIDNothing" storage="c:\develop\budgeteer\budgeteerbusiness.test\bin\release\budgeteerbusiness.test.dll" id="495b801d-fa26-fed0-0f3c-89b4c2b40633">
      <Css projectStructure="" iteration="" />
      <Owners>
        <Owner name="" />
      </Owners>
      <TestMethod codeBase="C:\Develop\Budgeteer\BudgeteerBusiness.Test\bin\Release\BudgeteerBusiness.Test.dll" adapterTypeName="Microsoft.VisualStudio.TestTools.TestTypes.Unit.UnitTestAdapter, Microsoft.VisualStudio.QualityTools.Tips.UnitTest.Adapter, Version=9.0.0.0, Culture=neutral, PublicKeyToken=b03f5f7f11d50a3a" className="BudgeteerBusiness.Test.BankAccountTest, BudgeteerBusiness.Test" name="GetAccountAccountIDNothing" />
    </UnitTest>
    <UnitTest name="addUserLastNameNothing" storage="c:\develop\budgeteer\budgeteerbusiness.test\bin\release\budgeteerbusiness.test.dll" id="5c8e58b7-4d3d-259d-a967-243af0246cbb">
      <Css projectStructure="" iteration="" />
      <Owners>
        <Owner name="" />
      </Owners>
      <TestMethod codeBase="C:\Develop\Budgeteer\BudgeteerBusiness.Test\bin\Release\BudgeteerBusiness.Test.dll" adapterTypeName="Microsoft.VisualStudio.TestTools.TestTypes.Unit.UnitTestAdapter, Microsoft.VisualStudio.QualityTools.Tips.UnitTest.Adapter, Version=9.0.0.0, Culture=neutral, PublicKeyToken=b03f5f7f11d50a3a" className="BudgeteerBusiness.Test.UserTest, BudgeteerBusiness.Test" name="addUserLastNameNothing" />
    </UnitTest>
    <UnitTest name="AccountUpdateActiveStatusNotYN" storage="c:\develop\budgeteer\budgeteerbusiness.test\bin\release\budgeteerbusiness.test.dll" id="78580d61-10eb-61e0-ce2a-90979662c9fc">
      <Css projectStructure="" iteration="" />
      <Owners>
        <Owner name="" />
      </Owners>
      <TestMethod codeBase="C:\Develop\Budgeteer\BudgeteerBusiness.Test\bin\Release\BudgeteerBusiness.Test.dll" adapterTypeName="Microsoft.VisualStudio.TestTools.TestTypes.Unit.UnitTestAdapter, Microsoft.VisualStudio.QualityTools.Tips.UnitTest.Adapter, Version=9.0.0.0, Culture=neutral, PublicKeyToken=b03f5f7f11d50a3a" className="BudgeteerBusiness.Test.BankAccountTest, BudgeteerBusiness.Test" name="AccountUpdateActiveStatusNotYN" />
    </UnitTest>
    <UnitTest name="setSettingTest" storage="c:\develop\budgeteer\budgeteerbusiness.test\bin\release\budgeteerbusiness.test.dll" id="292697ef-a481-6a95-4841-a0b23aab7616">
      <Css projectStructure="" iteration="" />
      <Owners>
        <Owner name="" />
      </Owners>
      <TestMethod codeBase="C:\Develop\Budgeteer\BudgeteerBusiness.Test\bin\Release\BudgeteerBusiness.Test.dll" adapterTypeName="Microsoft.VisualStudio.TestTools.TestTypes.Unit.UnitTestAdapter, Microsoft.VisualStudio.QualityTools.Tips.UnitTest.Adapter, Version=9.0.0.0, Culture=neutral, PublicKeyToken=b03f5f7f11d50a3a" className="BudgeteerBusiness.Test.ApplicationSettingTest, BudgeteerBusiness.Test" name="setSettingTest" />
    </UnitTest>
    <UnitTest name="deleteTransactionTest" storage="c:\develop\budgeteer\budgeteerbusiness.test\bin\release\budgeteerbusiness.test.dll" id="be5b2eb0-51ec-1a02-7e30-ca7d5c29aa6f">
      <Css projectStructure="" iteration="" />
      <Owners>
        <Owner name="" />
      </Owners>
      <TestMethod codeBase="C:\Develop\Budgeteer\BudgeteerBusiness.Test\bin\Release\BudgeteerBusiness.Test.dll" adapterTypeName="Microsoft.VisualStudio.TestTools.TestTypes.Unit.UnitTestAdapter, Microsoft.VisualStudio.QualityTools.Tips.UnitTest.Adapter, Version=9.0.0.0, Culture=neutral, PublicKeyToken=b03f5f7f11d50a3a" className="BudgeteerBusiness.Test.TransactionTest, BudgeteerBusiness.Test" name="deleteTransactionTest" />
    </UnitTest>
    <UnitTest name="GetAccountTest" storage="c:\develop\budgeteer\budgeteerbusiness.test\bin\release\budgeteerbusiness.test.dll" id="6d337c35-98f0-54b3-f22d-26fc0f00e50a">
      <Css projectStructure="" iteration="" />
      <Owners>
        <Owner name="" />
      </Owners>
      <TestMethod codeBase="C:\Develop\Budgeteer\BudgeteerBusiness.Test\bin\Release\BudgeteerBusiness.Test.dll" adapterTypeName="Microsoft.VisualStudio.TestTools.TestTypes.Unit.UnitTestAdapter, Microsoft.VisualStudio.QualityTools.Tips.UnitTest.Adapter, Version=9.0.0.0, Culture=neutral, PublicKeyToken=b03f5f7f11d50a3a" className="BudgeteerBusiness.Test.BankAccountTest, BudgeteerBusiness.Test" name="GetAccountTest" />
    </UnitTest>
    <UnitTest name="addSubcategoryCategoryIDNothing" storage="c:\develop\budgeteer\budgeteerbusiness.test\bin\release\budgeteerbusiness.test.dll" id="5839d3eb-2f28-66ab-5903-f0c6aa8a4c52">
      <Css projectStructure="" iteration="" />
      <Owners>
        <Owner name="" />
      </Owners>
      <TestMethod codeBase="C:\Develop\Budgeteer\BudgeteerBusiness.Test\bin\Release\BudgeteerBusiness.Test.dll" adapterTypeName="Microsoft.VisualStudio.TestTools.TestTypes.Unit.UnitTestAdapter, Microsoft.VisualStudio.QualityTools.Tips.UnitTest.Adapter, Version=9.0.0.0, Culture=neutral, PublicKeyToken=b03f5f7f11d50a3a" className="BudgeteerBusiness.Test.SubcategoryTest, BudgeteerBusiness.Test" name="addSubcategoryCategoryIDNothing" />
    </UnitTest>
    <UnitTest name="updateTransactionTransactionIDNothing" storage="c:\develop\budgeteer\budgeteerbusiness.test\bin\release\budgeteerbusiness.test.dll" id="6c103902-84a3-cdbb-97c9-1350b2df679a">
      <Css projectStructure="" iteration="" />
      <Owners>
        <Owner name="" />
      </Owners>
      <TestMethod codeBase="C:\Develop\Budgeteer\BudgeteerBusiness.Test\bin\Release\BudgeteerBusiness.Test.dll" adapterTypeName="Microsoft.VisualStudio.TestTools.TestTypes.Unit.UnitTestAdapter, Microsoft.VisualStudio.QualityTools.Tips.UnitTest.Adapter, Version=9.0.0.0, Culture=neutral, PublicKeyToken=b03f5f7f11d50a3a" className="BudgeteerBusiness.Test.TransactionTest, BudgeteerBusiness.Test" name="updateTransactionTransactionIDNothing" />
    </UnitTest>
    <UnitTest name="updateUserEmailTest" storage="c:\develop\budgeteer\budgeteerbusiness.test\bin\release\budgeteerbusiness.test.dll" id="79030625-73d7-51e1-159e-387a32e20fc3">
      <Css projectStructure="" iteration="" />
      <Owners>
        <Owner name="" />
      </Owners>
      <TestMethod codeBase="C:\Develop\Budgeteer\BudgeteerBusiness.Test\bin\Release\BudgeteerBusiness.Test.dll" adapterTypeName="Microsoft.VisualStudio.TestTools.TestTypes.Unit.UnitTestAdapter, Microsoft.VisualStudio.QualityTools.Tips.UnitTest.Adapter, Version=9.0.0.0, Culture=neutral, PublicKeyToken=b03f5f7f11d50a3a" className="BudgeteerBusiness.Test.UserTest, BudgeteerBusiness.Test" name="updateUserEmailTest" />
    </UnitTest>
    <UnitTest name="AddAccountAccountNumberMaxLen" storage="c:\develop\budgeteer\budgeteerbusiness.test\bin\release\budgeteerbusiness.test.dll" id="b1348d03-fa8d-98c0-743c-70a5fbb29395">
      <Css projectStructure="" iteration="" />
      <Owners>
        <Owner name="" />
      </Owners>
      <TestMethod codeBase="C:\Develop\Budgeteer\BudgeteerBusiness.Test\bin\Release\BudgeteerBusiness.Test.dll" adapterTypeName="Microsoft.VisualStudio.TestTools.TestTypes.Unit.UnitTestAdapter, Microsoft.VisualStudio.QualityTools.Tips.UnitTest.Adapter, Version=9.0.0.0, Culture=neutral, PublicKeyToken=b03f5f7f11d50a3a" className="BudgeteerBusiness.Test.BankAccountTest, BudgeteerBusiness.Test" name="AddAccountAccountNumberMaxLen" />
    </UnitTest>
    <UnitTest name="updateTransactionAccountAdjust" storage="c:\develop\budgeteer\budgeteerbusiness.test\bin\release\budgeteerbusiness.test.dll" id="50fc5a28-9321-a539-d140-7388838d8a59">
      <Css projectStructure="" iteration="" />
      <Owners>
        <Owner name="" />
      </Owners>
      <TestMethod codeBase="C:\Develop\Budgeteer\BudgeteerBusiness.Test\bin\Release\BudgeteerBusiness.Test.dll" adapterTypeName="Microsoft.VisualStudio.TestTools.TestTypes.Unit.UnitTestAdapter, Microsoft.VisualStudio.QualityTools.Tips.UnitTest.Adapter, Version=9.0.0.0, Culture=neutral, PublicKeyToken=b03f5f7f11d50a3a" className="BudgeteerBusiness.Test.TransactionTest, BudgeteerBusiness.Test" name="updateTransactionAccountAdjust" />
    </UnitTest>
    <UnitTest name="DeleteAccountAccountIDNothing" storage="c:\develop\budgeteer\budgeteerbusiness.test\bin\release\budgeteerbusiness.test.dll" id="8ba97d74-e039-ca12-665d-09ebe63ca7ce">
      <Css projectStructure="" iteration="" />
      <Owners>
        <Owner name="" />
      </Owners>
      <TestMethod codeBase="C:\Develop\Budgeteer\BudgeteerBusiness.Test\bin\Release\BudgeteerBusiness.Test.dll" adapterTypeName="Microsoft.VisualStudio.TestTools.TestTypes.Unit.UnitTestAdapter, Microsoft.VisualStudio.QualityTools.Tips.UnitTest.Adapter, Version=9.0.0.0, Culture=neutral, PublicKeyToken=b03f5f7f11d50a3a" className="BudgeteerBusiness.Test.BankAccountTest, BudgeteerBusiness.Test" name="DeleteAccountAccountIDNothing" />
    </UnitTest>
    <UnitTest name="getCategoriesUserIDNothing" storage="c:\develop\budgeteer\budgeteerbusiness.test\bin\release\budgeteerbusiness.test.dll" id="63c8983e-264f-303a-d3eb-9b4d25fe86d5">
      <Css projectStructure="" iteration="" />
      <Owners>
        <Owner name="" />
      </Owners>
      <TestMethod codeBase="C:\Develop\Budgeteer\BudgeteerBusiness.Test\bin\Release\BudgeteerBusiness.Test.dll" adapterTypeName="Microsoft.VisualStudio.TestTools.TestTypes.Unit.UnitTestAdapter, Microsoft.VisualStudio.QualityTools.Tips.UnitTest.Adapter, Version=9.0.0.0, Culture=neutral, PublicKeyToken=b03f5f7f11d50a3a" className="BudgeteerBusiness.Test.CategoryTest, BudgeteerBusiness.Test" name="getCategoriesUserIDNothing" />
    </UnitTest>
    <UnitTest name="addTransactionTest" storage="c:\develop\budgeteer\budgeteerbusiness.test\bin\release\budgeteerbusiness.test.dll" id="3d809d94-db02-0e76-9c09-c3d9ec12d5fd">
      <Css projectStructure="" iteration="" />
      <Owners>
        <Owner name="" />
      </Owners>
      <TestMethod codeBase="C:\Develop\Budgeteer\BudgeteerBusiness.Test\bin\Release\BudgeteerBusiness.Test.dll" adapterTypeName="Microsoft.VisualStudio.TestTools.TestTypes.Unit.UnitTestAdapter, Microsoft.VisualStudio.QualityTools.Tips.UnitTest.Adapter, Version=9.0.0.0, Culture=neutral, PublicKeyToken=b03f5f7f11d50a3a" className="BudgeteerBusiness.Test.TransactionTest, BudgeteerBusiness.Test" name="addTransactionTest" />
    </UnitTest>
    <UnitTest name="setSettingSettingMaxLen" storage="c:\develop\budgeteer\budgeteerbusiness.test\bin\release\budgeteerbusiness.test.dll" id="5a6fb017-10b5-f179-df9d-ec95cc76a963">
      <Css projectStructure="" iteration="" />
      <Owners>
        <Owner name="" />
      </Owners>
      <TestMethod codeBase="C:\Develop\Budgeteer\BudgeteerBusiness.Test\bin\Release\BudgeteerBusiness.Test.dll" adapterTypeName="Microsoft.VisualStudio.TestTools.TestTypes.Unit.UnitTestAdapter, Microsoft.VisualStudio.QualityTools.Tips.UnitTest.Adapter, Version=9.0.0.0, Culture=neutral, PublicKeyToken=b03f5f7f11d50a3a" className="BudgeteerBusiness.Test.ApplicationSettingTest, BudgeteerBusiness.Test" name="setSettingSettingMaxLen" />
    </UnitTest>
    <UnitTest name="getTransactionsUserIDNothing" storage="c:\develop\budgeteer\budgeteerbusiness.test\bin\release\budgeteerbusiness.test.dll" id="a941f649-0f02-5cf0-9bb1-5b6a83d2daaf">
      <Css projectStructure="" iteration="" />
      <Owners>
        <Owner name="" />
      </Owners>
      <TestMethod codeBase="C:\Develop\Budgeteer\BudgeteerBusiness.Test\bin\Release\BudgeteerBusiness.Test.dll" adapterTypeName="Microsoft.VisualStudio.TestTools.TestTypes.Unit.UnitTestAdapter, Microsoft.VisualStudio.QualityTools.Tips.UnitTest.Adapter, Version=9.0.0.0, Culture=neutral, PublicKeyToken=b03f5f7f11d50a3a" className="BudgeteerBusiness.Test.TransactionTest, BudgeteerBusiness.Test" name="getTransactionsUserIDNothing" />
    </UnitTest>
    <UnitTest name="updateSubcategoryCategoryIDNothing" storage="c:\develop\budgeteer\budgeteerbusiness.test\bin\release\budgeteerbusiness.test.dll" id="6134c6ed-e8b7-288e-ff3e-b33d83bf08d0">
      <Css projectStructure="" iteration="" />
      <Owners>
        <Owner name="" />
      </Owners>
      <TestMethod codeBase="C:\Develop\Budgeteer\BudgeteerBusiness.Test\bin\Release\BudgeteerBusiness.Test.dll" adapterTypeName="Microsoft.VisualStudio.TestTools.TestTypes.Unit.UnitTestAdapter, Microsoft.VisualStudio.QualityTools.Tips.UnitTest.Adapter, Version=9.0.0.0, Culture=neutral, PublicKeyToken=b03f5f7f11d50a3a" className="BudgeteerBusiness.Test.SubcategoryTest, BudgeteerBusiness.Test" name="updateSubcategoryCategoryIDNothing" />
    </UnitTest>
    <UnitTest name="getSettingsTest" storage="c:\develop\budgeteer\budgeteerbusiness.test\bin\release\budgeteerbusiness.test.dll" id="2da17ebb-99f1-543b-1336-ba260aa88fba">
      <Css projectStructure="" iteration="" />
      <Owners>
        <Owner name="" />
      </Owners>
      <TestMethod codeBase="C:\Develop\Budgeteer\BudgeteerBusiness.Test\bin\Release\BudgeteerBusiness.Test.dll" adapterTypeName="Microsoft.VisualStudio.TestTools.TestTypes.Unit.UnitTestAdapter, Microsoft.VisualStudio.QualityTools.Tips.UnitTest.Adapter, Version=9.0.0.0, Culture=neutral, PublicKeyToken=b03f5f7f11d50a3a" className="BudgeteerBusiness.Test.ApplicationSettingTest, BudgeteerBusiness.Test" name="getSettingsTest" />
    </UnitTest>
    <UnitTest name="getFrequenciesUserIDNothing" storage="c:\develop\budgeteer\budgeteerbusiness.test\bin\release\budgeteerbusiness.test.dll" id="83ec55a3-815a-67d2-b2f2-28b93a616423">
      <Css projectStructure="" iteration="" />
      <Owners>
        <Owner name="" />
      </Owners>
      <TestMethod codeBase="C:\Develop\Budgeteer\BudgeteerBusiness.Test\bin\Release\BudgeteerBusiness.Test.dll" adapterTypeName="Microsoft.VisualStudio.TestTools.TestTypes.Unit.UnitTestAdapter, Microsoft.VisualStudio.QualityTools.Tips.UnitTest.Adapter, Version=9.0.0.0, Culture=neutral, PublicKeyToken=b03f5f7f11d50a3a" className="BudgeteerBusiness.Test.FrequencyTest, BudgeteerBusiness.Test" name="getFrequenciesUserIDNothing" />
    </UnitTest>
    <UnitTest name="getSubcategorySubcategoryIDNothing" storage="c:\develop\budgeteer\budgeteerbusiness.test\bin\release\budgeteerbusiness.test.dll" id="25ed8de6-975d-2b68-5d42-088e4dc578e7">
      <Css projectStructure="" iteration="" />
      <Owners>
        <Owner name="" />
      </Owners>
      <TestMethod codeBase="C:\Develop\Budgeteer\BudgeteerBusiness.Test\bin\Release\BudgeteerBusiness.Test.dll" adapterTypeName="Microsoft.VisualStudio.TestTools.TestTypes.Unit.UnitTestAdapter, Microsoft.VisualStudio.QualityTools.Tips.UnitTest.Adapter, Version=9.0.0.0, Culture=neutral, PublicKeyToken=b03f5f7f11d50a3a" className="BudgeteerBusiness.Test.SubcategoryTest, BudgeteerBusiness.Test" name="getSubcategorySubcategoryIDNothing" />
    </UnitTest>
    <UnitTest name="updateUserPasswordUserIDNothing" storage="c:\develop\budgeteer\budgeteerbusiness.test\bin\release\budgeteerbusiness.test.dll" id="72470363-231e-de0f-a051-36672fd2a5cf">
      <Css projectStructure="" iteration="" />
      <Owners>
        <Owner name="" />
      </Owners>
      <TestMethod codeBase="C:\Develop\Budgeteer\BudgeteerBusiness.Test\bin\Release\BudgeteerBusiness.Test.dll" adapterTypeName="Microsoft.VisualStudio.TestTools.TestTypes.Unit.UnitTestAdapter, Microsoft.VisualStudio.QualityTools.Tips.UnitTest.Adapter, Version=9.0.0.0, Culture=neutral, PublicKeyToken=b03f5f7f11d50a3a" className="BudgeteerBusiness.Test.UserTest, BudgeteerBusiness.Test" name="updateUserPasswordUserIDNothing" />
    </UnitTest>
    <UnitTest name="getSubcategoriesByCategoryID" storage="c:\develop\budgeteer\budgeteerbusiness.test\bin\release\budgeteerbusiness.test.dll" id="b05310d8-828c-c740-927a-df64a819e935">
      <Css projectStructure="" iteration="" />
      <Owners>
        <Owner name="" />
      </Owners>
      <TestMethod codeBase="C:\Develop\Budgeteer\BudgeteerBusiness.Test\bin\Release\BudgeteerBusiness.Test.dll" adapterTypeName="Microsoft.VisualStudio.TestTools.TestTypes.Unit.UnitTestAdapter, Microsoft.VisualStudio.QualityTools.Tips.UnitTest.Adapter, Version=9.0.0.0, Culture=neutral, PublicKeyToken=b03f5f7f11d50a3a" className="BudgeteerBusiness.Test.SubcategoryTest, BudgeteerBusiness.Test" name="getSubcategoriesByCategoryID" />
    </UnitTest>
    <UnitTest name="AddAccountUserIDNothing" storage="c:\develop\budgeteer\budgeteerbusiness.test\bin\release\budgeteerbusiness.test.dll" id="b34318a0-b694-1c59-0274-13c5f648813a">
      <Css projectStructure="" iteration="" />
      <Owners>
        <Owner name="" />
      </Owners>
      <TestMethod codeBase="C:\Develop\Budgeteer\BudgeteerBusiness.Test\bin\Release\BudgeteerBusiness.Test.dll" adapterTypeName="Microsoft.VisualStudio.TestTools.TestTypes.Unit.UnitTestAdapter, Microsoft.VisualStudio.QualityTools.Tips.UnitTest.Adapter, Version=9.0.0.0, Culture=neutral, PublicKeyToken=b03f5f7f11d50a3a" className="BudgeteerBusiness.Test.BankAccountTest, BudgeteerBusiness.Test" name="AddAccountUserIDNothing" />
    </UnitTest>
    <UnitTest name="AddAccountAccountTypeMaxLen" storage="c:\develop\budgeteer\budgeteerbusiness.test\bin\release\budgeteerbusiness.test.dll" id="087effc2-bf96-1942-c83f-68f5aa5d2005">
      <Css projectStructure="" iteration="" />
      <Owners>
        <Owner name="" />
      </Owners>
      <TestMethod codeBase="C:\Develop\Budgeteer\BudgeteerBusiness.Test\bin\Release\BudgeteerBusiness.Test.dll" adapterTypeName="Microsoft.VisualStudio.TestTools.TestTypes.Unit.UnitTestAdapter, Microsoft.VisualStudio.QualityTools.Tips.UnitTest.Adapter, Version=9.0.0.0, Culture=neutral, PublicKeyToken=b03f5f7f11d50a3a" className="BudgeteerBusiness.Test.BankAccountTest, BudgeteerBusiness.Test" name="AddAccountAccountTypeMaxLen" />
    </UnitTest>
    <UnitTest name="UpdateBudgetBudgetNothing" storage="c:\develop\budgeteer\budgeteerbusiness.test\bin\release\budgeteerbusiness.test.dll" id="f4e61a2b-e0fc-ae40-938e-060246d5db66">
      <Css projectStructure="" iteration="" />
      <Owners>
        <Owner name="" />
      </Owners>
      <TestMethod codeBase="C:\Develop\Budgeteer\BudgeteerBusiness.Test\bin\Release\BudgeteerBusiness.Test.dll" adapterTypeName="Microsoft.VisualStudio.TestTools.TestTypes.Unit.UnitTestAdapter, Microsoft.VisualStudio.QualityTools.Tips.UnitTest.Adapter, Version=9.0.0.0, Culture=neutral, PublicKeyToken=b03f5f7f11d50a3a" className="BudgeteerBusiness.Test.BudgetTest, BudgeteerBusiness.Test" name="UpdateBudgetBudgetNothing" />
    </UnitTest>
    <UnitTest name="addSubcategorySinkingFundNotYOrN" storage="c:\develop\budgeteer\budgeteerbusiness.test\bin\release\budgeteerbusiness.test.dll" id="2a1b7d1b-15e6-8cf8-0219-2630f5c48eaf">
      <Css projectStructure="" iteration="" />
      <Owners>
        <Owner name="" />
      </Owners>
      <TestMethod codeBase="C:\Develop\Budgeteer\BudgeteerBusiness.Test\bin\Release\BudgeteerBusiness.Test.dll" adapterTypeName="Microsoft.VisualStudio.TestTools.TestTypes.Unit.UnitTestAdapter, Microsoft.VisualStudio.QualityTools.Tips.UnitTest.Adapter, Version=9.0.0.0, Culture=neutral, PublicKeyToken=b03f5f7f11d50a3a" className="BudgeteerBusiness.Test.SubcategoryTest, BudgeteerBusiness.Test" name="addSubcategorySinkingFundNotYOrN" />
    </UnitTest>
    <UnitTest name="updateSubcategoryDescriptionNothing" storage="c:\develop\budgeteer\budgeteerbusiness.test\bin\release\budgeteerbusiness.test.dll" id="9add4ea9-9be1-4a10-7cc8-a108d159b81a">
      <Css projectStructure="" iteration="" />
      <Owners>
        <Owner name="" />
      </Owners>
      <TestMethod codeBase="C:\Develop\Budgeteer\BudgeteerBusiness.Test\bin\Release\BudgeteerBusiness.Test.dll" adapterTypeName="Microsoft.VisualStudio.TestTools.TestTypes.Unit.UnitTestAdapter, Microsoft.VisualStudio.QualityTools.Tips.UnitTest.Adapter, Version=9.0.0.0, Culture=neutral, PublicKeyToken=b03f5f7f11d50a3a" className="BudgeteerBusiness.Test.SubcategoryTest, BudgeteerBusiness.Test" name="updateSubcategoryDescriptionNothing" />
    </UnitTest>
    <UnitTest name="addTransactionDescriptionMaxLen" storage="c:\develop\budgeteer\budgeteerbusiness.test\bin\release\budgeteerbusiness.test.dll" id="63d7ff1e-859b-98bb-e808-c5db1ec35b29">
      <Css projectStructure="" iteration="" />
      <Owners>
        <Owner name="" />
      </Owners>
      <TestMethod codeBase="C:\Develop\Budgeteer\BudgeteerBusiness.Test\bin\Release\BudgeteerBusiness.Test.dll" adapterTypeName="Microsoft.VisualStudio.TestTools.TestTypes.Unit.UnitTestAdapter, Microsoft.VisualStudio.QualityTools.Tips.UnitTest.Adapter, Version=9.0.0.0, Culture=neutral, PublicKeyToken=b03f5f7f11d50a3a" className="BudgeteerBusiness.Test.TransactionTest, BudgeteerBusiness.Test" name="addTransactionDescriptionMaxLen" />
    </UnitTest>
    <UnitTest name="addTransactionSFSubcategoryAdjust" storage="c:\develop\budgeteer\budgeteerbusiness.test\bin\release\budgeteerbusiness.test.dll" id="820987f9-05ca-dae0-9f05-a0d4f3b7e230">
      <Css projectStructure="" iteration="" />
      <Owners>
        <Owner name="" />
      </Owners>
      <TestMethod codeBase="C:\Develop\Budgeteer\BudgeteerBusiness.Test\bin\Release\BudgeteerBusiness.Test.dll" adapterTypeName="Microsoft.VisualStudio.TestTools.TestTypes.Unit.UnitTestAdapter, Microsoft.VisualStudio.QualityTools.Tips.UnitTest.Adapter, Version=9.0.0.0, Culture=neutral, PublicKeyToken=b03f5f7f11d50a3a" className="BudgeteerBusiness.Test.TransactionTest, BudgeteerBusiness.Test" name="addTransactionSFSubcategoryAdjust" />
    </UnitTest>
    <UnitTest name="AddBudgetSubcategoryBlank" storage="c:\develop\budgeteer\budgeteerbusiness.test\bin\release\budgeteerbusiness.test.dll" id="76dd44d9-ff6d-af09-8821-f2463b66ed80">
      <Css projectStructure="" iteration="" />
      <Owners>
        <Owner name="" />
      </Owners>
      <TestMethod codeBase="C:\Develop\Budgeteer\BudgeteerBusiness.Test\bin\Release\BudgeteerBusiness.Test.dll" adapterTypeName="Microsoft.VisualStudio.TestTools.TestTypes.Unit.UnitTestAdapter, Microsoft.VisualStudio.QualityTools.Tips.UnitTest.Adapter, Version=9.0.0.0, Culture=neutral, PublicKeyToken=b03f5f7f11d50a3a" className="BudgeteerBusiness.Test.BudgetTest, BudgeteerBusiness.Test" name="AddBudgetSubcategoryBlank" />
    </UnitTest>
    <UnitTest name="updateCategoryUserIDNothing" storage="c:\develop\budgeteer\budgeteerbusiness.test\bin\release\budgeteerbusiness.test.dll" id="75e6fe92-6338-062a-4fee-95765bf801c5">
      <Css projectStructure="" iteration="" />
      <Owners>
        <Owner name="" />
      </Owners>
      <TestMethod codeBase="C:\Develop\Budgeteer\BudgeteerBusiness.Test\bin\Release\BudgeteerBusiness.Test.dll" adapterTypeName="Microsoft.VisualStudio.TestTools.TestTypes.Unit.UnitTestAdapter, Microsoft.VisualStudio.QualityTools.Tips.UnitTest.Adapter, Version=9.0.0.0, Culture=neutral, PublicKeyToken=b03f5f7f11d50a3a" className="BudgeteerBusiness.Test.CategoryTest, BudgeteerBusiness.Test" name="updateCategoryUserIDNothing" />
    </UnitTest>
    <UnitTest name="addUserPasswordMaxLen" storage="c:\develop\budgeteer\budgeteerbusiness.test\bin\release\budgeteerbusiness.test.dll" id="28cb5578-a210-728f-1f2a-7829483fe9ce">
      <Css projectStructure="" iteration="" />
      <Owners>
        <Owner name="" />
      </Owners>
      <TestMethod codeBase="C:\Develop\Budgeteer\BudgeteerBusiness.Test\bin\Release\BudgeteerBusiness.Test.dll" adapterTypeName="Microsoft.VisualStudio.TestTools.TestTypes.Unit.UnitTestAdapter, Microsoft.VisualStudio.QualityTools.Tips.UnitTest.Adapter, Version=9.0.0.0, Culture=neutral, PublicKeyToken=b03f5f7f11d50a3a" className="BudgeteerBusiness.Test.UserTest, BudgeteerBusiness.Test" name="addUserPasswordMaxLen" />
    </UnitTest>
    <UnitTest name="updateFrequencyNothing" storage="c:\develop\budgeteer\budgeteerbusiness.test\bin\release\budgeteerbusiness.test.dll" id="06d70802-cbf3-0105-85fe-1032f68b0c57">
      <Css projectStructure="" iteration="" />
      <Owners>
        <Owner name="" />
      </Owners>
      <TestMethod codeBase="C:\Develop\Budgeteer\BudgeteerBusiness.Test\bin\Release\BudgeteerBusiness.Test.dll" adapterTypeName="Microsoft.VisualStudio.TestTools.TestTypes.Unit.UnitTestAdapter, Microsoft.VisualStudio.QualityTools.Tips.UnitTest.Adapter, Version=9.0.0.0, Culture=neutral, PublicKeyToken=b03f5f7f11d50a3a" className="BudgeteerBusiness.Test.FrequencyTest, BudgeteerBusiness.Test" name="updateFrequencyNothing" />
    </UnitTest>
    <UnitTest name="getSettingUserIDBlank" storage="c:\develop\budgeteer\budgeteerbusiness.test\bin\release\budgeteerbusiness.test.dll" id="f229dc9d-2951-41bb-da77-6b10cc77c319">
      <Css projectStructure="" iteration="" />
      <Owners>
        <Owner name="" />
      </Owners>
      <TestMethod codeBase="C:\Develop\Budgeteer\BudgeteerBusiness.Test\bin\Release\BudgeteerBusiness.Test.dll" adapterTypeName="Microsoft.VisualStudio.TestTools.TestTypes.Unit.UnitTestAdapter, Microsoft.VisualStudio.QualityTools.Tips.UnitTest.Adapter, Version=9.0.0.0, Culture=neutral, PublicKeyToken=b03f5f7f11d50a3a" className="BudgeteerBusiness.Test.ApplicationSettingTest, BudgeteerBusiness.Test" name="getSettingUserIDBlank" />
    </UnitTest>
    <UnitTest name="getFrequenciesTest" storage="c:\develop\budgeteer\budgeteerbusiness.test\bin\release\budgeteerbusiness.test.dll" id="2e218b54-9cdc-19a6-f73f-134529b0d574">
      <Css projectStructure="" iteration="" />
      <Owners>
        <Owner name="" />
      </Owners>
      <TestMethod codeBase="C:\Develop\Budgeteer\BudgeteerBusiness.Test\bin\Release\BudgeteerBusiness.Test.dll" adapterTypeName="Microsoft.VisualStudio.TestTools.TestTypes.Unit.UnitTestAdapter, Microsoft.VisualStudio.QualityTools.Tips.UnitTest.Adapter, Version=9.0.0.0, Culture=neutral, PublicKeyToken=b03f5f7f11d50a3a" className="BudgeteerBusiness.Test.FrequencyTest, BudgeteerBusiness.Test" name="getFrequenciesTest" />
    </UnitTest>
    <UnitTest name="addFrequencyDescriptionMaxLen" storage="c:\develop\budgeteer\budgeteerbusiness.test\bin\release\budgeteerbusiness.test.dll" id="94aa3a89-922e-c096-871a-c4ffb87404f0">
      <Css projectStructure="" iteration="" />
      <Owners>
        <Owner name="" />
      </Owners>
      <TestMethod codeBase="C:\Develop\Budgeteer\BudgeteerBusiness.Test\bin\Release\BudgeteerBusiness.Test.dll" adapterTypeName="Microsoft.VisualStudio.TestTools.TestTypes.Unit.UnitTestAdapter, Microsoft.VisualStudio.QualityTools.Tips.UnitTest.Adapter, Version=9.0.0.0, Culture=neutral, PublicKeyToken=b03f5f7f11d50a3a" className="BudgeteerBusiness.Test.FrequencyTest, BudgeteerBusiness.Test" name="addFrequencyDescriptionMaxLen" />
    </UnitTest>
    <UnitTest name="updateFrequencyMonthsNegative" storage="c:\develop\budgeteer\budgeteerbusiness.test\bin\release\budgeteerbusiness.test.dll" id="3f53a5bc-85ec-b5b1-a732-530a68ca5fa8">
      <Css projectStructure="" iteration="" />
      <Owners>
        <Owner name="" />
      </Owners>
      <TestMethod codeBase="C:\Develop\Budgeteer\BudgeteerBusiness.Test\bin\Release\BudgeteerBusiness.Test.dll" adapterTypeName="Microsoft.VisualStudio.TestTools.TestTypes.Unit.UnitTestAdapter, Microsoft.VisualStudio.QualityTools.Tips.UnitTest.Adapter, Version=9.0.0.0, Culture=neutral, PublicKeyToken=b03f5f7f11d50a3a" className="BudgeteerBusiness.Test.FrequencyTest, BudgeteerBusiness.Test" name="updateFrequencyMonthsNegative" />
    </UnitTest>
    <UnitTest name="GetAccountsTest" storage="c:\develop\budgeteer\budgeteerbusiness.test\bin\release\budgeteerbusiness.test.dll" id="61615b4f-b3ca-d68a-3eb6-d94deb0da781">
      <Css projectStructure="" iteration="" />
      <Owners>
        <Owner name="" />
      </Owners>
      <TestMethod codeBase="C:\Develop\Budgeteer\BudgeteerBusiness.Test\bin\Release\BudgeteerBusiness.Test.dll" adapterTypeName="Microsoft.VisualStudio.TestTools.TestTypes.Unit.UnitTestAdapter, Microsoft.VisualStudio.QualityTools.Tips.UnitTest.Adapter, Version=9.0.0.0, Culture=neutral, PublicKeyToken=b03f5f7f11d50a3a" className="BudgeteerBusiness.Test.BankAccountTest, BudgeteerBusiness.Test" name="GetAccountsTest" />
    </UnitTest>
    <UnitTest name="updateUserEmailAddressUserIDNothing" storage="c:\develop\budgeteer\budgeteerbusiness.test\bin\release\budgeteerbusiness.test.dll" id="53ff0830-cc1d-2e63-f269-a83b303e8cd9">
      <Css projectStructure="" iteration="" />
      <Owners>
        <Owner name="" />
      </Owners>
      <TestMethod codeBase="C:\Develop\Budgeteer\BudgeteerBusiness.Test\bin\Release\BudgeteerBusiness.Test.dll" adapterTypeName="Microsoft.VisualStudio.TestTools.TestTypes.Unit.UnitTestAdapter, Microsoft.VisualStudio.QualityTools.Tips.UnitTest.Adapter, Version=9.0.0.0, Culture=neutral, PublicKeyToken=b03f5f7f11d50a3a" className="BudgeteerBusiness.Test.UserTest, BudgeteerBusiness.Test" name="updateUserEmailAddressUserIDNothing" />
    </UnitTest>
    <UnitTest name="setSettingUserIDBlank" storage="c:\develop\budgeteer\budgeteerbusiness.test\bin\release\budgeteerbusiness.test.dll" id="68eb3959-6f6d-2194-65cd-b1eaa7337292">
      <Css projectStructure="" iteration="" />
      <Owners>
        <Owner name="" />
      </Owners>
      <TestMethod codeBase="C:\Develop\Budgeteer\BudgeteerBusiness.Test\bin\Release\BudgeteerBusiness.Test.dll" adapterTypeName="Microsoft.VisualStudio.TestTools.TestTypes.Unit.UnitTestAdapter, Microsoft.VisualStudio.QualityTools.Tips.UnitTest.Adapter, Version=9.0.0.0, Culture=neutral, PublicKeyToken=b03f5f7f11d50a3a" className="BudgeteerBusiness.Test.ApplicationSettingTest, BudgeteerBusiness.Test" name="setSettingUserIDBlank" />
    </UnitTest>
    <UnitTest name="addUserEmailAddressMaxLen" storage="c:\develop\budgeteer\budgeteerbusiness.test\bin\release\budgeteerbusiness.test.dll" id="bcef52eb-c0c7-5e55-deaa-3ee9071fa25e">
      <Css projectStructure="" iteration="" />
      <Owners>
        <Owner name="" />
      </Owners>
      <TestMethod codeBase="C:\Develop\Budgeteer\BudgeteerBusiness.Test\bin\Release\BudgeteerBusiness.Test.dll" adapterTypeName="Microsoft.VisualStudio.TestTools.TestTypes.Unit.UnitTestAdapter, Microsoft.VisualStudio.QualityTools.Tips.UnitTest.Adapter, Version=9.0.0.0, Culture=neutral, PublicKeyToken=b03f5f7f11d50a3a" className="BudgeteerBusiness.Test.UserTest, BudgeteerBusiness.Test" name="addUserEmailAddressMaxLen" />
    </UnitTest>
    <UnitTest name="AddAccountAccountNothing" storage="c:\develop\budgeteer\budgeteerbusiness.test\bin\release\budgeteerbusiness.test.dll" id="587660b0-3b90-02e1-7b54-03c664507fce">
      <Css projectStructure="" iteration="" />
      <Owners>
        <Owner name="" />
      </Owners>
      <TestMethod codeBase="C:\Develop\Budgeteer\BudgeteerBusiness.Test\bin\Release\BudgeteerBusiness.Test.dll" adapterTypeName="Microsoft.VisualStudio.TestTools.TestTypes.Unit.UnitTestAdapter, Microsoft.VisualStudio.QualityTools.Tips.UnitTest.Adapter, Version=9.0.0.0, Culture=neutral, PublicKeyToken=b03f5f7f11d50a3a" className="BudgeteerBusiness.Test.BankAccountTest, BudgeteerBusiness.Test" name="AddAccountAccountNothing" />
    </UnitTest>
    <UnitTest name="updateTransactionSFSubcategoryAdjust" storage="c:\develop\budgeteer\budgeteerbusiness.test\bin\release\budgeteerbusiness.test.dll" id="ff86bab7-fe25-e542-47fe-56bd2f464b72">
      <Css projectStructure="" iteration="" />
      <Owners>
        <Owner name="" />
      </Owners>
      <TestMethod codeBase="C:\Develop\Budgeteer\BudgeteerBusiness.Test\bin\Release\BudgeteerBusiness.Test.dll" adapterTypeName="Microsoft.VisualStudio.TestTools.TestTypes.Unit.UnitTestAdapter, Microsoft.VisualStudio.QualityTools.Tips.UnitTest.Adapter, Version=9.0.0.0, Culture=neutral, PublicKeyToken=b03f5f7f11d50a3a" className="BudgeteerBusiness.Test.TransactionTest, BudgeteerBusiness.Test" name="updateTransactionSFSubcategoryAdjust" />
    </UnitTest>
    <UnitTest name="addFrequencyDescriptionNothing" storage="c:\develop\budgeteer\budgeteerbusiness.test\bin\release\budgeteerbusiness.test.dll" id="b1452ef1-13ca-46e9-c44f-98baa104fb92">
      <Css projectStructure="" iteration="" />
      <Owners>
        <Owner name="" />
      </Owners>
      <TestMethod codeBase="C:\Develop\Budgeteer\BudgeteerBusiness.Test\bin\Release\BudgeteerBusiness.Test.dll" adapterTypeName="Microsoft.VisualStudio.TestTools.TestTypes.Unit.UnitTestAdapter, Microsoft.VisualStudio.QualityTools.Tips.UnitTest.Adapter, Version=9.0.0.0, Culture=neutral, PublicKeyToken=b03f5f7f11d50a3a" className="BudgeteerBusiness.Test.FrequencyTest, BudgeteerBusiness.Test" name="addFrequencyDescriptionNothing" />
    </UnitTest>
    <UnitTest name="addSubcategoryDescriptionNothing" storage="c:\develop\budgeteer\budgeteerbusiness.test\bin\release\budgeteerbusiness.test.dll" id="a8551577-1fbc-a817-6fba-d92f73c63ed5">
      <Css projectStructure="" iteration="" />
      <Owners>
        <Owner name="" />
      </Owners>
      <TestMethod codeBase="C:\Develop\Budgeteer\BudgeteerBusiness.Test\bin\Release\BudgeteerBusiness.Test.dll" adapterTypeName="Microsoft.VisualStudio.TestTools.TestTypes.Unit.UnitTestAdapter, Microsoft.VisualStudio.QualityTools.Tips.UnitTest.Adapter, Version=9.0.0.0, Culture=neutral, PublicKeyToken=b03f5f7f11d50a3a" className="BudgeteerBusiness.Test.SubcategoryTest, BudgeteerBusiness.Test" name="addSubcategoryDescriptionNothing" />
    </UnitTest>
    <UnitTest name="deleteCategoryTest" storage="c:\develop\budgeteer\budgeteerbusiness.test\bin\release\budgeteerbusiness.test.dll" id="0bdfe357-59d7-2115-bc84-10e25df0e6f5">
      <Css projectStructure="" iteration="" />
      <Owners>
        <Owner name="" />
      </Owners>
      <TestMethod codeBase="C:\Develop\Budgeteer\BudgeteerBusiness.Test\bin\Release\BudgeteerBusiness.Test.dll" adapterTypeName="Microsoft.VisualStudio.TestTools.TestTypes.Unit.UnitTestAdapter, Microsoft.VisualStudio.QualityTools.Tips.UnitTest.Adapter, Version=9.0.0.0, Culture=neutral, PublicKeyToken=b03f5f7f11d50a3a" className="BudgeteerBusiness.Test.CategoryTest, BudgeteerBusiness.Test" name="deleteCategoryTest" />
    </UnitTest>
    <UnitTest name="addUserFirstNameMaxLen" storage="c:\develop\budgeteer\budgeteerbusiness.test\bin\release\budgeteerbusiness.test.dll" id="dc51c213-5f3c-c5c3-c9fa-ea22cfaaa6b1">
      <Css projectStructure="" iteration="" />
      <Owners>
        <Owner name="" />
      </Owners>
      <TestMethod codeBase="C:\Develop\Budgeteer\BudgeteerBusiness.Test\bin\Release\BudgeteerBusiness.Test.dll" adapterTypeName="Microsoft.VisualStudio.TestTools.TestTypes.Unit.UnitTestAdapter, Microsoft.VisualStudio.QualityTools.Tips.UnitTest.Adapter, Version=9.0.0.0, Culture=neutral, PublicKeyToken=b03f5f7f11d50a3a" className="BudgeteerBusiness.Test.UserTest, BudgeteerBusiness.Test" name="addUserFirstNameMaxLen" />
    </UnitTest>
    <UnitTest name="updateUserEmailAddressEmailMaxLen" storage="c:\develop\budgeteer\budgeteerbusiness.test\bin\release\budgeteerbusiness.test.dll" id="fa4fde81-0c7b-6c9e-f074-31329de4ad82">
      <Css projectStructure="" iteration="" />
      <Owners>
        <Owner name="" />
      </Owners>
      <TestMethod codeBase="C:\Develop\Budgeteer\BudgeteerBusiness.Test\bin\Release\BudgeteerBusiness.Test.dll" adapterTypeName="Microsoft.VisualStudio.TestTools.TestTypes.Unit.UnitTestAdapter, Microsoft.VisualStudio.QualityTools.Tips.UnitTest.Adapter, Version=9.0.0.0, Culture=neutral, PublicKeyToken=b03f5f7f11d50a3a" className="BudgeteerBusiness.Test.UserTest, BudgeteerBusiness.Test" name="updateUserEmailAddressEmailMaxLen" />
    </UnitTest>
    <UnitTest name="addFrequencyMonthsNegative" storage="c:\develop\budgeteer\budgeteerbusiness.test\bin\release\budgeteerbusiness.test.dll" id="0c5517d4-5316-3e21-871a-fa8800272a65">
      <Css projectStructure="" iteration="" />
      <Owners>
        <Owner name="" />
      </Owners>
      <TestMethod codeBase="C:\Develop\Budgeteer\BudgeteerBusiness.Test\bin\Release\BudgeteerBusiness.Test.dll" adapterTypeName="Microsoft.VisualStudio.TestTools.TestTypes.Unit.UnitTestAdapter, Microsoft.VisualStudio.QualityTools.Tips.UnitTest.Adapter, Version=9.0.0.0, Culture=neutral, PublicKeyToken=b03f5f7f11d50a3a" className="BudgeteerBusiness.Test.FrequencyTest, BudgeteerBusiness.Test" name="addFrequencyMonthsNegative" />
    </UnitTest>
    <UnitTest name="getCategoriesTest" storage="c:\develop\budgeteer\budgeteerbusiness.test\bin\release\budgeteerbusiness.test.dll" id="fa94ca7c-1aae-2e32-1d1b-d0e45ca41440">
      <Css projectStructure="" iteration="" />
      <Owners>
        <Owner name="" />
      </Owners>
      <TestMethod codeBase="C:\Develop\Budgeteer\BudgeteerBusiness.Test\bin\Release\BudgeteerBusiness.Test.dll" adapterTypeName="Microsoft.VisualStudio.TestTools.TestTypes.Unit.UnitTestAdapter, Microsoft.VisualStudio.QualityTools.Tips.UnitTest.Adapter, Version=9.0.0.0, Culture=neutral, PublicKeyToken=b03f5f7f11d50a3a" className="BudgeteerBusiness.Test.CategoryTest, BudgeteerBusiness.Test" name="getCategoriesTest" />
    </UnitTest>
    <UnitTest name="addUserPasswordNothing" storage="c:\develop\budgeteer\budgeteerbusiness.test\bin\release\budgeteerbusiness.test.dll" id="4bd9796f-b636-6a7f-6857-a699f7abd7a9">
      <Css projectStructure="" iteration="" />
      <Owners>
        <Owner name="" />
      </Owners>
      <TestMethod codeBase="C:\Develop\Budgeteer\BudgeteerBusiness.Test\bin\Release\BudgeteerBusiness.Test.dll" adapterTypeName="Microsoft.VisualStudio.TestTools.TestTypes.Unit.UnitTestAdapter, Microsoft.VisualStudio.QualityTools.Tips.UnitTest.Adapter, Version=9.0.0.0, Culture=neutral, PublicKeyToken=b03f5f7f11d50a3a" className="BudgeteerBusiness.Test.UserTest, BudgeteerBusiness.Test" name="addUserPasswordNothing" />
    </UnitTest>
    <UnitTest name="AddBudgetStartDateBlank" storage="c:\develop\budgeteer\budgeteerbusiness.test\bin\release\budgeteerbusiness.test.dll" id="4486fb42-6e67-f081-7552-b679d25d695f">
      <Css projectStructure="" iteration="" />
      <Owners>
        <Owner name="" />
      </Owners>
      <TestMethod codeBase="C:\Develop\Budgeteer\BudgeteerBusiness.Test\bin\Release\BudgeteerBusiness.Test.dll" adapterTypeName="Microsoft.VisualStudio.TestTools.TestTypes.Unit.UnitTestAdapter, Microsoft.VisualStudio.QualityTools.Tips.UnitTest.Adapter, Version=9.0.0.0, Culture=neutral, PublicKeyToken=b03f5f7f11d50a3a" className="BudgeteerBusiness.Test.BudgetTest, BudgeteerBusiness.Test" name="AddBudgetStartDateBlank" />
    </UnitTest>
    <UnitTest name="setSettingValueMaxLen" storage="c:\develop\budgeteer\budgeteerbusiness.test\bin\release\budgeteerbusiness.test.dll" id="369638f7-538b-b560-7383-2a599f9e5891">
      <Css projectStructure="" iteration="" />
      <Owners>
        <Owner name="" />
      </Owners>
      <TestMethod codeBase="C:\Develop\Budgeteer\BudgeteerBusiness.Test\bin\Release\BudgeteerBusiness.Test.dll" adapterTypeName="Microsoft.VisualStudio.TestTools.TestTypes.Unit.UnitTestAdapter, Microsoft.VisualStudio.QualityTools.Tips.UnitTest.Adapter, Version=9.0.0.0, Culture=neutral, PublicKeyToken=b03f5f7f11d50a3a" className="BudgeteerBusiness.Test.ApplicationSettingTest, BudgeteerBusiness.Test" name="setSettingValueMaxLen" />
    </UnitTest>
    <UnitTest name="updateCategoryDescriptionNothing" storage="c:\develop\budgeteer\budgeteerbusiness.test\bin\release\budgeteerbusiness.test.dll" id="a2d96dcc-0274-ae96-1084-c6eeaf735a67">
      <Css projectStructure="" iteration="" />
      <Owners>
        <Owner name="" />
      </Owners>
      <TestMethod codeBase="C:\Develop\Budgeteer\BudgeteerBusiness.Test\bin\Release\BudgeteerBusiness.Test.dll" adapterTypeName="Microsoft.VisualStudio.TestTools.TestTypes.Unit.UnitTestAdapter, Microsoft.VisualStudio.QualityTools.Tips.UnitTest.Adapter, Version=9.0.0.0, Culture=neutral, PublicKeyToken=b03f5f7f11d50a3a" className="BudgeteerBusiness.Test.CategoryTest, BudgeteerBusiness.Test" name="updateCategoryDescriptionNothing" />
    </UnitTest>
    <UnitTest name="updateCategoryNothing" storage="c:\develop\budgeteer\budgeteerbusiness.test\bin\release\budgeteerbusiness.test.dll" id="a59c967c-b286-ecbe-5787-275fa8e4e9c9">
      <Css projectStructure="" iteration="" />
      <Owners>
        <Owner name="" />
      </Owners>
      <TestMethod codeBase="C:\Develop\Budgeteer\BudgeteerBusiness.Test\bin\Release\BudgeteerBusiness.Test.dll" adapterTypeName="Microsoft.VisualStudio.TestTools.TestTypes.Unit.UnitTestAdapter, Microsoft.VisualStudio.QualityTools.Tips.UnitTest.Adapter, Version=9.0.0.0, Culture=neutral, PublicKeyToken=b03f5f7f11d50a3a" className="BudgeteerBusiness.Test.CategoryTest, BudgeteerBusiness.Test" name="updateCategoryNothing" />
    </UnitTest>
    <UnitTest name="AccountUpdateAccountIDNothing" storage="c:\develop\budgeteer\budgeteerbusiness.test\bin\release\budgeteerbusiness.test.dll" id="d45c411c-5ad0-5299-8bb1-88f95d2c7618">
      <Css projectStructure="" iteration="" />
      <Owners>
        <Owner name="" />
      </Owners>
      <TestMethod codeBase="C:\Develop\Budgeteer\BudgeteerBusiness.Test\bin\Release\BudgeteerBusiness.Test.dll" adapterTypeName="Microsoft.VisualStudio.TestTools.TestTypes.Unit.UnitTestAdapter, Microsoft.VisualStudio.QualityTools.Tips.UnitTest.Adapter, Version=9.0.0.0, Culture=neutral, PublicKeyToken=b03f5f7f11d50a3a" className="BudgeteerBusiness.Test.BankAccountTest, BudgeteerBusiness.Test" name="AccountUpdateAccountIDNothing" />
    </UnitTest>
    <UnitTest name="getSettingTest" storage="c:\develop\budgeteer\budgeteerbusiness.test\bin\release\budgeteerbusiness.test.dll" id="60cc931f-8e63-39f9-719e-c12ab9d1a9c9">
      <Css projectStructure="" iteration="" />
      <Owners>
        <Owner name="" />
      </Owners>
      <TestMethod codeBase="C:\Develop\Budgeteer\BudgeteerBusiness.Test\bin\Release\BudgeteerBusiness.Test.dll" adapterTypeName="Microsoft.VisualStudio.TestTools.TestTypes.Unit.UnitTestAdapter, Microsoft.VisualStudio.QualityTools.Tips.UnitTest.Adapter, Version=9.0.0.0, Culture=neutral, PublicKeyToken=b03f5f7f11d50a3a" className="BudgeteerBusiness.Test.ApplicationSettingTest, BudgeteerBusiness.Test" name="getSettingTest" />
    </UnitTest>
    <UnitTest name="addSubcategoryUserIDNothing" storage="c:\develop\budgeteer\budgeteerbusiness.test\bin\release\budgeteerbusiness.test.dll" id="88291b0b-7e70-f6db-50b3-47e82e867912">
      <Css projectStructure="" iteration="" />
      <Owners>
        <Owner name="" />
      </Owners>
      <TestMethod codeBase="C:\Develop\Budgeteer\BudgeteerBusiness.Test\bin\Release\BudgeteerBusiness.Test.dll" adapterTypeName="Microsoft.VisualStudio.TestTools.TestTypes.Unit.UnitTestAdapter, Microsoft.VisualStudio.QualityTools.Tips.UnitTest.Adapter, Version=9.0.0.0, Culture=neutral, PublicKeyToken=b03f5f7f11d50a3a" className="BudgeteerBusiness.Test.SubcategoryTest, BudgeteerBusiness.Test" name="addSubcategoryUserIDNothing" />
    </UnitTest>
    <UnitTest name="addCategoryNothing" storage="c:\develop\budgeteer\budgeteerbusiness.test\bin\release\budgeteerbusiness.test.dll" id="0fca1d8a-cdd0-27c2-fb9e-0f26a9f562df">
      <Css projectStructure="" iteration="" />
      <Owners>
        <Owner name="" />
      </Owners>
      <TestMethod codeBase="C:\Develop\Budgeteer\BudgeteerBusiness.Test\bin\Release\BudgeteerBusiness.Test.dll" adapterTypeName="Microsoft.VisualStudio.TestTools.TestTypes.Unit.UnitTestAdapter, Microsoft.VisualStudio.QualityTools.Tips.UnitTest.Adapter, Version=9.0.0.0, Culture=neutral, PublicKeyToken=b03f5f7f11d50a3a" className="BudgeteerBusiness.Test.CategoryTest, BudgeteerBusiness.Test" name="addCategoryNothing" />
    </UnitTest>
    <UnitTest name="deleteFrequencyFrequencyIDNothing" storage="c:\develop\budgeteer\budgeteerbusiness.test\bin\release\budgeteerbusiness.test.dll" id="6f7faeec-fd19-b1af-0830-7613b5075b88">
      <Css projectStructure="" iteration="" />
      <Owners>
        <Owner name="" />
      </Owners>
      <TestMethod codeBase="C:\Develop\Budgeteer\BudgeteerBusiness.Test\bin\Release\BudgeteerBusiness.Test.dll" adapterTypeName="Microsoft.VisualStudio.TestTools.TestTypes.Unit.UnitTestAdapter, Microsoft.VisualStudio.QualityTools.Tips.UnitTest.Adapter, Version=9.0.0.0, Culture=neutral, PublicKeyToken=b03f5f7f11d50a3a" className="BudgeteerBusiness.Test.FrequencyTest, BudgeteerBusiness.Test" name="deleteFrequencyFrequencyIDNothing" />
    </UnitTest>
    <UnitTest name="updateUserPasswordTest" storage="c:\develop\budgeteer\budgeteerbusiness.test\bin\release\budgeteerbusiness.test.dll" id="5a6ba108-477a-8826-07f4-4b3d85417087">
      <Css projectStructure="" iteration="" />
      <Owners>
        <Owner name="" />
      </Owners>
      <TestMethod codeBase="C:\Develop\Budgeteer\BudgeteerBusiness.Test\bin\Release\BudgeteerBusiness.Test.dll" adapterTypeName="Microsoft.VisualStudio.TestTools.TestTypes.Unit.UnitTestAdapter, Microsoft.VisualStudio.QualityTools.Tips.UnitTest.Adapter, Version=9.0.0.0, Culture=neutral, PublicKeyToken=b03f5f7f11d50a3a" className="BudgeteerBusiness.Test.UserTest, BudgeteerBusiness.Test" name="updateUserPasswordTest" />
    </UnitTest>
    <UnitTest name="GetAccountsUserIDNothing" storage="c:\develop\budgeteer\budgeteerbusiness.test\bin\release\budgeteerbusiness.test.dll" id="95c0682e-1297-4ce1-4725-5f3b047e8687">
      <Css projectStructure="" iteration="" />
      <Owners>
        <Owner name="" />
      </Owners>
      <TestMethod codeBase="C:\Develop\Budgeteer\BudgeteerBusiness.Test\bin\Release\BudgeteerBusiness.Test.dll" adapterTypeName="Microsoft.VisualStudio.TestTools.TestTypes.Unit.UnitTestAdapter, Microsoft.VisualStudio.QualityTools.Tips.UnitTest.Adapter, Version=9.0.0.0, Culture=neutral, PublicKeyToken=b03f5f7f11d50a3a" className="BudgeteerBusiness.Test.BankAccountTest, BudgeteerBusiness.Test" name="GetAccountsUserIDNothing" />
    </UnitTest>
    <UnitTest name="updateTransactionDateNothing" storage="c:\develop\budgeteer\budgeteerbusiness.test\bin\release\budgeteerbusiness.test.dll" id="8f6940ee-6a05-220b-9d80-efa337ee3133">
      <Css projectStructure="" iteration="" />
      <Owners>
        <Owner name="" />
      </Owners>
      <TestMethod codeBase="C:\Develop\Budgeteer\BudgeteerBusiness.Test\bin\Release\BudgeteerBusiness.Test.dll" adapterTypeName="Microsoft.VisualStudio.TestTools.TestTypes.Unit.UnitTestAdapter, Microsoft.VisualStudio.QualityTools.Tips.UnitTest.Adapter, Version=9.0.0.0, Culture=neutral, PublicKeyToken=b03f5f7f11d50a3a" className="BudgeteerBusiness.Test.TransactionTest, BudgeteerBusiness.Test" name="updateTransactionDateNothing" />
    </UnitTest>
    <UnitTest name="GetBudgetsByCriteriaTest" storage="c:\develop\budgeteer\budgeteerbusiness.test\bin\release\budgeteerbusiness.test.dll" id="7a67e1af-a886-d057-74bb-d7a715ebb35b">
      <Css projectStructure="" iteration="" />
      <Owners>
        <Owner name="" />
      </Owners>
      <TestMethod codeBase="C:\Develop\Budgeteer\BudgeteerBusiness.Test\bin\Release\BudgeteerBusiness.Test.dll" adapterTypeName="Microsoft.VisualStudio.TestTools.TestTypes.Unit.UnitTestAdapter, Microsoft.VisualStudio.QualityTools.Tips.UnitTest.Adapter, Version=9.0.0.0, Culture=neutral, PublicKeyToken=b03f5f7f11d50a3a" className="BudgeteerBusiness.Test.BudgetTest, BudgeteerBusiness.Test" name="GetBudgetsByCriteriaTest" />
    </UnitTest>
    <UnitTest name="deleteTransactionTransactionIDNothing" storage="c:\develop\budgeteer\budgeteerbusiness.test\bin\release\budgeteerbusiness.test.dll" id="93af35c8-f5d8-78c3-8cc9-706ee5491c55">
      <Css projectStructure="" iteration="" />
      <Owners>
        <Owner name="" />
      </Owners>
      <TestMethod codeBase="C:\Develop\Budgeteer\BudgeteerBusiness.Test\bin\Release\BudgeteerBusiness.Test.dll" adapterTypeName="Microsoft.VisualStudio.TestTools.TestTypes.Unit.UnitTestAdapter, Microsoft.VisualStudio.QualityTools.Tips.UnitTest.Adapter, Version=9.0.0.0, Culture=neutral, PublicKeyToken=b03f5f7f11d50a3a" className="BudgeteerBusiness.Test.TransactionTest, BudgeteerBusiness.Test" name="deleteTransactionTransactionIDNothing" />
    </UnitTest>
    <UnitTest name="GetBudgetsTest" storage="c:\develop\budgeteer\budgeteerbusiness.test\bin\release\budgeteerbusiness.test.dll" id="cb8df43f-6492-dd91-9c3b-f64ea6d0afbc">
      <Css projectStructure="" iteration="" />
      <Owners>
        <Owner name="" />
      </Owners>
      <TestMethod codeBase="C:\Develop\Budgeteer\BudgeteerBusiness.Test\bin\Release\BudgeteerBusiness.Test.dll" adapterTypeName="Microsoft.VisualStudio.TestTools.TestTypes.Unit.UnitTestAdapter, Microsoft.VisualStudio.QualityTools.Tips.UnitTest.Adapter, Version=9.0.0.0, Culture=neutral, PublicKeyToken=b03f5f7f11d50a3a" className="BudgeteerBusiness.Test.BudgetTest, BudgeteerBusiness.Test" name="GetBudgetsTest" />
    </UnitTest>
  </TestDefinitions>
  <TestLists>
    <TestList name="Results Not in a List" id="8c84fa94-04c1-424b-9868-57a2d4851a1d" />
    <TestList name="All Loaded Results" id="19431567-8539-422a-85d7-44ee4e166bda" />
  </TestLists>
  <TestEntries>
    <TestEntry testId="2da17ebb-99f1-543b-1336-ba260aa88fba" executionId="87c2caae-0efb-49bf-a77d-ff634da30fd5" testListId="8c84fa94-04c1-424b-9868-57a2d4851a1d" />
    <TestEntry testId="8cd615c6-e162-c613-892a-65fc09419773" executionId="14740e1b-bfb6-4893-a847-b92b3f391d50" testListId="8c84fa94-04c1-424b-9868-57a2d4851a1d" />
    <TestEntry testId="60cc931f-8e63-39f9-719e-c12ab9d1a9c9" executionId="c9053200-8554-4a09-a3e2-75a009587ecf" testListId="8c84fa94-04c1-424b-9868-57a2d4851a1d" />
    <TestEntry testId="f229dc9d-2951-41bb-da77-6b10cc77c319" executionId="6ebba0f2-1d18-4407-b346-ccd428b0e354" testListId="8c84fa94-04c1-424b-9868-57a2d4851a1d" />
    <TestEntry testId="c1eb1ab3-71b1-7f0c-d402-7db8c88875e0" executionId="e44506e5-4f45-4233-b13a-2766dfc00265" testListId="8c84fa94-04c1-424b-9868-57a2d4851a1d" />
    <TestEntry testId="292697ef-a481-6a95-4841-a0b23aab7616" executionId="8eafcb4c-a004-4dac-b003-5d14789c39b3" testListId="8c84fa94-04c1-424b-9868-57a2d4851a1d" />
    <TestEntry testId="68eb3959-6f6d-2194-65cd-b1eaa7337292" executionId="062f54e8-d49b-4577-8a9c-3a6f92851a0b" testListId="8c84fa94-04c1-424b-9868-57a2d4851a1d" />
    <TestEntry testId="83dddd9a-5fdf-d50e-591b-83ffd2e26894" executionId="b2f589f6-12a3-440d-8b2a-cd72ce627d16" testListId="8c84fa94-04c1-424b-9868-57a2d4851a1d" />
    <TestEntry testId="5a6fb017-10b5-f179-df9d-ec95cc76a963" executionId="ca97d66e-1271-44da-ace9-a6ddee93aba1" testListId="8c84fa94-04c1-424b-9868-57a2d4851a1d" />
    <TestEntry testId="369638f7-538b-b560-7383-2a599f9e5891" executionId="663c4398-e2eb-463f-b1cb-d7db8259856e" testListId="8c84fa94-04c1-424b-9868-57a2d4851a1d" />
    <TestEntry testId="fcca391a-3bf2-a7bd-8a43-2d87c89ccc3b" executionId="791173a6-3e9b-4b08-a73f-cf1048da35a7" testListId="8c84fa94-04c1-424b-9868-57a2d4851a1d" />
    <TestEntry testId="61615b4f-b3ca-d68a-3eb6-d94deb0da781" executionId="e8311238-be75-436a-a250-b0c0a213e7e0" testListId="8c84fa94-04c1-424b-9868-57a2d4851a1d" />
    <TestEntry testId="95c0682e-1297-4ce1-4725-5f3b047e8687" executionId="47430617-14e0-44c1-9b3b-307891ef8d49" testListId="8c84fa94-04c1-424b-9868-57a2d4851a1d" />
    <TestEntry testId="6d337c35-98f0-54b3-f22d-26fc0f00e50a" executionId="5d9b7bd0-9af9-464a-9c33-f817bdeefe4d" testListId="8c84fa94-04c1-424b-9868-57a2d4851a1d" />
    <TestEntry testId="495b801d-fa26-fed0-0f3c-89b4c2b40633" executionId="bd0b4255-30be-45b9-be2b-dd2d93170dd6" testListId="8c84fa94-04c1-424b-9868-57a2d4851a1d" />
    <TestEntry testId="8dcb2405-5c91-c749-7201-777f5347a181" executionId="d77a99f8-70cf-42b2-a741-b3619726f99d" testListId="8c84fa94-04c1-424b-9868-57a2d4851a1d" />
    <TestEntry testId="587660b0-3b90-02e1-7b54-03c664507fce" executionId="19a28346-7344-4c2c-9ef9-dd6033ba1fcf" testListId="8c84fa94-04c1-424b-9868-57a2d4851a1d" />
    <TestEntry testId="b1348d03-fa8d-98c0-743c-70a5fbb29395" executionId="9a5f16be-5438-42ca-b18c-048ed80bc02e" testListId="8c84fa94-04c1-424b-9868-57a2d4851a1d" />
    <TestEntry testId="76e91602-d7b1-974d-3752-f1032f6e14fd" executionId="3e0a0c97-9ecb-4b52-86ec-92dba0c6ed7f" testListId="8c84fa94-04c1-424b-9868-57a2d4851a1d" />
    <TestEntry testId="6f61982a-b51b-27fe-1f93-482011c4b473" executionId="180c45ca-28c2-407e-a8dd-a58e207cee2f" testListId="8c84fa94-04c1-424b-9868-57a2d4851a1d" />
    <TestEntry testId="087effc2-bf96-1942-c83f-68f5aa5d2005" executionId="a8d9570a-f41c-41b1-9fd8-56acbb159e75" testListId="8c84fa94-04c1-424b-9868-57a2d4851a1d" />
    <TestEntry testId="d1360a53-95ee-b75a-cf14-ff4641961f1d" executionId="b47fbee8-5a32-4de7-abec-d03ec8d18667" testListId="8c84fa94-04c1-424b-9868-57a2d4851a1d" />
    <TestEntry testId="b34318a0-b694-1c59-0274-13c5f648813a" executionId="0845d5cb-9580-4c91-85de-817a133f1225" testListId="8c84fa94-04c1-424b-9868-57a2d4851a1d" />
    <TestEntry testId="acd7067b-97cd-802a-af1a-b1adb9e60800" executionId="82f2eca9-6967-4e8b-83c3-8bbbe1622f6d" testListId="8c84fa94-04c1-424b-9868-57a2d4851a1d" />
    <TestEntry testId="15012bb2-b8a7-b9c7-7871-b29804a6aa37" executionId="20463f23-db64-4fd7-98e5-e93d8f44edc9" testListId="8c84fa94-04c1-424b-9868-57a2d4851a1d" />
    <TestEntry testId="d45c411c-5ad0-5299-8bb1-88f95d2c7618" executionId="67d4b56e-e681-4673-a383-08916c621957" testListId="8c84fa94-04c1-424b-9868-57a2d4851a1d" />
    <TestEntry testId="fd0567ca-ebac-cdf4-0d35-eaae1abf4f60" executionId="5e23dbd1-85c7-441b-9d18-c0ebf53d6517" testListId="8c84fa94-04c1-424b-9868-57a2d4851a1d" />
    <TestEntry testId="8c6905af-52bc-76a0-b628-ad32132409ba" executionId="e8fce466-a06b-4e64-aa0b-c50940cf03a3" testListId="8c84fa94-04c1-424b-9868-57a2d4851a1d" />
    <TestEntry testId="ab937ec4-62dc-9a36-31d9-81e0a9987ee7" executionId="fbb30f14-f2b5-4bb8-aea1-6c60578aac47" testListId="8c84fa94-04c1-424b-9868-57a2d4851a1d" />
    <TestEntry testId="dc103d46-66d3-5339-3760-9e1aa3967d68" executionId="f8104ae9-cbd1-4feb-9eaa-2056ae0a1cf6" testListId="8c84fa94-04c1-424b-9868-57a2d4851a1d" />
    <TestEntry testId="78580d61-10eb-61e0-ce2a-90979662c9fc" executionId="73ac58ee-d7fa-4efa-9091-ea4c4dd9cc7e" testListId="8c84fa94-04c1-424b-9868-57a2d4851a1d" />
    <TestEntry testId="b47ab333-b0fd-87a2-450b-d6079dce8ac2" executionId="a21a147e-09a1-4c72-87e7-e4998c4f301f" testListId="8c84fa94-04c1-424b-9868-57a2d4851a1d" />
    <TestEntry testId="8ba97d74-e039-ca12-665d-09ebe63ca7ce" executionId="bb0aa080-12ac-42aa-b7a7-40f6bbde5dea" testListId="8c84fa94-04c1-424b-9868-57a2d4851a1d" />
    <TestEntry testId="cb8df43f-6492-dd91-9c3b-f64ea6d0afbc" executionId="deb9452f-76cc-4856-b921-1cf98557e092" testListId="8c84fa94-04c1-424b-9868-57a2d4851a1d" />
    <TestEntry testId="ebd39db0-e74b-3bd5-c867-9e8d1f912965" executionId="6d0782f7-d703-4df0-a56b-ab627918ef21" testListId="8c84fa94-04c1-424b-9868-57a2d4851a1d" />
    <TestEntry testId="7a67e1af-a886-d057-74bb-d7a715ebb35b" executionId="9be35c86-5619-49fa-9450-dca75bab27b5" testListId="8c84fa94-04c1-424b-9868-57a2d4851a1d" />
    <TestEntry testId="ec84c0d8-8089-6d3c-3b32-6d388f8132a6" executionId="039b1d96-edf9-435b-b955-d986b94c217f" testListId="8c84fa94-04c1-424b-9868-57a2d4851a1d" />
    <TestEntry testId="051888c9-8a45-0bb7-a0d4-714b442283af" executionId="709f6e28-5c23-4bd0-a28b-162cc43fa18b" testListId="8c84fa94-04c1-424b-9868-57a2d4851a1d" />
    <TestEntry testId="4486fb42-6e67-f081-7552-b679d25d695f" executionId="3f91627d-d526-4890-9dad-5119f753900a" testListId="8c84fa94-04c1-424b-9868-57a2d4851a1d" />
    <TestEntry testId="76dd44d9-ff6d-af09-8821-f2463b66ed80" executionId="4a541ab3-85bc-485d-bf1c-a611e68e9004" testListId="8c84fa94-04c1-424b-9868-57a2d4851a1d" />
    <TestEntry testId="61fdb9d7-48c5-641a-6f66-dfa77bb5a005" executionId="e4bb2313-4cd7-46e5-badb-71ecd64bd567" testListId="8c84fa94-04c1-424b-9868-57a2d4851a1d" />
    <TestEntry testId="976ae5f8-6c26-174f-136c-aff26d2da02f" executionId="cd3a8ef9-84e8-44cd-88ec-e8285ff374d0" testListId="8c84fa94-04c1-424b-9868-57a2d4851a1d" />
    <TestEntry testId="4a8176c5-a77c-0df9-87fa-be9df67b74cb" executionId="e92711a3-226d-4ada-991d-1eebf46615f6" testListId="8c84fa94-04c1-424b-9868-57a2d4851a1d" />
    <TestEntry testId="f4e61a2b-e0fc-ae40-938e-060246d5db66" executionId="3620942c-fb1c-4916-af6d-1e298994a270" testListId="8c84fa94-04c1-424b-9868-57a2d4851a1d" />
    <TestEntry testId="f072707e-36bf-6cb2-fd1d-066aa43590df" executionId="5b1e8ea0-d6ac-4242-87fa-45ef90754da8" testListId="8c84fa94-04c1-424b-9868-57a2d4851a1d" />
    <TestEntry testId="2961bbf1-146b-0935-82b2-1ae35615a987" executionId="4effe44f-bff4-4272-beb7-d1380f2530b0" testListId="8c84fa94-04c1-424b-9868-57a2d4851a1d" />
    <TestEntry testId="aa01915b-fe45-c694-5349-093d2378bbbf" executionId="9e9ae2a2-74b4-4525-aa48-060c1925cfc0" testListId="8c84fa94-04c1-424b-9868-57a2d4851a1d" />
    <TestEntry testId="b7f0e8a2-8926-f837-3cda-c1c849c6826c" executionId="900a715d-7a31-415a-888b-c074a80e17ff" testListId="8c84fa94-04c1-424b-9868-57a2d4851a1d" />
    <TestEntry testId="c0411296-3ae8-697f-2af6-c4ea40140d13" executionId="e59d4b97-c8d7-4ac6-a08f-454647c5b8c1" testListId="8c84fa94-04c1-424b-9868-57a2d4851a1d" />
    <TestEntry testId="799311e6-1da3-8fae-d135-4dafc9b3c1eb" executionId="a749ab9a-c2d0-403c-b80d-40d1bac4b218" testListId="8c84fa94-04c1-424b-9868-57a2d4851a1d" />
    <TestEntry testId="fa94ca7c-1aae-2e32-1d1b-d0e45ca41440" executionId="0dd5489a-bdcd-4d50-88ce-d835dc0e7da2" testListId="8c84fa94-04c1-424b-9868-57a2d4851a1d" />
    <TestEntry testId="63c8983e-264f-303a-d3eb-9b4d25fe86d5" executionId="c8140a57-f944-4c1a-a6a6-83c57f8cf0ea" testListId="8c84fa94-04c1-424b-9868-57a2d4851a1d" />
    <TestEntry testId="28a40b92-ebf0-3021-bfd0-8669c95f701b" executionId="b32fcfa4-34f9-4d6e-a43c-58ebbedf5bcc" testListId="8c84fa94-04c1-424b-9868-57a2d4851a1d" />
    <TestEntry testId="0fca1d8a-cdd0-27c2-fb9e-0f26a9f562df" executionId="d75cca55-6d63-491c-b5bb-433064c9d6af" testListId="8c84fa94-04c1-424b-9868-57a2d4851a1d" />
    <TestEntry testId="ff7fb138-6236-24d9-747a-2dd6d9883235" executionId="18f6daf3-b093-4356-8f7f-448844f633af" testListId="8c84fa94-04c1-424b-9868-57a2d4851a1d" />
    <TestEntry testId="58a09de1-5830-1f36-c16c-3939c3e6e900" executionId="ee14b007-4936-4ae9-9e4f-b50efa4c83c1" testListId="8c84fa94-04c1-424b-9868-57a2d4851a1d" />
    <TestEntry testId="532e8336-e148-b747-29ed-96f8fa85edc7" executionId="32f02e02-d1ad-4a8d-9384-3ffe5bb2f6f4" testListId="8c84fa94-04c1-424b-9868-57a2d4851a1d" />
    <TestEntry testId="8fc9d453-58a3-7668-636c-73ada71a9a28" executionId="924b3258-fb08-4fc7-875a-4b8c1e575433" testListId="8c84fa94-04c1-424b-9868-57a2d4851a1d" />
    <TestEntry testId="a59c967c-b286-ecbe-5787-275fa8e4e9c9" executionId="7044c1a4-e1d1-41a8-ae59-6afdf73713c8" testListId="8c84fa94-04c1-424b-9868-57a2d4851a1d" />
    <TestEntry testId="a8ff8f1a-6307-d134-859e-78279102c9ce" executionId="39075e91-729e-4d8f-bdb7-8b26329b365a" testListId="8c84fa94-04c1-424b-9868-57a2d4851a1d" />
    <TestEntry testId="a2d96dcc-0274-ae96-1084-c6eeaf735a67" executionId="4a7fbad7-58f6-4bb6-acc7-a96e58ea1f0c" testListId="8c84fa94-04c1-424b-9868-57a2d4851a1d" />
    <TestEntry testId="75e6fe92-6338-062a-4fee-95765bf801c5" executionId="4c3bd942-edaa-4ad0-b2ad-5f9f94083a98" testListId="8c84fa94-04c1-424b-9868-57a2d4851a1d" />
    <TestEntry testId="0bdfe357-59d7-2115-bc84-10e25df0e6f5" executionId="c9a94b6f-86fd-4901-9eda-1cc882ac69e5" testListId="8c84fa94-04c1-424b-9868-57a2d4851a1d" />
    <TestEntry testId="23cfea9f-164f-f9a5-24c4-692d1157d70d" executionId="1629a5d9-6589-41a5-8bad-22a1c8652852" testListId="8c84fa94-04c1-424b-9868-57a2d4851a1d" />
    <TestEntry testId="2e218b54-9cdc-19a6-f73f-134529b0d574" executionId="3cc5a513-d890-4c07-a82c-e31d009d378f" testListId="8c84fa94-04c1-424b-9868-57a2d4851a1d" />
    <TestEntry testId="83ec55a3-815a-67d2-b2f2-28b93a616423" executionId="0428f009-7410-4fbc-b97d-f34fad8074ca" testListId="8c84fa94-04c1-424b-9868-57a2d4851a1d" />
    <TestEntry testId="8a4ba671-1448-8492-2b78-1b765c8a587b" executionId="13e65ad4-374f-4eb8-af54-010cb0b64660" testListId="8c84fa94-04c1-424b-9868-57a2d4851a1d" />
    <TestEntry testId="afdd3970-ef14-572c-7490-d181ac1ccd1e" executionId="0326917c-3e03-4f2b-9690-56f99541e7e1" testListId="8c84fa94-04c1-424b-9868-57a2d4851a1d" />
    <TestEntry testId="b1452ef1-13ca-46e9-c44f-98baa104fb92" executionId="d9490080-4f45-4647-b2b8-a5e3e158e191" testListId="8c84fa94-04c1-424b-9868-57a2d4851a1d" />
    <TestEntry testId="94aa3a89-922e-c096-871a-c4ffb87404f0" executionId="1038cdde-6918-4a86-ba2f-f5360df613e1" testListId="8c84fa94-04c1-424b-9868-57a2d4851a1d" />
    <TestEntry testId="0c5517d4-5316-3e21-871a-fa8800272a65" executionId="5ad03d90-a08b-4030-b08c-e6ca2d56a30b" testListId="8c84fa94-04c1-424b-9868-57a2d4851a1d" />
    <TestEntry testId="4c8b2cdb-4eab-b6f9-ff74-242bf524db2e" executionId="ebe701d9-a7d8-41a6-8832-5522062c8023" testListId="8c84fa94-04c1-424b-9868-57a2d4851a1d" />
    <TestEntry testId="d3b64b82-0b84-680f-9e31-0c326c489dc9" executionId="9f6ec895-0040-409b-8ccf-7c4660dc7f48" testListId="8c84fa94-04c1-424b-9868-57a2d4851a1d" />
    <TestEntry testId="06d70802-cbf3-0105-85fe-1032f68b0c57" executionId="79abf00f-5573-4fcc-a2bb-41be8f5faad6" testListId="8c84fa94-04c1-424b-9868-57a2d4851a1d" />
    <TestEntry testId="899e468f-0f82-8f87-b2c5-dd542356cd37" executionId="8af1a1da-10cd-4ded-8d5e-6582830b4932" testListId="8c84fa94-04c1-424b-9868-57a2d4851a1d" />
    <TestEntry testId="a4fa7f01-082a-f733-8a2d-b25ea8023d30" executionId="8a28efce-9ab0-4734-aeef-a9d0f2b594db" testListId="8c84fa94-04c1-424b-9868-57a2d4851a1d" />
    <TestEntry testId="38af75c1-03ea-b909-29fa-879e4a97d0ad" executionId="d2cf7498-a006-4f29-b404-9a932e0bcc47" testListId="8c84fa94-04c1-424b-9868-57a2d4851a1d" />
    <TestEntry testId="3f53a5bc-85ec-b5b1-a732-530a68ca5fa8" executionId="de6bb41a-22b1-498f-a6e0-b75875a6c0ef" testListId="8c84fa94-04c1-424b-9868-57a2d4851a1d" />
    <TestEntry testId="83c6509b-b125-a15a-14be-8af19ed1aed9" executionId="54754b43-a41d-4d71-bfeb-a39902cec1f4" testListId="8c84fa94-04c1-424b-9868-57a2d4851a1d" />
    <TestEntry testId="6f7faeec-fd19-b1af-0830-7613b5075b88" executionId="3c28093c-4288-4806-9ad6-a5dcda82aca2" testListId="8c84fa94-04c1-424b-9868-57a2d4851a1d" />
    <TestEntry testId="a2d4949d-2288-66c6-b89d-8f558bc7feba" executionId="14fc792c-8f70-4a9a-8ece-17c870aa5eee" testListId="8c84fa94-04c1-424b-9868-57a2d4851a1d" />
    <TestEntry testId="c962f176-0e46-6e6a-64e1-773767b2a92e" executionId="c8c049f1-e681-483b-9012-cc0410b635f9" testListId="8c84fa94-04c1-424b-9868-57a2d4851a1d" />
    <TestEntry testId="b05310d8-828c-c740-927a-df64a819e935" executionId="d7955e79-a6e2-4cfe-9d45-caefbd82774b" testListId="8c84fa94-04c1-424b-9868-57a2d4851a1d" />
    <TestEntry testId="25c221da-3cee-df3c-3d0f-8d45ce1c4bf5" executionId="45646887-6b8b-4c0f-8980-5148a4567c96" testListId="8c84fa94-04c1-424b-9868-57a2d4851a1d" />
    <TestEntry testId="edf0aa95-9676-85e5-bd74-2b5388c724e3" executionId="bf089024-9dfd-401b-a84c-01403f08a439" testListId="8c84fa94-04c1-424b-9868-57a2d4851a1d" />
    <TestEntry testId="25ed8de6-975d-2b68-5d42-088e4dc578e7" executionId="b4e62d54-8fad-4ff3-a400-1b2d18bbd095" testListId="8c84fa94-04c1-424b-9868-57a2d4851a1d" />
    <TestEntry testId="6c1d12e8-2a89-22ef-766d-cb51fcbbb230" executionId="ea7b8e0d-f027-4549-b209-d929d8351d22" testListId="8c84fa94-04c1-424b-9868-57a2d4851a1d" />
    <TestEntry testId="f627b55d-1ae3-286c-f067-07f1ac287750" executionId="4b28b550-a21b-4ce0-9437-683820ee49d2" testListId="8c84fa94-04c1-424b-9868-57a2d4851a1d" />
    <TestEntry testId="5839d3eb-2f28-66ab-5903-f0c6aa8a4c52" executionId="a2ef33c3-ff3a-4d95-80e7-be81d773229a" testListId="8c84fa94-04c1-424b-9868-57a2d4851a1d" />
    <TestEntry testId="a8551577-1fbc-a817-6fba-d92f73c63ed5" executionId="69a312e1-851e-4234-af5a-54718fc2f5bf" testListId="8c84fa94-04c1-424b-9868-57a2d4851a1d" />
    <TestEntry testId="bbfe51fd-ce1b-3e52-a251-5d90aeb6a97a" executionId="01de990f-8574-4963-86cb-1f57cfe60a96" testListId="8c84fa94-04c1-424b-9868-57a2d4851a1d" />
    <TestEntry testId="2a1b7d1b-15e6-8cf8-0219-2630f5c48eaf" executionId="e9f5acb0-5c1c-412c-a101-f83b57dc10f3" testListId="8c84fa94-04c1-424b-9868-57a2d4851a1d" />
    <TestEntry testId="201d793e-4fe6-401d-6be8-c62c538d4a65" executionId="34f7aa42-879f-41d7-8154-c22332e52114" testListId="8c84fa94-04c1-424b-9868-57a2d4851a1d" />
    <TestEntry testId="88291b0b-7e70-f6db-50b3-47e82e867912" executionId="b4f59050-80ad-4286-8106-7270905e2e89" testListId="8c84fa94-04c1-424b-9868-57a2d4851a1d" />
    <TestEntry testId="bedc9ca5-0715-f75f-5275-d225bacd5374" executionId="af1e88db-65b6-4ee1-9a49-77f8466b3440" testListId="8c84fa94-04c1-424b-9868-57a2d4851a1d" />
    <TestEntry testId="9df3c7a9-dda3-36c5-3db7-ed52aa5c51f3" executionId="a69fea91-bc8b-4066-8768-5bd7201e2b48" testListId="8c84fa94-04c1-424b-9868-57a2d4851a1d" />
    <TestEntry testId="e1b8b9b5-31fa-3158-ed49-602ecdf8fc2b" executionId="32628bc4-0e10-483c-8681-e0982d25736b" testListId="8c84fa94-04c1-424b-9868-57a2d4851a1d" />
    <TestEntry testId="6134c6ed-e8b7-288e-ff3e-b33d83bf08d0" executionId="b99d62c5-af37-4301-9f6a-c70e24a70936" testListId="8c84fa94-04c1-424b-9868-57a2d4851a1d" />
    <TestEntry testId="9add4ea9-9be1-4a10-7cc8-a108d159b81a" executionId="899dcc78-abf3-4de4-8c77-1fc2b9c371ab" testListId="8c84fa94-04c1-424b-9868-57a2d4851a1d" />
    <TestEntry testId="2a218d4d-f796-c1d6-fb62-a245094f3715" executionId="2fb209fe-d19b-4a96-9303-e96b8477a17a" testListId="8c84fa94-04c1-424b-9868-57a2d4851a1d" />
    <TestEntry testId="27188a8b-a7e8-3977-ee02-1bbd41b1cb1b" executionId="6f3b4677-3f63-4e10-ad31-b1d2f6a3d33b" testListId="8c84fa94-04c1-424b-9868-57a2d4851a1d" />
    <TestEntry testId="00b914bf-27cf-c5f2-2337-9da7337b8b86" executionId="0d0352dd-8bed-43a8-929a-3a25f1a63405" testListId="8c84fa94-04c1-424b-9868-57a2d4851a1d" />
    <TestEntry testId="b237afa0-6fb1-54bf-657e-2a66b76abb69" executionId="988e72c7-9592-429a-a44c-0320ed56bb12" testListId="8c84fa94-04c1-424b-9868-57a2d4851a1d" />
    <TestEntry testId="cf5e9fac-d4eb-db14-c376-4d1f22db0558" executionId="f6306338-90a6-492a-b4ea-44bd0a055c1b" testListId="8c84fa94-04c1-424b-9868-57a2d4851a1d" />
    <TestEntry testId="9a3d0807-6457-caa6-13cd-e3a1911026ea" executionId="8aa3d127-678e-41b7-a962-b5cd741e61f6" testListId="8c84fa94-04c1-424b-9868-57a2d4851a1d" />
    <TestEntry testId="0c74f04e-4ac5-b7a6-358f-741d4d504a08" executionId="e04edcc6-cee2-4c65-b39a-a69063cd1db0" testListId="8c84fa94-04c1-424b-9868-57a2d4851a1d" />
    <TestEntry testId="a941f649-0f02-5cf0-9bb1-5b6a83d2daaf" executionId="b536b0bf-c715-4097-8c5f-faadc5c0d41b" testListId="8c84fa94-04c1-424b-9868-57a2d4851a1d" />
    <TestEntry testId="3d809d94-db02-0e76-9c09-c3d9ec12d5fd" executionId="96de0370-83ef-402e-9643-84ae467fcee8" testListId="8c84fa94-04c1-424b-9868-57a2d4851a1d" />
    <TestEntry testId="028a17f3-f9c0-f73c-bbcc-8415c4c80d22" executionId="2e29c52a-aefa-4abb-9d38-38439a176bd0" testListId="8c84fa94-04c1-424b-9868-57a2d4851a1d" />
    <TestEntry testId="d9c74070-150a-6459-f8b5-cd6b0de2b4ec" executionId="43638bd3-0948-4b75-9fc1-518ba61d05b8" testListId="8c84fa94-04c1-424b-9868-57a2d4851a1d" />
    <TestEntry testId="da27e590-9f13-60c6-1ba7-9957aed51717" executionId="5156f224-d4d1-4b15-a91d-f8d9d001f90a" testListId="8c84fa94-04c1-424b-9868-57a2d4851a1d" />
    <TestEntry testId="63d7ff1e-859b-98bb-e808-c5db1ec35b29" executionId="c6f5b57e-9954-4252-b574-bacb452a50d2" testListId="8c84fa94-04c1-424b-9868-57a2d4851a1d" />
    <TestEntry testId="9b270260-260c-a978-9dd4-28ae487f85d0" executionId="a3d60937-a9cf-467e-bd99-1f6a38d7967e" testListId="8c84fa94-04c1-424b-9868-57a2d4851a1d" />
    <TestEntry testId="4dfbf887-b7a9-b491-3023-62dba6f89178" executionId="c73c4699-3db1-45e5-9eb8-377e35745635" testListId="8c84fa94-04c1-424b-9868-57a2d4851a1d" />
    <TestEntry testId="820987f9-05ca-dae0-9f05-a0d4f3b7e230" executionId="782eae1c-372c-4f21-856f-cd93205d4ea9" testListId="8c84fa94-04c1-424b-9868-57a2d4851a1d" />
    <TestEntry testId="1ce94126-b660-0ac9-06d3-af2dd6c473a7" executionId="23db2878-1831-4f36-9ddf-add4f15f6bbc" testListId="8c84fa94-04c1-424b-9868-57a2d4851a1d" />
    <TestEntry testId="991140ed-32ac-a771-1bbe-e26bd691905d" executionId="787aeb37-4914-4070-b537-1284ac79a98d" testListId="8c84fa94-04c1-424b-9868-57a2d4851a1d" />
    <TestEntry testId="6c103902-84a3-cdbb-97c9-1350b2df679a" executionId="8c0f328d-226d-48b7-9271-a9f3aa1a4ccc" testListId="8c84fa94-04c1-424b-9868-57a2d4851a1d" />
    <TestEntry testId="8f6940ee-6a05-220b-9d80-efa337ee3133" executionId="1e8fc7f8-0be7-4d42-8a79-632d55079579" testListId="8c84fa94-04c1-424b-9868-57a2d4851a1d" />
    <TestEntry testId="3ccd3f11-0213-e1b1-a3aa-1057197cac59" executionId="e41eacea-f09d-473b-ab91-3a8c71b6edc0" testListId="8c84fa94-04c1-424b-9868-57a2d4851a1d" />
    <TestEntry testId="9cf1af96-ce60-17f7-f073-8576692875a1" executionId="c257691a-f7eb-479d-99b5-766c94eb6d27" testListId="8c84fa94-04c1-424b-9868-57a2d4851a1d" />
    <TestEntry testId="50fc5a28-9321-a539-d140-7388838d8a59" executionId="0249d9ea-5405-42c8-a93e-13a6539b7d46" testListId="8c84fa94-04c1-424b-9868-57a2d4851a1d" />
    <TestEntry testId="ff86bab7-fe25-e542-47fe-56bd2f464b72" executionId="2e84439a-0aee-4dd2-863f-c719301d9831" testListId="8c84fa94-04c1-424b-9868-57a2d4851a1d" />
    <TestEntry testId="be5b2eb0-51ec-1a02-7e30-ca7d5c29aa6f" executionId="5678d6a8-240a-41b4-9a60-9ab18ad43d81" testListId="8c84fa94-04c1-424b-9868-57a2d4851a1d" />
    <TestEntry testId="93af35c8-f5d8-78c3-8cc9-706ee5491c55" executionId="d8ec106f-6062-452c-87c3-ecb6645a66e2" testListId="8c84fa94-04c1-424b-9868-57a2d4851a1d" />
    <TestEntry testId="b9d1c2ac-e386-87fb-12aa-0d8af4d9f7af" executionId="bfcb2f3a-5224-40fb-aab5-e1546d9ff92d" testListId="8c84fa94-04c1-424b-9868-57a2d4851a1d" />
    <TestEntry testId="302f161c-1a16-7195-636f-727c6d4f7cce" executionId="aef71815-3281-400a-af32-559eba045e6a" testListId="8c84fa94-04c1-424b-9868-57a2d4851a1d" />
    <TestEntry testId="24148662-d27c-83db-d849-dc758dd8b5f9" executionId="32b863ad-f537-4d8b-a71b-f4453380947d" testListId="8c84fa94-04c1-424b-9868-57a2d4851a1d" />
    <TestEntry testId="0da9cb98-0025-f1cc-5c4e-78987bd1ba0a" executionId="0d1259bd-26a0-437d-b39e-bac610350ffc" testListId="8c84fa94-04c1-424b-9868-57a2d4851a1d" />
    <TestEntry testId="41d12651-6966-8543-ef57-0046b613ddb5" executionId="fdadc7a6-23c2-4c66-8335-2744e7be6831" testListId="8c84fa94-04c1-424b-9868-57a2d4851a1d" />
    <TestEntry testId="4bd9796f-b636-6a7f-6857-a699f7abd7a9" executionId="864321f0-9794-41a6-bad8-5d699aa31391" testListId="8c84fa94-04c1-424b-9868-57a2d4851a1d" />
    <TestEntry testId="28cb5578-a210-728f-1f2a-7829483fe9ce" executionId="3074e54f-25a5-47a8-902a-25902b2f716c" testListId="8c84fa94-04c1-424b-9868-57a2d4851a1d" />
    <TestEntry testId="009665bb-5de0-8593-a32b-50bf52a35d2c" executionId="7e098b99-953c-4745-89db-65e95858387b" testListId="8c84fa94-04c1-424b-9868-57a2d4851a1d" />
    <TestEntry testId="dc51c213-5f3c-c5c3-c9fa-ea22cfaaa6b1" executionId="f8b55d38-7650-4893-9a17-4fb20fcdf16c" testListId="8c84fa94-04c1-424b-9868-57a2d4851a1d" />
    <TestEntry testId="5c8e58b7-4d3d-259d-a967-243af0246cbb" executionId="474a10d5-50ef-48d6-a09e-3595b04328b1" testListId="8c84fa94-04c1-424b-9868-57a2d4851a1d" />
    <TestEntry testId="d34b29c4-f075-6bcd-bac5-00d2275289a2" executionId="5079839d-e869-4aa1-b8ac-dc4cbb9eea14" testListId="8c84fa94-04c1-424b-9868-57a2d4851a1d" />
    <TestEntry testId="90f48b05-4d4f-7605-cb20-2be7d7f85e69" executionId="51a76203-7a9a-4159-9d8a-3fa3ed2f744e" testListId="8c84fa94-04c1-424b-9868-57a2d4851a1d" />
    <TestEntry testId="bcef52eb-c0c7-5e55-deaa-3ee9071fa25e" executionId="cf3b97ce-d159-480a-b912-57fdb7b71c36" testListId="8c84fa94-04c1-424b-9868-57a2d4851a1d" />
    <TestEntry testId="5a6ba108-477a-8826-07f4-4b3d85417087" executionId="2d36ef2a-912f-4180-a67e-ff390de01c29" testListId="8c84fa94-04c1-424b-9868-57a2d4851a1d" />
    <TestEntry testId="72470363-231e-de0f-a051-36672fd2a5cf" executionId="f7c70e6f-4113-483b-98e1-52877cdfeead" testListId="8c84fa94-04c1-424b-9868-57a2d4851a1d" />
    <TestEntry testId="3a751831-a04a-99cb-4020-7bcb1dfdc48d" executionId="304c8752-dd3f-400a-91c0-3248f484bbdc" testListId="8c84fa94-04c1-424b-9868-57a2d4851a1d" />
    <TestEntry testId="96ea8a44-4a4b-1549-f98e-7f968bf38c44" executionId="b979f093-4da7-4413-8786-c21ecc7b63bd" testListId="8c84fa94-04c1-424b-9868-57a2d4851a1d" />
    <TestEntry testId="284bf1a9-75d1-2878-109e-644bc848b2b3" executionId="4f178d9e-1a5e-4fdc-aa37-7d4647086a18" testListId="8c84fa94-04c1-424b-9868-57a2d4851a1d" />
    <TestEntry testId="79030625-73d7-51e1-159e-387a32e20fc3" executionId="5f52c312-375a-42e0-acbd-cc2d03410454" testListId="8c84fa94-04c1-424b-9868-57a2d4851a1d" />
    <TestEntry testId="53ff0830-cc1d-2e63-f269-a83b303e8cd9" executionId="cc5fce2d-9287-4b13-8f91-9302cb9a862f" testListId="8c84fa94-04c1-424b-9868-57a2d4851a1d" />
    <TestEntry testId="a00f7b88-dcf5-ad47-7698-8713ba1a81ab" executionId="b20c89b1-2c49-4d94-942f-10a4ad3c2719" testListId="8c84fa94-04c1-424b-9868-57a2d4851a1d" />
    <TestEntry testId="80c414af-5874-d05b-df07-60a9f219452e" executionId="ee8dabd7-8061-4a09-932f-06467f0965f5" testListId="8c84fa94-04c1-424b-9868-57a2d4851a1d" />
    <TestEntry testId="fa4fde81-0c7b-6c9e-f074-31329de4ad82" executionId="5f7d483e-e373-444b-9726-826104d81185" testListId="8c84fa94-04c1-424b-9868-57a2d4851a1d" />
    <TestEntry testId="3313d2d0-5480-16e1-f3ac-9d93382371ba" executionId="3e51daf2-ac28-42bf-bf57-61ff1b508684" testListId="8c84fa94-04c1-424b-9868-57a2d4851a1d" />
    <TestEntry testId="88a752e7-5c9d-d926-4dfc-8a1be934c0f9" executionId="24cc4370-dbd6-4f8a-b18d-4150922ae9a8" testListId="8c84fa94-04c1-424b-9868-57a2d4851a1d" />
    <TestEntry testId="538dbcae-3613-3ec0-5462-011bbcef1f66" executionId="54e690d2-4bfd-45bb-af13-85dbe3e6156f" testListId="8c84fa94-04c1-424b-9868-57a2d4851a1d" />
  </TestEntries>
  <Results>
    <UnitTestResult executionId="87c2caae-0efb-49bf-a77d-ff634da30fd5" testId="2da17ebb-99f1-543b-1336-ba260aa88fba" testName="getSettingsTest" computerName="TOLKIEN" duration="00:00:00" startTime="0001-01-01T00:00:00.0000000-05:00" endTime="0001-01-01T00:00:00.0000000-05:00" testType="13cdc9d9-ddb5-4fa4-a97d-d965ccfc6d4b" outcome="NotExecuted" testListId="8c84fa94-04c1-424b-9868-57a2d4851a1d">
    </UnitTestResult>
    <UnitTestResult executionId="14740e1b-bfb6-4893-a847-b92b3f391d50" testId="8cd615c6-e162-c613-892a-65fc09419773" testName="getSettingsUserIDBlank" computerName="TOLKIEN" duration="00:00:00" startTime="0001-01-01T00:00:00.0000000-05:00" endTime="0001-01-01T00:00:00.0000000-05:00" testType="13cdc9d9-ddb5-4fa4-a97d-d965ccfc6d4b" outcome="NotExecuted" testListId="8c84fa94-04c1-424b-9868-57a2d4851a1d">
    </UnitTestResult>
    <UnitTestResult executionId="c9053200-8554-4a09-a3e2-75a009587ecf" testId="60cc931f-8e63-39f9-719e-c12ab9d1a9c9" testName="getSettingTest" computerName="TOLKIEN" duration="00:00:00" startTime="0001-01-01T00:00:00.0000000-05:00" endTime="0001-01-01T00:00:00.0000000-05:00" testType="13cdc9d9-ddb5-4fa4-a97d-d965ccfc6d4b" outcome="NotExecuted" testListId="8c84fa94-04c1-424b-9868-57a2d4851a1d">
    </UnitTestResult>
    <UnitTestResult executionId="6ebba0f2-1d18-4407-b346-ccd428b0e354" testId="f229dc9d-2951-41bb-da77-6b10cc77c319" testName="getSettingUserIDBlank" computerName="TOLKIEN" duration="00:00:00" startTime="0001-01-01T00:00:00.0000000-05:00" endTime="0001-01-01T00:00:00.0000000-05:00" testType="13cdc9d9-ddb5-4fa4-a97d-d965ccfc6d4b" outcome="NotExecuted" testListId="8c84fa94-04c1-424b-9868-57a2d4851a1d">
    </UnitTestResult>
    <UnitTestResult executionId="e44506e5-4f45-4233-b13a-2766dfc00265" testId="c1eb1ab3-71b1-7f0c-d402-7db8c88875e0" testName="getSettingSettingBlank" computerName="TOLKIEN" duration="00:00:00" startTime="0001-01-01T00:00:00.0000000-05:00" endTime="0001-01-01T00:00:00.0000000-05:00" testType="13cdc9d9-ddb5-4fa4-a97d-d965ccfc6d4b" outcome="NotExecuted" testListId="8c84fa94-04c1-424b-9868-57a2d4851a1d">
    </UnitTestResult>
    <UnitTestResult executionId="8eafcb4c-a004-4dac-b003-5d14789c39b3" testId="292697ef-a481-6a95-4841-a0b23aab7616" testName="setSettingTest" computerName="TOLKIEN" duration="00:00:00" startTime="0001-01-01T00:00:00.0000000-05:00" endTime="0001-01-01T00:00:00.0000000-05:00" testType="13cdc9d9-ddb5-4fa4-a97d-d965ccfc6d4b" outcome="NotExecuted" testListId="8c84fa94-04c1-424b-9868-57a2d4851a1d">
    </UnitTestResult>
    <UnitTestResult executionId="062f54e8-d49b-4577-8a9c-3a6f92851a0b" testId="68eb3959-6f6d-2194-65cd-b1eaa7337292" testName="setSettingUserIDBlank" computerName="TOLKIEN" duration="00:00:00" startTime="0001-01-01T00:00:00.0000000-05:00" endTime="0001-01-01T00:00:00.0000000-05:00" testType="13cdc9d9-ddb5-4fa4-a97d-d965ccfc6d4b" outcome="NotExecuted" testListId="8c84fa94-04c1-424b-9868-57a2d4851a1d">
    </UnitTestResult>
    <UnitTestResult executionId="b2f589f6-12a3-440d-8b2a-cd72ce627d16" testId="83dddd9a-5fdf-d50e-591b-83ffd2e26894" testName="setSettingSettingBlank" computerName="TOLKIEN" duration="00:00:00" startTime="0001-01-01T00:00:00.0000000-05:00" endTime="0001-01-01T00:00:00.0000000-05:00" testType="13cdc9d9-ddb5-4fa4-a97d-d965ccfc6d4b" outcome="NotExecuted" testListId="8c84fa94-04c1-424b-9868-57a2d4851a1d">
    </UnitTestResult>
    <UnitTestResult executionId="ca97d66e-1271-44da-ace9-a6ddee93aba1" testId="5a6fb017-10b5-f179-df9d-ec95cc76a963" testName="setSettingSettingMaxLen" computerName="TOLKIEN" duration="00:00:00" startTime="0001-01-01T00:00:00.0000000-05:00" endTime="0001-01-01T00:00:00.0000000-05:00" testType="13cdc9d9-ddb5-4fa4-a97d-d965ccfc6d4b" outcome="NotExecuted" testListId="8c84fa94-04c1-424b-9868-57a2d4851a1d">
    </UnitTestResult>
    <UnitTestResult executionId="663c4398-e2eb-463f-b1cb-d7db8259856e" testId="369638f7-538b-b560-7383-2a599f9e5891" testName="setSettingValueMaxLen" computerName="TOLKIEN" duration="00:00:00" startTime="0001-01-01T00:00:00.0000000-05:00" endTime="0001-01-01T00:00:00.0000000-05:00" testType="13cdc9d9-ddb5-4fa4-a97d-d965ccfc6d4b" outcome="NotExecuted" testListId="8c84fa94-04c1-424b-9868-57a2d4851a1d">
    </UnitTestResult>
    <UnitTestResult executionId="791173a6-3e9b-4b08-a73f-cf1048da35a7" testId="fcca391a-3bf2-a7bd-8a43-2d87c89ccc3b" testName="setSettingValueBlank" computerName="TOLKIEN" duration="00:00:00" startTime="0001-01-01T00:00:00.0000000-05:00" endTime="0001-01-01T00:00:00.0000000-05:00" testType="13cdc9d9-ddb5-4fa4-a97d-d965ccfc6d4b" outcome="NotExecuted" testListId="8c84fa94-04c1-424b-9868-57a2d4851a1d">
    </UnitTestResult>
    <UnitTestResult executionId="e8311238-be75-436a-a250-b0c0a213e7e0" testId="61615b4f-b3ca-d68a-3eb6-d94deb0da781" testName="GetAccountsTest" computerName="TOLKIEN" duration="00:00:00" startTime="0001-01-01T00:00:00.0000000-05:00" endTime="0001-01-01T00:00:00.0000000-05:00" testType="13cdc9d9-ddb5-4fa4-a97d-d965ccfc6d4b" outcome="NotExecuted" testListId="8c84fa94-04c1-424b-9868-57a2d4851a1d">
    </UnitTestResult>
    <UnitTestResult executionId="47430617-14e0-44c1-9b3b-307891ef8d49" testId="95c0682e-1297-4ce1-4725-5f3b047e8687" testName="GetAccountsUserIDNothing" computerName="TOLKIEN" duration="00:00:00" startTime="0001-01-01T00:00:00.0000000-05:00" endTime="0001-01-01T00:00:00.0000000-05:00" testType="13cdc9d9-ddb5-4fa4-a97d-d965ccfc6d4b" outcome="NotExecuted" testListId="8c84fa94-04c1-424b-9868-57a2d4851a1d">
    </UnitTestResult>
    <UnitTestResult executionId="5d9b7bd0-9af9-464a-9c33-f817bdeefe4d" testId="6d337c35-98f0-54b3-f22d-26fc0f00e50a" testName="GetAccountTest" computerName="TOLKIEN" duration="00:00:00" startTime="0001-01-01T00:00:00.0000000-05:00" endTime="0001-01-01T00:00:00.0000000-05:00" testType="13cdc9d9-ddb5-4fa4-a97d-d965ccfc6d4b" outcome="NotExecuted" testListId="8c84fa94-04c1-424b-9868-57a2d4851a1d">
    </UnitTestResult>
    <UnitTestResult executionId="bd0b4255-30be-45b9-be2b-dd2d93170dd6" testId="495b801d-fa26-fed0-0f3c-89b4c2b40633" testName="GetAccountAccountIDNothing" computerName="TOLKIEN" duration="00:00:00" startTime="0001-01-01T00:00:00.0000000-05:00" endTime="0001-01-01T00:00:00.0000000-05:00" testType="13cdc9d9-ddb5-4fa4-a97d-d965ccfc6d4b" outcome="NotExecuted" testListId="8c84fa94-04c1-424b-9868-57a2d4851a1d">
    </UnitTestResult>
    <UnitTestResult executionId="d77a99f8-70cf-42b2-a741-b3619726f99d" testId="8dcb2405-5c91-c749-7201-777f5347a181" testName="AddAccountTest" computerName="TOLKIEN" duration="00:00:00" startTime="0001-01-01T00:00:00.0000000-05:00" endTime="0001-01-01T00:00:00.0000000-05:00" testType="13cdc9d9-ddb5-4fa4-a97d-d965ccfc6d4b" outcome="NotExecuted" testListId="8c84fa94-04c1-424b-9868-57a2d4851a1d">
    </UnitTestResult>
    <UnitTestResult executionId="19a28346-7344-4c2c-9ef9-dd6033ba1fcf" testId="587660b0-3b90-02e1-7b54-03c664507fce" testName="AddAccountAccountNothing" computerName="TOLKIEN" duration="00:00:00" startTime="0001-01-01T00:00:00.0000000-05:00" endTime="0001-01-01T00:00:00.0000000-05:00" testType="13cdc9d9-ddb5-4fa4-a97d-d965ccfc6d4b" outcome="NotExecuted" testListId="8c84fa94-04c1-424b-9868-57a2d4851a1d">
    </UnitTestResult>
    <UnitTestResult executionId="9a5f16be-5438-42ca-b18c-048ed80bc02e" testId="b1348d03-fa8d-98c0-743c-70a5fbb29395" testName="AddAccountAccountNumberMaxLen" computerName="TOLKIEN" duration="00:00:00" startTime="0001-01-01T00:00:00.0000000-05:00" endTime="0001-01-01T00:00:00.0000000-05:00" testType="13cdc9d9-ddb5-4fa4-a97d-d965ccfc6d4b" outcome="NotExecuted" testListId="8c84fa94-04c1-424b-9868-57a2d4851a1d">
    </UnitTestResult>
    <UnitTestResult executionId="3e0a0c97-9ecb-4b52-86ec-92dba0c6ed7f" testId="76e91602-d7b1-974d-3752-f1032f6e14fd" testName="AddAccountAccountNameNothing" computerName="TOLKIEN" duration="00:00:00" startTime="0001-01-01T00:00:00.0000000-05:00" endTime="0001-01-01T00:00:00.0000000-05:00" testType="13cdc9d9-ddb5-4fa4-a97d-d965ccfc6d4b" outcome="NotExecuted" testListId="8c84fa94-04c1-424b-9868-57a2d4851a1d">
    </UnitTestResult>
    <UnitTestResult executionId="180c45ca-28c2-407e-a8dd-a58e207cee2f" testId="6f61982a-b51b-27fe-1f93-482011c4b473" testName="AddAccountAccountNameMaxLen" computerName="TOLKIEN" duration="00:00:00" startTime="0001-01-01T00:00:00.0000000-05:00" endTime="0001-01-01T00:00:00.0000000-05:00" testType="13cdc9d9-ddb5-4fa4-a97d-d965ccfc6d4b" outcome="NotExecuted" testListId="8c84fa94-04c1-424b-9868-57a2d4851a1d">
    </UnitTestResult>
    <UnitTestResult executionId="a8d9570a-f41c-41b1-9fd8-56acbb159e75" testId="087effc2-bf96-1942-c83f-68f5aa5d2005" testName="AddAccountAccountTypeMaxLen" computerName="TOLKIEN" duration="00:00:00" startTime="0001-01-01T00:00:00.0000000-05:00" endTime="0001-01-01T00:00:00.0000000-05:00" testType="13cdc9d9-ddb5-4fa4-a97d-d965ccfc6d4b" outcome="NotExecuted" testListId="8c84fa94-04c1-424b-9868-57a2d4851a1d">
    </UnitTestResult>
    <UnitTestResult executionId="b47fbee8-5a32-4de7-abec-d03ec8d18667" testId="d1360a53-95ee-b75a-cf14-ff4641961f1d" testName="AddAccountActiveStatusNotYN" computerName="TOLKIEN" duration="00:00:00" startTime="0001-01-01T00:00:00.0000000-05:00" endTime="0001-01-01T00:00:00.0000000-05:00" testType="13cdc9d9-ddb5-4fa4-a97d-d965ccfc6d4b" outcome="NotExecuted" testListId="8c84fa94-04c1-424b-9868-57a2d4851a1d">
    </UnitTestResult>
    <UnitTestResult executionId="0845d5cb-9580-4c91-85de-817a133f1225" testId="b34318a0-b694-1c59-0274-13c5f648813a" testName="AddAccountUserIDNothing" computerName="TOLKIEN" duration="00:00:00" startTime="0001-01-01T00:00:00.0000000-05:00" endTime="0001-01-01T00:00:00.0000000-05:00" testType="13cdc9d9-ddb5-4fa4-a97d-d965ccfc6d4b" outcome="NotExecuted" testListId="8c84fa94-04c1-424b-9868-57a2d4851a1d">
    </UnitTestResult>
    <UnitTestResult executionId="82f2eca9-6967-4e8b-83c3-8bbbe1622f6d" testId="acd7067b-97cd-802a-af1a-b1adb9e60800" testName="AccountUpdateTest" computerName="TOLKIEN" duration="00:00:00" startTime="0001-01-01T00:00:00.0000000-05:00" endTime="0001-01-01T00:00:00.0000000-05:00" testType="13cdc9d9-ddb5-4fa4-a97d-d965ccfc6d4b" outcome="NotExecuted" testListId="8c84fa94-04c1-424b-9868-57a2d4851a1d">
    </UnitTestResult>
    <UnitTestResult executionId="20463f23-db64-4fd7-98e5-e93d8f44edc9" testId="15012bb2-b8a7-b9c7-7871-b29804a6aa37" testName="AccountUpdateAccountNothing" computerName="TOLKIEN" duration="00:00:00" startTime="0001-01-01T00:00:00.0000000-05:00" endTime="0001-01-01T00:00:00.0000000-05:00" testType="13cdc9d9-ddb5-4fa4-a97d-d965ccfc6d4b" outcome="NotExecuted" testListId="8c84fa94-04c1-424b-9868-57a2d4851a1d">
    </UnitTestResult>
    <UnitTestResult executionId="67d4b56e-e681-4673-a383-08916c621957" testId="d45c411c-5ad0-5299-8bb1-88f95d2c7618" testName="AccountUpdateAccountIDNothing" computerName="TOLKIEN" duration="00:00:00" startTime="0001-01-01T00:00:00.0000000-05:00" endTime="0001-01-01T00:00:00.0000000-05:00" testType="13cdc9d9-ddb5-4fa4-a97d-d965ccfc6d4b" outcome="NotExecuted" testListId="8c84fa94-04c1-424b-9868-57a2d4851a1d">
    </UnitTestResult>
    <UnitTestResult executionId="5e23dbd1-85c7-441b-9d18-c0ebf53d6517" testId="fd0567ca-ebac-cdf4-0d35-eaae1abf4f60" testName="AccountUpdateAccountNumberMaxLen" computerName="TOLKIEN" duration="00:00:00" startTime="0001-01-01T00:00:00.0000000-05:00" endTime="0001-01-01T00:00:00.0000000-05:00" testType="13cdc9d9-ddb5-4fa4-a97d-d965ccfc6d4b" outcome="NotExecuted" testListId="8c84fa94-04c1-424b-9868-57a2d4851a1d">
    </UnitTestResult>
    <UnitTestResult executionId="e8fce466-a06b-4e64-aa0b-c50940cf03a3" testId="8c6905af-52bc-76a0-b628-ad32132409ba" testName="AccountUpdateAccountNameNothing" computerName="TOLKIEN" duration="00:00:00" startTime="0001-01-01T00:00:00.0000000-05:00" endTime="0001-01-01T00:00:00.0000000-05:00" testType="13cdc9d9-ddb5-4fa4-a97d-d965ccfc6d4b" outcome="NotExecuted" testListId="8c84fa94-04c1-424b-9868-57a2d4851a1d">
    </UnitTestResult>
    <UnitTestResult executionId="fbb30f14-f2b5-4bb8-aea1-6c60578aac47" testId="ab937ec4-62dc-9a36-31d9-81e0a9987ee7" testName="AccountUpdateAccountNameMaxLen" computerName="TOLKIEN" duration="00:00:00" startTime="0001-01-01T00:00:00.0000000-05:00" endTime="0001-01-01T00:00:00.0000000-05:00" testType="13cdc9d9-ddb5-4fa4-a97d-d965ccfc6d4b" outcome="NotExecuted" testListId="8c84fa94-04c1-424b-9868-57a2d4851a1d">
    </UnitTestResult>
    <UnitTestResult executionId="f8104ae9-cbd1-4feb-9eaa-2056ae0a1cf6" testId="dc103d46-66d3-5339-3760-9e1aa3967d68" testName="AccountUpdateAccountTypeMaxLen" computerName="TOLKIEN" duration="00:00:00" startTime="0001-01-01T00:00:00.0000000-05:00" endTime="0001-01-01T00:00:00.0000000-05:00" testType="13cdc9d9-ddb5-4fa4-a97d-d965ccfc6d4b" outcome="NotExecuted" testListId="8c84fa94-04c1-424b-9868-57a2d4851a1d">
    </UnitTestResult>
    <UnitTestResult executionId="73ac58ee-d7fa-4efa-9091-ea4c4dd9cc7e" testId="78580d61-10eb-61e0-ce2a-90979662c9fc" testName="AccountUpdateActiveStatusNotYN" computerName="TOLKIEN" duration="00:00:00" startTime="0001-01-01T00:00:00.0000000-05:00" endTime="0001-01-01T00:00:00.0000000-05:00" testType="13cdc9d9-ddb5-4fa4-a97d-d965ccfc6d4b" outcome="NotExecuted" testListId="8c84fa94-04c1-424b-9868-57a2d4851a1d">
    </UnitTestResult>
    <UnitTestResult executionId="a21a147e-09a1-4c72-87e7-e4998c4f301f" testId="b47ab333-b0fd-87a2-450b-d6079dce8ac2" testName="DeleteAccountTest" computerName="TOLKIEN" duration="00:00:00" startTime="0001-01-01T00:00:00.0000000-05:00" endTime="0001-01-01T00:00:00.0000000-05:00" testType="13cdc9d9-ddb5-4fa4-a97d-d965ccfc6d4b" outcome="NotExecuted" testListId="8c84fa94-04c1-424b-9868-57a2d4851a1d">
    </UnitTestResult>
    <UnitTestResult executionId="bb0aa080-12ac-42aa-b7a7-40f6bbde5dea" testId="8ba97d74-e039-ca12-665d-09ebe63ca7ce" testName="DeleteAccountAccountIDNothing" computerName="TOLKIEN" duration="00:00:00" startTime="0001-01-01T00:00:00.0000000-05:00" endTime="0001-01-01T00:00:00.0000000-05:00" testType="13cdc9d9-ddb5-4fa4-a97d-d965ccfc6d4b" outcome="NotExecuted" testListId="8c84fa94-04c1-424b-9868-57a2d4851a1d">
    </UnitTestResult>
    <UnitTestResult executionId="deb9452f-76cc-4856-b921-1cf98557e092" testId="cb8df43f-6492-dd91-9c3b-f64ea6d0afbc" testName="GetBudgetsTest" computerName="TOLKIEN" duration="00:00:00" startTime="0001-01-01T00:00:00.0000000-05:00" endTime="0001-01-01T00:00:00.0000000-05:00" testType="13cdc9d9-ddb5-4fa4-a97d-d965ccfc6d4b" outcome="NotExecuted" testListId="8c84fa94-04c1-424b-9868-57a2d4851a1d">
    </UnitTestResult>
    <UnitTestResult executionId="6d0782f7-d703-4df0-a56b-ab627918ef21" testId="ebd39db0-e74b-3bd5-c867-9e8d1f912965" testName="GetBudgetsUserIDBlank" computerName="TOLKIEN" duration="00:00:00" startTime="0001-01-01T00:00:00.0000000-05:00" endTime="0001-01-01T00:00:00.0000000-05:00" testType="13cdc9d9-ddb5-4fa4-a97d-d965ccfc6d4b" outcome="NotExecuted" testListId="8c84fa94-04c1-424b-9868-57a2d4851a1d">
    </UnitTestResult>
    <UnitTestResult executionId="9be35c86-5619-49fa-9450-dca75bab27b5" testId="7a67e1af-a886-d057-74bb-d7a715ebb35b" testName="GetBudgetsByCriteriaTest" computerName="TOLKIEN" duration="00:00:00" startTime="0001-01-01T00:00:00.0000000-05:00" endTime="0001-01-01T00:00:00.0000000-05:00" testType="13cdc9d9-ddb5-4fa4-a97d-d965ccfc6d4b" outcome="NotExecuted" testListId="8c84fa94-04c1-424b-9868-57a2d4851a1d">
    </UnitTestResult>
    <UnitTestResult executionId="039b1d96-edf9-435b-b955-d986b94c217f" testId="ec84c0d8-8089-6d3c-3b32-6d388f8132a6" testName="AddBudgetTest" computerName="TOLKIEN" duration="00:00:00" startTime="0001-01-01T00:00:00.0000000-05:00" endTime="0001-01-01T00:00:00.0000000-05:00" testType="13cdc9d9-ddb5-4fa4-a97d-d965ccfc6d4b" outcome="NotExecuted" testListId="8c84fa94-04c1-424b-9868-57a2d4851a1d">
    </UnitTestResult>
    <UnitTestResult executionId="709f6e28-5c23-4bd0-a28b-162cc43fa18b" testId="051888c9-8a45-0bb7-a0d4-714b442283af" testName="AddBudgetBudgetNothing" computerName="TOLKIEN" duration="00:00:00" startTime="0001-01-01T00:00:00.0000000-05:00" endTime="0001-01-01T00:00:00.0000000-05:00" testType="13cdc9d9-ddb5-4fa4-a97d-d965ccfc6d4b" outcome="NotExecuted" testListId="8c84fa94-04c1-424b-9868-57a2d4851a1d">
    </UnitTestResult>
    <UnitTestResult executionId="3f91627d-d526-4890-9dad-5119f753900a" testId="4486fb42-6e67-f081-7552-b679d25d695f" testName="AddBudgetStartDateBlank" computerName="TOLKIEN" duration="00:00:00" startTime="0001-01-01T00:00:00.0000000-05:00" endTime="0001-01-01T00:00:00.0000000-05:00" testType="13cdc9d9-ddb5-4fa4-a97d-d965ccfc6d4b" outcome="NotExecuted" testListId="8c84fa94-04c1-424b-9868-57a2d4851a1d">
    </UnitTestResult>
    <UnitTestResult executionId="4a541ab3-85bc-485d-bf1c-a611e68e9004" testId="76dd44d9-ff6d-af09-8821-f2463b66ed80" testName="AddBudgetSubcategoryBlank" computerName="TOLKIEN" duration="00:00:00" startTime="0001-01-01T00:00:00.0000000-05:00" endTime="0001-01-01T00:00:00.0000000-05:00" testType="13cdc9d9-ddb5-4fa4-a97d-d965ccfc6d4b" outcome="NotExecuted" testListId="8c84fa94-04c1-424b-9868-57a2d4851a1d">
    </UnitTestResult>
    <UnitTestResult executionId="e4bb2313-4cd7-46e5-badb-71ecd64bd567" testId="61fdb9d7-48c5-641a-6f66-dfa77bb5a005" testName="AddBudgetFrequencyBlank" computerName="TOLKIEN" duration="00:00:00" startTime="0001-01-01T00:00:00.0000000-05:00" endTime="0001-01-01T00:00:00.0000000-05:00" testType="13cdc9d9-ddb5-4fa4-a97d-d965ccfc6d4b" outcome="NotExecuted" testListId="8c84fa94-04c1-424b-9868-57a2d4851a1d">
    </UnitTestResult>
    <UnitTestResult executionId="cd3a8ef9-84e8-44cd-88ec-e8285ff374d0" testId="976ae5f8-6c26-174f-136c-aff26d2da02f" testName="AddBudgetUserIDBlank" computerName="TOLKIEN" duration="00:00:00" startTime="0001-01-01T00:00:00.0000000-05:00" endTime="0001-01-01T00:00:00.0000000-05:00" testType="13cdc9d9-ddb5-4fa4-a97d-d965ccfc6d4b" outcome="NotExecuted" testListId="8c84fa94-04c1-424b-9868-57a2d4851a1d">
    </UnitTestResult>
    <UnitTestResult executionId="e92711a3-226d-4ada-991d-1eebf46615f6" testId="4a8176c5-a77c-0df9-87fa-be9df67b74cb" testName="UpdateBudgetTest" computerName="TOLKIEN" duration="00:00:00" startTime="0001-01-01T00:00:00.0000000-05:00" endTime="0001-01-01T00:00:00.0000000-05:00" testType="13cdc9d9-ddb5-4fa4-a97d-d965ccfc6d4b" outcome="NotExecuted" testListId="8c84fa94-04c1-424b-9868-57a2d4851a1d">
    </UnitTestResult>
    <UnitTestResult executionId="3620942c-fb1c-4916-af6d-1e298994a270" testId="f4e61a2b-e0fc-ae40-938e-060246d5db66" testName="UpdateBudgetBudgetNothing" computerName="TOLKIEN" duration="00:00:00" startTime="0001-01-01T00:00:00.0000000-05:00" endTime="0001-01-01T00:00:00.0000000-05:00" testType="13cdc9d9-ddb5-4fa4-a97d-d965ccfc6d4b" outcome="NotExecuted" testListId="8c84fa94-04c1-424b-9868-57a2d4851a1d">
    </UnitTestResult>
    <UnitTestResult executionId="5b1e8ea0-d6ac-4242-87fa-45ef90754da8" testId="f072707e-36bf-6cb2-fd1d-066aa43590df" testName="UpdateBudgetBudgetIDBlank" computerName="TOLKIEN" duration="00:00:00" startTime="0001-01-01T00:00:00.0000000-05:00" endTime="0001-01-01T00:00:00.0000000-05:00" testType="13cdc9d9-ddb5-4fa4-a97d-d965ccfc6d4b" outcome="NotExecuted" testListId="8c84fa94-04c1-424b-9868-57a2d4851a1d">
    </UnitTestResult>
    <UnitTestResult executionId="4effe44f-bff4-4272-beb7-d1380f2530b0" testId="2961bbf1-146b-0935-82b2-1ae35615a987" testName="UpdateBudgetSubcategoryIDBlank" computerName="TOLKIEN" duration="00:00:00" startTime="0001-01-01T00:00:00.0000000-05:00" endTime="0001-01-01T00:00:00.0000000-05:00" testType="13cdc9d9-ddb5-4fa4-a97d-d965ccfc6d4b" outcome="NotExecuted" testListId="8c84fa94-04c1-424b-9868-57a2d4851a1d">
    </UnitTestResult>
    <UnitTestResult executionId="9e9ae2a2-74b4-4525-aa48-060c1925cfc0" testId="aa01915b-fe45-c694-5349-093d2378bbbf" testName="UpdateBudgetFrequencyIDBlank" computerName="TOLKIEN" duration="00:00:00" startTime="0001-01-01T00:00:00.0000000-05:00" endTime="0001-01-01T00:00:00.0000000-05:00" testType="13cdc9d9-ddb5-4fa4-a97d-d965ccfc6d4b" outcome="NotExecuted" testListId="8c84fa94-04c1-424b-9868-57a2d4851a1d">
    </UnitTestResult>
    <UnitTestResult executionId="900a715d-7a31-415a-888b-c074a80e17ff" testId="b7f0e8a2-8926-f837-3cda-c1c849c6826c" testName="UpdateBudgetStartDateBlank" computerName="TOLKIEN" duration="00:00:00" startTime="0001-01-01T00:00:00.0000000-05:00" endTime="0001-01-01T00:00:00.0000000-05:00" testType="13cdc9d9-ddb5-4fa4-a97d-d965ccfc6d4b" outcome="NotExecuted" testListId="8c84fa94-04c1-424b-9868-57a2d4851a1d">
    </UnitTestResult>
    <UnitTestResult executionId="e59d4b97-c8d7-4ac6-a08f-454647c5b8c1" testId="c0411296-3ae8-697f-2af6-c4ea40140d13" testName="deleteBudgetTest" computerName="TOLKIEN" duration="00:00:00" startTime="0001-01-01T00:00:00.0000000-05:00" endTime="0001-01-01T00:00:00.0000000-05:00" testType="13cdc9d9-ddb5-4fa4-a97d-d965ccfc6d4b" outcome="NotExecuted" testListId="8c84fa94-04c1-424b-9868-57a2d4851a1d">
    </UnitTestResult>
    <UnitTestResult executionId="a749ab9a-c2d0-403c-b80d-40d1bac4b218" testId="799311e6-1da3-8fae-d135-4dafc9b3c1eb" testName="deleteBudgetBudgetIDBlank" computerName="TOLKIEN" duration="00:00:00" startTime="0001-01-01T00:00:00.0000000-05:00" endTime="0001-01-01T00:00:00.0000000-05:00" testType="13cdc9d9-ddb5-4fa4-a97d-d965ccfc6d4b" outcome="NotExecuted" testListId="8c84fa94-04c1-424b-9868-57a2d4851a1d">
    </UnitTestResult>
    <UnitTestResult executionId="0dd5489a-bdcd-4d50-88ce-d835dc0e7da2" testId="fa94ca7c-1aae-2e32-1d1b-d0e45ca41440" testName="getCategoriesTest" computerName="TOLKIEN" duration="00:00:00" startTime="0001-01-01T00:00:00.0000000-05:00" endTime="0001-01-01T00:00:00.0000000-05:00" testType="13cdc9d9-ddb5-4fa4-a97d-d965ccfc6d4b" outcome="NotExecuted" testListId="8c84fa94-04c1-424b-9868-57a2d4851a1d">
    </UnitTestResult>
    <UnitTestResult executionId="c8140a57-f944-4c1a-a6a6-83c57f8cf0ea" testId="63c8983e-264f-303a-d3eb-9b4d25fe86d5" testName="getCategoriesUserIDNothing" computerName="TOLKIEN" duration="00:00:00" startTime="0001-01-01T00:00:00.0000000-05:00" endTime="0001-01-01T00:00:00.0000000-05:00" testType="13cdc9d9-ddb5-4fa4-a97d-d965ccfc6d4b" outcome="NotExecuted" testListId="8c84fa94-04c1-424b-9868-57a2d4851a1d">
    </UnitTestResult>
    <UnitTestResult executionId="b32fcfa4-34f9-4d6e-a43c-58ebbedf5bcc" testId="28a40b92-ebf0-3021-bfd0-8669c95f701b" testName="addCategoryTest" computerName="TOLKIEN" duration="00:00:00" startTime="0001-01-01T00:00:00.0000000-05:00" endTime="0001-01-01T00:00:00.0000000-05:00" testType="13cdc9d9-ddb5-4fa4-a97d-d965ccfc6d4b" outcome="NotExecuted" testListId="8c84fa94-04c1-424b-9868-57a2d4851a1d">
    </UnitTestResult>
    <UnitTestResult executionId="d75cca55-6d63-491c-b5bb-433064c9d6af" testId="0fca1d8a-cdd0-27c2-fb9e-0f26a9f562df" testName="addCategoryNothing" computerName="TOLKIEN" duration="00:00:00" startTime="0001-01-01T00:00:00.0000000-05:00" endTime="0001-01-01T00:00:00.0000000-05:00" testType="13cdc9d9-ddb5-4fa4-a97d-d965ccfc6d4b" outcome="NotExecuted" testListId="8c84fa94-04c1-424b-9868-57a2d4851a1d">
    </UnitTestResult>
    <UnitTestResult executionId="18f6daf3-b093-4356-8f7f-448844f633af" testId="ff7fb138-6236-24d9-747a-2dd6d9883235" testName="addCategoryDescriptionNothing" computerName="TOLKIEN" duration="00:00:00" startTime="0001-01-01T00:00:00.0000000-05:00" endTime="0001-01-01T00:00:00.0000000-05:00" testType="13cdc9d9-ddb5-4fa4-a97d-d965ccfc6d4b" outcome="NotExecuted" testListId="8c84fa94-04c1-424b-9868-57a2d4851a1d">
    </UnitTestResult>
    <UnitTestResult executionId="ee14b007-4936-4ae9-9e4f-b50efa4c83c1" testId="58a09de1-5830-1f36-c16c-3939c3e6e900" testName="addCategoryDescriptionMaxLen" computerName="TOLKIEN" duration="00:00:00" startTime="0001-01-01T00:00:00.0000000-05:00" endTime="0001-01-01T00:00:00.0000000-05:00" testType="13cdc9d9-ddb5-4fa4-a97d-d965ccfc6d4b" outcome="NotExecuted" testListId="8c84fa94-04c1-424b-9868-57a2d4851a1d">
    </UnitTestResult>
    <UnitTestResult executionId="32f02e02-d1ad-4a8d-9384-3ffe5bb2f6f4" testId="532e8336-e148-b747-29ed-96f8fa85edc7" testName="addCategoryUserIDNothing" computerName="TOLKIEN" duration="00:00:00" startTime="0001-01-01T00:00:00.0000000-05:00" endTime="0001-01-01T00:00:00.0000000-05:00" testType="13cdc9d9-ddb5-4fa4-a97d-d965ccfc6d4b" outcome="NotExecuted" testListId="8c84fa94-04c1-424b-9868-57a2d4851a1d">
    </UnitTestResult>
    <UnitTestResult executionId="924b3258-fb08-4fc7-875a-4b8c1e575433" testId="8fc9d453-58a3-7668-636c-73ada71a9a28" testName="updateCategoryTest" computerName="TOLKIEN" duration="00:00:00" startTime="0001-01-01T00:00:00.0000000-05:00" endTime="0001-01-01T00:00:00.0000000-05:00" testType="13cdc9d9-ddb5-4fa4-a97d-d965ccfc6d4b" outcome="NotExecuted" testListId="8c84fa94-04c1-424b-9868-57a2d4851a1d">
    </UnitTestResult>
    <UnitTestResult executionId="7044c1a4-e1d1-41a8-ae59-6afdf73713c8" testId="a59c967c-b286-ecbe-5787-275fa8e4e9c9" testName="updateCategoryNothing" computerName="TOLKIEN" duration="00:00:00" startTime="0001-01-01T00:00:00.0000000-05:00" endTime="0001-01-01T00:00:00.0000000-05:00" testType="13cdc9d9-ddb5-4fa4-a97d-d965ccfc6d4b" outcome="NotExecuted" testListId="8c84fa94-04c1-424b-9868-57a2d4851a1d">
    </UnitTestResult>
    <UnitTestResult executionId="39075e91-729e-4d8f-bdb7-8b26329b365a" testId="a8ff8f1a-6307-d134-859e-78279102c9ce" testName="updateCategoryCategoryIDNothing" computerName="TOLKIEN" duration="00:00:00" startTime="0001-01-01T00:00:00.0000000-05:00" endTime="0001-01-01T00:00:00.0000000-05:00" testType="13cdc9d9-ddb5-4fa4-a97d-d965ccfc6d4b" outcome="NotExecuted" testListId="8c84fa94-04c1-424b-9868-57a2d4851a1d">
    </UnitTestResult>
    <UnitTestResult executionId="4a7fbad7-58f6-4bb6-acc7-a96e58ea1f0c" testId="a2d96dcc-0274-ae96-1084-c6eeaf735a67" testName="updateCategoryDescriptionNothing" computerName="TOLKIEN" duration="00:00:00" startTime="0001-01-01T00:00:00.0000000-05:00" endTime="0001-01-01T00:00:00.0000000-05:00" testType="13cdc9d9-ddb5-4fa4-a97d-d965ccfc6d4b" outcome="NotExecuted" testListId="8c84fa94-04c1-424b-9868-57a2d4851a1d">
    </UnitTestResult>
    <UnitTestResult executionId="4c3bd942-edaa-4ad0-b2ad-5f9f94083a98" testId="75e6fe92-6338-062a-4fee-95765bf801c5" testName="updateCategoryUserIDNothing" computerName="TOLKIEN" duration="00:00:00" startTime="0001-01-01T00:00:00.0000000-05:00" endTime="0001-01-01T00:00:00.0000000-05:00" testType="13cdc9d9-ddb5-4fa4-a97d-d965ccfc6d4b" outcome="NotExecuted" testListId="8c84fa94-04c1-424b-9868-57a2d4851a1d">
    </UnitTestResult>
    <UnitTestResult executionId="c9a94b6f-86fd-4901-9eda-1cc882ac69e5" testId="0bdfe357-59d7-2115-bc84-10e25df0e6f5" testName="deleteCategoryTest" computerName="TOLKIEN" duration="00:00:00" startTime="0001-01-01T00:00:00.0000000-05:00" endTime="0001-01-01T00:00:00.0000000-05:00" testType="13cdc9d9-ddb5-4fa4-a97d-d965ccfc6d4b" outcome="NotExecuted" testListId="8c84fa94-04c1-424b-9868-57a2d4851a1d">
    </UnitTestResult>
    <UnitTestResult executionId="1629a5d9-6589-41a5-8bad-22a1c8652852" testId="23cfea9f-164f-f9a5-24c4-692d1157d70d" testName="deleteCategoryCategoryIDNothing" computerName="TOLKIEN" duration="00:00:00" startTime="0001-01-01T00:00:00.0000000-05:00" endTime="0001-01-01T00:00:00.0000000-05:00" testType="13cdc9d9-ddb5-4fa4-a97d-d965ccfc6d4b" outcome="NotExecuted" testListId="8c84fa94-04c1-424b-9868-57a2d4851a1d">
    </UnitTestResult>
    <UnitTestResult executionId="3cc5a513-d890-4c07-a82c-e31d009d378f" testId="2e218b54-9cdc-19a6-f73f-134529b0d574" testName="getFrequenciesTest" computerName="TOLKIEN" duration="00:00:00" startTime="0001-01-01T00:00:00.0000000-05:00" endTime="0001-01-01T00:00:00.0000000-05:00" testType="13cdc9d9-ddb5-4fa4-a97d-d965ccfc6d4b" outcome="NotExecuted" testListId="8c84fa94-04c1-424b-9868-57a2d4851a1d">
    </UnitTestResult>
    <UnitTestResult executionId="0428f009-7410-4fbc-b97d-f34fad8074ca" testId="83ec55a3-815a-67d2-b2f2-28b93a616423" testName="getFrequenciesUserIDNothing" computerName="TOLKIEN" duration="00:00:00" startTime="0001-01-01T00:00:00.0000000-05:00" endTime="0001-01-01T00:00:00.0000000-05:00" testType="13cdc9d9-ddb5-4fa4-a97d-d965ccfc6d4b" outcome="NotExecuted" testListId="8c84fa94-04c1-424b-9868-57a2d4851a1d">
    </UnitTestResult>
    <UnitTestResult executionId="13e65ad4-374f-4eb8-af54-010cb0b64660" testId="8a4ba671-1448-8492-2b78-1b765c8a587b" testName="addFrequencyTest" computerName="TOLKIEN" duration="00:00:00" startTime="0001-01-01T00:00:00.0000000-05:00" endTime="0001-01-01T00:00:00.0000000-05:00" testType="13cdc9d9-ddb5-4fa4-a97d-d965ccfc6d4b" outcome="NotExecuted" testListId="8c84fa94-04c1-424b-9868-57a2d4851a1d">
    </UnitTestResult>
    <UnitTestResult executionId="0326917c-3e03-4f2b-9690-56f99541e7e1" testId="afdd3970-ef14-572c-7490-d181ac1ccd1e" testName="addFrequencyNothing" computerName="TOLKIEN" duration="00:00:00" startTime="0001-01-01T00:00:00.0000000-05:00" endTime="0001-01-01T00:00:00.0000000-05:00" testType="13cdc9d9-ddb5-4fa4-a97d-d965ccfc6d4b" outcome="NotExecuted" testListId="8c84fa94-04c1-424b-9868-57a2d4851a1d">
    </UnitTestResult>
    <UnitTestResult executionId="d9490080-4f45-4647-b2b8-a5e3e158e191" testId="b1452ef1-13ca-46e9-c44f-98baa104fb92" testName="addFrequencyDescriptionNothing" computerName="TOLKIEN" duration="00:00:00" startTime="0001-01-01T00:00:00.0000000-05:00" endTime="0001-01-01T00:00:00.0000000-05:00" testType="13cdc9d9-ddb5-4fa4-a97d-d965ccfc6d4b" outcome="NotExecuted" testListId="8c84fa94-04c1-424b-9868-57a2d4851a1d">
    </UnitTestResult>
    <UnitTestResult executionId="1038cdde-6918-4a86-ba2f-f5360df613e1" testId="94aa3a89-922e-c096-871a-c4ffb87404f0" testName="addFrequencyDescriptionMaxLen" computerName="TOLKIEN" duration="00:00:00" startTime="0001-01-01T00:00:00.0000000-05:00" endTime="0001-01-01T00:00:00.0000000-05:00" testType="13cdc9d9-ddb5-4fa4-a97d-d965ccfc6d4b" outcome="NotExecuted" testListId="8c84fa94-04c1-424b-9868-57a2d4851a1d">
    </UnitTestResult>
    <UnitTestResult executionId="5ad03d90-a08b-4030-b08c-e6ca2d56a30b" testId="0c5517d4-5316-3e21-871a-fa8800272a65" testName="addFrequencyMonthsNegative" computerName="TOLKIEN" duration="00:00:00" startTime="0001-01-01T00:00:00.0000000-05:00" endTime="0001-01-01T00:00:00.0000000-05:00" testType="13cdc9d9-ddb5-4fa4-a97d-d965ccfc6d4b" outcome="NotExecuted" testListId="8c84fa94-04c1-424b-9868-57a2d4851a1d">
    </UnitTestResult>
    <UnitTestResult executionId="ebe701d9-a7d8-41a6-8832-5522062c8023" testId="4c8b2cdb-4eab-b6f9-ff74-242bf524db2e" testName="addFrequencyUserIDNothing" computerName="TOLKIEN" duration="00:00:00" startTime="0001-01-01T00:00:00.0000000-05:00" endTime="0001-01-01T00:00:00.0000000-05:00" testType="13cdc9d9-ddb5-4fa4-a97d-d965ccfc6d4b" outcome="NotExecuted" testListId="8c84fa94-04c1-424b-9868-57a2d4851a1d">
    </UnitTestResult>
    <UnitTestResult executionId="9f6ec895-0040-409b-8ccf-7c4660dc7f48" testId="d3b64b82-0b84-680f-9e31-0c326c489dc9" testName="updateFrequencyTest" computerName="TOLKIEN" duration="00:00:00" startTime="0001-01-01T00:00:00.0000000-05:00" endTime="0001-01-01T00:00:00.0000000-05:00" testType="13cdc9d9-ddb5-4fa4-a97d-d965ccfc6d4b" outcome="NotExecuted" testListId="8c84fa94-04c1-424b-9868-57a2d4851a1d">
    </UnitTestResult>
    <UnitTestResult executionId="79abf00f-5573-4fcc-a2bb-41be8f5faad6" testId="06d70802-cbf3-0105-85fe-1032f68b0c57" testName="updateFrequencyNothing" computerName="TOLKIEN" duration="00:00:00" startTime="0001-01-01T00:00:00.0000000-05:00" endTime="0001-01-01T00:00:00.0000000-05:00" testType="13cdc9d9-ddb5-4fa4-a97d-d965ccfc6d4b" outcome="NotExecuted" testListId="8c84fa94-04c1-424b-9868-57a2d4851a1d">
    </UnitTestResult>
    <UnitTestResult executionId="8af1a1da-10cd-4ded-8d5e-6582830b4932" testId="899e468f-0f82-8f87-b2c5-dd542356cd37" testName="updateFrequencyFrequencyIDNothing" computerName="TOLKIEN" duration="00:00:00" startTime="0001-01-01T00:00:00.0000000-05:00" endTime="0001-01-01T00:00:00.0000000-05:00" testType="13cdc9d9-ddb5-4fa4-a97d-d965ccfc6d4b" outcome="NotExecuted" testListId="8c84fa94-04c1-424b-9868-57a2d4851a1d">
    </UnitTestResult>
    <UnitTestResult executionId="8a28efce-9ab0-4734-aeef-a9d0f2b594db" testId="a4fa7f01-082a-f733-8a2d-b25ea8023d30" testName="updateFrequencyDescriptionNothing" computerName="TOLKIEN" duration="00:00:00" startTime="0001-01-01T00:00:00.0000000-05:00" endTime="0001-01-01T00:00:00.0000000-05:00" testType="13cdc9d9-ddb5-4fa4-a97d-d965ccfc6d4b" outcome="NotExecuted" testListId="8c84fa94-04c1-424b-9868-57a2d4851a1d">
    </UnitTestResult>
    <UnitTestResult executionId="d2cf7498-a006-4f29-b404-9a932e0bcc47" testId="38af75c1-03ea-b909-29fa-879e4a97d0ad" testName="updateFrequencyDescriptionMaxLen" computerName="TOLKIEN" duration="00:00:00" startTime="0001-01-01T00:00:00.0000000-05:00" endTime="0001-01-01T00:00:00.0000000-05:00" testType="13cdc9d9-ddb5-4fa4-a97d-d965ccfc6d4b" outcome="NotExecuted" testListId="8c84fa94-04c1-424b-9868-57a2d4851a1d">
    </UnitTestResult>
    <UnitTestResult executionId="de6bb41a-22b1-498f-a6e0-b75875a6c0ef" testId="3f53a5bc-85ec-b5b1-a732-530a68ca5fa8" testName="updateFrequencyMonthsNegative" computerName="TOLKIEN" duration="00:00:00" startTime="0001-01-01T00:00:00.0000000-05:00" endTime="0001-01-01T00:00:00.0000000-05:00" testType="13cdc9d9-ddb5-4fa4-a97d-d965ccfc6d4b" outcome="NotExecuted" testListId="8c84fa94-04c1-424b-9868-57a2d4851a1d">
    </UnitTestResult>
    <UnitTestResult executionId="54754b43-a41d-4d71-bfeb-a39902cec1f4" testId="83c6509b-b125-a15a-14be-8af19ed1aed9" testName="deleteFrequencyTest" computerName="TOLKIEN" duration="00:00:00" startTime="0001-01-01T00:00:00.0000000-05:00" endTime="0001-01-01T00:00:00.0000000-05:00" testType="13cdc9d9-ddb5-4fa4-a97d-d965ccfc6d4b" outcome="NotExecuted" testListId="8c84fa94-04c1-424b-9868-57a2d4851a1d">
    </UnitTestResult>
    <UnitTestResult executionId="3c28093c-4288-4806-9ad6-a5dcda82aca2" testId="6f7faeec-fd19-b1af-0830-7613b5075b88" testName="deleteFrequencyFrequencyIDNothing" computerName="TOLKIEN" duration="00:00:00" startTime="0001-01-01T00:00:00.0000000-05:00" endTime="0001-01-01T00:00:00.0000000-05:00" testType="13cdc9d9-ddb5-4fa4-a97d-d965ccfc6d4b" outcome="NotExecuted" testListId="8c84fa94-04c1-424b-9868-57a2d4851a1d">
    </UnitTestResult>
    <UnitTestResult executionId="14fc792c-8f70-4a9a-8ece-17c870aa5eee" testId="a2d4949d-2288-66c6-b89d-8f558bc7feba" testName="authenticateUserTest" computerName="TOLKIEN" duration="00:00:00" startTime="0001-01-01T00:00:00.0000000-05:00" endTime="0001-01-01T00:00:00.0000000-05:00" testType="13cdc9d9-ddb5-4fa4-a97d-d965ccfc6d4b" outcome="NotExecuted" testListId="8c84fa94-04c1-424b-9868-57a2d4851a1d">
    </UnitTestResult>
    <UnitTestResult executionId="c8c049f1-e681-483b-9012-cc0410b635f9" testId="c962f176-0e46-6e6a-64e1-773767b2a92e" testName="getSubcategoriesTest" computerName="TOLKIEN" duration="00:00:00" startTime="0001-01-01T00:00:00.0000000-05:00" endTime="0001-01-01T00:00:00.0000000-05:00" testType="13cdc9d9-ddb5-4fa4-a97d-d965ccfc6d4b" outcome="NotExecuted" testListId="8c84fa94-04c1-424b-9868-57a2d4851a1d">
    </UnitTestResult>
    <UnitTestResult executionId="d7955e79-a6e2-4cfe-9d45-caefbd82774b" testId="b05310d8-828c-c740-927a-df64a819e935" testName="getSubcategoriesByCategoryID" computerName="TOLKIEN" duration="00:00:00" startTime="0001-01-01T00:00:00.0000000-05:00" endTime="0001-01-01T00:00:00.0000000-05:00" testType="13cdc9d9-ddb5-4fa4-a97d-d965ccfc6d4b" outcome="NotExecuted" testListId="8c84fa94-04c1-424b-9868-57a2d4851a1d">
    </UnitTestResult>
    <UnitTestResult executionId="45646887-6b8b-4c0f-8980-5148a4567c96" testId="25c221da-3cee-df3c-3d0f-8d45ce1c4bf5" testName="getSubcategoriesUserIDNothing" computerName="TOLKIEN" duration="00:00:00" startTime="0001-01-01T00:00:00.0000000-05:00" endTime="0001-01-01T00:00:00.0000000-05:00" testType="13cdc9d9-ddb5-4fa4-a97d-d965ccfc6d4b" outcome="NotExecuted" testListId="8c84fa94-04c1-424b-9868-57a2d4851a1d">
    </UnitTestResult>
    <UnitTestResult executionId="bf089024-9dfd-401b-a84c-01403f08a439" testId="edf0aa95-9676-85e5-bd74-2b5388c724e3" testName="getSubcategoryTest" computerName="TOLKIEN" duration="00:00:00" startTime="0001-01-01T00:00:00.0000000-05:00" endTime="0001-01-01T00:00:00.0000000-05:00" testType="13cdc9d9-ddb5-4fa4-a97d-d965ccfc6d4b" outcome="NotExecuted" testListId="8c84fa94-04c1-424b-9868-57a2d4851a1d">
    </UnitTestResult>
    <UnitTestResult executionId="b4e62d54-8fad-4ff3-a400-1b2d18bbd095" testId="25ed8de6-975d-2b68-5d42-088e4dc578e7" testName="getSubcategorySubcategoryIDNothing" computerName="TOLKIEN" duration="00:00:00" startTime="0001-01-01T00:00:00.0000000-05:00" endTime="0001-01-01T00:00:00.0000000-05:00" testType="13cdc9d9-ddb5-4fa4-a97d-d965ccfc6d4b" outcome="NotExecuted" testListId="8c84fa94-04c1-424b-9868-57a2d4851a1d">
    </UnitTestResult>
    <UnitTestResult executionId="ea7b8e0d-f027-4549-b209-d929d8351d22" testId="6c1d12e8-2a89-22ef-766d-cb51fcbbb230" testName="addSubcategoryTest" computerName="TOLKIEN" duration="00:00:00" startTime="0001-01-01T00:00:00.0000000-05:00" endTime="0001-01-01T00:00:00.0000000-05:00" testType="13cdc9d9-ddb5-4fa4-a97d-d965ccfc6d4b" outcome="NotExecuted" testListId="8c84fa94-04c1-424b-9868-57a2d4851a1d">
    </UnitTestResult>
    <UnitTestResult executionId="4b28b550-a21b-4ce0-9437-683820ee49d2" testId="f627b55d-1ae3-286c-f067-07f1ac287750" testName="addSubcategorySubcategoryNothing" computerName="TOLKIEN" duration="00:00:00" startTime="0001-01-01T00:00:00.0000000-05:00" endTime="0001-01-01T00:00:00.0000000-05:00" testType="13cdc9d9-ddb5-4fa4-a97d-d965ccfc6d4b" outcome="NotExecuted" testListId="8c84fa94-04c1-424b-9868-57a2d4851a1d">
    </UnitTestResult>
    <UnitTestResult executionId="a2ef33c3-ff3a-4d95-80e7-be81d773229a" testId="5839d3eb-2f28-66ab-5903-f0c6aa8a4c52" testName="addSubcategoryCategoryIDNothing" computerName="TOLKIEN" duration="00:00:00" startTime="0001-01-01T00:00:00.0000000-05:00" endTime="0001-01-01T00:00:00.0000000-05:00" testType="13cdc9d9-ddb5-4fa4-a97d-d965ccfc6d4b" outcome="NotExecuted" testListId="8c84fa94-04c1-424b-9868-57a2d4851a1d">
    </UnitTestResult>
    <UnitTestResult executionId="69a312e1-851e-4234-af5a-54718fc2f5bf" testId="a8551577-1fbc-a817-6fba-d92f73c63ed5" testName="addSubcategoryDescriptionNothing" computerName="TOLKIEN" duration="00:00:00" startTime="0001-01-01T00:00:00.0000000-05:00" endTime="0001-01-01T00:00:00.0000000-05:00" testType="13cdc9d9-ddb5-4fa4-a97d-d965ccfc6d4b" outcome="NotExecuted" testListId="8c84fa94-04c1-424b-9868-57a2d4851a1d">
    </UnitTestResult>
    <UnitTestResult executionId="01de990f-8574-4963-86cb-1f57cfe60a96" testId="bbfe51fd-ce1b-3e52-a251-5d90aeb6a97a" testName="addSubcategoryDescriptionMaxLen" computerName="TOLKIEN" duration="00:00:00" startTime="0001-01-01T00:00:00.0000000-05:00" endTime="0001-01-01T00:00:00.0000000-05:00" testType="13cdc9d9-ddb5-4fa4-a97d-d965ccfc6d4b" outcome="NotExecuted" testListId="8c84fa94-04c1-424b-9868-57a2d4851a1d">
    </UnitTestResult>
    <UnitTestResult executionId="e9f5acb0-5c1c-412c-a101-f83b57dc10f3" testId="2a1b7d1b-15e6-8cf8-0219-2630f5c48eaf" testName="addSubcategorySinkingFundNotYOrN" computerName="TOLKIEN" duration="00:00:00" startTime="0001-01-01T00:00:00.0000000-05:00" endTime="0001-01-01T00:00:00.0000000-05:00" testType="13cdc9d9-ddb5-4fa4-a97d-d965ccfc6d4b" outcome="NotExecuted" testListId="8c84fa94-04c1-424b-9868-57a2d4851a1d">
    </UnitTestResult>
    <UnitTestResult executionId="34f7aa42-879f-41d7-8154-c22332e52114" testId="201d793e-4fe6-401d-6be8-c62c538d4a65" testName="addSubcategoryNotesMaxLen" computerName="TOLKIEN" duration="00:00:00" startTime="0001-01-01T00:00:00.0000000-05:00" endTime="0001-01-01T00:00:00.0000000-05:00" testType="13cdc9d9-ddb5-4fa4-a97d-d965ccfc6d4b" outcome="NotExecuted" testListId="8c84fa94-04c1-424b-9868-57a2d4851a1d">
    </UnitTestResult>
    <UnitTestResult executionId="b4f59050-80ad-4286-8106-7270905e2e89" testId="88291b0b-7e70-f6db-50b3-47e82e867912" testName="addSubcategoryUserIDNothing" computerName="TOLKIEN" duration="00:00:00" startTime="0001-01-01T00:00:00.0000000-05:00" endTime="0001-01-01T00:00:00.0000000-05:00" testType="13cdc9d9-ddb5-4fa4-a97d-d965ccfc6d4b" outcome="NotExecuted" testListId="8c84fa94-04c1-424b-9868-57a2d4851a1d">
    </UnitTestResult>
    <UnitTestResult executionId="af1e88db-65b6-4ee1-9a49-77f8466b3440" testId="bedc9ca5-0715-f75f-5275-d225bacd5374" testName="updateSubcategoryTest" computerName="TOLKIEN" duration="00:00:00" startTime="0001-01-01T00:00:00.0000000-05:00" endTime="0001-01-01T00:00:00.0000000-05:00" testType="13cdc9d9-ddb5-4fa4-a97d-d965ccfc6d4b" outcome="NotExecuted" testListId="8c84fa94-04c1-424b-9868-57a2d4851a1d">
    </UnitTestResult>
    <UnitTestResult executionId="a69fea91-bc8b-4066-8768-5bd7201e2b48" testId="9df3c7a9-dda3-36c5-3db7-ed52aa5c51f3" testName="updateSubcategorySubcategoryNothing" computerName="TOLKIEN" duration="00:00:00" startTime="0001-01-01T00:00:00.0000000-05:00" endTime="0001-01-01T00:00:00.0000000-05:00" testType="13cdc9d9-ddb5-4fa4-a97d-d965ccfc6d4b" outcome="NotExecuted" testListId="8c84fa94-04c1-424b-9868-57a2d4851a1d">
    </UnitTestResult>
    <UnitTestResult executionId="32628bc4-0e10-483c-8681-e0982d25736b" testId="e1b8b9b5-31fa-3158-ed49-602ecdf8fc2b" testName="updateSubcategorySubcategoryIDNothing" computerName="TOLKIEN" duration="00:00:00" startTime="0001-01-01T00:00:00.0000000-05:00" endTime="0001-01-01T00:00:00.0000000-05:00" testType="13cdc9d9-ddb5-4fa4-a97d-d965ccfc6d4b" outcome="NotExecuted" testListId="8c84fa94-04c1-424b-9868-57a2d4851a1d">
    </UnitTestResult>
    <UnitTestResult executionId="b99d62c5-af37-4301-9f6a-c70e24a70936" testId="6134c6ed-e8b7-288e-ff3e-b33d83bf08d0" testName="updateSubcategoryCategoryIDNothing" computerName="TOLKIEN" duration="00:00:00" startTime="0001-01-01T00:00:00.0000000-05:00" endTime="0001-01-01T00:00:00.0000000-05:00" testType="13cdc9d9-ddb5-4fa4-a97d-d965ccfc6d4b" outcome="NotExecuted" testListId="8c84fa94-04c1-424b-9868-57a2d4851a1d">
    </UnitTestResult>
    <UnitTestResult executionId="899dcc78-abf3-4de4-8c77-1fc2b9c371ab" testId="9add4ea9-9be1-4a10-7cc8-a108d159b81a" testName="updateSubcategoryDescriptionNothing" computerName="TOLKIEN" duration="00:00:00" startTime="0001-01-01T00:00:00.0000000-05:00" endTime="0001-01-01T00:00:00.0000000-05:00" testType="13cdc9d9-ddb5-4fa4-a97d-d965ccfc6d4b" outcome="NotExecuted" testListId="8c84fa94-04c1-424b-9868-57a2d4851a1d">
    </UnitTestResult>
    <UnitTestResult executionId="2fb209fe-d19b-4a96-9303-e96b8477a17a" testId="2a218d4d-f796-c1d6-fb62-a245094f3715" testName="updateSubcategoryDescriptionMaxLen" computerName="TOLKIEN" duration="00:00:00" startTime="0001-01-01T00:00:00.0000000-05:00" endTime="0001-01-01T00:00:00.0000000-05:00" testType="13cdc9d9-ddb5-4fa4-a97d-d965ccfc6d4b" outcome="NotExecuted" testListId="8c84fa94-04c1-424b-9868-57a2d4851a1d">
    </UnitTestResult>
    <UnitTestResult executionId="6f3b4677-3f63-4e10-ad31-b1d2f6a3d33b" testId="27188a8b-a7e8-3977-ee02-1bbd41b1cb1b" testName="updateSubcategorySinkingFundNotYOrN" computerName="TOLKIEN" duration="00:00:00" startTime="0001-01-01T00:00:00.0000000-05:00" endTime="0001-01-01T00:00:00.0000000-05:00" testType="13cdc9d9-ddb5-4fa4-a97d-d965ccfc6d4b" outcome="NotExecuted" testListId="8c84fa94-04c1-424b-9868-57a2d4851a1d">
    </UnitTestResult>
    <UnitTestResult executionId="0d0352dd-8bed-43a8-929a-3a25f1a63405" testId="00b914bf-27cf-c5f2-2337-9da7337b8b86" testName="updateSubcategoryNotesMaxLen" computerName="TOLKIEN" duration="00:00:00" startTime="0001-01-01T00:00:00.0000000-05:00" endTime="0001-01-01T00:00:00.0000000-05:00" testType="13cdc9d9-ddb5-4fa4-a97d-d965ccfc6d4b" outcome="NotExecuted" testListId="8c84fa94-04c1-424b-9868-57a2d4851a1d">
    </UnitTestResult>
    <UnitTestResult executionId="988e72c7-9592-429a-a44c-0320ed56bb12" testId="b237afa0-6fb1-54bf-657e-2a66b76abb69" testName="deleteSubcategoryTest" computerName="TOLKIEN" duration="00:00:00" startTime="0001-01-01T00:00:00.0000000-05:00" endTime="0001-01-01T00:00:00.0000000-05:00" testType="13cdc9d9-ddb5-4fa4-a97d-d965ccfc6d4b" outcome="NotExecuted" testListId="8c84fa94-04c1-424b-9868-57a2d4851a1d">
    </UnitTestResult>
    <UnitTestResult executionId="f6306338-90a6-492a-b4ea-44bd0a055c1b" testId="cf5e9fac-d4eb-db14-c376-4d1f22db0558" testName="deleteSubcategorySubcategoryIDNothing" computerName="TOLKIEN" duration="00:00:00" startTime="0001-01-01T00:00:00.0000000-05:00" endTime="0001-01-01T00:00:00.0000000-05:00" testType="13cdc9d9-ddb5-4fa4-a97d-d965ccfc6d4b" outcome="NotExecuted" testListId="8c84fa94-04c1-424b-9868-57a2d4851a1d">
    </UnitTestResult>
    <UnitTestResult executionId="8aa3d127-678e-41b7-a962-b5cd741e61f6" testId="9a3d0807-6457-caa6-13cd-e3a1911026ea" testName="getTransactionFirstYear" computerName="TOLKIEN" duration="00:00:00" startTime="0001-01-01T00:00:00.0000000-05:00" endTime="0001-01-01T00:00:00.0000000-05:00" testType="13cdc9d9-ddb5-4fa4-a97d-d965ccfc6d4b" outcome="NotExecuted" testListId="8c84fa94-04c1-424b-9868-57a2d4851a1d">
    </UnitTestResult>
    <UnitTestResult executionId="e04edcc6-cee2-4c65-b39a-a69063cd1db0" testId="0c74f04e-4ac5-b7a6-358f-741d4d504a08" testName="getTransactionsTest" computerName="TOLKIEN" duration="00:00:00" startTime="0001-01-01T00:00:00.0000000-05:00" endTime="0001-01-01T00:00:00.0000000-05:00" testType="13cdc9d9-ddb5-4fa4-a97d-d965ccfc6d4b" outcome="NotExecuted" testListId="8c84fa94-04c1-424b-9868-57a2d4851a1d">
    </UnitTestResult>
    <UnitTestResult executionId="b536b0bf-c715-4097-8c5f-faadc5c0d41b" testId="a941f649-0f02-5cf0-9bb1-5b6a83d2daaf" testName="getTransactionsUserIDNothing" computerName="TOLKIEN" duration="00:00:00" startTime="0001-01-01T00:00:00.0000000-05:00" endTime="0001-01-01T00:00:00.0000000-05:00" testType="13cdc9d9-ddb5-4fa4-a97d-d965ccfc6d4b" outcome="NotExecuted" testListId="8c84fa94-04c1-424b-9868-57a2d4851a1d">
    </UnitTestResult>
    <UnitTestResult executionId="96de0370-83ef-402e-9643-84ae467fcee8" testId="3d809d94-db02-0e76-9c09-c3d9ec12d5fd" testName="addTransactionTest" computerName="TOLKIEN" duration="00:00:00" startTime="0001-01-01T00:00:00.0000000-05:00" endTime="0001-01-01T00:00:00.0000000-05:00" testType="13cdc9d9-ddb5-4fa4-a97d-d965ccfc6d4b" outcome="NotExecuted" testListId="8c84fa94-04c1-424b-9868-57a2d4851a1d">
    </UnitTestResult>
    <UnitTestResult executionId="2e29c52a-aefa-4abb-9d38-38439a176bd0" testId="028a17f3-f9c0-f73c-bbcc-8415c4c80d22" testName="addTransactionTransactionNothing" computerName="TOLKIEN" duration="00:00:00" startTime="0001-01-01T00:00:00.0000000-05:00" endTime="0001-01-01T00:00:00.0000000-05:00" testType="13cdc9d9-ddb5-4fa4-a97d-d965ccfc6d4b" outcome="NotExecuted" testListId="8c84fa94-04c1-424b-9868-57a2d4851a1d">
    </UnitTestResult>
    <UnitTestResult executionId="43638bd3-0948-4b75-9fc1-518ba61d05b8" testId="d9c74070-150a-6459-f8b5-cd6b0de2b4ec" testName="addTransactionDateNothing" computerName="TOLKIEN" duration="00:00:00" startTime="0001-01-01T00:00:00.0000000-05:00" endTime="0001-01-01T00:00:00.0000000-05:00" testType="13cdc9d9-ddb5-4fa4-a97d-d965ccfc6d4b" outcome="NotExecuted" testListId="8c84fa94-04c1-424b-9868-57a2d4851a1d">
    </UnitTestResult>
    <UnitTestResult executionId="5156f224-d4d1-4b15-a91d-f8d9d001f90a" testId="da27e590-9f13-60c6-1ba7-9957aed51717" testName="addTransactionDescriptionNothing" computerName="TOLKIEN" duration="00:00:00" startTime="0001-01-01T00:00:00.0000000-05:00" endTime="0001-01-01T00:00:00.0000000-05:00" testType="13cdc9d9-ddb5-4fa4-a97d-d965ccfc6d4b" outcome="NotExecuted" testListId="8c84fa94-04c1-424b-9868-57a2d4851a1d">
    </UnitTestResult>
    <UnitTestResult executionId="c6f5b57e-9954-4252-b574-bacb452a50d2" testId="63d7ff1e-859b-98bb-e808-c5db1ec35b29" testName="addTransactionDescriptionMaxLen" computerName="TOLKIEN" duration="00:00:00" startTime="0001-01-01T00:00:00.0000000-05:00" endTime="0001-01-01T00:00:00.0000000-05:00" testType="13cdc9d9-ddb5-4fa4-a97d-d965ccfc6d4b" outcome="NotExecuted" testListId="8c84fa94-04c1-424b-9868-57a2d4851a1d">
    </UnitTestResult>
    <UnitTestResult executionId="a3d60937-a9cf-467e-bd99-1f6a38d7967e" testId="9b270260-260c-a978-9dd4-28ae487f85d0" testName="addTransactionUserIDNothing" computerName="TOLKIEN" duration="00:00:00" startTime="0001-01-01T00:00:00.0000000-05:00" endTime="0001-01-01T00:00:00.0000000-05:00" testType="13cdc9d9-ddb5-4fa4-a97d-d965ccfc6d4b" outcome="NotExecuted" testListId="8c84fa94-04c1-424b-9868-57a2d4851a1d">
    </UnitTestResult>
    <UnitTestResult executionId="c73c4699-3db1-45e5-9eb8-377e35745635" testId="4dfbf887-b7a9-b491-3023-62dba6f89178" testName="addTransactionAccountAdjust" computerName="TOLKIEN" duration="00:00:00" startTime="0001-01-01T00:00:00.0000000-05:00" endTime="0001-01-01T00:00:00.0000000-05:00" testType="13cdc9d9-ddb5-4fa4-a97d-d965ccfc6d4b" outcome="NotExecuted" testListId="8c84fa94-04c1-424b-9868-57a2d4851a1d">
    </UnitTestResult>
    <UnitTestResult executionId="782eae1c-372c-4f21-856f-cd93205d4ea9" testId="820987f9-05ca-dae0-9f05-a0d4f3b7e230" testName="addTransactionSFSubcategoryAdjust" computerName="TOLKIEN" duration="00:00:00" startTime="0001-01-01T00:00:00.0000000-05:00" endTime="0001-01-01T00:00:00.0000000-05:00" testType="13cdc9d9-ddb5-4fa4-a97d-d965ccfc6d4b" outcome="NotExecuted" testListId="8c84fa94-04c1-424b-9868-57a2d4851a1d">
    </UnitTestResult>
    <UnitTestResult executionId="23db2878-1831-4f36-9ddf-add4f15f6bbc" testId="1ce94126-b660-0ac9-06d3-af2dd6c473a7" testName="updateTransactionTest" computerName="TOLKIEN" duration="00:00:00" startTime="0001-01-01T00:00:00.0000000-05:00" endTime="0001-01-01T00:00:00.0000000-05:00" testType="13cdc9d9-ddb5-4fa4-a97d-d965ccfc6d4b" outcome="NotExecuted" testListId="8c84fa94-04c1-424b-9868-57a2d4851a1d">
    </UnitTestResult>
    <UnitTestResult executionId="787aeb37-4914-4070-b537-1284ac79a98d" testId="991140ed-32ac-a771-1bbe-e26bd691905d" testName="updateTransactionTransactionNothing" computerName="TOLKIEN" duration="00:00:00" startTime="0001-01-01T00:00:00.0000000-05:00" endTime="0001-01-01T00:00:00.0000000-05:00" testType="13cdc9d9-ddb5-4fa4-a97d-d965ccfc6d4b" outcome="NotExecuted" testListId="8c84fa94-04c1-424b-9868-57a2d4851a1d">
    </UnitTestResult>
    <UnitTestResult executionId="8c0f328d-226d-48b7-9271-a9f3aa1a4ccc" testId="6c103902-84a3-cdbb-97c9-1350b2df679a" testName="updateTransactionTransactionIDNothing" computerName="TOLKIEN" duration="00:00:00" startTime="0001-01-01T00:00:00.0000000-05:00" endTime="0001-01-01T00:00:00.0000000-05:00" testType="13cdc9d9-ddb5-4fa4-a97d-d965ccfc6d4b" outcome="NotExecuted" testListId="8c84fa94-04c1-424b-9868-57a2d4851a1d">
    </UnitTestResult>
    <UnitTestResult executionId="1e8fc7f8-0be7-4d42-8a79-632d55079579" testId="8f6940ee-6a05-220b-9d80-efa337ee3133" testName="updateTransactionDateNothing" computerName="TOLKIEN" duration="00:00:00" startTime="0001-01-01T00:00:00.0000000-05:00" endTime="0001-01-01T00:00:00.0000000-05:00" testType="13cdc9d9-ddb5-4fa4-a97d-d965ccfc6d4b" outcome="NotExecuted" testListId="8c84fa94-04c1-424b-9868-57a2d4851a1d">
    </UnitTestResult>
    <UnitTestResult executionId="e41eacea-f09d-473b-ab91-3a8c71b6edc0" testId="3ccd3f11-0213-e1b1-a3aa-1057197cac59" testName="updateTransactionDescriptionNothing" computerName="TOLKIEN" duration="00:00:00" startTime="0001-01-01T00:00:00.0000000-05:00" endTime="0001-01-01T00:00:00.0000000-05:00" testType="13cdc9d9-ddb5-4fa4-a97d-d965ccfc6d4b" outcome="NotExecuted" testListId="8c84fa94-04c1-424b-9868-57a2d4851a1d">
    </UnitTestResult>
    <UnitTestResult executionId="c257691a-f7eb-479d-99b5-766c94eb6d27" testId="9cf1af96-ce60-17f7-f073-8576692875a1" testName="updateTransactionDescriptionMaxLen" computerName="TOLKIEN" duration="00:00:00" startTime="0001-01-01T00:00:00.0000000-05:00" endTime="0001-01-01T00:00:00.0000000-05:00" testType="13cdc9d9-ddb5-4fa4-a97d-d965ccfc6d4b" outcome="NotExecuted" testListId="8c84fa94-04c1-424b-9868-57a2d4851a1d">
    </UnitTestResult>
    <UnitTestResult executionId="0249d9ea-5405-42c8-a93e-13a6539b7d46" testId="50fc5a28-9321-a539-d140-7388838d8a59" testName="updateTransactionAccountAdjust" computerName="TOLKIEN" duration="00:00:00" startTime="0001-01-01T00:00:00.0000000-05:00" endTime="0001-01-01T00:00:00.0000000-05:00" testType="13cdc9d9-ddb5-4fa4-a97d-d965ccfc6d4b" outcome="NotExecuted" testListId="8c84fa94-04c1-424b-9868-57a2d4851a1d">
    </UnitTestResult>
    <UnitTestResult executionId="2e84439a-0aee-4dd2-863f-c719301d9831" testId="ff86bab7-fe25-e542-47fe-56bd2f464b72" testName="updateTransactionSFSubcategoryAdjust" computerName="TOLKIEN" duration="00:00:00" startTime="0001-01-01T00:00:00.0000000-05:00" endTime="0001-01-01T00:00:00.0000000-05:00" testType="13cdc9d9-ddb5-4fa4-a97d-d965ccfc6d4b" outcome="NotExecuted" testListId="8c84fa94-04c1-424b-9868-57a2d4851a1d">
    </UnitTestResult>
    <UnitTestResult executionId="5678d6a8-240a-41b4-9a60-9ab18ad43d81" testId="be5b2eb0-51ec-1a02-7e30-ca7d5c29aa6f" testName="deleteTransactionTest" computerName="TOLKIEN" duration="00:00:00" startTime="0001-01-01T00:00:00.0000000-05:00" endTime="0001-01-01T00:00:00.0000000-05:00" testType="13cdc9d9-ddb5-4fa4-a97d-d965ccfc6d4b" outcome="NotExecuted" testListId="8c84fa94-04c1-424b-9868-57a2d4851a1d">
    </UnitTestResult>
    <UnitTestResult executionId="d8ec106f-6062-452c-87c3-ecb6645a66e2" testId="93af35c8-f5d8-78c3-8cc9-706ee5491c55" testName="deleteTransactionTransactionIDNothing" computerName="TOLKIEN" duration="00:00:00" startTime="0001-01-01T00:00:00.0000000-05:00" endTime="0001-01-01T00:00:00.0000000-05:00" testType="13cdc9d9-ddb5-4fa4-a97d-d965ccfc6d4b" outcome="NotExecuted" testListId="8c84fa94-04c1-424b-9868-57a2d4851a1d">
    </UnitTestResult>
    <UnitTestResult executionId="bfcb2f3a-5224-40fb-aab5-e1546d9ff92d" testId="b9d1c2ac-e386-87fb-12aa-0d8af4d9f7af" testName="deleteTransactionAccountAdjust" computerName="TOLKIEN" duration="00:00:00" startTime="0001-01-01T00:00:00.0000000-05:00" endTime="0001-01-01T00:00:00.0000000-05:00" testType="13cdc9d9-ddb5-4fa4-a97d-d965ccfc6d4b" outcome="NotExecuted" testListId="8c84fa94-04c1-424b-9868-57a2d4851a1d">
    </UnitTestResult>
    <UnitTestResult executionId="aef71815-3281-400a-af32-559eba045e6a" testId="302f161c-1a16-7195-636f-727c6d4f7cce" testName="addUserTest" computerName="TOLKIEN" duration="00:00:00" startTime="0001-01-01T00:00:00.0000000-05:00" endTime="0001-01-01T00:00:00.0000000-05:00" testType="13cdc9d9-ddb5-4fa4-a97d-d965ccfc6d4b" outcome="NotExecuted" testListId="8c84fa94-04c1-424b-9868-57a2d4851a1d">
    </UnitTestResult>
    <UnitTestResult executionId="32b863ad-f537-4d8b-a71b-f4453380947d" testId="24148662-d27c-83db-d849-dc758dd8b5f9" testName="activateUserTest" computerName="TOLKIEN" duration="00:00:00" startTime="0001-01-01T00:00:00.0000000-05:00" endTime="0001-01-01T00:00:00.0000000-05:00" testType="13cdc9d9-ddb5-4fa4-a97d-d965ccfc6d4b" outcome="NotExecuted" testListId="8c84fa94-04c1-424b-9868-57a2d4851a1d">
    </UnitTestResult>
    <UnitTestResult executionId="0d1259bd-26a0-437d-b39e-bac610350ffc" testId="0da9cb98-0025-f1cc-5c4e-78987bd1ba0a" testName="addUserUserIDNothing" computerName="TOLKIEN" duration="00:00:00" startTime="0001-01-01T00:00:00.0000000-05:00" endTime="0001-01-01T00:00:00.0000000-05:00" testType="13cdc9d9-ddb5-4fa4-a97d-d965ccfc6d4b" outcome="NotExecuted" testListId="8c84fa94-04c1-424b-9868-57a2d4851a1d">
    </UnitTestResult>
    <UnitTestResult executionId="fdadc7a6-23c2-4c66-8335-2744e7be6831" testId="41d12651-6966-8543-ef57-0046b613ddb5" testName="addUserUserIDMaxLen" computerName="TOLKIEN" duration="00:00:00" startTime="0001-01-01T00:00:00.0000000-05:00" endTime="0001-01-01T00:00:00.0000000-05:00" testType="13cdc9d9-ddb5-4fa4-a97d-d965ccfc6d4b" outcome="NotExecuted" testListId="8c84fa94-04c1-424b-9868-57a2d4851a1d">
    </UnitTestResult>
    <UnitTestResult executionId="864321f0-9794-41a6-bad8-5d699aa31391" testId="4bd9796f-b636-6a7f-6857-a699f7abd7a9" testName="addUserPasswordNothing" computerName="TOLKIEN" duration="00:00:00" startTime="0001-01-01T00:00:00.0000000-05:00" endTime="0001-01-01T00:00:00.0000000-05:00" testType="13cdc9d9-ddb5-4fa4-a97d-d965ccfc6d4b" outcome="NotExecuted" testListId="8c84fa94-04c1-424b-9868-57a2d4851a1d">
    </UnitTestResult>
    <UnitTestResult executionId="3074e54f-25a5-47a8-902a-25902b2f716c" testId="28cb5578-a210-728f-1f2a-7829483fe9ce" testName="addUserPasswordMaxLen" computerName="TOLKIEN" duration="00:00:00" startTime="0001-01-01T00:00:00.0000000-05:00" endTime="0001-01-01T00:00:00.0000000-05:00" testType="13cdc9d9-ddb5-4fa4-a97d-d965ccfc6d4b" outcome="NotExecuted" testListId="8c84fa94-04c1-424b-9868-57a2d4851a1d">
    </UnitTestResult>
    <UnitTestResult executionId="7e098b99-953c-4745-89db-65e95858387b" testId="009665bb-5de0-8593-a32b-50bf52a35d2c" testName="addUserFirstNameNothing" computerName="TOLKIEN" duration="00:00:00" startTime="0001-01-01T00:00:00.0000000-05:00" endTime="0001-01-01T00:00:00.0000000-05:00" testType="13cdc9d9-ddb5-4fa4-a97d-d965ccfc6d4b" outcome="NotExecuted" testListId="8c84fa94-04c1-424b-9868-57a2d4851a1d">
    </UnitTestResult>
    <UnitTestResult executionId="f8b55d38-7650-4893-9a17-4fb20fcdf16c" testId="dc51c213-5f3c-c5c3-c9fa-ea22cfaaa6b1" testName="addUserFirstNameMaxLen" computerName="TOLKIEN" duration="00:00:00" startTime="0001-01-01T00:00:00.0000000-05:00" endTime="0001-01-01T00:00:00.0000000-05:00" testType="13cdc9d9-ddb5-4fa4-a97d-d965ccfc6d4b" outcome="NotExecuted" testListId="8c84fa94-04c1-424b-9868-57a2d4851a1d">
    </UnitTestResult>
    <UnitTestResult executionId="474a10d5-50ef-48d6-a09e-3595b04328b1" testId="5c8e58b7-4d3d-259d-a967-243af0246cbb" testName="addUserLastNameNothing" computerName="TOLKIEN" duration="00:00:00" startTime="0001-01-01T00:00:00.0000000-05:00" endTime="0001-01-01T00:00:00.0000000-05:00" testType="13cdc9d9-ddb5-4fa4-a97d-d965ccfc6d4b" outcome="NotExecuted" testListId="8c84fa94-04c1-424b-9868-57a2d4851a1d">
    </UnitTestResult>
    <UnitTestResult executionId="5079839d-e869-4aa1-b8ac-dc4cbb9eea14" testId="d34b29c4-f075-6bcd-bac5-00d2275289a2" testName="addUserLastNameMaxLen" computerName="TOLKIEN" duration="00:00:00" startTime="0001-01-01T00:00:00.0000000-05:00" endTime="0001-01-01T00:00:00.0000000-05:00" testType="13cdc9d9-ddb5-4fa4-a97d-d965ccfc6d4b" outcome="NotExecuted" testListId="8c84fa94-04c1-424b-9868-57a2d4851a1d">
    </UnitTestResult>
    <UnitTestResult executionId="51a76203-7a9a-4159-9d8a-3fa3ed2f744e" testId="90f48b05-4d4f-7605-cb20-2be7d7f85e69" testName="addUserEmailAddressNothing" computerName="TOLKIEN" duration="00:00:00" startTime="0001-01-01T00:00:00.0000000-05:00" endTime="0001-01-01T00:00:00.0000000-05:00" testType="13cdc9d9-ddb5-4fa4-a97d-d965ccfc6d4b" outcome="NotExecuted" testListId="8c84fa94-04c1-424b-9868-57a2d4851a1d">
    </UnitTestResult>
    <UnitTestResult executionId="cf3b97ce-d159-480a-b912-57fdb7b71c36" testId="bcef52eb-c0c7-5e55-deaa-3ee9071fa25e" testName="addUserEmailAddressMaxLen" computerName="TOLKIEN" duration="00:00:00" startTime="0001-01-01T00:00:00.0000000-05:00" endTime="0001-01-01T00:00:00.0000000-05:00" testType="13cdc9d9-ddb5-4fa4-a97d-d965ccfc6d4b" outcome="NotExecuted" testListId="8c84fa94-04c1-424b-9868-57a2d4851a1d">
    </UnitTestResult>
    <UnitTestResult executionId="2d36ef2a-912f-4180-a67e-ff390de01c29" testId="5a6ba108-477a-8826-07f4-4b3d85417087" testName="updateUserPasswordTest" computerName="TOLKIEN" duration="00:00:00" startTime="0001-01-01T00:00:00.0000000-05:00" endTime="0001-01-01T00:00:00.0000000-05:00" testType="13cdc9d9-ddb5-4fa4-a97d-d965ccfc6d4b" outcome="NotExecuted" testListId="8c84fa94-04c1-424b-9868-57a2d4851a1d">
    </UnitTestResult>
    <UnitTestResult executionId="f7c70e6f-4113-483b-98e1-52877cdfeead" testId="72470363-231e-de0f-a051-36672fd2a5cf" testName="updateUserPasswordUserIDNothing" computerName="TOLKIEN" duration="00:00:00" startTime="0001-01-01T00:00:00.0000000-05:00" endTime="0001-01-01T00:00:00.0000000-05:00" testType="13cdc9d9-ddb5-4fa4-a97d-d965ccfc6d4b" outcome="NotExecuted" testListId="8c84fa94-04c1-424b-9868-57a2d4851a1d">
    </UnitTestResult>
    <UnitTestResult executionId="304c8752-dd3f-400a-91c0-3248f484bbdc" testId="3a751831-a04a-99cb-4020-7bcb1dfdc48d" testName="updateUserPasswordUserIDMaxLen" computerName="TOLKIEN" duration="00:00:00" startTime="0001-01-01T00:00:00.0000000-05:00" endTime="0001-01-01T00:00:00.0000000-05:00" testType="13cdc9d9-ddb5-4fa4-a97d-d965ccfc6d4b" outcome="NotExecuted" testListId="8c84fa94-04c1-424b-9868-57a2d4851a1d">
    </UnitTestResult>
    <UnitTestResult executionId="b979f093-4da7-4413-8786-c21ecc7b63bd" testId="96ea8a44-4a4b-1549-f98e-7f968bf38c44" testName="updateUserPasswordPasswordNothing" computerName="TOLKIEN" duration="00:00:00" startTime="0001-01-01T00:00:00.0000000-05:00" endTime="0001-01-01T00:00:00.0000000-05:00" testType="13cdc9d9-ddb5-4fa4-a97d-d965ccfc6d4b" outcome="NotExecuted" testListId="8c84fa94-04c1-424b-9868-57a2d4851a1d">
    </UnitTestResult>
    <UnitTestResult executionId="4f178d9e-1a5e-4fdc-aa37-7d4647086a18" testId="284bf1a9-75d1-2878-109e-644bc848b2b3" testName="updateUserPasswordPasswordMaxLen" computerName="TOLKIEN" duration="00:00:00" startTime="0001-01-01T00:00:00.0000000-05:00" endTime="0001-01-01T00:00:00.0000000-05:00" testType="13cdc9d9-ddb5-4fa4-a97d-d965ccfc6d4b" outcome="NotExecuted" testListId="8c84fa94-04c1-424b-9868-57a2d4851a1d">
    </UnitTestResult>
    <UnitTestResult executionId="5f52c312-375a-42e0-acbd-cc2d03410454" testId="79030625-73d7-51e1-159e-387a32e20fc3" testName="updateUserEmailTest" computerName="TOLKIEN" duration="00:00:00" startTime="0001-01-01T00:00:00.0000000-05:00" endTime="0001-01-01T00:00:00.0000000-05:00" testType="13cdc9d9-ddb5-4fa4-a97d-d965ccfc6d4b" outcome="NotExecuted" testListId="8c84fa94-04c1-424b-9868-57a2d4851a1d">
    </UnitTestResult>
    <UnitTestResult executionId="cc5fce2d-9287-4b13-8f91-9302cb9a862f" testId="53ff0830-cc1d-2e63-f269-a83b303e8cd9" testName="updateUserEmailAddressUserIDNothing" computerName="TOLKIEN" duration="00:00:00" startTime="0001-01-01T00:00:00.0000000-05:00" endTime="0001-01-01T00:00:00.0000000-05:00" testType="13cdc9d9-ddb5-4fa4-a97d-d965ccfc6d4b" outcome="NotExecuted" testListId="8c84fa94-04c1-424b-9868-57a2d4851a1d">
    </UnitTestResult>
    <UnitTestResult executionId="b20c89b1-2c49-4d94-942f-10a4ad3c2719" testId="a00f7b88-dcf5-ad47-7698-8713ba1a81ab" testName="updateUserEmailAddressUserIDMaxLen" computerName="TOLKIEN" duration="00:00:00" startTime="0001-01-01T00:00:00.0000000-05:00" endTime="0001-01-01T00:00:00.0000000-05:00" testType="13cdc9d9-ddb5-4fa4-a97d-d965ccfc6d4b" outcome="NotExecuted" testListId="8c84fa94-04c1-424b-9868-57a2d4851a1d">
    </UnitTestResult>
    <UnitTestResult executionId="ee8dabd7-8061-4a09-932f-06467f0965f5" testId="80c414af-5874-d05b-df07-60a9f219452e" testName="updateUserEmailAddressEmailNothing" computerName="TOLKIEN" duration="00:00:00" startTime="0001-01-01T00:00:00.0000000-05:00" endTime="0001-01-01T00:00:00.0000000-05:00" testType="13cdc9d9-ddb5-4fa4-a97d-d965ccfc6d4b" outcome="NotExecuted" testListId="8c84fa94-04c1-424b-9868-57a2d4851a1d">
    </UnitTestResult>
    <UnitTestResult executionId="5f7d483e-e373-444b-9726-826104d81185" testId="fa4fde81-0c7b-6c9e-f074-31329de4ad82" testName="updateUserEmailAddressEmailMaxLen" computerName="TOLKIEN" duration="00:00:00" startTime="0001-01-01T00:00:00.0000000-05:00" endTime="0001-01-01T00:00:00.0000000-05:00" testType="13cdc9d9-ddb5-4fa4-a97d-d965ccfc6d4b" outcome="NotExecuted" testListId="8c84fa94-04c1-424b-9868-57a2d4851a1d">
    </UnitTestResult>
    <UnitTestResult executionId="3e51daf2-ac28-42bf-bf57-61ff1b508684" testId="3313d2d0-5480-16e1-f3ac-9d93382371ba" testName="getUserTest" computerName="TOLKIEN" duration="00:00:00" startTime="0001-01-01T00:00:00.0000000-05:00" endTime="0001-01-01T00:00:00.0000000-05:00" testType="13cdc9d9-ddb5-4fa4-a97d-d965ccfc6d4b" outcome="NotExecuted" testListId="8c84fa94-04c1-424b-9868-57a2d4851a1d">
    </UnitTestResult>
    <UnitTestResult executionId="24cc4370-dbd6-4f8a-b18d-4150922ae9a8" testId="88a752e7-5c9d-d926-4dfc-8a1be934c0f9" testName="getUserUserIDNothing" computerName="TOLKIEN" duration="00:00:00" startTime="0001-01-01T00:00:00.0000000-05:00" endTime="0001-01-01T00:00:00.0000000-05:00" testType="13cdc9d9-ddb5-4fa4-a97d-d965ccfc6d4b" outcome="NotExecuted" testListId="8c84fa94-04c1-424b-9868-57a2d4851a1d">
    </UnitTestResult>
    <UnitTestResult executionId="54e690d2-4bfd-45bb-af13-85dbe3e6156f" testId="538dbcae-3613-3ec0-5462-011bbcef1f66" testName="getUserUserIDMaxLen" computerName="TOLKIEN" duration="00:00:00" startTime="0001-01-01T00:00:00.0000000-05:00" endTime="0001-01-01T00:00:00.0000000-05:00" testType="13cdc9d9-ddb5-4fa4-a97d-d965ccfc6d4b" outcome="NotExecuted" testListId="8c84fa94-04c1-424b-9868-57a2d4851a1d">
    </UnitTestResult>
  </Results>
</TestRun>