<?xml version="1.0" encoding="UTF-8"?>
<TestRun id="e179dd04-8a82-468f-893c-961a40e5d479" name="Josh@TOLKIEN 2011-10-30 15:27:11" runUser="Tolkien\Josh" xmlns="http://microsoft.com/schemas/VisualStudio/TeamTest/2006">
  <TestRunConfiguration name="Local Test Run" id="8ba3157e-c793-4762-8e20-abcfc481c21a">
    <Description>This is a default test run configuration for a local test run.</Description>
    <Deployment runDeploymentRoot="C:\Develop\Budgeteer\TestResults\Josh_TOLKIEN 2011-10-30 15_27_11">
      <DeploymentItem filename="C:\Develop\Budgeteer\BudgeteerBusiness\bin\Debug\BudgeteerBusiness.dll" />
      <DeploymentItem filename="C:\Develop\Budgeteer\BudgeteerDAL\bin\Debug\BudgeteerDAL.dll" />
      <DeploymentItem filename="C:\Develop\Budgeteer\BudgeteerObjects\bin\Debug\BudgeteerObjects.dll" />
    </Deployment>
    <TestTypeSpecific />
  </TestRunConfiguration>
  <ResultSummary outcome="Error">
    <Counters total="1" executed="1" error="0" failed="0" timeout="0" aborted="1" inconclusive="0" passedButRunAborted="0" notRunnable="0" notExecuted="0" disconnected="0" warning="0" passed="0" completed="0" inProgress="0" pending="0" />
    <RunInfos>
      <RunInfo computerName="TOLKIEN" outcome="Error" timestamp="2011-10-30T15:31:14.0233765-04:00">
        <Text>Test host process exited unexpectedly.</Text>
      </RunInfo>
    </RunInfos>
  </ResultSummary>
  <Times creation="2011-10-30T15:27:11.9035280-04:00" queuing="2011-10-30T15:27:14.5376787-04:00" start="2011-10-30T15:27:14.8476964-04:00" finish="2011-10-30T15:31:14.0243765-04:00" />
  <TestDefinitions>
    <UnitTest name="authenticateUserTest" storage="c:\develop\budgeteer\budgeteerbusiness.test\bin\debug\budgeteerbusiness.test.dll" id="a2d4949d-2288-66c6-b89d-8f558bc7feba">
      <Css projectStructure="" iteration="" />
      <Owners>
        <Owner name="" />
      </Owners>
      <TestMethod codeBase="C:\Develop\Budgeteer\BudgeteerBusiness.Test\bin\Debug\BudgeteerBusiness.Test.dll" adapterTypeName="Microsoft.VisualStudio.TestTools.TestTypes.Unit.UnitTestAdapter, Microsoft.VisualStudio.QualityTools.Tips.UnitTest.Adapter, Version=9.0.0.0, Culture=neutral, PublicKeyToken=b03f5f7f11d50a3a" className="BudgeteerBusiness.Test.SecurityTest, BudgeteerBusiness.Test" name="authenticateUserTest" />
    </UnitTest>
  </TestDefinitions>
  <TestLists>
    <TestList name="Results Not in a List" id="8c84fa94-04c1-424b-9868-57a2d4851a1d" />
    <TestList name="All Loaded Results" id="19431567-8539-422a-85d7-44ee4e166bda" />
  </TestLists>
  <TestEntries>
    <TestEntry testId="a2d4949d-2288-66c6-b89d-8f558bc7feba" executionId="7bfd5631-a20e-4226-90b7-9324f340aaf8" testListId="8c84fa94-04c1-424b-9868-57a2d4851a1d" />
  </TestEntries>
  <Results>
    <UnitTestResult executionId="7bfd5631-a20e-4226-90b7-9324f340aaf8" testId="a2d4949d-2288-66c6-b89d-8f558bc7feba" testName="authenticateUserTest" computerName="TOLKIEN" duration="00:03:59.0676739" startTime="2011-10-30T15:27:14.9567026-04:00" endTime="2011-10-30T15:31:14.0243765-04:00" testType="13cdc9d9-ddb5-4fa4-a97d-d965ccfc6d4b" outcome="Aborted" testListId="8c84fa94-04c1-424b-9868-57a2d4851a1d">
    </UnitTestResult>
  </Results>
</TestRun>