<?xml version="1.0" encoding="UTF-8"?>
<TestRun id="1f731217-30ce-43a1-a623-852c31ad223d" name="Josh@TOLKIEN 2011-09-30 23:27:13" runUser="Tolkien\Josh" xmlns="http://microsoft.com/schemas/VisualStudio/TeamTest/2006">
  <TestRunConfiguration name="Local Test Run" id="8ba3157e-c793-4762-8e20-abcfc481c21a">
    <Description>This is a default test run configuration for a local test run.</Description>
    <Deployment runDeploymentRoot="C:\Develop\Budgeteer\TestResults\Josh_TOLKIEN 2011-09-30 23_27_13">
      <DeploymentItem filename="C:\Develop\Budgeteer\BudgeteerBusiness\bin\Debug\BudgeteerBusiness.dll" />
      <DeploymentItem filename="C:\Develop\Budgeteer\BudgeteerDAL\bin\Debug\BudgeteerDAL.dll" />
      <DeploymentItem filename="C:\Develop\Budgeteer\BudgeteerObjects\bin\Debug\BudgeteerObjects.dll" />
    </Deployment>
    <TestTypeSpecific />
  </TestRunConfiguration>
  <ResultSummary outcome="Error">
    <Counters total="151" error="0" failed="0" timeout="0" aborted="0" inconclusive="0" passedButRunAborted="0" notRunnable="0" notExecuted="151" disconnected="0" warning="0" passed="0" completed="0" inProgress="0" pending="0" />
    <RunInfos>
      <RunInfo computerName="TOLKIEN" outcome="Error" timestamp="2011-09-30T23:27:18.1095803-04:00">
        <Text>Test host process exited unexpectedly.</Text>
      </RunInfo>
      <RunInfo computerName="TOLKIEN" outcome="Error" timestamp="2011-09-30T23:27:18.3025914-04:00">
        <Text>Failed to queue test run 'Josh@TOLKIEN 2011-09-30 23:27:13': Test host process exited unexpectedly.</Text>
        <Exception>Microsoft.VisualStudio.TestTools.TestManagement.ExecutionException: Test host process exited unexpectedly.
   at Microsoft.VisualStudio.TestTools.TestManagement.LocalControllerProxy.StartProcess(TestRun run)
   at Microsoft.VisualStudio.TestTools.TestManagement.LocalControllerProxy.RestartProcess(TestRun run)
   at Microsoft.VisualStudio.TestTools.TestManagement.LocalControllerProxy.PrepareProcess(TestRun run)
   at Microsoft.VisualStudio.TestTools.TestManagement.LocalControllerProxy.InitializeController(TestRun run)
   at Microsoft.VisualStudio.TestTools.TestManagement.ControllerProxy.QueueTestRunWorker(Object state)</Exception>
      </RunInfo>
    </RunInfos>
  </ResultSummary>
  <Times creation="2011-09-30T23:27:13.7443306-04:00" queuing="2011-09-30T23:27:13.7443306-04:00" start="2011-09-30T23:27:13.7443306-04:00" finish="2011-09-30T23:27:18.3025914-04:00" />
  <TestDefinitions>
    <UnitTest name="addUserEmailAddressNothing" storage="c:\develop\budgeteer\budgeteerbusiness.test\bin\debug\budgeteerbusiness.test.dll" id="90f48b05-4d4f-7605-cb20-2be7d7f85e69">
      <Css projectStructure="" iteration="" />
      <Owners>
        <Owner name="" />
      </Owners>
      <TestMethod codeBase="C:\Develop\Budgeteer\BudgeteerBusiness.Test\bin\Debug\BudgeteerBusiness.Test.dll" adapterTypeName="Microsoft.VisualStudio.TestTools.TestTypes.Unit.UnitTestAdapter, Microsoft.VisualStudio.QualityTools.Tips.UnitTest.Adapter, Version=9.0.0.0, Culture=neutral, PublicKeyToken=b03f5f7f11d50a3a" className="BudgeteerBusiness.Test.UserTest, BudgeteerBusiness.Test" name="addUserEmailAddressNothing" />
    </UnitTest>
    <UnitTest name="addCategoryDescriptionMaxLen" storage="c:\develop\budgeteer\budgeteerbusiness.test\bin\debug\budgeteerbusiness.test.dll" id="58a09de1-5830-1f36-c16c-3939c3e6e900">
      <Css projectStructure="" iteration="" />
      <Owners>
        <Owner name="" />
      </Owners>
      <TestMethod codeBase="C:\Develop\Budgeteer\BudgeteerBusiness.Test\bin\Debug\BudgeteerBusiness.Test.dll" adapterTypeName="Microsoft.VisualStudio.TestTools.TestTypes.Unit.UnitTestAdapter, Microsoft.VisualStudio.QualityTools.Tips.UnitTest.Adapter, Version=9.0.0.0, Culture=neutral, PublicKeyToken=b03f5f7f11d50a3a" className="BudgeteerBusiness.Test.CategoryTest, BudgeteerBusiness.Test" name="addCategoryDescriptionMaxLen" />
    </UnitTest>
    <UnitTest name="getUserUserIDMaxLen" storage="c:\develop\budgeteer\budgeteerbusiness.test\bin\debug\budgeteerbusiness.test.dll" id="538dbcae-3613-3ec0-5462-011bbcef1f66">
      <Css projectStructure="" iteration="" />
      <Owners>
        <Owner name="" />
      </Owners>
      <TestMethod codeBase="C:\Develop\Budgeteer\BudgeteerBusiness.Test\bin\Debug\BudgeteerBusiness.Test.dll" adapterTypeName="Microsoft.VisualStudio.TestTools.TestTypes.Unit.UnitTestAdapter, Microsoft.VisualStudio.QualityTools.Tips.UnitTest.Adapter, Version=9.0.0.0, Culture=neutral, PublicKeyToken=b03f5f7f11d50a3a" className="BudgeteerBusiness.Test.UserTest, BudgeteerBusiness.Test" name="getUserUserIDMaxLen" />
    </UnitTest>
    <UnitTest name="AddAccountTest" storage="c:\develop\budgeteer\budgeteerbusiness.test\bin\debug\budgeteerbusiness.test.dll" id="8dcb2405-5c91-c749-7201-777f5347a181">
      <Css projectStructure="" iteration="" />
      <Owners>
        <Owner name="" />
      </Owners>
      <TestMethod codeBase="C:\Develop\Budgeteer\BudgeteerBusiness.Test\bin\Debug\BudgeteerBusiness.Test.dll" adapterTypeName="Microsoft.VisualStudio.TestTools.TestTypes.Unit.UnitTestAdapter, Microsoft.VisualStudio.QualityTools.Tips.UnitTest.Adapter, Version=9.0.0.0, Culture=neutral, PublicKeyToken=b03f5f7f11d50a3a" className="BudgeteerBusiness.Test.BankAccountTest, BudgeteerBusiness.Test" name="AddAccountTest" />
    </UnitTest>
    <UnitTest name="getSettingsUserIDBlank" storage="c:\develop\budgeteer\budgeteerbusiness.test\bin\debug\budgeteerbusiness.test.dll" id="8cd615c6-e162-c613-892a-65fc09419773">
      <Css projectStructure="" iteration="" />
      <Owners>
        <Owner name="" />
      </Owners>
      <TestMethod codeBase="C:\Develop\Budgeteer\BudgeteerBusiness.Test\bin\Debug\BudgeteerBusiness.Test.dll" adapterTypeName="Microsoft.VisualStudio.TestTools.TestTypes.Unit.UnitTestAdapter, Microsoft.VisualStudio.QualityTools.Tips.UnitTest.Adapter, Version=9.0.0.0, Culture=neutral, PublicKeyToken=b03f5f7f11d50a3a" className="BudgeteerBusiness.Test.ApplicationSettingTest, BudgeteerBusiness.Test" name="getSettingsUserIDBlank" />
    </UnitTest>
    <UnitTest name="updateSubcategoryDescriptionMaxLen" storage="c:\develop\budgeteer\budgeteerbusiness.test\bin\debug\budgeteerbusiness.test.dll" id="2a218d4d-f796-c1d6-fb62-a245094f3715">
      <Css projectStructure="" iteration="" />
      <Owners>
        <Owner name="" />
      </Owners>
      <TestMethod codeBase="C:\Develop\Budgeteer\BudgeteerBusiness.Test\bin\Debug\BudgeteerBusiness.Test.dll" adapterTypeName="Microsoft.VisualStudio.TestTools.TestTypes.Unit.UnitTestAdapter, Microsoft.VisualStudio.QualityTools.Tips.UnitTest.Adapter, Version=9.0.0.0, Culture=neutral, PublicKeyToken=b03f5f7f11d50a3a" className="BudgeteerBusiness.Test.SubcategoryTest, BudgeteerBusiness.Test" name="updateSubcategoryDescriptionMaxLen" />
    </UnitTest>
    <UnitTest name="addSubcategoryDescriptionMaxLen" storage="c:\develop\budgeteer\budgeteerbusiness.test\bin\debug\budgeteerbusiness.test.dll" id="bbfe51fd-ce1b-3e52-a251-5d90aeb6a97a">
      <Css projectStructure="" iteration="" />
      <Owners>
        <Owner name="" />
      </Owners>
      <TestMethod codeBase="C:\Develop\Budgeteer\BudgeteerBusiness.Test\bin\Debug\BudgeteerBusiness.Test.dll" adapterTypeName="Microsoft.VisualStudio.TestTools.TestTypes.Unit.UnitTestAdapter, Microsoft.VisualStudio.QualityTools.Tips.UnitTest.Adapter, Version=9.0.0.0, Culture=neutral, PublicKeyToken=b03f5f7f11d50a3a" className="BudgeteerBusiness.Test.SubcategoryTest, BudgeteerBusiness.Test" name="addSubcategoryDescriptionMaxLen" />
    </UnitTest>
    <UnitTest name="getTransactionsTest" storage="c:\develop\budgeteer\budgeteerbusiness.test\bin\debug\budgeteerbusiness.test.dll" id="0c74f04e-4ac5-b7a6-358f-741d4d504a08">
      <Css projectStructure="" iteration="" />
      <Owners>
        <Owner name="" />
      </Owners>
      <TestMethod codeBase="C:\Develop\Budgeteer\BudgeteerBusiness.Test\bin\Debug\BudgeteerBusiness.Test.dll" adapterTypeName="Microsoft.VisualStudio.TestTools.TestTypes.Unit.UnitTestAdapter, Microsoft.VisualStudio.QualityTools.Tips.UnitTest.Adapter, Version=9.0.0.0, Culture=neutral, PublicKeyToken=b03f5f7f11d50a3a" className="BudgeteerBusiness.Test.TransactionTest, BudgeteerBusiness.Test" name="getTransactionsTest" />
    </UnitTest>
    <UnitTest name="authenticateUserTest" storage="c:\develop\budgeteer\budgeteerbusiness.test\bin\debug\budgeteerbusiness.test.dll" id="a2d4949d-2288-66c6-b89d-8f558bc7feba">
      <Css projectStructure="" iteration="" />
      <Owners>
        <Owner name="" />
      </Owners>
      <TestMethod codeBase="C:\Develop\Budgeteer\BudgeteerBusiness.Test\bin\Debug\BudgeteerBusiness.Test.dll" adapterTypeName="Microsoft.VisualStudio.TestTools.TestTypes.Unit.UnitTestAdapter, Microsoft.VisualStudio.QualityTools.Tips.UnitTest.Adapter, Version=9.0.0.0, Culture=neutral, PublicKeyToken=b03f5f7f11d50a3a" className="BudgeteerBusiness.Test.SecurityTest, BudgeteerBusiness.Test" name="authenticateUserTest" />
    </UnitTest>
    <UnitTest name="addTransactionAccountAdjust" storage="c:\develop\budgeteer\budgeteerbusiness.test\bin\debug\budgeteerbusiness.test.dll" id="4dfbf887-b7a9-b491-3023-62dba6f89178">
      <Css projectStructure="" iteration="" />
      <Owners>
        <Owner name="" />
      </Owners>
      <TestMethod codeBase="C:\Develop\Budgeteer\BudgeteerBusiness.Test\bin\Debug\BudgeteerBusiness.Test.dll" adapterTypeName="Microsoft.VisualStudio.TestTools.TestTypes.Unit.UnitTestAdapter, Microsoft.VisualStudio.QualityTools.Tips.UnitTest.Adapter, Version=9.0.0.0, Culture=neutral, PublicKeyToken=b03f5f7f11d50a3a" className="BudgeteerBusiness.Test.TransactionTest, BudgeteerBusiness.Test" name="addTransactionAccountAdjust" />
    </UnitTest>
    <UnitTest name="AddBudgetFrequencyBlank" storage="c:\develop\budgeteer\budgeteerbusiness.test\bin\debug\budgeteerbusiness.test.dll" id="61fdb9d7-48c5-641a-6f66-dfa77bb5a005">
      <Css projectStructure="" iteration="" />
      <Owners>
        <Owner name="" />
      </Owners>
      <TestMethod codeBase="C:\Develop\Budgeteer\BudgeteerBusiness.Test\bin\Debug\BudgeteerBusiness.Test.dll" adapterTypeName="Microsoft.VisualStudio.TestTools.TestTypes.Unit.UnitTestAdapter, Microsoft.VisualStudio.QualityTools.Tips.UnitTest.Adapter, Version=9.0.0.0, Culture=neutral, PublicKeyToken=b03f5f7f11d50a3a" className="BudgeteerBusiness.Test.BudgetTest, BudgeteerBusiness.Test" name="AddBudgetFrequencyBlank" />
    </UnitTest>
    <UnitTest name="updateSubcategorySinkingFundNotYOrN" storage="c:\develop\budgeteer\budgeteerbusiness.test\bin\debug\budgeteerbusiness.test.dll" id="27188a8b-a7e8-3977-ee02-1bbd41b1cb1b">
      <Css projectStructure="" iteration="" />
      <Owners>
        <Owner name="" />
      </Owners>
      <TestMethod codeBase="C:\Develop\Budgeteer\BudgeteerBusiness.Test\bin\Debug\BudgeteerBusiness.Test.dll" adapterTypeName="Microsoft.VisualStudio.TestTools.TestTypes.Unit.UnitTestAdapter, Microsoft.VisualStudio.QualityTools.Tips.UnitTest.Adapter, Version=9.0.0.0, Culture=neutral, PublicKeyToken=b03f5f7f11d50a3a" className="BudgeteerBusiness.Test.SubcategoryTest, BudgeteerBusiness.Test" name="updateSubcategorySinkingFundNotYOrN" />
    </UnitTest>
    <UnitTest name="getTransactionFirstYear" storage="c:\develop\budgeteer\budgeteerbusiness.test\bin\debug\budgeteerbusiness.test.dll" id="9a3d0807-6457-caa6-13cd-e3a1911026ea">
      <Css projectStructure="" iteration="" />
      <Owners>
        <Owner name="" />
      </Owners>
      <TestMethod codeBase="C:\Develop\Budgeteer\BudgeteerBusiness.Test\bin\Debug\BudgeteerBusiness.Test.dll" adapterTypeName="Microsoft.VisualStudio.TestTools.TestTypes.Unit.UnitTestAdapter, Microsoft.VisualStudio.QualityTools.Tips.UnitTest.Adapter, Version=9.0.0.0, Culture=neutral, PublicKeyToken=b03f5f7f11d50a3a" className="BudgeteerBusiness.Test.TransactionTest, BudgeteerBusiness.Test" name="getTransactionFirstYear" />
    </UnitTest>
    <UnitTest name="DeleteAccountTest" storage="c:\develop\budgeteer\budgeteerbusiness.test\bin\debug\budgeteerbusiness.test.dll" id="b47ab333-b0fd-87a2-450b-d6079dce8ac2">
      <Css projectStructure="" iteration="" />
      <Owners>
        <Owner name="" />
      </Owners>
      <TestMethod codeBase="C:\Develop\Budgeteer\BudgeteerBusiness.Test\bin\Debug\BudgeteerBusiness.Test.dll" adapterTypeName="Microsoft.VisualStudio.TestTools.TestTypes.Unit.UnitTestAdapter, Microsoft.VisualStudio.QualityTools.Tips.UnitTest.Adapter, Version=9.0.0.0, Culture=neutral, PublicKeyToken=b03f5f7f11d50a3a" className="BudgeteerBusiness.Test.BankAccountTest, BudgeteerBusiness.Test" name="DeleteAccountTest" />
    </UnitTest>
    <UnitTest name="addUserUserIDNothing" storage="c:\develop\budgeteer\budgeteerbusiness.test\bin\debug\budgeteerbusiness.test.dll" id="0da9cb98-0025-f1cc-5c4e-78987bd1ba0a">
      <Css projectStructure="" iteration="" />
      <Owners>
        <Owner name="" />
      </Owners>
      <TestMethod codeBase="C:\Develop\Budgeteer\BudgeteerBusiness.Test\bin\Debug\BudgeteerBusiness.Test.dll" adapterTypeName="Microsoft.VisualStudio.TestTools.TestTypes.Unit.UnitTestAdapter, Microsoft.VisualStudio.QualityTools.Tips.UnitTest.Adapter, Version=9.0.0.0, Culture=neutral, PublicKeyToken=b03f5f7f11d50a3a" className="BudgeteerBusiness.Test.UserTest, BudgeteerBusiness.Test" name="addUserUserIDNothing" />
    </UnitTest>
    <UnitTest name="addUserFirstNameNothing" storage="c:\develop\budgeteer\budgeteerbusiness.test\bin\debug\budgeteerbusiness.test.dll" id="009665bb-5de0-8593-a32b-50bf52a35d2c">
      <Css projectStructure="" iteration="" />
      <Owners>
        <Owner name="" />
      </Owners>
      <TestMethod codeBase="C:\Develop\Budgeteer\BudgeteerBusiness.Test\bin\Debug\BudgeteerBusiness.Test.dll" adapterTypeName="Microsoft.VisualStudio.TestTools.TestTypes.Unit.UnitTestAdapter, Microsoft.VisualStudio.QualityTools.Tips.UnitTest.Adapter, Version=9.0.0.0, Culture=neutral, PublicKeyToken=b03f5f7f11d50a3a" className="BudgeteerBusiness.Test.UserTest, BudgeteerBusiness.Test" name="addUserFirstNameNothing" />
    </UnitTest>
    <UnitTest name="addSubcategorySubcategoryNothing" storage="c:\develop\budgeteer\budgeteerbusiness.test\bin\debug\budgeteerbusiness.test.dll" id="f627b55d-1ae3-286c-f067-07f1ac287750">
      <Css projectStructure="" iteration="" />
      <Owners>
        <Owner name="" />
      </Owners>
      <TestMethod codeBase="C:\Develop\Budgeteer\BudgeteerBusiness.Test\bin\Debug\BudgeteerBusiness.Test.dll" adapterTypeName="Microsoft.VisualStudio.TestTools.TestTypes.Unit.UnitTestAdapter, Microsoft.VisualStudio.QualityTools.Tips.UnitTest.Adapter, Version=9.0.0.0, Culture=neutral, PublicKeyToken=b03f5f7f11d50a3a" className="BudgeteerBusiness.Test.SubcategoryTest, BudgeteerBusiness.Test" name="addSubcategorySubcategoryNothing" />
    </UnitTest>
    <UnitTest name="UpdateBudgetTest" storage="c:\develop\budgeteer\budgeteerbusiness.test\bin\debug\budgeteerbusiness.test.dll" id="4a8176c5-a77c-0df9-87fa-be9df67b74cb">
      <Css projectStructure="" iteration="" />
      <Owners>
        <Owner name="" />
      </Owners>
      <TestMethod codeBase="C:\Develop\Budgeteer\BudgeteerBusiness.Test\bin\Debug\BudgeteerBusiness.Test.dll" adapterTypeName="Microsoft.VisualStudio.TestTools.TestTypes.Unit.UnitTestAdapter, Microsoft.VisualStudio.QualityTools.Tips.UnitTest.Adapter, Version=9.0.0.0, Culture=neutral, PublicKeyToken=b03f5f7f11d50a3a" className="BudgeteerBusiness.Test.BudgetTest, BudgeteerBusiness.Test" name="UpdateBudgetTest" />
    </UnitTest>
    <UnitTest name="deleteFrequencyTest" storage="c:\develop\budgeteer\budgeteerbusiness.test\bin\debug\budgeteerbusiness.test.dll" id="83c6509b-b125-a15a-14be-8af19ed1aed9">
      <Css projectStructure="" iteration="" />
      <Owners>
        <Owner name="" />
      </Owners>
      <TestMethod codeBase="C:\Develop\Budgeteer\BudgeteerBusiness.Test\bin\Debug\BudgeteerBusiness.Test.dll" adapterTypeName="Microsoft.VisualStudio.TestTools.TestTypes.Unit.UnitTestAdapter, Microsoft.VisualStudio.QualityTools.Tips.UnitTest.Adapter, Version=9.0.0.0, Culture=neutral, PublicKeyToken=b03f5f7f11d50a3a" className="BudgeteerBusiness.Test.FrequencyTest, BudgeteerBusiness.Test" name="deleteFrequencyTest" />
    </UnitTest>
    <UnitTest name="updateFrequencyDescriptionNothing" storage="c:\develop\budgeteer\budgeteerbusiness.test\bin\debug\budgeteerbusiness.test.dll" id="a4fa7f01-082a-f733-8a2d-b25ea8023d30">
      <Css projectStructure="" iteration="" />
      <Owners>
        <Owner name="" />
      </Owners>
      <TestMethod codeBase="C:\Develop\Budgeteer\BudgeteerBusiness.Test\bin\Debug\BudgeteerBusiness.Test.dll" adapterTypeName="Microsoft.VisualStudio.TestTools.TestTypes.Unit.UnitTestAdapter, Microsoft.VisualStudio.QualityTools.Tips.UnitTest.Adapter, Version=9.0.0.0, Culture=neutral, PublicKeyToken=b03f5f7f11d50a3a" className="BudgeteerBusiness.Test.FrequencyTest, BudgeteerBusiness.Test" name="updateFrequencyDescriptionNothing" />
    </UnitTest>
    <UnitTest name="updateCategoryCategoryIDNothing" storage="c:\develop\budgeteer\budgeteerbusiness.test\bin\debug\budgeteerbusiness.test.dll" id="a8ff8f1a-6307-d134-859e-78279102c9ce">
      <Css projectStructure="" iteration="" />
      <Owners>
        <Owner name="" />
      </Owners>
      <TestMethod codeBase="C:\Develop\Budgeteer\BudgeteerBusiness.Test\bin\Debug\BudgeteerBusiness.Test.dll" adapterTypeName="Microsoft.VisualStudio.TestTools.TestTypes.Unit.UnitTestAdapter, Microsoft.VisualStudio.QualityTools.Tips.UnitTest.Adapter, Version=9.0.0.0, Culture=neutral, PublicKeyToken=b03f5f7f11d50a3a" className="BudgeteerBusiness.Test.CategoryTest, BudgeteerBusiness.Test" name="updateCategoryCategoryIDNothing" />
    </UnitTest>
    <UnitTest name="AccountUpdateTest" storage="c:\develop\budgeteer\budgeteerbusiness.test\bin\debug\budgeteerbusiness.test.dll" id="acd7067b-97cd-802a-af1a-b1adb9e60800">
      <Css projectStructure="" iteration="" />
      <Owners>
        <Owner name="" />
      </Owners>
      <TestMethod codeBase="C:\Develop\Budgeteer\BudgeteerBusiness.Test\bin\Debug\BudgeteerBusiness.Test.dll" adapterTypeName="Microsoft.VisualStudio.TestTools.TestTypes.Unit.UnitTestAdapter, Microsoft.VisualStudio.QualityTools.Tips.UnitTest.Adapter, Version=9.0.0.0, Culture=neutral, PublicKeyToken=b03f5f7f11d50a3a" className="BudgeteerBusiness.Test.BankAccountTest, BudgeteerBusiness.Test" name="AccountUpdateTest" />
    </UnitTest>
    <UnitTest name="addCategoryTest" storage="c:\develop\budgeteer\budgeteerbusiness.test\bin\debug\budgeteerbusiness.test.dll" id="28a40b92-ebf0-3021-bfd0-8669c95f701b">
      <Css projectStructure="" iteration="" />
      <Owners>
        <Owner name="" />
      </Owners>
      <TestMethod codeBase="C:\Develop\Budgeteer\BudgeteerBusiness.Test\bin\Debug\BudgeteerBusiness.Test.dll" adapterTypeName="Microsoft.VisualStudio.TestTools.TestTypes.Unit.UnitTestAdapter, Microsoft.VisualStudio.QualityTools.Tips.UnitTest.Adapter, Version=9.0.0.0, Culture=neutral, PublicKeyToken=b03f5f7f11d50a3a" className="BudgeteerBusiness.Test.CategoryTest, BudgeteerBusiness.Test" name="addCategoryTest" />
    </UnitTest>
    <UnitTest name="AddBudgetTest" storage="c:\develop\budgeteer\budgeteerbusiness.test\bin\debug\budgeteerbusiness.test.dll" id="ec84c0d8-8089-6d3c-3b32-6d388f8132a6">
      <Css projectStructure="" iteration="" />
      <Owners>
        <Owner name="" />
      </Owners>
      <TestMethod codeBase="C:\Develop\Budgeteer\BudgeteerBusiness.Test\bin\Debug\BudgeteerBusiness.Test.dll" adapterTypeName="Microsoft.VisualStudio.TestTools.TestTypes.Unit.UnitTestAdapter, Microsoft.VisualStudio.QualityTools.Tips.UnitTest.Adapter, Version=9.0.0.0, Culture=neutral, PublicKeyToken=b03f5f7f11d50a3a" className="BudgeteerBusiness.Test.BudgetTest, BudgeteerBusiness.Test" name="AddBudgetTest" />
    </UnitTest>
    <UnitTest name="setSettingSettingBlank" storage="c:\develop\budgeteer\budgeteerbusiness.test\bin\debug\budgeteerbusiness.test.dll" id="83dddd9a-5fdf-d50e-591b-83ffd2e26894">
      <Css projectStructure="" iteration="" />
      <Owners>
        <Owner name="" />
      </Owners>
      <TestMethod codeBase="C:\Develop\Budgeteer\BudgeteerBusiness.Test\bin\Debug\BudgeteerBusiness.Test.dll" adapterTypeName="Microsoft.VisualStudio.TestTools.TestTypes.Unit.UnitTestAdapter, Microsoft.VisualStudio.QualityTools.Tips.UnitTest.Adapter, Version=9.0.0.0, Culture=neutral, PublicKeyToken=b03f5f7f11d50a3a" className="BudgeteerBusiness.Test.ApplicationSettingTest, BudgeteerBusiness.Test" name="setSettingSettingBlank" />
    </UnitTest>
    <UnitTest name="AddAccountAccountNameNothing" storage="c:\develop\budgeteer\budgeteerbusiness.test\bin\debug\budgeteerbusiness.test.dll" id="76e91602-d7b1-974d-3752-f1032f6e14fd">
      <Css projectStructure="" iteration="" />
      <Owners>
        <Owner name="" />
      </Owners>
      <TestMethod codeBase="C:\Develop\Budgeteer\BudgeteerBusiness.Test\bin\Debug\BudgeteerBusiness.Test.dll" adapterTypeName="Microsoft.VisualStudio.TestTools.TestTypes.Unit.UnitTestAdapter, Microsoft.VisualStudio.QualityTools.Tips.UnitTest.Adapter, Version=9.0.0.0, Culture=neutral, PublicKeyToken=b03f5f7f11d50a3a" className="BudgeteerBusiness.Test.BankAccountTest, BudgeteerBusiness.Test" name="AddAccountAccountNameNothing" />
    </UnitTest>
    <UnitTest name="AccountUpdateAccountNumberMaxLen" storage="c:\develop\budgeteer\budgeteerbusiness.test\bin\debug\budgeteerbusiness.test.dll" id="fd0567ca-ebac-cdf4-0d35-eaae1abf4f60">
      <Css projectStructure="" iteration="" />
      <Owners>
        <Owner name="" />
      </Owners>
      <TestMethod codeBase="C:\Develop\Budgeteer\BudgeteerBusiness.Test\bin\Debug\BudgeteerBusiness.Test.dll" adapterTypeName="Microsoft.VisualStudio.TestTools.TestTypes.Unit.UnitTestAdapter, Microsoft.VisualStudio.QualityTools.Tips.UnitTest.Adapter, Version=9.0.0.0, Culture=neutral, PublicKeyToken=b03f5f7f11d50a3a" className="BudgeteerBusiness.Test.BankAccountTest, BudgeteerBusiness.Test" name="AccountUpdateAccountNumberMaxLen" />
    </UnitTest>
    <UnitTest name="addSubcategoryTest" storage="c:\develop\budgeteer\budgeteerbusiness.test\bin\debug\budgeteerbusiness.test.dll" id="6c1d12e8-2a89-22ef-766d-cb51fcbbb230">
      <Css projectStructure="" iteration="" />
      <Owners>
        <Owner name="" />
      </Owners>
      <TestMethod codeBase="C:\Develop\Budgeteer\BudgeteerBusiness.Test\bin\Debug\BudgeteerBusiness.Test.dll" adapterTypeName="Microsoft.VisualStudio.TestTools.TestTypes.Unit.UnitTestAdapter, Microsoft.VisualStudio.QualityTools.Tips.UnitTest.Adapter, Version=9.0.0.0, Culture=neutral, PublicKeyToken=b03f5f7f11d50a3a" className="BudgeteerBusiness.Test.SubcategoryTest, BudgeteerBusiness.Test" name="addSubcategoryTest" />
    </UnitTest>
    <UnitTest name="updateTransactionTest" storage="c:\develop\budgeteer\budgeteerbusiness.test\bin\debug\budgeteerbusiness.test.dll" id="1ce94126-b660-0ac9-06d3-af2dd6c473a7">
      <Css projectStructure="" iteration="" />
      <Owners>
        <Owner name="" />
      </Owners>
      <TestMethod codeBase="C:\Develop\Budgeteer\BudgeteerBusiness.Test\bin\Debug\BudgeteerBusiness.Test.dll" adapterTypeName="Microsoft.VisualStudio.TestTools.TestTypes.Unit.UnitTestAdapter, Microsoft.VisualStudio.QualityTools.Tips.UnitTest.Adapter, Version=9.0.0.0, Culture=neutral, PublicKeyToken=b03f5f7f11d50a3a" className="BudgeteerBusiness.Test.TransactionTest, BudgeteerBusiness.Test" name="updateTransactionTest" />
    </UnitTest>
    <UnitTest name="addCategoryUserIDNothing" storage="c:\develop\budgeteer\budgeteerbusiness.test\bin\debug\budgeteerbusiness.test.dll" id="532e8336-e148-b747-29ed-96f8fa85edc7">
      <Css projectStructure="" iteration="" />
      <Owners>
        <Owner name="" />
      </Owners>
      <TestMethod codeBase="C:\Develop\Budgeteer\BudgeteerBusiness.Test\bin\Debug\BudgeteerBusiness.Test.dll" adapterTypeName="Microsoft.VisualStudio.TestTools.TestTypes.Unit.UnitTestAdapter, Microsoft.VisualStudio.QualityTools.Tips.UnitTest.Adapter, Version=9.0.0.0, Culture=neutral, PublicKeyToken=b03f5f7f11d50a3a" className="BudgeteerBusiness.Test.CategoryTest, BudgeteerBusiness.Test" name="addCategoryUserIDNothing" />
    </UnitTest>
    <UnitTest name="addTransactionDateNothing" storage="c:\develop\budgeteer\budgeteerbusiness.test\bin\debug\budgeteerbusiness.test.dll" id="d9c74070-150a-6459-f8b5-cd6b0de2b4ec">
      <Css projectStructure="" iteration="" />
      <Owners>
        <Owner name="" />
      </Owners>
      <TestMethod codeBase="C:\Develop\Budgeteer\BudgeteerBusiness.Test\bin\Debug\BudgeteerBusiness.Test.dll" adapterTypeName="Microsoft.VisualStudio.TestTools.TestTypes.Unit.UnitTestAdapter, Microsoft.VisualStudio.QualityTools.Tips.UnitTest.Adapter, Version=9.0.0.0, Culture=neutral, PublicKeyToken=b03f5f7f11d50a3a" className="BudgeteerBusiness.Test.TransactionTest, BudgeteerBusiness.Test" name="addTransactionDateNothing" />
    </UnitTest>
    <UnitTest name="AddAccountAccountNameMaxLen" storage="c:\develop\budgeteer\budgeteerbusiness.test\bin\debug\budgeteerbusiness.test.dll" id="6f61982a-b51b-27fe-1f93-482011c4b473">
      <Css projectStructure="" iteration="" />
      <Owners>
        <Owner name="" />
      </Owners>
      <TestMethod codeBase="C:\Develop\Budgeteer\BudgeteerBusiness.Test\bin\Debug\BudgeteerBusiness.Test.dll" adapterTypeName="Microsoft.VisualStudio.TestTools.TestTypes.Unit.UnitTestAdapter, Microsoft.VisualStudio.QualityTools.Tips.UnitTest.Adapter, Version=9.0.0.0, Culture=neutral, PublicKeyToken=b03f5f7f11d50a3a" className="BudgeteerBusiness.Test.BankAccountTest, BudgeteerBusiness.Test" name="AddAccountAccountNameMaxLen" />
    </UnitTest>
    <UnitTest name="updateCategoryTest" storage="c:\develop\budgeteer\budgeteerbusiness.test\bin\debug\budgeteerbusiness.test.dll" id="8fc9d453-58a3-7668-636c-73ada71a9a28">
      <Css projectStructure="" iteration="" />
      <Owners>
        <Owner name="" />
      </Owners>
      <TestMethod codeBase="C:\Develop\Budgeteer\BudgeteerBusiness.Test\bin\Debug\BudgeteerBusiness.Test.dll" adapterTypeName="Microsoft.VisualStudio.TestTools.TestTypes.Unit.UnitTestAdapter, Microsoft.VisualStudio.QualityTools.Tips.UnitTest.Adapter, Version=9.0.0.0, Culture=neutral, PublicKeyToken=b03f5f7f11d50a3a" className="BudgeteerBusiness.Test.CategoryTest, BudgeteerBusiness.Test" name="updateCategoryTest" />
    </UnitTest>
    <UnitTest name="addTransactionDescriptionNothing" storage="c:\develop\budgeteer\budgeteerbusiness.test\bin\debug\budgeteerbusiness.test.dll" id="da27e590-9f13-60c6-1ba7-9957aed51717">
      <Css projectStructure="" iteration="" />
      <Owners>
        <Owner name="" />
      </Owners>
      <TestMethod codeBase="C:\Develop\Budgeteer\BudgeteerBusiness.Test\bin\Debug\BudgeteerBusiness.Test.dll" adapterTypeName="Microsoft.VisualStudio.TestTools.TestTypes.Unit.UnitTestAdapter, Microsoft.VisualStudio.QualityTools.Tips.UnitTest.Adapter, Version=9.0.0.0, Culture=neutral, PublicKeyToken=b03f5f7f11d50a3a" className="BudgeteerBusiness.Test.TransactionTest, BudgeteerBusiness.Test" name="addTransactionDescriptionNothing" />
    </UnitTest>
    <UnitTest name="UpdateBudgetStartDateBlank" storage="c:\develop\budgeteer\budgeteerbusiness.test\bin\debug\budgeteerbusiness.test.dll" id="b7f0e8a2-8926-f837-3cda-c1c849c6826c">
      <Css projectStructure="" iteration="" />
      <Owners>
        <Owner name="" />
      </Owners>
      <TestMethod codeBase="C:\Develop\Budgeteer\BudgeteerBusiness.Test\bin\Debug\BudgeteerBusiness.Test.dll" adapterTypeName="Microsoft.VisualStudio.TestTools.TestTypes.Unit.UnitTestAdapter, Microsoft.VisualStudio.QualityTools.Tips.UnitTest.Adapter, Version=9.0.0.0, Culture=neutral, PublicKeyToken=b03f5f7f11d50a3a" className="BudgeteerBusiness.Test.BudgetTest, BudgeteerBusiness.Test" name="UpdateBudgetStartDateBlank" />
    </UnitTest>
    <UnitTest name="updateSubcategoryTest" storage="c:\develop\budgeteer\budgeteerbusiness.test\bin\debug\budgeteerbusiness.test.dll" id="bedc9ca5-0715-f75f-5275-d225bacd5374">
      <Css projectStructure="" iteration="" />
      <Owners>
        <Owner name="" />
      </Owners>
      <TestMethod codeBase="C:\Develop\Budgeteer\BudgeteerBusiness.Test\bin\Debug\BudgeteerBusiness.Test.dll" adapterTypeName="Microsoft.VisualStudio.TestTools.TestTypes.Unit.UnitTestAdapter, Microsoft.VisualStudio.QualityTools.Tips.UnitTest.Adapter, Version=9.0.0.0, Culture=neutral, PublicKeyToken=b03f5f7f11d50a3a" className="BudgeteerBusiness.Test.SubcategoryTest, BudgeteerBusiness.Test" name="updateSubcategoryTest" />
    </UnitTest>
    <UnitTest name="addUserLastNameMaxLen" storage="c:\develop\budgeteer\budgeteerbusiness.test\bin\debug\budgeteerbusiness.test.dll" id="d34b29c4-f075-6bcd-bac5-00d2275289a2">
      <Css projectStructure="" iteration="" />
      <Owners>
        <Owner name="" />
      </Owners>
      <TestMethod codeBase="C:\Develop\Budgeteer\BudgeteerBusiness.Test\bin\Debug\BudgeteerBusiness.Test.dll" adapterTypeName="Microsoft.VisualStudio.TestTools.TestTypes.Unit.UnitTestAdapter, Microsoft.VisualStudio.QualityTools.Tips.UnitTest.Adapter, Version=9.0.0.0, Culture=neutral, PublicKeyToken=b03f5f7f11d50a3a" className="BudgeteerBusiness.Test.UserTest, BudgeteerBusiness.Test" name="addUserLastNameMaxLen" />
    </UnitTest>
    <UnitTest name="updateUserEmailAddressEmailNothing" storage="c:\develop\budgeteer\budgeteerbusiness.test\bin\debug\budgeteerbusiness.test.dll" id="80c414af-5874-d05b-df07-60a9f219452e">
      <Css projectStructure="" iteration="" />
      <Owners>
        <Owner name="" />
      </Owners>
      <TestMethod codeBase="C:\Develop\Budgeteer\BudgeteerBusiness.Test\bin\Debug\BudgeteerBusiness.Test.dll" adapterTypeName="Microsoft.VisualStudio.TestTools.TestTypes.Unit.UnitTestAdapter, Microsoft.VisualStudio.QualityTools.Tips.UnitTest.Adapter, Version=9.0.0.0, Culture=neutral, PublicKeyToken=b03f5f7f11d50a3a" className="BudgeteerBusiness.Test.UserTest, BudgeteerBusiness.Test" name="updateUserEmailAddressEmailNothing" />
    </UnitTest>
    <UnitTest name="updateUserPasswordPasswordMaxLen" storage="c:\develop\budgeteer\budgeteerbusiness.test\bin\debug\budgeteerbusiness.test.dll" id="284bf1a9-75d1-2878-109e-644bc848b2b3">
      <Css projectStructure="" iteration="" />
      <Owners>
        <Owner name="" />
      </Owners>
      <TestMethod codeBase="C:\Develop\Budgeteer\BudgeteerBusiness.Test\bin\Debug\BudgeteerBusiness.Test.dll" adapterTypeName="Microsoft.VisualStudio.TestTools.TestTypes.Unit.UnitTestAdapter, Microsoft.VisualStudio.QualityTools.Tips.UnitTest.Adapter, Version=9.0.0.0, Culture=neutral, PublicKeyToken=b03f5f7f11d50a3a" className="BudgeteerBusiness.Test.UserTest, BudgeteerBusiness.Test" name="updateUserPasswordPasswordMaxLen" />
    </UnitTest>
    <UnitTest name="deleteBudgetBudgetIDBlank" storage="c:\develop\budgeteer\budgeteerbusiness.test\bin\debug\budgeteerbusiness.test.dll" id="799311e6-1da3-8fae-d135-4dafc9b3c1eb">
      <Css projectStructure="" iteration="" />
      <Owners>
        <Owner name="" />
      </Owners>
      <TestMethod codeBase="C:\Develop\Budgeteer\BudgeteerBusiness.Test\bin\Debug\BudgeteerBusiness.Test.dll" adapterTypeName="Microsoft.VisualStudio.TestTools.TestTypes.Unit.UnitTestAdapter, Microsoft.VisualStudio.QualityTools.Tips.UnitTest.Adapter, Version=9.0.0.0, Culture=neutral, PublicKeyToken=b03f5f7f11d50a3a" className="BudgeteerBusiness.Test.BudgetTest, BudgeteerBusiness.Test" name="deleteBudgetBudgetIDBlank" />
    </UnitTest>
    <UnitTest name="updateUserPasswordPasswordNothing" storage="c:\develop\budgeteer\budgeteerbusiness.test\bin\debug\budgeteerbusiness.test.dll" id="96ea8a44-4a4b-1549-f98e-7f968bf38c44">
      <Css projectStructure="" iteration="" />
      <Owners>
        <Owner name="" />
      </Owners>
      <TestMethod codeBase="C:\Develop\Budgeteer\BudgeteerBusiness.Test\bin\Debug\BudgeteerBusiness.Test.dll" adapterTypeName="Microsoft.VisualStudio.TestTools.TestTypes.Unit.UnitTestAdapter, Microsoft.VisualStudio.QualityTools.Tips.UnitTest.Adapter, Version=9.0.0.0, Culture=neutral, PublicKeyToken=b03f5f7f11d50a3a" className="BudgeteerBusiness.Test.UserTest, BudgeteerBusiness.Test" name="updateUserPasswordPasswordNothing" />
    </UnitTest>
    <UnitTest name="AddBudgetBudgetNothing" storage="c:\develop\budgeteer\budgeteerbusiness.test\bin\debug\budgeteerbusiness.test.dll" id="051888c9-8a45-0bb7-a0d4-714b442283af">
      <Css projectStructure="" iteration="" />
      <Owners>
        <Owner name="" />
      </Owners>
      <TestMethod codeBase="C:\Develop\Budgeteer\BudgeteerBusiness.Test\bin\Debug\BudgeteerBusiness.Test.dll" adapterTypeName="Microsoft.VisualStudio.TestTools.TestTypes.Unit.UnitTestAdapter, Microsoft.VisualStudio.QualityTools.Tips.UnitTest.Adapter, Version=9.0.0.0, Culture=neutral, PublicKeyToken=b03f5f7f11d50a3a" className="BudgeteerBusiness.Test.BudgetTest, BudgeteerBusiness.Test" name="AddBudgetBudgetNothing" />
    </UnitTest>
    <UnitTest name="getSubcategoriesTest" storage="c:\develop\budgeteer\budgeteerbusiness.test\bin\debug\budgeteerbusiness.test.dll" id="c962f176-0e46-6e6a-64e1-773767b2a92e">
      <Css projectStructure="" iteration="" />
      <Owners>
        <Owner name="" />
      </Owners>
      <TestMethod codeBase="C:\Develop\Budgeteer\BudgeteerBusiness.Test\bin\Debug\BudgeteerBusiness.Test.dll" adapterTypeName="Microsoft.VisualStudio.TestTools.TestTypes.Unit.UnitTestAdapter, Microsoft.VisualStudio.QualityTools.Tips.UnitTest.Adapter, Version=9.0.0.0, Culture=neutral, PublicKeyToken=b03f5f7f11d50a3a" className="BudgeteerBusiness.Test.SubcategoryTest, BudgeteerBusiness.Test" name="getSubcategoriesTest" />
    </UnitTest>
    <UnitTest name="updateFrequencyDescriptionMaxLen" storage="c:\develop\budgeteer\budgeteerbusiness.test\bin\debug\budgeteerbusiness.test.dll" id="38af75c1-03ea-b909-29fa-879e4a97d0ad">
      <Css projectStructure="" iteration="" />
      <Owners>
        <Owner name="" />
      </Owners>
      <TestMethod codeBase="C:\Develop\Budgeteer\BudgeteerBusiness.Test\bin\Debug\BudgeteerBusiness.Test.dll" adapterTypeName="Microsoft.VisualStudio.TestTools.TestTypes.Unit.UnitTestAdapter, Microsoft.VisualStudio.QualityTools.Tips.UnitTest.Adapter, Version=9.0.0.0, Culture=neutral, PublicKeyToken=b03f5f7f11d50a3a" className="BudgeteerBusiness.Test.FrequencyTest, BudgeteerBusiness.Test" name="updateFrequencyDescriptionMaxLen" />
    </UnitTest>
    <UnitTest name="activateUserTest" storage="c:\develop\budgeteer\budgeteerbusiness.test\bin\debug\budgeteerbusiness.test.dll" id="24148662-d27c-83db-d849-dc758dd8b5f9">
      <Css projectStructure="" iteration="" />
      <Owners>
        <Owner name="" />
      </Owners>
      <TestMethod codeBase="C:\Develop\Budgeteer\BudgeteerBusiness.Test\bin\Debug\BudgeteerBusiness.Test.dll" adapterTypeName="Microsoft.VisualStudio.TestTools.TestTypes.Unit.UnitTestAdapter, Microsoft.VisualStudio.QualityTools.Tips.UnitTest.Adapter, Version=9.0.0.0, Culture=neutral, PublicKeyToken=b03f5f7f11d50a3a" className="BudgeteerBusiness.Test.UserTest, BudgeteerBusiness.Test" name="activateUserTest" />
    </UnitTest>
    <UnitTest name="AccountUpdateAccountTypeMaxLen" storage="c:\develop\budgeteer\budgeteerbusiness.test\bin\debug\budgeteerbusiness.test.dll" id="dc103d46-66d3-5339-3760-9e1aa3967d68">
      <Css projectStructure="" iteration="" />
      <Owners>
        <Owner name="" />
      </Owners>
      <TestMethod codeBase="C:\Develop\Budgeteer\BudgeteerBusiness.Test\bin\Debug\BudgeteerBusiness.Test.dll" adapterTypeName="Microsoft.VisualStudio.TestTools.TestTypes.Unit.UnitTestAdapter, Microsoft.VisualStudio.QualityTools.Tips.UnitTest.Adapter, Version=9.0.0.0, Culture=neutral, PublicKeyToken=b03f5f7f11d50a3a" className="BudgeteerBusiness.Test.BankAccountTest, BudgeteerBusiness.Test" name="AccountUpdateAccountTypeMaxLen" />
    </UnitTest>
    <UnitTest name="UpdateBudgetSubcategoryIDBlank" storage="c:\develop\budgeteer\budgeteerbusiness.test\bin\debug\budgeteerbusiness.test.dll" id="2961bbf1-146b-0935-82b2-1ae35615a987">
      <Css projectStructure="" iteration="" />
      <Owners>
        <Owner name="" />
      </Owners>
      <TestMethod codeBase="C:\Develop\Budgeteer\BudgeteerBusiness.Test\bin\Debug\BudgeteerBusiness.Test.dll" adapterTypeName="Microsoft.VisualStudio.TestTools.TestTypes.Unit.UnitTestAdapter, Microsoft.VisualStudio.QualityTools.Tips.UnitTest.Adapter, Version=9.0.0.0, Culture=neutral, PublicKeyToken=b03f5f7f11d50a3a" className="BudgeteerBusiness.Test.BudgetTest, BudgeteerBusiness.Test" name="UpdateBudgetSubcategoryIDBlank" />
    </UnitTest>
    <UnitTest name="getSettingSettingBlank" storage="c:\develop\budgeteer\budgeteerbusiness.test\bin\debug\budgeteerbusiness.test.dll" id="c1eb1ab3-71b1-7f0c-d402-7db8c88875e0">
      <Css projectStructure="" iteration="" />
      <Owners>
        <Owner name="" />
      </Owners>
      <TestMethod codeBase="C:\Develop\Budgeteer\BudgeteerBusiness.Test\bin\Debug\BudgeteerBusiness.Test.dll" adapterTypeName="Microsoft.VisualStudio.TestTools.TestTypes.Unit.UnitTestAdapter, Microsoft.VisualStudio.QualityTools.Tips.UnitTest.Adapter, Version=9.0.0.0, Culture=neutral, PublicKeyToken=b03f5f7f11d50a3a" className="BudgeteerBusiness.Test.ApplicationSettingTest, BudgeteerBusiness.Test" name="getSettingSettingBlank" />
    </UnitTest>
    <UnitTest name="updateUserPasswordUserIDMaxLen" storage="c:\develop\budgeteer\budgeteerbusiness.test\bin\debug\budgeteerbusiness.test.dll" id="3a751831-a04a-99cb-4020-7bcb1dfdc48d">
      <Css projectStructure="" iteration="" />
      <Owners>
        <Owner name="" />
      </Owners>
      <TestMethod codeBase="C:\Develop\Budgeteer\BudgeteerBusiness.Test\bin\Debug\BudgeteerBusiness.Test.dll" adapterTypeName="Microsoft.VisualStudio.TestTools.TestTypes.Unit.UnitTestAdapter, Microsoft.VisualStudio.QualityTools.Tips.UnitTest.Adapter, Version=9.0.0.0, Culture=neutral, PublicKeyToken=b03f5f7f11d50a3a" className="BudgeteerBusiness.Test.UserTest, BudgeteerBusiness.Test" name="updateUserPasswordUserIDMaxLen" />
    </UnitTest>
    <UnitTest name="AccountUpdateAccountNameNothing" storage="c:\develop\budgeteer\budgeteerbusiness.test\bin\debug\budgeteerbusiness.test.dll" id="8c6905af-52bc-76a0-b628-ad32132409ba">
      <Css projectStructure="" iteration="" />
      <Owners>
        <Owner name="" />
      </Owners>
      <TestMethod codeBase="C:\Develop\Budgeteer\BudgeteerBusiness.Test\bin\Debug\BudgeteerBusiness.Test.dll" adapterTypeName="Microsoft.VisualStudio.TestTools.TestTypes.Unit.UnitTestAdapter, Microsoft.VisualStudio.QualityTools.Tips.UnitTest.Adapter, Version=9.0.0.0, Culture=neutral, PublicKeyToken=b03f5f7f11d50a3a" className="BudgeteerBusiness.Test.BankAccountTest, BudgeteerBusiness.Test" name="AccountUpdateAccountNameNothing" />
    </UnitTest>
    <UnitTest name="addUserUserIDMaxLen" storage="c:\develop\budgeteer\budgeteerbusiness.test\bin\debug\budgeteerbusiness.test.dll" id="41d12651-6966-8543-ef57-0046b613ddb5">
      <Css projectStructure="" iteration="" />
      <Owners>
        <Owner name="" />
      </Owners>
      <TestMethod codeBase="C:\Develop\Budgeteer\BudgeteerBusiness.Test\bin\Debug\BudgeteerBusiness.Test.dll" adapterTypeName="Microsoft.VisualStudio.TestTools.TestTypes.Unit.UnitTestAdapter, Microsoft.VisualStudio.QualityTools.Tips.UnitTest.Adapter, Version=9.0.0.0, Culture=neutral, PublicKeyToken=b03f5f7f11d50a3a" className="BudgeteerBusiness.Test.UserTest, BudgeteerBusiness.Test" name="addUserUserIDMaxLen" />
    </UnitTest>
    <UnitTest name="addTransactionUserIDNothing" storage="c:\develop\budgeteer\budgeteerbusiness.test\bin\debug\budgeteerbusiness.test.dll" id="9b270260-260c-a978-9dd4-28ae487f85d0">
      <Css projectStructure="" iteration="" />
      <Owners>
        <Owner name="" />
      </Owners>
      <TestMethod codeBase="C:\Develop\Budgeteer\BudgeteerBusiness.Test\bin\Debug\BudgeteerBusiness.Test.dll" adapterTypeName="Microsoft.VisualStudio.TestTools.TestTypes.Unit.UnitTestAdapter, Microsoft.VisualStudio.QualityTools.Tips.UnitTest.Adapter, Version=9.0.0.0, Culture=neutral, PublicKeyToken=b03f5f7f11d50a3a" className="BudgeteerBusiness.Test.TransactionTest, BudgeteerBusiness.Test" name="addTransactionUserIDNothing" />
    </UnitTest>
    <UnitTest name="updateSubcategoryNotesMaxLen" storage="c:\develop\budgeteer\budgeteerbusiness.test\bin\debug\budgeteerbusiness.test.dll" id="00b914bf-27cf-c5f2-2337-9da7337b8b86">
      <Css projectStructure="" iteration="" />
      <Owners>
        <Owner name="" />
      </Owners>
      <TestMethod codeBase="C:\Develop\Budgeteer\BudgeteerBusiness.Test\bin\Debug\BudgeteerBusiness.Test.dll" adapterTypeName="Microsoft.VisualStudio.TestTools.TestTypes.Unit.UnitTestAdapter, Microsoft.VisualStudio.QualityTools.Tips.UnitTest.Adapter, Version=9.0.0.0, Culture=neutral, PublicKeyToken=b03f5f7f11d50a3a" className="BudgeteerBusiness.Test.SubcategoryTest, BudgeteerBusiness.Test" name="updateSubcategoryNotesMaxLen" />
    </UnitTest>
    <UnitTest name="addSubcategoryNotesMaxLen" storage="c:\develop\budgeteer\budgeteerbusiness.test\bin\debug\budgeteerbusiness.test.dll" id="201d793e-4fe6-401d-6be8-c62c538d4a65">
      <Css projectStructure="" iteration="" />
      <Owners>
        <Owner name="" />
      </Owners>
      <TestMethod codeBase="C:\Develop\Budgeteer\BudgeteerBusiness.Test\bin\Debug\BudgeteerBusiness.Test.dll" adapterTypeName="Microsoft.VisualStudio.TestTools.TestTypes.Unit.UnitTestAdapter, Microsoft.VisualStudio.QualityTools.Tips.UnitTest.Adapter, Version=9.0.0.0, Culture=neutral, PublicKeyToken=b03f5f7f11d50a3a" className="BudgeteerBusiness.Test.SubcategoryTest, BudgeteerBusiness.Test" name="addSubcategoryNotesMaxLen" />
    </UnitTest>
    <UnitTest name="updateTransactionDescriptionNothing" storage="c:\develop\budgeteer\budgeteerbusiness.test\bin\debug\budgeteerbusiness.test.dll" id="3ccd3f11-0213-e1b1-a3aa-1057197cac59">
      <Css projectStructure="" iteration="" />
      <Owners>
        <Owner name="" />
      </Owners>
      <TestMethod codeBase="C:\Develop\Budgeteer\BudgeteerBusiness.Test\bin\Debug\BudgeteerBusiness.Test.dll" adapterTypeName="Microsoft.VisualStudio.TestTools.TestTypes.Unit.UnitTestAdapter, Microsoft.VisualStudio.QualityTools.Tips.UnitTest.Adapter, Version=9.0.0.0, Culture=neutral, PublicKeyToken=b03f5f7f11d50a3a" className="BudgeteerBusiness.Test.TransactionTest, BudgeteerBusiness.Test" name="updateTransactionDescriptionNothing" />
    </UnitTest>
    <UnitTest name="deleteBudgetTest" storage="c:\develop\budgeteer\budgeteerbusiness.test\bin\debug\budgeteerbusiness.test.dll" id="c0411296-3ae8-697f-2af6-c4ea40140d13">
      <Css projectStructure="" iteration="" />
      <Owners>
        <Owner name="" />
      </Owners>
      <TestMethod codeBase="C:\Develop\Budgeteer\BudgeteerBusiness.Test\bin\Debug\BudgeteerBusiness.Test.dll" adapterTypeName="Microsoft.VisualStudio.TestTools.TestTypes.Unit.UnitTestAdapter, Microsoft.VisualStudio.QualityTools.Tips.UnitTest.Adapter, Version=9.0.0.0, Culture=neutral, PublicKeyToken=b03f5f7f11d50a3a" className="BudgeteerBusiness.Test.BudgetTest, BudgeteerBusiness.Test" name="deleteBudgetTest" />
    </UnitTest>
    <UnitTest name="AccountUpdateAccountNothing" storage="c:\develop\budgeteer\budgeteerbusiness.test\bin\debug\budgeteerbusiness.test.dll" id="15012bb2-b8a7-b9c7-7871-b29804a6aa37">
      <Css projectStructure="" iteration="" />
      <Owners>
        <Owner name="" />
      </Owners>
      <TestMethod codeBase="C:\Develop\Budgeteer\BudgeteerBusiness.Test\bin\Debug\BudgeteerBusiness.Test.dll" adapterTypeName="Microsoft.VisualStudio.TestTools.TestTypes.Unit.UnitTestAdapter, Microsoft.VisualStudio.QualityTools.Tips.UnitTest.Adapter, Version=9.0.0.0, Culture=neutral, PublicKeyToken=b03f5f7f11d50a3a" className="BudgeteerBusiness.Test.BankAccountTest, BudgeteerBusiness.Test" name="AccountUpdateAccountNothing" />
    </UnitTest>
    <UnitTest name="UpdateBudgetFrequencyIDBlank" storage="c:\develop\budgeteer\budgeteerbusiness.test\bin\debug\budgeteerbusiness.test.dll" id="aa01915b-fe45-c694-5349-093d2378bbbf">
      <Css projectStructure="" iteration="" />
      <Owners>
        <Owner name="" />
      </Owners>
      <TestMethod codeBase="C:\Develop\Budgeteer\BudgeteerBusiness.Test\bin\Debug\BudgeteerBusiness.Test.dll" adapterTypeName="Microsoft.VisualStudio.TestTools.TestTypes.Unit.UnitTestAdapter, Microsoft.VisualStudio.QualityTools.Tips.UnitTest.Adapter, Version=9.0.0.0, Culture=neutral, PublicKeyToken=b03f5f7f11d50a3a" className="BudgeteerBusiness.Test.BudgetTest, BudgeteerBusiness.Test" name="UpdateBudgetFrequencyIDBlank" />
    </UnitTest>
    <UnitTest name="addFrequencyUserIDNothing" storage="c:\develop\budgeteer\budgeteerbusiness.test\bin\debug\budgeteerbusiness.test.dll" id="4c8b2cdb-4eab-b6f9-ff74-242bf524db2e">
      <Css projectStructure="" iteration="" />
      <Owners>
        <Owner name="" />
      </Owners>
      <TestMethod codeBase="C:\Develop\Budgeteer\BudgeteerBusiness.Test\bin\Debug\BudgeteerBusiness.Test.dll" adapterTypeName="Microsoft.VisualStudio.TestTools.TestTypes.Unit.UnitTestAdapter, Microsoft.VisualStudio.QualityTools.Tips.UnitTest.Adapter, Version=9.0.0.0, Culture=neutral, PublicKeyToken=b03f5f7f11d50a3a" className="BudgeteerBusiness.Test.FrequencyTest, BudgeteerBusiness.Test" name="addFrequencyUserIDNothing" />
    </UnitTest>
    <UnitTest name="GetBudgetsUserIDBlank" storage="c:\develop\budgeteer\budgeteerbusiness.test\bin\debug\budgeteerbusiness.test.dll" id="ebd39db0-e74b-3bd5-c867-9e8d1f912965">
      <Css projectStructure="" iteration="" />
      <Owners>
        <Owner name="" />
      </Owners>
      <TestMethod codeBase="C:\Develop\Budgeteer\BudgeteerBusiness.Test\bin\Debug\BudgeteerBusiness.Test.dll" adapterTypeName="Microsoft.VisualStudio.TestTools.TestTypes.Unit.UnitTestAdapter, Microsoft.VisualStudio.QualityTools.Tips.UnitTest.Adapter, Version=9.0.0.0, Culture=neutral, PublicKeyToken=b03f5f7f11d50a3a" className="BudgeteerBusiness.Test.BudgetTest, BudgeteerBusiness.Test" name="GetBudgetsUserIDBlank" />
    </UnitTest>
    <UnitTest name="getUserTest" storage="c:\develop\budgeteer\budgeteerbusiness.test\bin\debug\budgeteerbusiness.test.dll" id="3313d2d0-5480-16e1-f3ac-9d93382371ba">
      <Css projectStructure="" iteration="" />
      <Owners>
        <Owner name="" />
      </Owners>
      <TestMethod codeBase="C:\Develop\Budgeteer\BudgeteerBusiness.Test\bin\Debug\BudgeteerBusiness.Test.dll" adapterTypeName="Microsoft.VisualStudio.TestTools.TestTypes.Unit.UnitTestAdapter, Microsoft.VisualStudio.QualityTools.Tips.UnitTest.Adapter, Version=9.0.0.0, Culture=neutral, PublicKeyToken=b03f5f7f11d50a3a" className="BudgeteerBusiness.Test.UserTest, BudgeteerBusiness.Test" name="getUserTest" />
    </UnitTest>
    <UnitTest name="addFrequencyNothing" storage="c:\develop\budgeteer\budgeteerbusiness.test\bin\debug\budgeteerbusiness.test.dll" id="afdd3970-ef14-572c-7490-d181ac1ccd1e">
      <Css projectStructure="" iteration="" />
      <Owners>
        <Owner name="" />
      </Owners>
      <TestMethod codeBase="C:\Develop\Budgeteer\BudgeteerBusiness.Test\bin\Debug\BudgeteerBusiness.Test.dll" adapterTypeName="Microsoft.VisualStudio.TestTools.TestTypes.Unit.UnitTestAdapter, Microsoft.VisualStudio.QualityTools.Tips.UnitTest.Adapter, Version=9.0.0.0, Culture=neutral, PublicKeyToken=b03f5f7f11d50a3a" className="BudgeteerBusiness.Test.FrequencyTest, BudgeteerBusiness.Test" name="addFrequencyNothing" />
    </UnitTest>
    <UnitTest name="updateSubcategorySubcategoryIDNothing" storage="c:\develop\budgeteer\budgeteerbusiness.test\bin\debug\budgeteerbusiness.test.dll" id="e1b8b9b5-31fa-3158-ed49-602ecdf8fc2b">
      <Css projectStructure="" iteration="" />
      <Owners>
        <Owner name="" />
      </Owners>
      <TestMethod codeBase="C:\Develop\Budgeteer\BudgeteerBusiness.Test\bin\Debug\BudgeteerBusiness.Test.dll" adapterTypeName="Microsoft.VisualStudio.TestTools.TestTypes.Unit.UnitTestAdapter, Microsoft.VisualStudio.QualityTools.Tips.UnitTest.Adapter, Version=9.0.0.0, Culture=neutral, PublicKeyToken=b03f5f7f11d50a3a" className="BudgeteerBusiness.Test.SubcategoryTest, BudgeteerBusiness.Test" name="updateSubcategorySubcategoryIDNothing" />
    </UnitTest>
    <UnitTest name="deleteSubcategoryTest" storage="c:\develop\budgeteer\budgeteerbusiness.test\bin\debug\budgeteerbusiness.test.dll" id="b237afa0-6fb1-54bf-657e-2a66b76abb69">
      <Css projectStructure="" iteration="" />
      <Owners>
        <Owner name="" />
      </Owners>
      <TestMethod codeBase="C:\Develop\Budgeteer\BudgeteerBusiness.Test\bin\Debug\BudgeteerBusiness.Test.dll" adapterTypeName="Microsoft.VisualStudio.TestTools.TestTypes.Unit.UnitTestAdapter, Microsoft.VisualStudio.QualityTools.Tips.UnitTest.Adapter, Version=9.0.0.0, Culture=neutral, PublicKeyToken=b03f5f7f11d50a3a" className="BudgeteerBusiness.Test.SubcategoryTest, BudgeteerBusiness.Test" name="deleteSubcategoryTest" />
    </UnitTest>
    <UnitTest name="setSettingValueBlank" storage="c:\develop\budgeteer\budgeteerbusiness.test\bin\debug\budgeteerbusiness.test.dll" id="fcca391a-3bf2-a7bd-8a43-2d87c89ccc3b">
      <Css projectStructure="" iteration="" />
      <Owners>
        <Owner name="" />
      </Owners>
      <TestMethod codeBase="C:\Develop\Budgeteer\BudgeteerBusiness.Test\bin\Debug\BudgeteerBusiness.Test.dll" adapterTypeName="Microsoft.VisualStudio.TestTools.TestTypes.Unit.UnitTestAdapter, Microsoft.VisualStudio.QualityTools.Tips.UnitTest.Adapter, Version=9.0.0.0, Culture=neutral, PublicKeyToken=b03f5f7f11d50a3a" className="BudgeteerBusiness.Test.ApplicationSettingTest, BudgeteerBusiness.Test" name="setSettingValueBlank" />
    </UnitTest>
    <UnitTest name="updateFrequencyFrequencyIDNothing" storage="c:\develop\budgeteer\budgeteerbusiness.test\bin\debug\budgeteerbusiness.test.dll" id="899e468f-0f82-8f87-b2c5-dd542356cd37">
      <Css projectStructure="" iteration="" />
      <Owners>
        <Owner name="" />
      </Owners>
      <TestMethod codeBase="C:\Develop\Budgeteer\BudgeteerBusiness.Test\bin\Debug\BudgeteerBusiness.Test.dll" adapterTypeName="Microsoft.VisualStudio.TestTools.TestTypes.Unit.UnitTestAdapter, Microsoft.VisualStudio.QualityTools.Tips.UnitTest.Adapter, Version=9.0.0.0, Culture=neutral, PublicKeyToken=b03f5f7f11d50a3a" className="BudgeteerBusiness.Test.FrequencyTest, BudgeteerBusiness.Test" name="updateFrequencyFrequencyIDNothing" />
    </UnitTest>
    <UnitTest name="updateSubcategorySubcategoryNothing" storage="c:\develop\budgeteer\budgeteerbusiness.test\bin\debug\budgeteerbusiness.test.dll" id="9df3c7a9-dda3-36c5-3db7-ed52aa5c51f3">
      <Css projectStructure="" iteration="" />
      <Owners>
        <Owner name="" />
      </Owners>
      <TestMethod codeBase="C:\Develop\Budgeteer\BudgeteerBusiness.Test\bin\Debug\BudgeteerBusiness.Test.dll" adapterTypeName="Microsoft.VisualStudio.TestTools.TestTypes.Unit.UnitTestAdapter, Microsoft.VisualStudio.QualityTools.Tips.UnitTest.Adapter, Version=9.0.0.0, Culture=neutral, PublicKeyToken=b03f5f7f11d50a3a" className="BudgeteerBusiness.Test.SubcategoryTest, BudgeteerBusiness.Test" name="updateSubcategorySubcategoryNothing" />
    </UnitTest>
    <UnitTest name="updateTransactionTransactionNothing" storage="c:\develop\budgeteer\budgeteerbusiness.test\bin\debug\budgeteerbusiness.test.dll" id="991140ed-32ac-a771-1bbe-e26bd691905d">
      <Css projectStructure="" iteration="" />
      <Owners>
        <Owner name="" />
      </Owners>
      <TestMethod codeBase="C:\Develop\Budgeteer\BudgeteerBusiness.Test\bin\Debug\BudgeteerBusiness.Test.dll" adapterTypeName="Microsoft.VisualStudio.TestTools.TestTypes.Unit.UnitTestAdapter, Microsoft.VisualStudio.QualityTools.Tips.UnitTest.Adapter, Version=9.0.0.0, Culture=neutral, PublicKeyToken=b03f5f7f11d50a3a" className="BudgeteerBusiness.Test.TransactionTest, BudgeteerBusiness.Test" name="updateTransactionTransactionNothing" />
    </UnitTest>
    <UnitTest name="UpdateBudgetBudgetIDBlank" storage="c:\develop\budgeteer\budgeteerbusiness.test\bin\debug\budgeteerbusiness.test.dll" id="f072707e-36bf-6cb2-fd1d-066aa43590df">
      <Css projectStructure="" iteration="" />
      <Owners>
        <Owner name="" />
      </Owners>
      <TestMethod codeBase="C:\Develop\Budgeteer\BudgeteerBusiness.Test\bin\Debug\BudgeteerBusiness.Test.dll" adapterTypeName="Microsoft.VisualStudio.TestTools.TestTypes.Unit.UnitTestAdapter, Microsoft.VisualStudio.QualityTools.Tips.UnitTest.Adapter, Version=9.0.0.0, Culture=neutral, PublicKeyToken=b03f5f7f11d50a3a" className="BudgeteerBusiness.Test.BudgetTest, BudgeteerBusiness.Test" name="UpdateBudgetBudgetIDBlank" />
    </UnitTest>
    <UnitTest name="getUserUserIDNothing" storage="c:\develop\budgeteer\budgeteerbusiness.test\bin\debug\budgeteerbusiness.test.dll" id="88a752e7-5c9d-d926-4dfc-8a1be934c0f9">
      <Css projectStructure="" iteration="" />
      <Owners>
        <Owner name="" />
      </Owners>
      <TestMethod codeBase="C:\Develop\Budgeteer\BudgeteerBusiness.Test\bin\Debug\BudgeteerBusiness.Test.dll" adapterTypeName="Microsoft.VisualStudio.TestTools.TestTypes.Unit.UnitTestAdapter, Microsoft.VisualStudio.QualityTools.Tips.UnitTest.Adapter, Version=9.0.0.0, Culture=neutral, PublicKeyToken=b03f5f7f11d50a3a" className="BudgeteerBusiness.Test.UserTest, BudgeteerBusiness.Test" name="getUserUserIDNothing" />
    </UnitTest>
    <UnitTest name="deleteTransactionAccountAdjust" storage="c:\develop\budgeteer\budgeteerbusiness.test\bin\debug\budgeteerbusiness.test.dll" id="b9d1c2ac-e386-87fb-12aa-0d8af4d9f7af">
      <Css projectStructure="" iteration="" />
      <Owners>
        <Owner name="" />
      </Owners>
      <TestMethod codeBase="C:\Develop\Budgeteer\BudgeteerBusiness.Test\bin\Debug\BudgeteerBusiness.Test.dll" adapterTypeName="Microsoft.VisualStudio.TestTools.TestTypes.Unit.UnitTestAdapter, Microsoft.VisualStudio.QualityTools.Tips.UnitTest.Adapter, Version=9.0.0.0, Culture=neutral, PublicKeyToken=b03f5f7f11d50a3a" className="BudgeteerBusiness.Test.TransactionTest, BudgeteerBusiness.Test" name="deleteTransactionAccountAdjust" />
    </UnitTest>
    <UnitTest name="deleteCategoryCategoryIDNothing" storage="c:\develop\budgeteer\budgeteerbusiness.test\bin\debug\budgeteerbusiness.test.dll" id="23cfea9f-164f-f9a5-24c4-692d1157d70d">
      <Css projectStructure="" iteration="" />
      <Owners>
        <Owner name="" />
      </Owners>
      <TestMethod codeBase="C:\Develop\Budgeteer\BudgeteerBusiness.Test\bin\Debug\BudgeteerBusiness.Test.dll" adapterTypeName="Microsoft.VisualStudio.TestTools.TestTypes.Unit.UnitTestAdapter, Microsoft.VisualStudio.QualityTools.Tips.UnitTest.Adapter, Version=9.0.0.0, Culture=neutral, PublicKeyToken=b03f5f7f11d50a3a" className="BudgeteerBusiness.Test.CategoryTest, BudgeteerBusiness.Test" name="deleteCategoryCategoryIDNothing" />
    </UnitTest>
    <UnitTest name="AddAccountActiveStatusNotYN" storage="c:\develop\budgeteer\budgeteerbusiness.test\bin\debug\budgeteerbusiness.test.dll" id="d1360a53-95ee-b75a-cf14-ff4641961f1d">
      <Css projectStructure="" iteration="" />
      <Owners>
        <Owner name="" />
      </Owners>
      <TestMethod codeBase="C:\Develop\Budgeteer\BudgeteerBusiness.Test\bin\Debug\BudgeteerBusiness.Test.dll" adapterTypeName="Microsoft.VisualStudio.TestTools.TestTypes.Unit.UnitTestAdapter, Microsoft.VisualStudio.QualityTools.Tips.UnitTest.Adapter, Version=9.0.0.0, Culture=neutral, PublicKeyToken=b03f5f7f11d50a3a" className="BudgeteerBusiness.Test.BankAccountTest, BudgeteerBusiness.Test" name="AddAccountActiveStatusNotYN" />
    </UnitTest>
    <UnitTest name="addTransactionTransactionNothing" storage="c:\develop\budgeteer\budgeteerbusiness.test\bin\debug\budgeteerbusiness.test.dll" id="028a17f3-f9c0-f73c-bbcc-8415c4c80d22">
      <Css projectStructure="" iteration="" />
      <Owners>
        <Owner name="" />
      </Owners>
      <TestMethod codeBase="C:\Develop\Budgeteer\BudgeteerBusiness.Test\bin\Debug\BudgeteerBusiness.Test.dll" adapterTypeName="Microsoft.VisualStudio.TestTools.TestTypes.Unit.UnitTestAdapter, Microsoft.VisualStudio.QualityTools.Tips.UnitTest.Adapter, Version=9.0.0.0, Culture=neutral, PublicKeyToken=b03f5f7f11d50a3a" className="BudgeteerBusiness.Test.TransactionTest, BudgeteerBusiness.Test" name="addTransactionTransactionNothing" />
    </UnitTest>
    <UnitTest name="updateUserEmailAddressUserIDMaxLen" storage="c:\develop\budgeteer\budgeteerbusiness.test\bin\debug\budgeteerbusiness.test.dll" id="a00f7b88-dcf5-ad47-7698-8713ba1a81ab">
      <Css projectStructure="" iteration="" />
      <Owners>
        <Owner name="" />
      </Owners>
      <TestMethod codeBase="C:\Develop\Budgeteer\BudgeteerBusiness.Test\bin\Debug\BudgeteerBusiness.Test.dll" adapterTypeName="Microsoft.VisualStudio.TestTools.TestTypes.Unit.UnitTestAdapter, Microsoft.VisualStudio.QualityTools.Tips.UnitTest.Adapter, Version=9.0.0.0, Culture=neutral, PublicKeyToken=b03f5f7f11d50a3a" className="BudgeteerBusiness.Test.UserTest, BudgeteerBusiness.Test" name="updateUserEmailAddressUserIDMaxLen" />
    </UnitTest>
    <UnitTest name="updateTransactionDescriptionMaxLen" storage="c:\develop\budgeteer\budgeteerbusiness.test\bin\debug\budgeteerbusiness.test.dll" id="9cf1af96-ce60-17f7-f073-8576692875a1">
      <Css projectStructure="" iteration="" />
      <Owners>
        <Owner name="" />
      </Owners>
      <TestMethod codeBase="C:\Develop\Budgeteer\BudgeteerBusiness.Test\bin\Debug\BudgeteerBusiness.Test.dll" adapterTypeName="Microsoft.VisualStudio.TestTools.TestTypes.Unit.UnitTestAdapter, Microsoft.VisualStudio.QualityTools.Tips.UnitTest.Adapter, Version=9.0.0.0, Culture=neutral, PublicKeyToken=b03f5f7f11d50a3a" className="BudgeteerBusiness.Test.TransactionTest, BudgeteerBusiness.Test" name="updateTransactionDescriptionMaxLen" />
    </UnitTest>
    <UnitTest name="addUserTest" storage="c:\develop\budgeteer\budgeteerbusiness.test\bin\debug\budgeteerbusiness.test.dll" id="302f161c-1a16-7195-636f-727c6d4f7cce">
      <Css projectStructure="" iteration="" />
      <Owners>
        <Owner name="" />
      </Owners>
      <Execution id="3846a3a5-a73b-4b8c-bde4-df29f6176a0e" />
      <TestMethod codeBase="C:\Develop\Budgeteer\BudgeteerBusiness.Test\bin\Debug\BudgeteerBusiness.Test.dll" adapterTypeName="Microsoft.VisualStudio.TestTools.TestTypes.Unit.UnitTestAdapter, Microsoft.VisualStudio.QualityTools.Tips.UnitTest.Adapter, Version=9.0.0.0, Culture=neutral, PublicKeyToken=b03f5f7f11d50a3a" className="BudgeteerBusiness.Test.UserTest, BudgeteerBusiness.Test" name="addUserTest" />
    </UnitTest>
    <UnitTest name="updateFrequencyTest" storage="c:\develop\budgeteer\budgeteerbusiness.test\bin\debug\budgeteerbusiness.test.dll" id="d3b64b82-0b84-680f-9e31-0c326c489dc9">
      <Css projectStructure="" iteration="" />
      <Owners>
        <Owner name="" />
      </Owners>
      <TestMethod codeBase="C:\Develop\Budgeteer\BudgeteerBusiness.Test\bin\Debug\BudgeteerBusiness.Test.dll" adapterTypeName="Microsoft.VisualStudio.TestTools.TestTypes.Unit.UnitTestAdapter, Microsoft.VisualStudio.QualityTools.Tips.UnitTest.Adapter, Version=9.0.0.0, Culture=neutral, PublicKeyToken=b03f5f7f11d50a3a" className="BudgeteerBusiness.Test.FrequencyTest, BudgeteerBusiness.Test" name="updateFrequencyTest" />
    </UnitTest>
    <UnitTest name="getSubcategoryTest" storage="c:\develop\budgeteer\budgeteerbusiness.test\bin\debug\budgeteerbusiness.test.dll" id="edf0aa95-9676-85e5-bd74-2b5388c724e3">
      <Css projectStructure="" iteration="" />
      <Owners>
        <Owner name="" />
      </Owners>
      <TestMethod codeBase="C:\Develop\Budgeteer\BudgeteerBusiness.Test\bin\Debug\BudgeteerBusiness.Test.dll" adapterTypeName="Microsoft.VisualStudio.TestTools.TestTypes.Unit.UnitTestAdapter, Microsoft.VisualStudio.QualityTools.Tips.UnitTest.Adapter, Version=9.0.0.0, Culture=neutral, PublicKeyToken=b03f5f7f11d50a3a" className="BudgeteerBusiness.Test.SubcategoryTest, BudgeteerBusiness.Test" name="getSubcategoryTest" />
    </UnitTest>
    <UnitTest name="AccountUpdateAccountNameMaxLen" storage="c:\develop\budgeteer\budgeteerbusiness.test\bin\debug\budgeteerbusiness.test.dll" id="ab937ec4-62dc-9a36-31d9-81e0a9987ee7">
      <Css projectStructure="" iteration="" />
      <Owners>
        <Owner name="" />
      </Owners>
      <TestMethod codeBase="C:\Develop\Budgeteer\BudgeteerBusiness.Test\bin\Debug\BudgeteerBusiness.Test.dll" adapterTypeName="Microsoft.VisualStudio.TestTools.TestTypes.Unit.UnitTestAdapter, Microsoft.VisualStudio.QualityTools.Tips.UnitTest.Adapter, Version=9.0.0.0, Culture=neutral, PublicKeyToken=b03f5f7f11d50a3a" className="BudgeteerBusiness.Test.BankAccountTest, BudgeteerBusiness.Test" name="AccountUpdateAccountNameMaxLen" />
    </UnitTest>
    <UnitTest name="deleteSubcategorySubcategoryIDNothing" storage="c:\develop\budgeteer\budgeteerbusiness.test\bin\debug\budgeteerbusiness.test.dll" id="cf5e9fac-d4eb-db14-c376-4d1f22db0558">
      <Css projectStructure="" iteration="" />
      <Owners>
        <Owner name="" />
      </Owners>
      <TestMethod codeBase="C:\Develop\Budgeteer\BudgeteerBusiness.Test\bin\Debug\BudgeteerBusiness.Test.dll" adapterTypeName="Microsoft.VisualStudio.TestTools.TestTypes.Unit.UnitTestAdapter, Microsoft.VisualStudio.QualityTools.Tips.UnitTest.Adapter, Version=9.0.0.0, Culture=neutral, PublicKeyToken=b03f5f7f11d50a3a" className="BudgeteerBusiness.Test.SubcategoryTest, BudgeteerBusiness.Test" name="deleteSubcategorySubcategoryIDNothing" />
    </UnitTest>
    <UnitTest name="AddBudgetUserIDBlank" storage="c:\develop\budgeteer\budgeteerbusiness.test\bin\debug\budgeteerbusiness.test.dll" id="976ae5f8-6c26-174f-136c-aff26d2da02f">
      <Css projectStructure="" iteration="" />
      <Owners>
        <Owner name="" />
      </Owners>
      <TestMethod codeBase="C:\Develop\Budgeteer\BudgeteerBusiness.Test\bin\Debug\BudgeteerBusiness.Test.dll" adapterTypeName="Microsoft.VisualStudio.TestTools.TestTypes.Unit.UnitTestAdapter, Microsoft.VisualStudio.QualityTools.Tips.UnitTest.Adapter, Version=9.0.0.0, Culture=neutral, PublicKeyToken=b03f5f7f11d50a3a" className="BudgeteerBusiness.Test.BudgetTest, BudgeteerBusiness.Test" name="AddBudgetUserIDBlank" />
    </UnitTest>
    <UnitTest name="getSubcategoriesUserIDNothing" storage="c:\develop\budgeteer\budgeteerbusiness.test\bin\debug\budgeteerbusiness.test.dll" id="25c221da-3cee-df3c-3d0f-8d45ce1c4bf5">
      <Css projectStructure="" iteration="" />
      <Owners>
        <Owner name="" />
      </Owners>
      <TestMethod codeBase="C:\Develop\Budgeteer\BudgeteerBusiness.Test\bin\Debug\BudgeteerBusiness.Test.dll" adapterTypeName="Microsoft.VisualStudio.TestTools.TestTypes.Unit.UnitTestAdapter, Microsoft.VisualStudio.QualityTools.Tips.UnitTest.Adapter, Version=9.0.0.0, Culture=neutral, PublicKeyToken=b03f5f7f11d50a3a" className="BudgeteerBusiness.Test.SubcategoryTest, BudgeteerBusiness.Test" name="getSubcategoriesUserIDNothing" />
    </UnitTest>
    <UnitTest name="addCategoryDescriptionNothing" storage="c:\develop\budgeteer\budgeteerbusiness.test\bin\debug\budgeteerbusiness.test.dll" id="ff7fb138-6236-24d9-747a-2dd6d9883235">
      <Css projectStructure="" iteration="" />
      <Owners>
        <Owner name="" />
      </Owners>
      <TestMethod codeBase="C:\Develop\Budgeteer\BudgeteerBusiness.Test\bin\Debug\BudgeteerBusiness.Test.dll" adapterTypeName="Microsoft.VisualStudio.TestTools.TestTypes.Unit.UnitTestAdapter, Microsoft.VisualStudio.QualityTools.Tips.UnitTest.Adapter, Version=9.0.0.0, Culture=neutral, PublicKeyToken=b03f5f7f11d50a3a" className="BudgeteerBusiness.Test.CategoryTest, BudgeteerBusiness.Test" name="addCategoryDescriptionNothing" />
    </UnitTest>
    <UnitTest name="addFrequencyTest" storage="c:\develop\budgeteer\budgeteerbusiness.test\bin\debug\budgeteerbusiness.test.dll" id="8a4ba671-1448-8492-2b78-1b765c8a587b">
      <Css projectStructure="" iteration="" />
      <Owners>
        <Owner name="" />
      </Owners>
      <TestMethod codeBase="C:\Develop\Budgeteer\BudgeteerBusiness.Test\bin\Debug\BudgeteerBusiness.Test.dll" adapterTypeName="Microsoft.VisualStudio.TestTools.TestTypes.Unit.UnitTestAdapter, Microsoft.VisualStudio.QualityTools.Tips.UnitTest.Adapter, Version=9.0.0.0, Culture=neutral, PublicKeyToken=b03f5f7f11d50a3a" className="BudgeteerBusiness.Test.FrequencyTest, BudgeteerBusiness.Test" name="addFrequencyTest" />
    </UnitTest>
    <UnitTest name="GetAccountAccountIDNothing" storage="c:\develop\budgeteer\budgeteerbusiness.test\bin\debug\budgeteerbusiness.test.dll" id="495b801d-fa26-fed0-0f3c-89b4c2b40633">
      <Css projectStructure="" iteration="" />
      <Owners>
        <Owner name="" />
      </Owners>
      <TestMethod codeBase="C:\Develop\Budgeteer\BudgeteerBusiness.Test\bin\Debug\BudgeteerBusiness.Test.dll" adapterTypeName="Microsoft.VisualStudio.TestTools.TestTypes.Unit.UnitTestAdapter, Microsoft.VisualStudio.QualityTools.Tips.UnitTest.Adapter, Version=9.0.0.0, Culture=neutral, PublicKeyToken=b03f5f7f11d50a3a" className="BudgeteerBusiness.Test.BankAccountTest, BudgeteerBusiness.Test" name="GetAccountAccountIDNothing" />
    </UnitTest>
    <UnitTest name="addUserLastNameNothing" storage="c:\develop\budgeteer\budgeteerbusiness.test\bin\debug\budgeteerbusiness.test.dll" id="5c8e58b7-4d3d-259d-a967-243af0246cbb">
      <Css projectStructure="" iteration="" />
      <Owners>
        <Owner name="" />
      </Owners>
      <TestMethod codeBase="C:\Develop\Budgeteer\BudgeteerBusiness.Test\bin\Debug\BudgeteerBusiness.Test.dll" adapterTypeName="Microsoft.VisualStudio.TestTools.TestTypes.Unit.UnitTestAdapter, Microsoft.VisualStudio.QualityTools.Tips.UnitTest.Adapter, Version=9.0.0.0, Culture=neutral, PublicKeyToken=b03f5f7f11d50a3a" className="BudgeteerBusiness.Test.UserTest, BudgeteerBusiness.Test" name="addUserLastNameNothing" />
    </UnitTest>
    <UnitTest name="AccountUpdateActiveStatusNotYN" storage="c:\develop\budgeteer\budgeteerbusiness.test\bin\debug\budgeteerbusiness.test.dll" id="78580d61-10eb-61e0-ce2a-90979662c9fc">
      <Css projectStructure="" iteration="" />
      <Owners>
        <Owner name="" />
      </Owners>
      <TestMethod codeBase="C:\Develop\Budgeteer\BudgeteerBusiness.Test\bin\Debug\BudgeteerBusiness.Test.dll" adapterTypeName="Microsoft.VisualStudio.TestTools.TestTypes.Unit.UnitTestAdapter, Microsoft.VisualStudio.QualityTools.Tips.UnitTest.Adapter, Version=9.0.0.0, Culture=neutral, PublicKeyToken=b03f5f7f11d50a3a" className="BudgeteerBusiness.Test.BankAccountTest, BudgeteerBusiness.Test" name="AccountUpdateActiveStatusNotYN" />
    </UnitTest>
    <UnitTest name="setSettingTest" storage="c:\develop\budgeteer\budgeteerbusiness.test\bin\debug\budgeteerbusiness.test.dll" id="292697ef-a481-6a95-4841-a0b23aab7616">
      <Css projectStructure="" iteration="" />
      <Owners>
        <Owner name="" />
      </Owners>
      <TestMethod codeBase="C:\Develop\Budgeteer\BudgeteerBusiness.Test\bin\Debug\BudgeteerBusiness.Test.dll" adapterTypeName="Microsoft.VisualStudio.TestTools.TestTypes.Unit.UnitTestAdapter, Microsoft.VisualStudio.QualityTools.Tips.UnitTest.Adapter, Version=9.0.0.0, Culture=neutral, PublicKeyToken=b03f5f7f11d50a3a" className="BudgeteerBusiness.Test.ApplicationSettingTest, BudgeteerBusiness.Test" name="setSettingTest" />
    </UnitTest>
    <UnitTest name="deleteTransactionTest" storage="c:\develop\budgeteer\budgeteerbusiness.test\bin\debug\budgeteerbusiness.test.dll" id="be5b2eb0-51ec-1a02-7e30-ca7d5c29aa6f">
      <Css projectStructure="" iteration="" />
      <Owners>
        <Owner name="" />
      </Owners>
      <TestMethod codeBase="C:\Develop\Budgeteer\BudgeteerBusiness.Test\bin\Debug\BudgeteerBusiness.Test.dll" adapterTypeName="Microsoft.VisualStudio.TestTools.TestTypes.Unit.UnitTestAdapter, Microsoft.VisualStudio.QualityTools.Tips.UnitTest.Adapter, Version=9.0.0.0, Culture=neutral, PublicKeyToken=b03f5f7f11d50a3a" className="BudgeteerBusiness.Test.TransactionTest, BudgeteerBusiness.Test" name="deleteTransactionTest" />
    </UnitTest>
    <UnitTest name="GetAccountTest" storage="c:\develop\budgeteer\budgeteerbusiness.test\bin\debug\budgeteerbusiness.test.dll" id="6d337c35-98f0-54b3-f22d-26fc0f00e50a">
      <Css projectStructure="" iteration="" />
      <Owners>
        <Owner name="" />
      </Owners>
      <TestMethod codeBase="C:\Develop\Budgeteer\BudgeteerBusiness.Test\bin\Debug\BudgeteerBusiness.Test.dll" adapterTypeName="Microsoft.VisualStudio.TestTools.TestTypes.Unit.UnitTestAdapter, Microsoft.VisualStudio.QualityTools.Tips.UnitTest.Adapter, Version=9.0.0.0, Culture=neutral, PublicKeyToken=b03f5f7f11d50a3a" className="BudgeteerBusiness.Test.BankAccountTest, BudgeteerBusiness.Test" name="GetAccountTest" />
    </UnitTest>
    <UnitTest name="addSubcategoryCategoryIDNothing" storage="c:\develop\budgeteer\budgeteerbusiness.test\bin\debug\budgeteerbusiness.test.dll" id="5839d3eb-2f28-66ab-5903-f0c6aa8a4c52">
      <Css projectStructure="" iteration="" />
      <Owners>
        <Owner name="" />
      </Owners>
      <TestMethod codeBase="C:\Develop\Budgeteer\BudgeteerBusiness.Test\bin\Debug\BudgeteerBusiness.Test.dll" adapterTypeName="Microsoft.VisualStudio.TestTools.TestTypes.Unit.UnitTestAdapter, Microsoft.VisualStudio.QualityTools.Tips.UnitTest.Adapter, Version=9.0.0.0, Culture=neutral, PublicKeyToken=b03f5f7f11d50a3a" className="BudgeteerBusiness.Test.SubcategoryTest, BudgeteerBusiness.Test" name="addSubcategoryCategoryIDNothing" />
    </UnitTest>
    <UnitTest name="updateTransactionTransactionIDNothing" storage="c:\develop\budgeteer\budgeteerbusiness.test\bin\debug\budgeteerbusiness.test.dll" id="6c103902-84a3-cdbb-97c9-1350b2df679a">
      <Css projectStructure="" iteration="" />
      <Owners>
        <Owner name="" />
      </Owners>
      <TestMethod codeBase="C:\Develop\Budgeteer\BudgeteerBusiness.Test\bin\Debug\BudgeteerBusiness.Test.dll" adapterTypeName="Microsoft.VisualStudio.TestTools.TestTypes.Unit.UnitTestAdapter, Microsoft.VisualStudio.QualityTools.Tips.UnitTest.Adapter, Version=9.0.0.0, Culture=neutral, PublicKeyToken=b03f5f7f11d50a3a" className="BudgeteerBusiness.Test.TransactionTest, BudgeteerBusiness.Test" name="updateTransactionTransactionIDNothing" />
    </UnitTest>
    <UnitTest name="updateUserEmailTest" storage="c:\develop\budgeteer\budgeteerbusiness.test\bin\debug\budgeteerbusiness.test.dll" id="79030625-73d7-51e1-159e-387a32e20fc3">
      <Css projectStructure="" iteration="" />
      <Owners>
        <Owner name="" />
      </Owners>
      <TestMethod codeBase="C:\Develop\Budgeteer\BudgeteerBusiness.Test\bin\Debug\BudgeteerBusiness.Test.dll" adapterTypeName="Microsoft.VisualStudio.TestTools.TestTypes.Unit.UnitTestAdapter, Microsoft.VisualStudio.QualityTools.Tips.UnitTest.Adapter, Version=9.0.0.0, Culture=neutral, PublicKeyToken=b03f5f7f11d50a3a" className="BudgeteerBusiness.Test.UserTest, BudgeteerBusiness.Test" name="updateUserEmailTest" />
    </UnitTest>
    <UnitTest name="AddAccountAccountNumberMaxLen" storage="c:\develop\budgeteer\budgeteerbusiness.test\bin\debug\budgeteerbusiness.test.dll" id="b1348d03-fa8d-98c0-743c-70a5fbb29395">
      <Css projectStructure="" iteration="" />
      <Owners>
        <Owner name="" />
      </Owners>
      <TestMethod codeBase="C:\Develop\Budgeteer\BudgeteerBusiness.Test\bin\Debug\BudgeteerBusiness.Test.dll" adapterTypeName="Microsoft.VisualStudio.TestTools.TestTypes.Unit.UnitTestAdapter, Microsoft.VisualStudio.QualityTools.Tips.UnitTest.Adapter, Version=9.0.0.0, Culture=neutral, PublicKeyToken=b03f5f7f11d50a3a" className="BudgeteerBusiness.Test.BankAccountTest, BudgeteerBusiness.Test" name="AddAccountAccountNumberMaxLen" />
    </UnitTest>
    <UnitTest name="updateTransactionAccountAdjust" storage="c:\develop\budgeteer\budgeteerbusiness.test\bin\debug\budgeteerbusiness.test.dll" id="50fc5a28-9321-a539-d140-7388838d8a59">
      <Css projectStructure="" iteration="" />
      <Owners>
        <Owner name="" />
      </Owners>
      <TestMethod codeBase="C:\Develop\Budgeteer\BudgeteerBusiness.Test\bin\Debug\BudgeteerBusiness.Test.dll" adapterTypeName="Microsoft.VisualStudio.TestTools.TestTypes.Unit.UnitTestAdapter, Microsoft.VisualStudio.QualityTools.Tips.UnitTest.Adapter, Version=9.0.0.0, Culture=neutral, PublicKeyToken=b03f5f7f11d50a3a" className="BudgeteerBusiness.Test.TransactionTest, BudgeteerBusiness.Test" name="updateTransactionAccountAdjust" />
    </UnitTest>
    <UnitTest name="DeleteAccountAccountIDNothing" storage="c:\develop\budgeteer\budgeteerbusiness.test\bin\debug\budgeteerbusiness.test.dll" id="8ba97d74-e039-ca12-665d-09ebe63ca7ce">
      <Css projectStructure="" iteration="" />
      <Owners>
        <Owner name="" />
      </Owners>
      <TestMethod codeBase="C:\Develop\Budgeteer\BudgeteerBusiness.Test\bin\Debug\BudgeteerBusiness.Test.dll" adapterTypeName="Microsoft.VisualStudio.TestTools.TestTypes.Unit.UnitTestAdapter, Microsoft.VisualStudio.QualityTools.Tips.UnitTest.Adapter, Version=9.0.0.0, Culture=neutral, PublicKeyToken=b03f5f7f11d50a3a" className="BudgeteerBusiness.Test.BankAccountTest, BudgeteerBusiness.Test" name="DeleteAccountAccountIDNothing" />
    </UnitTest>
    <UnitTest name="getCategoriesUserIDNothing" storage="c:\develop\budgeteer\budgeteerbusiness.test\bin\debug\budgeteerbusiness.test.dll" id="63c8983e-264f-303a-d3eb-9b4d25fe86d5">
      <Css projectStructure="" iteration="" />
      <Owners>
        <Owner name="" />
      </Owners>
      <TestMethod codeBase="C:\Develop\Budgeteer\BudgeteerBusiness.Test\bin\Debug\BudgeteerBusiness.Test.dll" adapterTypeName="Microsoft.VisualStudio.TestTools.TestTypes.Unit.UnitTestAdapter, Microsoft.VisualStudio.QualityTools.Tips.UnitTest.Adapter, Version=9.0.0.0, Culture=neutral, PublicKeyToken=b03f5f7f11d50a3a" className="BudgeteerBusiness.Test.CategoryTest, BudgeteerBusiness.Test" name="getCategoriesUserIDNothing" />
    </UnitTest>
    <UnitTest name="addTransactionTest" storage="c:\develop\budgeteer\budgeteerbusiness.test\bin\debug\budgeteerbusiness.test.dll" id="3d809d94-db02-0e76-9c09-c3d9ec12d5fd">
      <Css projectStructure="" iteration="" />
      <Owners>
        <Owner name="" />
      </Owners>
      <TestMethod codeBase="C:\Develop\Budgeteer\BudgeteerBusiness.Test\bin\Debug\BudgeteerBusiness.Test.dll" adapterTypeName="Microsoft.VisualStudio.TestTools.TestTypes.Unit.UnitTestAdapter, Microsoft.VisualStudio.QualityTools.Tips.UnitTest.Adapter, Version=9.0.0.0, Culture=neutral, PublicKeyToken=b03f5f7f11d50a3a" className="BudgeteerBusiness.Test.TransactionTest, BudgeteerBusiness.Test" name="addTransactionTest" />
    </UnitTest>
    <UnitTest name="setSettingSettingMaxLen" storage="c:\develop\budgeteer\budgeteerbusiness.test\bin\debug\budgeteerbusiness.test.dll" id="5a6fb017-10b5-f179-df9d-ec95cc76a963">
      <Css projectStructure="" iteration="" />
      <Owners>
        <Owner name="" />
      </Owners>
      <TestMethod codeBase="C:\Develop\Budgeteer\BudgeteerBusiness.Test\bin\Debug\BudgeteerBusiness.Test.dll" adapterTypeName="Microsoft.VisualStudio.TestTools.TestTypes.Unit.UnitTestAdapter, Microsoft.VisualStudio.QualityTools.Tips.UnitTest.Adapter, Version=9.0.0.0, Culture=neutral, PublicKeyToken=b03f5f7f11d50a3a" className="BudgeteerBusiness.Test.ApplicationSettingTest, BudgeteerBusiness.Test" name="setSettingSettingMaxLen" />
    </UnitTest>
    <UnitTest name="getTransactionsUserIDNothing" storage="c:\develop\budgeteer\budgeteerbusiness.test\bin\debug\budgeteerbusiness.test.dll" id="a941f649-0f02-5cf0-9bb1-5b6a83d2daaf">
      <Css projectStructure="" iteration="" />
      <Owners>
        <Owner name="" />
      </Owners>
      <TestMethod codeBase="C:\Develop\Budgeteer\BudgeteerBusiness.Test\bin\Debug\BudgeteerBusiness.Test.dll" adapterTypeName="Microsoft.VisualStudio.TestTools.TestTypes.Unit.UnitTestAdapter, Microsoft.VisualStudio.QualityTools.Tips.UnitTest.Adapter, Version=9.0.0.0, Culture=neutral, PublicKeyToken=b03f5f7f11d50a3a" className="BudgeteerBusiness.Test.TransactionTest, BudgeteerBusiness.Test" name="getTransactionsUserIDNothing" />
    </UnitTest>
    <UnitTest name="updateSubcategoryCategoryIDNothing" storage="c:\develop\budgeteer\budgeteerbusiness.test\bin\debug\budgeteerbusiness.test.dll" id="6134c6ed-e8b7-288e-ff3e-b33d83bf08d0">
      <Css projectStructure="" iteration="" />
      <Owners>
        <Owner name="" />
      </Owners>
      <TestMethod codeBase="C:\Develop\Budgeteer\BudgeteerBusiness.Test\bin\Debug\BudgeteerBusiness.Test.dll" adapterTypeName="Microsoft.VisualStudio.TestTools.TestTypes.Unit.UnitTestAdapter, Microsoft.VisualStudio.QualityTools.Tips.UnitTest.Adapter, Version=9.0.0.0, Culture=neutral, PublicKeyToken=b03f5f7f11d50a3a" className="BudgeteerBusiness.Test.SubcategoryTest, BudgeteerBusiness.Test" name="updateSubcategoryCategoryIDNothing" />
    </UnitTest>
    <UnitTest name="getSettingsTest" storage="c:\develop\budgeteer\budgeteerbusiness.test\bin\debug\budgeteerbusiness.test.dll" id="2da17ebb-99f1-543b-1336-ba260aa88fba">
      <Css projectStructure="" iteration="" />
      <Owners>
        <Owner name="" />
      </Owners>
      <TestMethod codeBase="C:\Develop\Budgeteer\BudgeteerBusiness.Test\bin\Debug\BudgeteerBusiness.Test.dll" adapterTypeName="Microsoft.VisualStudio.TestTools.TestTypes.Unit.UnitTestAdapter, Microsoft.VisualStudio.QualityTools.Tips.UnitTest.Adapter, Version=9.0.0.0, Culture=neutral, PublicKeyToken=b03f5f7f11d50a3a" className="BudgeteerBusiness.Test.ApplicationSettingTest, BudgeteerBusiness.Test" name="getSettingsTest" />
    </UnitTest>
    <UnitTest name="getFrequenciesUserIDNothing" storage="c:\develop\budgeteer\budgeteerbusiness.test\bin\debug\budgeteerbusiness.test.dll" id="83ec55a3-815a-67d2-b2f2-28b93a616423">
      <Css projectStructure="" iteration="" />
      <Owners>
        <Owner name="" />
      </Owners>
      <TestMethod codeBase="C:\Develop\Budgeteer\BudgeteerBusiness.Test\bin\Debug\BudgeteerBusiness.Test.dll" adapterTypeName="Microsoft.VisualStudio.TestTools.TestTypes.Unit.UnitTestAdapter, Microsoft.VisualStudio.QualityTools.Tips.UnitTest.Adapter, Version=9.0.0.0, Culture=neutral, PublicKeyToken=b03f5f7f11d50a3a" className="BudgeteerBusiness.Test.FrequencyTest, BudgeteerBusiness.Test" name="getFrequenciesUserIDNothing" />
    </UnitTest>
    <UnitTest name="getSubcategorySubcategoryIDNothing" storage="c:\develop\budgeteer\budgeteerbusiness.test\bin\debug\budgeteerbusiness.test.dll" id="25ed8de6-975d-2b68-5d42-088e4dc578e7">
      <Css projectStructure="" iteration="" />
      <Owners>
        <Owner name="" />
      </Owners>
      <TestMethod codeBase="C:\Develop\Budgeteer\BudgeteerBusiness.Test\bin\Debug\BudgeteerBusiness.Test.dll" adapterTypeName="Microsoft.VisualStudio.TestTools.TestTypes.Unit.UnitTestAdapter, Microsoft.VisualStudio.QualityTools.Tips.UnitTest.Adapter, Version=9.0.0.0, Culture=neutral, PublicKeyToken=b03f5f7f11d50a3a" className="BudgeteerBusiness.Test.SubcategoryTest, BudgeteerBusiness.Test" name="getSubcategorySubcategoryIDNothing" />
    </UnitTest>
    <UnitTest name="updateUserPasswordUserIDNothing" storage="c:\develop\budgeteer\budgeteerbusiness.test\bin\debug\budgeteerbusiness.test.dll" id="72470363-231e-de0f-a051-36672fd2a5cf">
      <Css projectStructure="" iteration="" />
      <Owners>
        <Owner name="" />
      </Owners>
      <TestMethod codeBase="C:\Develop\Budgeteer\BudgeteerBusiness.Test\bin\Debug\BudgeteerBusiness.Test.dll" adapterTypeName="Microsoft.VisualStudio.TestTools.TestTypes.Unit.UnitTestAdapter, Microsoft.VisualStudio.QualityTools.Tips.UnitTest.Adapter, Version=9.0.0.0, Culture=neutral, PublicKeyToken=b03f5f7f11d50a3a" className="BudgeteerBusiness.Test.UserTest, BudgeteerBusiness.Test" name="updateUserPasswordUserIDNothing" />
    </UnitTest>
    <UnitTest name="getSubcategoriesByCategoryID" storage="c:\develop\budgeteer\budgeteerbusiness.test\bin\debug\budgeteerbusiness.test.dll" id="b05310d8-828c-c740-927a-df64a819e935">
      <Css projectStructure="" iteration="" />
      <Owners>
        <Owner name="" />
      </Owners>
      <TestMethod codeBase="C:\Develop\Budgeteer\BudgeteerBusiness.Test\bin\Debug\BudgeteerBusiness.Test.dll" adapterTypeName="Microsoft.VisualStudio.TestTools.TestTypes.Unit.UnitTestAdapter, Microsoft.VisualStudio.QualityTools.Tips.UnitTest.Adapter, Version=9.0.0.0, Culture=neutral, PublicKeyToken=b03f5f7f11d50a3a" className="BudgeteerBusiness.Test.SubcategoryTest, BudgeteerBusiness.Test" name="getSubcategoriesByCategoryID" />
    </UnitTest>
    <UnitTest name="AddAccountUserIDNothing" storage="c:\develop\budgeteer\budgeteerbusiness.test\bin\debug\budgeteerbusiness.test.dll" id="b34318a0-b694-1c59-0274-13c5f648813a">
      <Css projectStructure="" iteration="" />
      <Owners>
        <Owner name="" />
      </Owners>
      <TestMethod codeBase="C:\Develop\Budgeteer\BudgeteerBusiness.Test\bin\Debug\BudgeteerBusiness.Test.dll" adapterTypeName="Microsoft.VisualStudio.TestTools.TestTypes.Unit.UnitTestAdapter, Microsoft.VisualStudio.QualityTools.Tips.UnitTest.Adapter, Version=9.0.0.0, Culture=neutral, PublicKeyToken=b03f5f7f11d50a3a" className="BudgeteerBusiness.Test.BankAccountTest, BudgeteerBusiness.Test" name="AddAccountUserIDNothing" />
    </UnitTest>
    <UnitTest name="AddAccountAccountTypeMaxLen" storage="c:\develop\budgeteer\budgeteerbusiness.test\bin\debug\budgeteerbusiness.test.dll" id="087effc2-bf96-1942-c83f-68f5aa5d2005">
      <Css projectStructure="" iteration="" />
      <Owners>
        <Owner name="" />
      </Owners>
      <TestMethod codeBase="C:\Develop\Budgeteer\BudgeteerBusiness.Test\bin\Debug\BudgeteerBusiness.Test.dll" adapterTypeName="Microsoft.VisualStudio.TestTools.TestTypes.Unit.UnitTestAdapter, Microsoft.VisualStudio.QualityTools.Tips.UnitTest.Adapter, Version=9.0.0.0, Culture=neutral, PublicKeyToken=b03f5f7f11d50a3a" className="BudgeteerBusiness.Test.BankAccountTest, BudgeteerBusiness.Test" name="AddAccountAccountTypeMaxLen" />
    </UnitTest>
    <UnitTest name="UpdateBudgetBudgetNothing" storage="c:\develop\budgeteer\budgeteerbusiness.test\bin\debug\budgeteerbusiness.test.dll" id="f4e61a2b-e0fc-ae40-938e-060246d5db66">
      <Css projectStructure="" iteration="" />
      <Owners>
        <Owner name="" />
      </Owners>
      <TestMethod codeBase="C:\Develop\Budgeteer\BudgeteerBusiness.Test\bin\Debug\BudgeteerBusiness.Test.dll" adapterTypeName="Microsoft.VisualStudio.TestTools.TestTypes.Unit.UnitTestAdapter, Microsoft.VisualStudio.QualityTools.Tips.UnitTest.Adapter, Version=9.0.0.0, Culture=neutral, PublicKeyToken=b03f5f7f11d50a3a" className="BudgeteerBusiness.Test.BudgetTest, BudgeteerBusiness.Test" name="UpdateBudgetBudgetNothing" />
    </UnitTest>
    <UnitTest name="addSubcategorySinkingFundNotYOrN" storage="c:\develop\budgeteer\budgeteerbusiness.test\bin\debug\budgeteerbusiness.test.dll" id="2a1b7d1b-15e6-8cf8-0219-2630f5c48eaf">
      <Css projectStructure="" iteration="" />
      <Owners>
        <Owner name="" />
      </Owners>
      <TestMethod codeBase="C:\Develop\Budgeteer\BudgeteerBusiness.Test\bin\Debug\BudgeteerBusiness.Test.dll" adapterTypeName="Microsoft.VisualStudio.TestTools.TestTypes.Unit.UnitTestAdapter, Microsoft.VisualStudio.QualityTools.Tips.UnitTest.Adapter, Version=9.0.0.0, Culture=neutral, PublicKeyToken=b03f5f7f11d50a3a" className="BudgeteerBusiness.Test.SubcategoryTest, BudgeteerBusiness.Test" name="addSubcategorySinkingFundNotYOrN" />
    </UnitTest>
    <UnitTest name="updateSubcategoryDescriptionNothing" storage="c:\develop\budgeteer\budgeteerbusiness.test\bin\debug\budgeteerbusiness.test.dll" id="9add4ea9-9be1-4a10-7cc8-a108d159b81a">
      <Css projectStructure="" iteration="" />
      <Owners>
        <Owner name="" />
      </Owners>
      <TestMethod codeBase="C:\Develop\Budgeteer\BudgeteerBusiness.Test\bin\Debug\BudgeteerBusiness.Test.dll" adapterTypeName="Microsoft.VisualStudio.TestTools.TestTypes.Unit.UnitTestAdapter, Microsoft.VisualStudio.QualityTools.Tips.UnitTest.Adapter, Version=9.0.0.0, Culture=neutral, PublicKeyToken=b03f5f7f11d50a3a" className="BudgeteerBusiness.Test.SubcategoryTest, BudgeteerBusiness.Test" name="updateSubcategoryDescriptionNothing" />
    </UnitTest>
    <UnitTest name="addTransactionDescriptionMaxLen" storage="c:\develop\budgeteer\budgeteerbusiness.test\bin\debug\budgeteerbusiness.test.dll" id="63d7ff1e-859b-98bb-e808-c5db1ec35b29">
      <Css projectStructure="" iteration="" />
      <Owners>
        <Owner name="" />
      </Owners>
      <TestMethod codeBase="C:\Develop\Budgeteer\BudgeteerBusiness.Test\bin\Debug\BudgeteerBusiness.Test.dll" adapterTypeName="Microsoft.VisualStudio.TestTools.TestTypes.Unit.UnitTestAdapter, Microsoft.VisualStudio.QualityTools.Tips.UnitTest.Adapter, Version=9.0.0.0, Culture=neutral, PublicKeyToken=b03f5f7f11d50a3a" className="BudgeteerBusiness.Test.TransactionTest, BudgeteerBusiness.Test" name="addTransactionDescriptionMaxLen" />
    </UnitTest>
    <UnitTest name="addTransactionSFSubcategoryAdjust" storage="c:\develop\budgeteer\budgeteerbusiness.test\bin\debug\budgeteerbusiness.test.dll" id="820987f9-05ca-dae0-9f05-a0d4f3b7e230">
      <Css projectStructure="" iteration="" />
      <Owners>
        <Owner name="" />
      </Owners>
      <TestMethod codeBase="C:\Develop\Budgeteer\BudgeteerBusiness.Test\bin\Debug\BudgeteerBusiness.Test.dll" adapterTypeName="Microsoft.VisualStudio.TestTools.TestTypes.Unit.UnitTestAdapter, Microsoft.VisualStudio.QualityTools.Tips.UnitTest.Adapter, Version=9.0.0.0, Culture=neutral, PublicKeyToken=b03f5f7f11d50a3a" className="BudgeteerBusiness.Test.TransactionTest, BudgeteerBusiness.Test" name="addTransactionSFSubcategoryAdjust" />
    </UnitTest>
    <UnitTest name="AddBudgetSubcategoryBlank" storage="c:\develop\budgeteer\budgeteerbusiness.test\bin\debug\budgeteerbusiness.test.dll" id="76dd44d9-ff6d-af09-8821-f2463b66ed80">
      <Css projectStructure="" iteration="" />
      <Owners>
        <Owner name="" />
      </Owners>
      <TestMethod codeBase="C:\Develop\Budgeteer\BudgeteerBusiness.Test\bin\Debug\BudgeteerBusiness.Test.dll" adapterTypeName="Microsoft.VisualStudio.TestTools.TestTypes.Unit.UnitTestAdapter, Microsoft.VisualStudio.QualityTools.Tips.UnitTest.Adapter, Version=9.0.0.0, Culture=neutral, PublicKeyToken=b03f5f7f11d50a3a" className="BudgeteerBusiness.Test.BudgetTest, BudgeteerBusiness.Test" name="AddBudgetSubcategoryBlank" />
    </UnitTest>
    <UnitTest name="updateCategoryUserIDNothing" storage="c:\develop\budgeteer\budgeteerbusiness.test\bin\debug\budgeteerbusiness.test.dll" id="75e6fe92-6338-062a-4fee-95765bf801c5">
      <Css projectStructure="" iteration="" />
      <Owners>
        <Owner name="" />
      </Owners>
      <TestMethod codeBase="C:\Develop\Budgeteer\BudgeteerBusiness.Test\bin\Debug\BudgeteerBusiness.Test.dll" adapterTypeName="Microsoft.VisualStudio.TestTools.TestTypes.Unit.UnitTestAdapter, Microsoft.VisualStudio.QualityTools.Tips.UnitTest.Adapter, Version=9.0.0.0, Culture=neutral, PublicKeyToken=b03f5f7f11d50a3a" className="BudgeteerBusiness.Test.CategoryTest, BudgeteerBusiness.Test" name="updateCategoryUserIDNothing" />
    </UnitTest>
    <UnitTest name="addUserPasswordMaxLen" storage="c:\develop\budgeteer\budgeteerbusiness.test\bin\debug\budgeteerbusiness.test.dll" id="28cb5578-a210-728f-1f2a-7829483fe9ce">
      <Css projectStructure="" iteration="" />
      <Owners>
        <Owner name="" />
      </Owners>
      <TestMethod codeBase="C:\Develop\Budgeteer\BudgeteerBusiness.Test\bin\Debug\BudgeteerBusiness.Test.dll" adapterTypeName="Microsoft.VisualStudio.TestTools.TestTypes.Unit.UnitTestAdapter, Microsoft.VisualStudio.QualityTools.Tips.UnitTest.Adapter, Version=9.0.0.0, Culture=neutral, PublicKeyToken=b03f5f7f11d50a3a" className="BudgeteerBusiness.Test.UserTest, BudgeteerBusiness.Test" name="addUserPasswordMaxLen" />
    </UnitTest>
    <UnitTest name="updateFrequencyNothing" storage="c:\develop\budgeteer\budgeteerbusiness.test\bin\debug\budgeteerbusiness.test.dll" id="06d70802-cbf3-0105-85fe-1032f68b0c57">
      <Css projectStructure="" iteration="" />
      <Owners>
        <Owner name="" />
      </Owners>
      <TestMethod codeBase="C:\Develop\Budgeteer\BudgeteerBusiness.Test\bin\Debug\BudgeteerBusiness.Test.dll" adapterTypeName="Microsoft.VisualStudio.TestTools.TestTypes.Unit.UnitTestAdapter, Microsoft.VisualStudio.QualityTools.Tips.UnitTest.Adapter, Version=9.0.0.0, Culture=neutral, PublicKeyToken=b03f5f7f11d50a3a" className="BudgeteerBusiness.Test.FrequencyTest, BudgeteerBusiness.Test" name="updateFrequencyNothing" />
    </UnitTest>
    <UnitTest name="getSettingUserIDBlank" storage="c:\develop\budgeteer\budgeteerbusiness.test\bin\debug\budgeteerbusiness.test.dll" id="f229dc9d-2951-41bb-da77-6b10cc77c319">
      <Css projectStructure="" iteration="" />
      <Owners>
        <Owner name="" />
      </Owners>
      <TestMethod codeBase="C:\Develop\Budgeteer\BudgeteerBusiness.Test\bin\Debug\BudgeteerBusiness.Test.dll" adapterTypeName="Microsoft.VisualStudio.TestTools.TestTypes.Unit.UnitTestAdapter, Microsoft.VisualStudio.QualityTools.Tips.UnitTest.Adapter, Version=9.0.0.0, Culture=neutral, PublicKeyToken=b03f5f7f11d50a3a" className="BudgeteerBusiness.Test.ApplicationSettingTest, BudgeteerBusiness.Test" name="getSettingUserIDBlank" />
    </UnitTest>
    <UnitTest name="getFrequenciesTest" storage="c:\develop\budgeteer\budgeteerbusiness.test\bin\debug\budgeteerbusiness.test.dll" id="2e218b54-9cdc-19a6-f73f-134529b0d574">
      <Css projectStructure="" iteration="" />
      <Owners>
        <Owner name="" />
      </Owners>
      <TestMethod codeBase="C:\Develop\Budgeteer\BudgeteerBusiness.Test\bin\Debug\BudgeteerBusiness.Test.dll" adapterTypeName="Microsoft.VisualStudio.TestTools.TestTypes.Unit.UnitTestAdapter, Microsoft.VisualStudio.QualityTools.Tips.UnitTest.Adapter, Version=9.0.0.0, Culture=neutral, PublicKeyToken=b03f5f7f11d50a3a" className="BudgeteerBusiness.Test.FrequencyTest, BudgeteerBusiness.Test" name="getFrequenciesTest" />
    </UnitTest>
    <UnitTest name="addFrequencyDescriptionMaxLen" storage="c:\develop\budgeteer\budgeteerbusiness.test\bin\debug\budgeteerbusiness.test.dll" id="94aa3a89-922e-c096-871a-c4ffb87404f0">
      <Css projectStructure="" iteration="" />
      <Owners>
        <Owner name="" />
      </Owners>
      <TestMethod codeBase="C:\Develop\Budgeteer\BudgeteerBusiness.Test\bin\Debug\BudgeteerBusiness.Test.dll" adapterTypeName="Microsoft.VisualStudio.TestTools.TestTypes.Unit.UnitTestAdapter, Microsoft.VisualStudio.QualityTools.Tips.UnitTest.Adapter, Version=9.0.0.0, Culture=neutral, PublicKeyToken=b03f5f7f11d50a3a" className="BudgeteerBusiness.Test.FrequencyTest, BudgeteerBusiness.Test" name="addFrequencyDescriptionMaxLen" />
    </UnitTest>
    <UnitTest name="updateFrequencyMonthsNegative" storage="c:\develop\budgeteer\budgeteerbusiness.test\bin\debug\budgeteerbusiness.test.dll" id="3f53a5bc-85ec-b5b1-a732-530a68ca5fa8">
      <Css projectStructure="" iteration="" />
      <Owners>
        <Owner name="" />
      </Owners>
      <TestMethod codeBase="C:\Develop\Budgeteer\BudgeteerBusiness.Test\bin\Debug\BudgeteerBusiness.Test.dll" adapterTypeName="Microsoft.VisualStudio.TestTools.TestTypes.Unit.UnitTestAdapter, Microsoft.VisualStudio.QualityTools.Tips.UnitTest.Adapter, Version=9.0.0.0, Culture=neutral, PublicKeyToken=b03f5f7f11d50a3a" className="BudgeteerBusiness.Test.FrequencyTest, BudgeteerBusiness.Test" name="updateFrequencyMonthsNegative" />
    </UnitTest>
    <UnitTest name="GetAccountsTest" storage="c:\develop\budgeteer\budgeteerbusiness.test\bin\debug\budgeteerbusiness.test.dll" id="61615b4f-b3ca-d68a-3eb6-d94deb0da781">
      <Css projectStructure="" iteration="" />
      <Owners>
        <Owner name="" />
      </Owners>
      <TestMethod codeBase="C:\Develop\Budgeteer\BudgeteerBusiness.Test\bin\Debug\BudgeteerBusiness.Test.dll" adapterTypeName="Microsoft.VisualStudio.TestTools.TestTypes.Unit.UnitTestAdapter, Microsoft.VisualStudio.QualityTools.Tips.UnitTest.Adapter, Version=9.0.0.0, Culture=neutral, PublicKeyToken=b03f5f7f11d50a3a" className="BudgeteerBusiness.Test.BankAccountTest, BudgeteerBusiness.Test" name="GetAccountsTest" />
    </UnitTest>
    <UnitTest name="updateUserEmailAddressUserIDNothing" storage="c:\develop\budgeteer\budgeteerbusiness.test\bin\debug\budgeteerbusiness.test.dll" id="53ff0830-cc1d-2e63-f269-a83b303e8cd9">
      <Css projectStructure="" iteration="" />
      <Owners>
        <Owner name="" />
      </Owners>
      <TestMethod codeBase="C:\Develop\Budgeteer\BudgeteerBusiness.Test\bin\Debug\BudgeteerBusiness.Test.dll" adapterTypeName="Microsoft.VisualStudio.TestTools.TestTypes.Unit.UnitTestAdapter, Microsoft.VisualStudio.QualityTools.Tips.UnitTest.Adapter, Version=9.0.0.0, Culture=neutral, PublicKeyToken=b03f5f7f11d50a3a" className="BudgeteerBusiness.Test.UserTest, BudgeteerBusiness.Test" name="updateUserEmailAddressUserIDNothing" />
    </UnitTest>
    <UnitTest name="setSettingUserIDBlank" storage="c:\develop\budgeteer\budgeteerbusiness.test\bin\debug\budgeteerbusiness.test.dll" id="68eb3959-6f6d-2194-65cd-b1eaa7337292">
      <Css projectStructure="" iteration="" />
      <Owners>
        <Owner name="" />
      </Owners>
      <TestMethod codeBase="C:\Develop\Budgeteer\BudgeteerBusiness.Test\bin\Debug\BudgeteerBusiness.Test.dll" adapterTypeName="Microsoft.VisualStudio.TestTools.TestTypes.Unit.UnitTestAdapter, Microsoft.VisualStudio.QualityTools.Tips.UnitTest.Adapter, Version=9.0.0.0, Culture=neutral, PublicKeyToken=b03f5f7f11d50a3a" className="BudgeteerBusiness.Test.ApplicationSettingTest, BudgeteerBusiness.Test" name="setSettingUserIDBlank" />
    </UnitTest>
    <UnitTest name="addUserEmailAddressMaxLen" storage="c:\develop\budgeteer\budgeteerbusiness.test\bin\debug\budgeteerbusiness.test.dll" id="bcef52eb-c0c7-5e55-deaa-3ee9071fa25e">
      <Css projectStructure="" iteration="" />
      <Owners>
        <Owner name="" />
      </Owners>
      <TestMethod codeBase="C:\Develop\Budgeteer\BudgeteerBusiness.Test\bin\Debug\BudgeteerBusiness.Test.dll" adapterTypeName="Microsoft.VisualStudio.TestTools.TestTypes.Unit.UnitTestAdapter, Microsoft.VisualStudio.QualityTools.Tips.UnitTest.Adapter, Version=9.0.0.0, Culture=neutral, PublicKeyToken=b03f5f7f11d50a3a" className="BudgeteerBusiness.Test.UserTest, BudgeteerBusiness.Test" name="addUserEmailAddressMaxLen" />
    </UnitTest>
    <UnitTest name="AddAccountAccountNothing" storage="c:\develop\budgeteer\budgeteerbusiness.test\bin\debug\budgeteerbusiness.test.dll" id="587660b0-3b90-02e1-7b54-03c664507fce">
      <Css projectStructure="" iteration="" />
      <Owners>
        <Owner name="" />
      </Owners>
      <TestMethod codeBase="C:\Develop\Budgeteer\BudgeteerBusiness.Test\bin\Debug\BudgeteerBusiness.Test.dll" adapterTypeName="Microsoft.VisualStudio.TestTools.TestTypes.Unit.UnitTestAdapter, Microsoft.VisualStudio.QualityTools.Tips.UnitTest.Adapter, Version=9.0.0.0, Culture=neutral, PublicKeyToken=b03f5f7f11d50a3a" className="BudgeteerBusiness.Test.BankAccountTest, BudgeteerBusiness.Test" name="AddAccountAccountNothing" />
    </UnitTest>
    <UnitTest name="updateTransactionSFSubcategoryAdjust" storage="c:\develop\budgeteer\budgeteerbusiness.test\bin\debug\budgeteerbusiness.test.dll" id="ff86bab7-fe25-e542-47fe-56bd2f464b72">
      <Css projectStructure="" iteration="" />
      <Owners>
        <Owner name="" />
      </Owners>
      <TestMethod codeBase="C:\Develop\Budgeteer\BudgeteerBusiness.Test\bin\Debug\BudgeteerBusiness.Test.dll" adapterTypeName="Microsoft.VisualStudio.TestTools.TestTypes.Unit.UnitTestAdapter, Microsoft.VisualStudio.QualityTools.Tips.UnitTest.Adapter, Version=9.0.0.0, Culture=neutral, PublicKeyToken=b03f5f7f11d50a3a" className="BudgeteerBusiness.Test.TransactionTest, BudgeteerBusiness.Test" name="updateTransactionSFSubcategoryAdjust" />
    </UnitTest>
    <UnitTest name="addFrequencyDescriptionNothing" storage="c:\develop\budgeteer\budgeteerbusiness.test\bin\debug\budgeteerbusiness.test.dll" id="b1452ef1-13ca-46e9-c44f-98baa104fb92">
      <Css projectStructure="" iteration="" />
      <Owners>
        <Owner name="" />
      </Owners>
      <TestMethod codeBase="C:\Develop\Budgeteer\BudgeteerBusiness.Test\bin\Debug\BudgeteerBusiness.Test.dll" adapterTypeName="Microsoft.VisualStudio.TestTools.TestTypes.Unit.UnitTestAdapter, Microsoft.VisualStudio.QualityTools.Tips.UnitTest.Adapter, Version=9.0.0.0, Culture=neutral, PublicKeyToken=b03f5f7f11d50a3a" className="BudgeteerBusiness.Test.FrequencyTest, BudgeteerBusiness.Test" name="addFrequencyDescriptionNothing" />
    </UnitTest>
    <UnitTest name="addSubcategoryDescriptionNothing" storage="c:\develop\budgeteer\budgeteerbusiness.test\bin\debug\budgeteerbusiness.test.dll" id="a8551577-1fbc-a817-6fba-d92f73c63ed5">
      <Css projectStructure="" iteration="" />
      <Owners>
        <Owner name="" />
      </Owners>
      <TestMethod codeBase="C:\Develop\Budgeteer\BudgeteerBusiness.Test\bin\Debug\BudgeteerBusiness.Test.dll" adapterTypeName="Microsoft.VisualStudio.TestTools.TestTypes.Unit.UnitTestAdapter, Microsoft.VisualStudio.QualityTools.Tips.UnitTest.Adapter, Version=9.0.0.0, Culture=neutral, PublicKeyToken=b03f5f7f11d50a3a" className="BudgeteerBusiness.Test.SubcategoryTest, BudgeteerBusiness.Test" name="addSubcategoryDescriptionNothing" />
    </UnitTest>
    <UnitTest name="deleteCategoryTest" storage="c:\develop\budgeteer\budgeteerbusiness.test\bin\debug\budgeteerbusiness.test.dll" id="0bdfe357-59d7-2115-bc84-10e25df0e6f5">
      <Css projectStructure="" iteration="" />
      <Owners>
        <Owner name="" />
      </Owners>
      <TestMethod codeBase="C:\Develop\Budgeteer\BudgeteerBusiness.Test\bin\Debug\BudgeteerBusiness.Test.dll" adapterTypeName="Microsoft.VisualStudio.TestTools.TestTypes.Unit.UnitTestAdapter, Microsoft.VisualStudio.QualityTools.Tips.UnitTest.Adapter, Version=9.0.0.0, Culture=neutral, PublicKeyToken=b03f5f7f11d50a3a" className="BudgeteerBusiness.Test.CategoryTest, BudgeteerBusiness.Test" name="deleteCategoryTest" />
    </UnitTest>
    <UnitTest name="addUserFirstNameMaxLen" storage="c:\develop\budgeteer\budgeteerbusiness.test\bin\debug\budgeteerbusiness.test.dll" id="dc51c213-5f3c-c5c3-c9fa-ea22cfaaa6b1">
      <Css projectStructure="" iteration="" />
      <Owners>
        <Owner name="" />
      </Owners>
      <TestMethod codeBase="C:\Develop\Budgeteer\BudgeteerBusiness.Test\bin\Debug\BudgeteerBusiness.Test.dll" adapterTypeName="Microsoft.VisualStudio.TestTools.TestTypes.Unit.UnitTestAdapter, Microsoft.VisualStudio.QualityTools.Tips.UnitTest.Adapter, Version=9.0.0.0, Culture=neutral, PublicKeyToken=b03f5f7f11d50a3a" className="BudgeteerBusiness.Test.UserTest, BudgeteerBusiness.Test" name="addUserFirstNameMaxLen" />
    </UnitTest>
    <UnitTest name="updateUserEmailAddressEmailMaxLen" storage="c:\develop\budgeteer\budgeteerbusiness.test\bin\debug\budgeteerbusiness.test.dll" id="fa4fde81-0c7b-6c9e-f074-31329de4ad82">
      <Css projectStructure="" iteration="" />
      <Owners>
        <Owner name="" />
      </Owners>
      <TestMethod codeBase="C:\Develop\Budgeteer\BudgeteerBusiness.Test\bin\Debug\BudgeteerBusiness.Test.dll" adapterTypeName="Microsoft.VisualStudio.TestTools.TestTypes.Unit.UnitTestAdapter, Microsoft.VisualStudio.QualityTools.Tips.UnitTest.Adapter, Version=9.0.0.0, Culture=neutral, PublicKeyToken=b03f5f7f11d50a3a" className="BudgeteerBusiness.Test.UserTest, BudgeteerBusiness.Test" name="updateUserEmailAddressEmailMaxLen" />
    </UnitTest>
    <UnitTest name="addFrequencyMonthsNegative" storage="c:\develop\budgeteer\budgeteerbusiness.test\bin\debug\budgeteerbusiness.test.dll" id="0c5517d4-5316-3e21-871a-fa8800272a65">
      <Css projectStructure="" iteration="" />
      <Owners>
        <Owner name="" />
      </Owners>
      <TestMethod codeBase="C:\Develop\Budgeteer\BudgeteerBusiness.Test\bin\Debug\BudgeteerBusiness.Test.dll" adapterTypeName="Microsoft.VisualStudio.TestTools.TestTypes.Unit.UnitTestAdapter, Microsoft.VisualStudio.QualityTools.Tips.UnitTest.Adapter, Version=9.0.0.0, Culture=neutral, PublicKeyToken=b03f5f7f11d50a3a" className="BudgeteerBusiness.Test.FrequencyTest, BudgeteerBusiness.Test" name="addFrequencyMonthsNegative" />
    </UnitTest>
    <UnitTest name="getCategoriesTest" storage="c:\develop\budgeteer\budgeteerbusiness.test\bin\debug\budgeteerbusiness.test.dll" id="fa94ca7c-1aae-2e32-1d1b-d0e45ca41440">
      <Css projectStructure="" iteration="" />
      <Owners>
        <Owner name="" />
      </Owners>
      <TestMethod codeBase="C:\Develop\Budgeteer\BudgeteerBusiness.Test\bin\Debug\BudgeteerBusiness.Test.dll" adapterTypeName="Microsoft.VisualStudio.TestTools.TestTypes.Unit.UnitTestAdapter, Microsoft.VisualStudio.QualityTools.Tips.UnitTest.Adapter, Version=9.0.0.0, Culture=neutral, PublicKeyToken=b03f5f7f11d50a3a" className="BudgeteerBusiness.Test.CategoryTest, BudgeteerBusiness.Test" name="getCategoriesTest" />
    </UnitTest>
    <UnitTest name="addUserPasswordNothing" storage="c:\develop\budgeteer\budgeteerbusiness.test\bin\debug\budgeteerbusiness.test.dll" id="4bd9796f-b636-6a7f-6857-a699f7abd7a9">
      <Css projectStructure="" iteration="" />
      <Owners>
        <Owner name="" />
      </Owners>
      <TestMethod codeBase="C:\Develop\Budgeteer\BudgeteerBusiness.Test\bin\Debug\BudgeteerBusiness.Test.dll" adapterTypeName="Microsoft.VisualStudio.TestTools.TestTypes.Unit.UnitTestAdapter, Microsoft.VisualStudio.QualityTools.Tips.UnitTest.Adapter, Version=9.0.0.0, Culture=neutral, PublicKeyToken=b03f5f7f11d50a3a" className="BudgeteerBusiness.Test.UserTest, BudgeteerBusiness.Test" name="addUserPasswordNothing" />
    </UnitTest>
    <UnitTest name="AddBudgetStartDateBlank" storage="c:\develop\budgeteer\budgeteerbusiness.test\bin\debug\budgeteerbusiness.test.dll" id="4486fb42-6e67-f081-7552-b679d25d695f">
      <Css projectStructure="" iteration="" />
      <Owners>
        <Owner name="" />
      </Owners>
      <TestMethod codeBase="C:\Develop\Budgeteer\BudgeteerBusiness.Test\bin\Debug\BudgeteerBusiness.Test.dll" adapterTypeName="Microsoft.VisualStudio.TestTools.TestTypes.Unit.UnitTestAdapter, Microsoft.VisualStudio.QualityTools.Tips.UnitTest.Adapter, Version=9.0.0.0, Culture=neutral, PublicKeyToken=b03f5f7f11d50a3a" className="BudgeteerBusiness.Test.BudgetTest, BudgeteerBusiness.Test" name="AddBudgetStartDateBlank" />
    </UnitTest>
    <UnitTest name="setSettingValueMaxLen" storage="c:\develop\budgeteer\budgeteerbusiness.test\bin\debug\budgeteerbusiness.test.dll" id="369638f7-538b-b560-7383-2a599f9e5891">
      <Css projectStructure="" iteration="" />
      <Owners>
        <Owner name="" />
      </Owners>
      <TestMethod codeBase="C:\Develop\Budgeteer\BudgeteerBusiness.Test\bin\Debug\BudgeteerBusiness.Test.dll" adapterTypeName="Microsoft.VisualStudio.TestTools.TestTypes.Unit.UnitTestAdapter, Microsoft.VisualStudio.QualityTools.Tips.UnitTest.Adapter, Version=9.0.0.0, Culture=neutral, PublicKeyToken=b03f5f7f11d50a3a" className="BudgeteerBusiness.Test.ApplicationSettingTest, BudgeteerBusiness.Test" name="setSettingValueMaxLen" />
    </UnitTest>
    <UnitTest name="updateCategoryDescriptionNothing" storage="c:\develop\budgeteer\budgeteerbusiness.test\bin\debug\budgeteerbusiness.test.dll" id="a2d96dcc-0274-ae96-1084-c6eeaf735a67">
      <Css projectStructure="" iteration="" />
      <Owners>
        <Owner name="" />
      </Owners>
      <TestMethod codeBase="C:\Develop\Budgeteer\BudgeteerBusiness.Test\bin\Debug\BudgeteerBusiness.Test.dll" adapterTypeName="Microsoft.VisualStudio.TestTools.TestTypes.Unit.UnitTestAdapter, Microsoft.VisualStudio.QualityTools.Tips.UnitTest.Adapter, Version=9.0.0.0, Culture=neutral, PublicKeyToken=b03f5f7f11d50a3a" className="BudgeteerBusiness.Test.CategoryTest, BudgeteerBusiness.Test" name="updateCategoryDescriptionNothing" />
    </UnitTest>
    <UnitTest name="updateCategoryNothing" storage="c:\develop\budgeteer\budgeteerbusiness.test\bin\debug\budgeteerbusiness.test.dll" id="a59c967c-b286-ecbe-5787-275fa8e4e9c9">
      <Css projectStructure="" iteration="" />
      <Owners>
        <Owner name="" />
      </Owners>
      <TestMethod codeBase="C:\Develop\Budgeteer\BudgeteerBusiness.Test\bin\Debug\BudgeteerBusiness.Test.dll" adapterTypeName="Microsoft.VisualStudio.TestTools.TestTypes.Unit.UnitTestAdapter, Microsoft.VisualStudio.QualityTools.Tips.UnitTest.Adapter, Version=9.0.0.0, Culture=neutral, PublicKeyToken=b03f5f7f11d50a3a" className="BudgeteerBusiness.Test.CategoryTest, BudgeteerBusiness.Test" name="updateCategoryNothing" />
    </UnitTest>
    <UnitTest name="AccountUpdateAccountIDNothing" storage="c:\develop\budgeteer\budgeteerbusiness.test\bin\debug\budgeteerbusiness.test.dll" id="d45c411c-5ad0-5299-8bb1-88f95d2c7618">
      <Css projectStructure="" iteration="" />
      <Owners>
        <Owner name="" />
      </Owners>
      <TestMethod codeBase="C:\Develop\Budgeteer\BudgeteerBusiness.Test\bin\Debug\BudgeteerBusiness.Test.dll" adapterTypeName="Microsoft.VisualStudio.TestTools.TestTypes.Unit.UnitTestAdapter, Microsoft.VisualStudio.QualityTools.Tips.UnitTest.Adapter, Version=9.0.0.0, Culture=neutral, PublicKeyToken=b03f5f7f11d50a3a" className="BudgeteerBusiness.Test.BankAccountTest, BudgeteerBusiness.Test" name="AccountUpdateAccountIDNothing" />
    </UnitTest>
    <UnitTest name="getSettingTest" storage="c:\develop\budgeteer\budgeteerbusiness.test\bin\debug\budgeteerbusiness.test.dll" id="60cc931f-8e63-39f9-719e-c12ab9d1a9c9">
      <Css projectStructure="" iteration="" />
      <Owners>
        <Owner name="" />
      </Owners>
      <TestMethod codeBase="C:\Develop\Budgeteer\BudgeteerBusiness.Test\bin\Debug\BudgeteerBusiness.Test.dll" adapterTypeName="Microsoft.VisualStudio.TestTools.TestTypes.Unit.UnitTestAdapter, Microsoft.VisualStudio.QualityTools.Tips.UnitTest.Adapter, Version=9.0.0.0, Culture=neutral, PublicKeyToken=b03f5f7f11d50a3a" className="BudgeteerBusiness.Test.ApplicationSettingTest, BudgeteerBusiness.Test" name="getSettingTest" />
    </UnitTest>
    <UnitTest name="addSubcategoryUserIDNothing" storage="c:\develop\budgeteer\budgeteerbusiness.test\bin\debug\budgeteerbusiness.test.dll" id="88291b0b-7e70-f6db-50b3-47e82e867912">
      <Css projectStructure="" iteration="" />
      <Owners>
        <Owner name="" />
      </Owners>
      <TestMethod codeBase="C:\Develop\Budgeteer\BudgeteerBusiness.Test\bin\Debug\BudgeteerBusiness.Test.dll" adapterTypeName="Microsoft.VisualStudio.TestTools.TestTypes.Unit.UnitTestAdapter, Microsoft.VisualStudio.QualityTools.Tips.UnitTest.Adapter, Version=9.0.0.0, Culture=neutral, PublicKeyToken=b03f5f7f11d50a3a" className="BudgeteerBusiness.Test.SubcategoryTest, BudgeteerBusiness.Test" name="addSubcategoryUserIDNothing" />
    </UnitTest>
    <UnitTest name="addCategoryNothing" storage="c:\develop\budgeteer\budgeteerbusiness.test\bin\debug\budgeteerbusiness.test.dll" id="0fca1d8a-cdd0-27c2-fb9e-0f26a9f562df">
      <Css projectStructure="" iteration="" />
      <Owners>
        <Owner name="" />
      </Owners>
      <TestMethod codeBase="C:\Develop\Budgeteer\BudgeteerBusiness.Test\bin\Debug\BudgeteerBusiness.Test.dll" adapterTypeName="Microsoft.VisualStudio.TestTools.TestTypes.Unit.UnitTestAdapter, Microsoft.VisualStudio.QualityTools.Tips.UnitTest.Adapter, Version=9.0.0.0, Culture=neutral, PublicKeyToken=b03f5f7f11d50a3a" className="BudgeteerBusiness.Test.CategoryTest, BudgeteerBusiness.Test" name="addCategoryNothing" />
    </UnitTest>
    <UnitTest name="deleteFrequencyFrequencyIDNothing" storage="c:\develop\budgeteer\budgeteerbusiness.test\bin\debug\budgeteerbusiness.test.dll" id="6f7faeec-fd19-b1af-0830-7613b5075b88">
      <Css projectStructure="" iteration="" />
      <Owners>
        <Owner name="" />
      </Owners>
      <TestMethod codeBase="C:\Develop\Budgeteer\BudgeteerBusiness.Test\bin\Debug\BudgeteerBusiness.Test.dll" adapterTypeName="Microsoft.VisualStudio.TestTools.TestTypes.Unit.UnitTestAdapter, Microsoft.VisualStudio.QualityTools.Tips.UnitTest.Adapter, Version=9.0.0.0, Culture=neutral, PublicKeyToken=b03f5f7f11d50a3a" className="BudgeteerBusiness.Test.FrequencyTest, BudgeteerBusiness.Test" name="deleteFrequencyFrequencyIDNothing" />
    </UnitTest>
    <UnitTest name="updateUserPasswordTest" storage="c:\develop\budgeteer\budgeteerbusiness.test\bin\debug\budgeteerbusiness.test.dll" id="5a6ba108-477a-8826-07f4-4b3d85417087">
      <Css projectStructure="" iteration="" />
      <Owners>
        <Owner name="" />
      </Owners>
      <TestMethod codeBase="C:\Develop\Budgeteer\BudgeteerBusiness.Test\bin\Debug\BudgeteerBusiness.Test.dll" adapterTypeName="Microsoft.VisualStudio.TestTools.TestTypes.Unit.UnitTestAdapter, Microsoft.VisualStudio.QualityTools.Tips.UnitTest.Adapter, Version=9.0.0.0, Culture=neutral, PublicKeyToken=b03f5f7f11d50a3a" className="BudgeteerBusiness.Test.UserTest, BudgeteerBusiness.Test" name="updateUserPasswordTest" />
    </UnitTest>
    <UnitTest name="GetAccountsUserIDNothing" storage="c:\develop\budgeteer\budgeteerbusiness.test\bin\debug\budgeteerbusiness.test.dll" id="95c0682e-1297-4ce1-4725-5f3b047e8687">
      <Css projectStructure="" iteration="" />
      <Owners>
        <Owner name="" />
      </Owners>
      <TestMethod codeBase="C:\Develop\Budgeteer\BudgeteerBusiness.Test\bin\Debug\BudgeteerBusiness.Test.dll" adapterTypeName="Microsoft.VisualStudio.TestTools.TestTypes.Unit.UnitTestAdapter, Microsoft.VisualStudio.QualityTools.Tips.UnitTest.Adapter, Version=9.0.0.0, Culture=neutral, PublicKeyToken=b03f5f7f11d50a3a" className="BudgeteerBusiness.Test.BankAccountTest, BudgeteerBusiness.Test" name="GetAccountsUserIDNothing" />
    </UnitTest>
    <UnitTest name="updateTransactionDateNothing" storage="c:\develop\budgeteer\budgeteerbusiness.test\bin\debug\budgeteerbusiness.test.dll" id="8f6940ee-6a05-220b-9d80-efa337ee3133">
      <Css projectStructure="" iteration="" />
      <Owners>
        <Owner name="" />
      </Owners>
      <TestMethod codeBase="C:\Develop\Budgeteer\BudgeteerBusiness.Test\bin\Debug\BudgeteerBusiness.Test.dll" adapterTypeName="Microsoft.VisualStudio.TestTools.TestTypes.Unit.UnitTestAdapter, Microsoft.VisualStudio.QualityTools.Tips.UnitTest.Adapter, Version=9.0.0.0, Culture=neutral, PublicKeyToken=b03f5f7f11d50a3a" className="BudgeteerBusiness.Test.TransactionTest, BudgeteerBusiness.Test" name="updateTransactionDateNothing" />
    </UnitTest>
    <UnitTest name="GetBudgetsByCriteriaTest" storage="c:\develop\budgeteer\budgeteerbusiness.test\bin\debug\budgeteerbusiness.test.dll" id="7a67e1af-a886-d057-74bb-d7a715ebb35b">
      <Css projectStructure="" iteration="" />
      <Owners>
        <Owner name="" />
      </Owners>
      <TestMethod codeBase="C:\Develop\Budgeteer\BudgeteerBusiness.Test\bin\Debug\BudgeteerBusiness.Test.dll" adapterTypeName="Microsoft.VisualStudio.TestTools.TestTypes.Unit.UnitTestAdapter, Microsoft.VisualStudio.QualityTools.Tips.UnitTest.Adapter, Version=9.0.0.0, Culture=neutral, PublicKeyToken=b03f5f7f11d50a3a" className="BudgeteerBusiness.Test.BudgetTest, BudgeteerBusiness.Test" name="GetBudgetsByCriteriaTest" />
    </UnitTest>
    <UnitTest name="deleteTransactionTransactionIDNothing" storage="c:\develop\budgeteer\budgeteerbusiness.test\bin\debug\budgeteerbusiness.test.dll" id="93af35c8-f5d8-78c3-8cc9-706ee5491c55">
      <Css projectStructure="" iteration="" />
      <Owners>
        <Owner name="" />
      </Owners>
      <TestMethod codeBase="C:\Develop\Budgeteer\BudgeteerBusiness.Test\bin\Debug\BudgeteerBusiness.Test.dll" adapterTypeName="Microsoft.VisualStudio.TestTools.TestTypes.Unit.UnitTestAdapter, Microsoft.VisualStudio.QualityTools.Tips.UnitTest.Adapter, Version=9.0.0.0, Culture=neutral, PublicKeyToken=b03f5f7f11d50a3a" className="BudgeteerBusiness.Test.TransactionTest, BudgeteerBusiness.Test" name="deleteTransactionTransactionIDNothing" />
    </UnitTest>
    <UnitTest name="GetBudgetsTest" storage="c:\develop\budgeteer\budgeteerbusiness.test\bin\debug\budgeteerbusiness.test.dll" id="cb8df43f-6492-dd91-9c3b-f64ea6d0afbc">
      <Css projectStructure="" iteration="" />
      <Owners>
        <Owner name="" />
      </Owners>
      <TestMethod codeBase="C:\Develop\Budgeteer\BudgeteerBusiness.Test\bin\Debug\BudgeteerBusiness.Test.dll" adapterTypeName="Microsoft.VisualStudio.TestTools.TestTypes.Unit.UnitTestAdapter, Microsoft.VisualStudio.QualityTools.Tips.UnitTest.Adapter, Version=9.0.0.0, Culture=neutral, PublicKeyToken=b03f5f7f11d50a3a" className="BudgeteerBusiness.Test.BudgetTest, BudgeteerBusiness.Test" name="GetBudgetsTest" />
    </UnitTest>
  </TestDefinitions>
  <TestLists>
    <TestList name="Results Not in a List" id="8c84fa94-04c1-424b-9868-57a2d4851a1d" />
    <TestList name="All Loaded Results" id="19431567-8539-422a-85d7-44ee4e166bda" />
  </TestLists>
  <TestEntries>
    <TestEntry testId="2da17ebb-99f1-543b-1336-ba260aa88fba" executionId="20bf96de-d84b-4420-9a8d-94b07616a81e" testListId="8c84fa94-04c1-424b-9868-57a2d4851a1d" />
    <TestEntry testId="8cd615c6-e162-c613-892a-65fc09419773" executionId="1ea65104-2935-47be-9664-f878ec660f88" testListId="8c84fa94-04c1-424b-9868-57a2d4851a1d" />
    <TestEntry testId="60cc931f-8e63-39f9-719e-c12ab9d1a9c9" executionId="45c4f149-fca4-41fc-be88-ccbb0e0915d1" testListId="8c84fa94-04c1-424b-9868-57a2d4851a1d" />
    <TestEntry testId="f229dc9d-2951-41bb-da77-6b10cc77c319" executionId="46164033-c65b-440f-94fc-b24cf6209b22" testListId="8c84fa94-04c1-424b-9868-57a2d4851a1d" />
    <TestEntry testId="c1eb1ab3-71b1-7f0c-d402-7db8c88875e0" executionId="e595ce62-8ff9-4d91-bea4-fd28becca269" testListId="8c84fa94-04c1-424b-9868-57a2d4851a1d" />
    <TestEntry testId="292697ef-a481-6a95-4841-a0b23aab7616" executionId="21dbcbe6-9b7f-49b3-a5ff-73c45a891ab0" testListId="8c84fa94-04c1-424b-9868-57a2d4851a1d" />
    <TestEntry testId="68eb3959-6f6d-2194-65cd-b1eaa7337292" executionId="0d88853f-2a8c-4d11-a0a9-8cb4cd7eed9f" testListId="8c84fa94-04c1-424b-9868-57a2d4851a1d" />
    <TestEntry testId="83dddd9a-5fdf-d50e-591b-83ffd2e26894" executionId="40a67341-0fa9-458b-bd77-3a090ac4f162" testListId="8c84fa94-04c1-424b-9868-57a2d4851a1d" />
    <TestEntry testId="5a6fb017-10b5-f179-df9d-ec95cc76a963" executionId="e0685848-9dee-44b9-b6c0-28e5bf01f33e" testListId="8c84fa94-04c1-424b-9868-57a2d4851a1d" />
    <TestEntry testId="369638f7-538b-b560-7383-2a599f9e5891" executionId="956fe0d1-19bb-4533-85c7-e2475def5f30" testListId="8c84fa94-04c1-424b-9868-57a2d4851a1d" />
    <TestEntry testId="fcca391a-3bf2-a7bd-8a43-2d87c89ccc3b" executionId="9568838c-3cdc-48b1-877a-34a569704337" testListId="8c84fa94-04c1-424b-9868-57a2d4851a1d" />
    <TestEntry testId="61615b4f-b3ca-d68a-3eb6-d94deb0da781" executionId="859b655a-0483-42f3-95f3-3f2885d543ab" testListId="8c84fa94-04c1-424b-9868-57a2d4851a1d" />
    <TestEntry testId="95c0682e-1297-4ce1-4725-5f3b047e8687" executionId="ff41f1ba-7b90-4f26-8126-52fee9976e55" testListId="8c84fa94-04c1-424b-9868-57a2d4851a1d" />
    <TestEntry testId="6d337c35-98f0-54b3-f22d-26fc0f00e50a" executionId="17f6c37d-41b4-409b-a0b0-499ee1e1b4ae" testListId="8c84fa94-04c1-424b-9868-57a2d4851a1d" />
    <TestEntry testId="495b801d-fa26-fed0-0f3c-89b4c2b40633" executionId="869ff17f-3ecc-4a16-9fa5-8e179183c390" testListId="8c84fa94-04c1-424b-9868-57a2d4851a1d" />
    <TestEntry testId="8dcb2405-5c91-c749-7201-777f5347a181" executionId="4b0d7185-da0d-44c2-8f85-c25618975c52" testListId="8c84fa94-04c1-424b-9868-57a2d4851a1d" />
    <TestEntry testId="587660b0-3b90-02e1-7b54-03c664507fce" executionId="1ac06a77-2fa2-4808-a0ab-d793de465fc3" testListId="8c84fa94-04c1-424b-9868-57a2d4851a1d" />
    <TestEntry testId="b1348d03-fa8d-98c0-743c-70a5fbb29395" executionId="d73ba655-90a9-4cbe-a060-558cbb1e5255" testListId="8c84fa94-04c1-424b-9868-57a2d4851a1d" />
    <TestEntry testId="76e91602-d7b1-974d-3752-f1032f6e14fd" executionId="4b5bf88b-0f34-44c2-88fe-276dcd148cbb" testListId="8c84fa94-04c1-424b-9868-57a2d4851a1d" />
    <TestEntry testId="6f61982a-b51b-27fe-1f93-482011c4b473" executionId="b64582b8-2de7-47d6-9e18-070b8863839d" testListId="8c84fa94-04c1-424b-9868-57a2d4851a1d" />
    <TestEntry testId="087effc2-bf96-1942-c83f-68f5aa5d2005" executionId="215595b7-b166-47d6-ae3c-5bca7b31399d" testListId="8c84fa94-04c1-424b-9868-57a2d4851a1d" />
    <TestEntry testId="d1360a53-95ee-b75a-cf14-ff4641961f1d" executionId="e1d15e7a-2448-42a1-87fe-58bdc081841a" testListId="8c84fa94-04c1-424b-9868-57a2d4851a1d" />
    <TestEntry testId="b34318a0-b694-1c59-0274-13c5f648813a" executionId="82bc771f-aacd-4011-8853-53aa68200262" testListId="8c84fa94-04c1-424b-9868-57a2d4851a1d" />
    <TestEntry testId="acd7067b-97cd-802a-af1a-b1adb9e60800" executionId="eb766a87-d3fd-4628-b8b8-7bd24e81ae34" testListId="8c84fa94-04c1-424b-9868-57a2d4851a1d" />
    <TestEntry testId="15012bb2-b8a7-b9c7-7871-b29804a6aa37" executionId="b7c41574-8452-4c6b-9042-e58b71c614ca" testListId="8c84fa94-04c1-424b-9868-57a2d4851a1d" />
    <TestEntry testId="d45c411c-5ad0-5299-8bb1-88f95d2c7618" executionId="8d9bc3ab-1a42-48ce-9d2a-80ffcb34f218" testListId="8c84fa94-04c1-424b-9868-57a2d4851a1d" />
    <TestEntry testId="fd0567ca-ebac-cdf4-0d35-eaae1abf4f60" executionId="17913530-41e1-4c7b-9cc2-fd10f26bc61b" testListId="8c84fa94-04c1-424b-9868-57a2d4851a1d" />
    <TestEntry testId="8c6905af-52bc-76a0-b628-ad32132409ba" executionId="9206c34f-03ab-4bdd-b6d4-481730c4a023" testListId="8c84fa94-04c1-424b-9868-57a2d4851a1d" />
    <TestEntry testId="ab937ec4-62dc-9a36-31d9-81e0a9987ee7" executionId="960da48f-9c49-4aa2-b34a-992b19f1a581" testListId="8c84fa94-04c1-424b-9868-57a2d4851a1d" />
    <TestEntry testId="dc103d46-66d3-5339-3760-9e1aa3967d68" executionId="c1d3d033-575b-4a36-921c-a5f1c97563c8" testListId="8c84fa94-04c1-424b-9868-57a2d4851a1d" />
    <TestEntry testId="78580d61-10eb-61e0-ce2a-90979662c9fc" executionId="d3b10ca1-3bf5-435d-862a-fb810f051099" testListId="8c84fa94-04c1-424b-9868-57a2d4851a1d" />
    <TestEntry testId="b47ab333-b0fd-87a2-450b-d6079dce8ac2" executionId="08c9b7cb-a919-4050-b6e1-40788b895b97" testListId="8c84fa94-04c1-424b-9868-57a2d4851a1d" />
    <TestEntry testId="8ba97d74-e039-ca12-665d-09ebe63ca7ce" executionId="00db44e4-282c-4387-b0bd-e962ff07c145" testListId="8c84fa94-04c1-424b-9868-57a2d4851a1d" />
    <TestEntry testId="cb8df43f-6492-dd91-9c3b-f64ea6d0afbc" executionId="49fb995d-4cc4-4918-823f-144d70e0ad01" testListId="8c84fa94-04c1-424b-9868-57a2d4851a1d" />
    <TestEntry testId="ebd39db0-e74b-3bd5-c867-9e8d1f912965" executionId="05e528a4-adcb-4de1-a36b-3f92707be2fa" testListId="8c84fa94-04c1-424b-9868-57a2d4851a1d" />
    <TestEntry testId="7a67e1af-a886-d057-74bb-d7a715ebb35b" executionId="27f27485-2819-4dbd-bf65-68314513cd6e" testListId="8c84fa94-04c1-424b-9868-57a2d4851a1d" />
    <TestEntry testId="ec84c0d8-8089-6d3c-3b32-6d388f8132a6" executionId="024b90cc-ef3c-490a-b9a7-e0e949a8400b" testListId="8c84fa94-04c1-424b-9868-57a2d4851a1d" />
    <TestEntry testId="051888c9-8a45-0bb7-a0d4-714b442283af" executionId="c55cd164-5f26-48bb-8566-f1e32df8f8fb" testListId="8c84fa94-04c1-424b-9868-57a2d4851a1d" />
    <TestEntry testId="4486fb42-6e67-f081-7552-b679d25d695f" executionId="e2d29917-64da-4a87-86ad-b406264833f4" testListId="8c84fa94-04c1-424b-9868-57a2d4851a1d" />
    <TestEntry testId="76dd44d9-ff6d-af09-8821-f2463b66ed80" executionId="9b059c42-6cf6-4340-862b-c8d761212916" testListId="8c84fa94-04c1-424b-9868-57a2d4851a1d" />
    <TestEntry testId="61fdb9d7-48c5-641a-6f66-dfa77bb5a005" executionId="d3dc7ff6-5d57-4f2b-b97d-1408114ab218" testListId="8c84fa94-04c1-424b-9868-57a2d4851a1d" />
    <TestEntry testId="976ae5f8-6c26-174f-136c-aff26d2da02f" executionId="45430fb4-2127-4eba-ac92-9b12d39050c2" testListId="8c84fa94-04c1-424b-9868-57a2d4851a1d" />
    <TestEntry testId="4a8176c5-a77c-0df9-87fa-be9df67b74cb" executionId="6ffba696-1f29-4b4b-a2df-76feecf7a870" testListId="8c84fa94-04c1-424b-9868-57a2d4851a1d" />
    <TestEntry testId="f4e61a2b-e0fc-ae40-938e-060246d5db66" executionId="69179ca6-8711-4bea-bf17-a1f73c9caca5" testListId="8c84fa94-04c1-424b-9868-57a2d4851a1d" />
    <TestEntry testId="f072707e-36bf-6cb2-fd1d-066aa43590df" executionId="6e6a90df-0263-4ab0-85e1-31e7cbaf13d3" testListId="8c84fa94-04c1-424b-9868-57a2d4851a1d" />
    <TestEntry testId="2961bbf1-146b-0935-82b2-1ae35615a987" executionId="7c2c0290-79e7-4c2e-88eb-5c1c97a6a7fc" testListId="8c84fa94-04c1-424b-9868-57a2d4851a1d" />
    <TestEntry testId="aa01915b-fe45-c694-5349-093d2378bbbf" executionId="84d25a61-1889-42a0-84c0-1dcaa7f73e38" testListId="8c84fa94-04c1-424b-9868-57a2d4851a1d" />
    <TestEntry testId="b7f0e8a2-8926-f837-3cda-c1c849c6826c" executionId="316edffb-92f7-4ca2-b4c5-5c7bbe6ba024" testListId="8c84fa94-04c1-424b-9868-57a2d4851a1d" />
    <TestEntry testId="c0411296-3ae8-697f-2af6-c4ea40140d13" executionId="2f041489-de46-4546-a2bb-61d69b9c389a" testListId="8c84fa94-04c1-424b-9868-57a2d4851a1d" />
    <TestEntry testId="799311e6-1da3-8fae-d135-4dafc9b3c1eb" executionId="cd22bf85-3e2b-4a80-897e-428b3a5d6a13" testListId="8c84fa94-04c1-424b-9868-57a2d4851a1d" />
    <TestEntry testId="fa94ca7c-1aae-2e32-1d1b-d0e45ca41440" executionId="b0493b55-4d6e-42df-8b78-28c80fe2f4f2" testListId="8c84fa94-04c1-424b-9868-57a2d4851a1d" />
    <TestEntry testId="63c8983e-264f-303a-d3eb-9b4d25fe86d5" executionId="78ec9abb-4b2f-4b73-9a5f-af7fac282fcf" testListId="8c84fa94-04c1-424b-9868-57a2d4851a1d" />
    <TestEntry testId="28a40b92-ebf0-3021-bfd0-8669c95f701b" executionId="8d3af9ee-e953-4b06-b0d7-20240d7fbcf4" testListId="8c84fa94-04c1-424b-9868-57a2d4851a1d" />
    <TestEntry testId="0fca1d8a-cdd0-27c2-fb9e-0f26a9f562df" executionId="1cfbdef6-b532-488e-a808-9daf8f2e8fca" testListId="8c84fa94-04c1-424b-9868-57a2d4851a1d" />
    <TestEntry testId="ff7fb138-6236-24d9-747a-2dd6d9883235" executionId="62c48f04-6936-4479-8d5b-6441420e0ad2" testListId="8c84fa94-04c1-424b-9868-57a2d4851a1d" />
    <TestEntry testId="58a09de1-5830-1f36-c16c-3939c3e6e900" executionId="68c7bcfe-e884-4bd7-9125-217fc3b2c72d" testListId="8c84fa94-04c1-424b-9868-57a2d4851a1d" />
    <TestEntry testId="532e8336-e148-b747-29ed-96f8fa85edc7" executionId="7d6c0ee8-dea2-490d-8132-b43244ae8c03" testListId="8c84fa94-04c1-424b-9868-57a2d4851a1d" />
    <TestEntry testId="8fc9d453-58a3-7668-636c-73ada71a9a28" executionId="1bffccea-0600-42fc-ae2b-bdd998c459e3" testListId="8c84fa94-04c1-424b-9868-57a2d4851a1d" />
    <TestEntry testId="a59c967c-b286-ecbe-5787-275fa8e4e9c9" executionId="0582699d-f719-40e9-ab38-67328c1b6e4e" testListId="8c84fa94-04c1-424b-9868-57a2d4851a1d" />
    <TestEntry testId="a8ff8f1a-6307-d134-859e-78279102c9ce" executionId="90d004ba-2a05-462c-9e31-9e5ae158ef45" testListId="8c84fa94-04c1-424b-9868-57a2d4851a1d" />
    <TestEntry testId="a2d96dcc-0274-ae96-1084-c6eeaf735a67" executionId="513be875-dcc0-4f78-a32c-a88af7c3e756" testListId="8c84fa94-04c1-424b-9868-57a2d4851a1d" />
    <TestEntry testId="75e6fe92-6338-062a-4fee-95765bf801c5" executionId="8dbb0c4c-d439-4346-9279-2bde119a7d83" testListId="8c84fa94-04c1-424b-9868-57a2d4851a1d" />
    <TestEntry testId="0bdfe357-59d7-2115-bc84-10e25df0e6f5" executionId="c46970f9-60d2-48b8-b3b7-fcc99354e174" testListId="8c84fa94-04c1-424b-9868-57a2d4851a1d" />
    <TestEntry testId="23cfea9f-164f-f9a5-24c4-692d1157d70d" executionId="55d26eb3-385f-49d0-b9fd-0e3d20e415b3" testListId="8c84fa94-04c1-424b-9868-57a2d4851a1d" />
    <TestEntry testId="2e218b54-9cdc-19a6-f73f-134529b0d574" executionId="c3ea89f0-c9ad-4b2a-b5cf-3c8d294bc0d8" testListId="8c84fa94-04c1-424b-9868-57a2d4851a1d" />
    <TestEntry testId="83ec55a3-815a-67d2-b2f2-28b93a616423" executionId="11fccff8-4154-492d-b9f5-e764e0b919a9" testListId="8c84fa94-04c1-424b-9868-57a2d4851a1d" />
    <TestEntry testId="8a4ba671-1448-8492-2b78-1b765c8a587b" executionId="e608badb-60e7-4396-8305-eb3dc1801a38" testListId="8c84fa94-04c1-424b-9868-57a2d4851a1d" />
    <TestEntry testId="afdd3970-ef14-572c-7490-d181ac1ccd1e" executionId="7ba129b7-9d92-4583-ab0c-3c43cb5f5810" testListId="8c84fa94-04c1-424b-9868-57a2d4851a1d" />
    <TestEntry testId="b1452ef1-13ca-46e9-c44f-98baa104fb92" executionId="dacc4e1c-0e11-4711-b4ec-132d13fb2711" testListId="8c84fa94-04c1-424b-9868-57a2d4851a1d" />
    <TestEntry testId="94aa3a89-922e-c096-871a-c4ffb87404f0" executionId="f0624141-068c-4bcc-a811-21998ab58133" testListId="8c84fa94-04c1-424b-9868-57a2d4851a1d" />
    <TestEntry testId="0c5517d4-5316-3e21-871a-fa8800272a65" executionId="1f44a4bc-1b1b-40fd-bf39-37306f0c1b2c" testListId="8c84fa94-04c1-424b-9868-57a2d4851a1d" />
    <TestEntry testId="4c8b2cdb-4eab-b6f9-ff74-242bf524db2e" executionId="07d4431f-cfc8-4bf3-b0d6-381fa5d010ae" testListId="8c84fa94-04c1-424b-9868-57a2d4851a1d" />
    <TestEntry testId="d3b64b82-0b84-680f-9e31-0c326c489dc9" executionId="81024e7d-4048-4715-a2f5-37d04b65e180" testListId="8c84fa94-04c1-424b-9868-57a2d4851a1d" />
    <TestEntry testId="06d70802-cbf3-0105-85fe-1032f68b0c57" executionId="75cbbfde-a284-49b2-bc77-1bf00669108c" testListId="8c84fa94-04c1-424b-9868-57a2d4851a1d" />
    <TestEntry testId="899e468f-0f82-8f87-b2c5-dd542356cd37" executionId="b956098d-9696-490f-be6a-d8b51407d8b8" testListId="8c84fa94-04c1-424b-9868-57a2d4851a1d" />
    <TestEntry testId="a4fa7f01-082a-f733-8a2d-b25ea8023d30" executionId="6e6726ca-bcf8-4b84-b595-9991477b38d6" testListId="8c84fa94-04c1-424b-9868-57a2d4851a1d" />
    <TestEntry testId="38af75c1-03ea-b909-29fa-879e4a97d0ad" executionId="4dbb6eee-c954-430d-9d90-f6c54d815076" testListId="8c84fa94-04c1-424b-9868-57a2d4851a1d" />
    <TestEntry testId="3f53a5bc-85ec-b5b1-a732-530a68ca5fa8" executionId="945cc7f8-a34c-44a2-bba3-017f5ae8ce80" testListId="8c84fa94-04c1-424b-9868-57a2d4851a1d" />
    <TestEntry testId="83c6509b-b125-a15a-14be-8af19ed1aed9" executionId="66a1cf4f-ed22-4e09-9feb-422fee7cb7db" testListId="8c84fa94-04c1-424b-9868-57a2d4851a1d" />
    <TestEntry testId="6f7faeec-fd19-b1af-0830-7613b5075b88" executionId="f143be6f-b33c-45af-bc8f-0db6270a1e5b" testListId="8c84fa94-04c1-424b-9868-57a2d4851a1d" />
    <TestEntry testId="a2d4949d-2288-66c6-b89d-8f558bc7feba" executionId="aa6f25a1-30f2-4d32-a6ba-263a02b75532" testListId="8c84fa94-04c1-424b-9868-57a2d4851a1d" />
    <TestEntry testId="c962f176-0e46-6e6a-64e1-773767b2a92e" executionId="b3da741d-b960-4ed0-b82f-623e3d9fc048" testListId="8c84fa94-04c1-424b-9868-57a2d4851a1d" />
    <TestEntry testId="b05310d8-828c-c740-927a-df64a819e935" executionId="4a4f460e-09a8-458a-8b74-f108edbe40f8" testListId="8c84fa94-04c1-424b-9868-57a2d4851a1d" />
    <TestEntry testId="25c221da-3cee-df3c-3d0f-8d45ce1c4bf5" executionId="5169b14c-c2a7-417d-9fc4-d66bf81fb70c" testListId="8c84fa94-04c1-424b-9868-57a2d4851a1d" />
    <TestEntry testId="edf0aa95-9676-85e5-bd74-2b5388c724e3" executionId="5651a814-8b4a-42f0-98a8-8cc9365af57c" testListId="8c84fa94-04c1-424b-9868-57a2d4851a1d" />
    <TestEntry testId="25ed8de6-975d-2b68-5d42-088e4dc578e7" executionId="4dd41c2e-a22b-4f1b-92d2-1481308888cf" testListId="8c84fa94-04c1-424b-9868-57a2d4851a1d" />
    <TestEntry testId="6c1d12e8-2a89-22ef-766d-cb51fcbbb230" executionId="2dbf3a3d-6b21-4a3e-a3b2-3689a9e5ce44" testListId="8c84fa94-04c1-424b-9868-57a2d4851a1d" />
    <TestEntry testId="f627b55d-1ae3-286c-f067-07f1ac287750" executionId="170eb587-61c2-42d9-abdc-1de1abff23d7" testListId="8c84fa94-04c1-424b-9868-57a2d4851a1d" />
    <TestEntry testId="5839d3eb-2f28-66ab-5903-f0c6aa8a4c52" executionId="f4337c34-e91d-4191-964d-e2e8aee2d5a3" testListId="8c84fa94-04c1-424b-9868-57a2d4851a1d" />
    <TestEntry testId="a8551577-1fbc-a817-6fba-d92f73c63ed5" executionId="186e8fb5-45c1-4bf0-9743-8c47b6f2d756" testListId="8c84fa94-04c1-424b-9868-57a2d4851a1d" />
    <TestEntry testId="bbfe51fd-ce1b-3e52-a251-5d90aeb6a97a" executionId="808550ec-a658-485e-a245-a58d7df77108" testListId="8c84fa94-04c1-424b-9868-57a2d4851a1d" />
    <TestEntry testId="2a1b7d1b-15e6-8cf8-0219-2630f5c48eaf" executionId="a57860a5-16f0-46b8-964a-7f7d9b5a86e2" testListId="8c84fa94-04c1-424b-9868-57a2d4851a1d" />
    <TestEntry testId="201d793e-4fe6-401d-6be8-c62c538d4a65" executionId="fca741cb-4a1e-4cb7-b823-0f9626cc4488" testListId="8c84fa94-04c1-424b-9868-57a2d4851a1d" />
    <TestEntry testId="88291b0b-7e70-f6db-50b3-47e82e867912" executionId="70003814-0ea2-4cd1-9424-c3b435d3a3d5" testListId="8c84fa94-04c1-424b-9868-57a2d4851a1d" />
    <TestEntry testId="bedc9ca5-0715-f75f-5275-d225bacd5374" executionId="b7906627-7c01-4e64-84be-436959cbbb37" testListId="8c84fa94-04c1-424b-9868-57a2d4851a1d" />
    <TestEntry testId="9df3c7a9-dda3-36c5-3db7-ed52aa5c51f3" executionId="dc12d054-fe93-4d16-8331-526660ab11d6" testListId="8c84fa94-04c1-424b-9868-57a2d4851a1d" />
    <TestEntry testId="e1b8b9b5-31fa-3158-ed49-602ecdf8fc2b" executionId="1596d4f5-cd19-4143-84dd-943b887bf32d" testListId="8c84fa94-04c1-424b-9868-57a2d4851a1d" />
    <TestEntry testId="6134c6ed-e8b7-288e-ff3e-b33d83bf08d0" executionId="eec701ea-fba1-4def-9641-a2acdb2c181c" testListId="8c84fa94-04c1-424b-9868-57a2d4851a1d" />
    <TestEntry testId="9add4ea9-9be1-4a10-7cc8-a108d159b81a" executionId="43d14672-2511-4424-b176-52d794744977" testListId="8c84fa94-04c1-424b-9868-57a2d4851a1d" />
    <TestEntry testId="2a218d4d-f796-c1d6-fb62-a245094f3715" executionId="f62f8aa2-a674-4bb7-9e16-895dd1a7763f" testListId="8c84fa94-04c1-424b-9868-57a2d4851a1d" />
    <TestEntry testId="27188a8b-a7e8-3977-ee02-1bbd41b1cb1b" executionId="3c7cc8ef-f56d-4a55-9bd8-fa7e8241d631" testListId="8c84fa94-04c1-424b-9868-57a2d4851a1d" />
    <TestEntry testId="00b914bf-27cf-c5f2-2337-9da7337b8b86" executionId="e8e6ccbf-cbf1-40e9-a10e-ba071e6f61ec" testListId="8c84fa94-04c1-424b-9868-57a2d4851a1d" />
    <TestEntry testId="b237afa0-6fb1-54bf-657e-2a66b76abb69" executionId="6e517e49-7b09-482b-985d-efc9f2da63b1" testListId="8c84fa94-04c1-424b-9868-57a2d4851a1d" />
    <TestEntry testId="cf5e9fac-d4eb-db14-c376-4d1f22db0558" executionId="fdeb4fd7-c974-40da-89aa-418c6b045d02" testListId="8c84fa94-04c1-424b-9868-57a2d4851a1d" />
    <TestEntry testId="9a3d0807-6457-caa6-13cd-e3a1911026ea" executionId="8195013d-aa46-46cf-8412-2b0a4efb998e" testListId="8c84fa94-04c1-424b-9868-57a2d4851a1d" />
    <TestEntry testId="0c74f04e-4ac5-b7a6-358f-741d4d504a08" executionId="6622d854-8206-465a-96c1-093e782897ce" testListId="8c84fa94-04c1-424b-9868-57a2d4851a1d" />
    <TestEntry testId="a941f649-0f02-5cf0-9bb1-5b6a83d2daaf" executionId="5de2dc8f-474d-493b-9980-ed6ce7a8fa60" testListId="8c84fa94-04c1-424b-9868-57a2d4851a1d" />
    <TestEntry testId="3d809d94-db02-0e76-9c09-c3d9ec12d5fd" executionId="e478c460-c41f-43d7-9a78-d2d19a238b52" testListId="8c84fa94-04c1-424b-9868-57a2d4851a1d" />
    <TestEntry testId="028a17f3-f9c0-f73c-bbcc-8415c4c80d22" executionId="72773910-ebe0-47e0-a9a3-34740d6e664c" testListId="8c84fa94-04c1-424b-9868-57a2d4851a1d" />
    <TestEntry testId="d9c74070-150a-6459-f8b5-cd6b0de2b4ec" executionId="48af712a-2c74-4d39-8ac3-06906faaecd7" testListId="8c84fa94-04c1-424b-9868-57a2d4851a1d" />
    <TestEntry testId="da27e590-9f13-60c6-1ba7-9957aed51717" executionId="6fe9f53d-1022-42ee-a524-85ae95663359" testListId="8c84fa94-04c1-424b-9868-57a2d4851a1d" />
    <TestEntry testId="63d7ff1e-859b-98bb-e808-c5db1ec35b29" executionId="5102d91c-5ab6-47d1-a8b7-c32831fcb22a" testListId="8c84fa94-04c1-424b-9868-57a2d4851a1d" />
    <TestEntry testId="9b270260-260c-a978-9dd4-28ae487f85d0" executionId="f101a314-6d73-43c9-938c-c443b8042402" testListId="8c84fa94-04c1-424b-9868-57a2d4851a1d" />
    <TestEntry testId="4dfbf887-b7a9-b491-3023-62dba6f89178" executionId="0ec06595-6d50-4a58-a453-f3e3740dbbd1" testListId="8c84fa94-04c1-424b-9868-57a2d4851a1d" />
    <TestEntry testId="820987f9-05ca-dae0-9f05-a0d4f3b7e230" executionId="0a869591-0645-4ffe-b695-8bb365035e87" testListId="8c84fa94-04c1-424b-9868-57a2d4851a1d" />
    <TestEntry testId="1ce94126-b660-0ac9-06d3-af2dd6c473a7" executionId="c769f443-c2a3-4fad-97ad-845ef68908ae" testListId="8c84fa94-04c1-424b-9868-57a2d4851a1d" />
    <TestEntry testId="991140ed-32ac-a771-1bbe-e26bd691905d" executionId="505de03a-eb56-4338-a347-643f1aeca006" testListId="8c84fa94-04c1-424b-9868-57a2d4851a1d" />
    <TestEntry testId="6c103902-84a3-cdbb-97c9-1350b2df679a" executionId="8b5bbea2-3ef5-4648-8f7c-38620109af10" testListId="8c84fa94-04c1-424b-9868-57a2d4851a1d" />
    <TestEntry testId="8f6940ee-6a05-220b-9d80-efa337ee3133" executionId="92c811a1-a130-4ceb-8566-f53dc9fc5d45" testListId="8c84fa94-04c1-424b-9868-57a2d4851a1d" />
    <TestEntry testId="3ccd3f11-0213-e1b1-a3aa-1057197cac59" executionId="be98af7b-284d-4608-9168-43d6128c377a" testListId="8c84fa94-04c1-424b-9868-57a2d4851a1d" />
    <TestEntry testId="9cf1af96-ce60-17f7-f073-8576692875a1" executionId="0a4a4d41-0dd0-470e-b6c2-535aaa1349c4" testListId="8c84fa94-04c1-424b-9868-57a2d4851a1d" />
    <TestEntry testId="50fc5a28-9321-a539-d140-7388838d8a59" executionId="f64cebb2-d3dd-4270-b01b-5c3a13b6a2be" testListId="8c84fa94-04c1-424b-9868-57a2d4851a1d" />
    <TestEntry testId="ff86bab7-fe25-e542-47fe-56bd2f464b72" executionId="e97381e4-d8ae-4322-a047-e0eaed787d8e" testListId="8c84fa94-04c1-424b-9868-57a2d4851a1d" />
    <TestEntry testId="be5b2eb0-51ec-1a02-7e30-ca7d5c29aa6f" executionId="fc9f6293-e824-48da-94ac-80e7bfb08780" testListId="8c84fa94-04c1-424b-9868-57a2d4851a1d" />
    <TestEntry testId="93af35c8-f5d8-78c3-8cc9-706ee5491c55" executionId="8f4e17f0-84d7-43e9-b770-c40ff6f9c8f5" testListId="8c84fa94-04c1-424b-9868-57a2d4851a1d" />
    <TestEntry testId="b9d1c2ac-e386-87fb-12aa-0d8af4d9f7af" executionId="60b51530-9229-4a9e-b61c-6b677a7afbaa" testListId="8c84fa94-04c1-424b-9868-57a2d4851a1d" />
    <TestEntry testId="302f161c-1a16-7195-636f-727c6d4f7cce" executionId="c9d6bebf-4fb6-43f2-a31a-f0f52c7745d2" testListId="8c84fa94-04c1-424b-9868-57a2d4851a1d" />
    <TestEntry testId="24148662-d27c-83db-d849-dc758dd8b5f9" executionId="acf41e53-911c-4d81-a3d0-2b02e10b073b" testListId="8c84fa94-04c1-424b-9868-57a2d4851a1d" />
    <TestEntry testId="0da9cb98-0025-f1cc-5c4e-78987bd1ba0a" executionId="f4b7a16e-40b7-44d2-adb2-0360eca59bce" testListId="8c84fa94-04c1-424b-9868-57a2d4851a1d" />
    <TestEntry testId="41d12651-6966-8543-ef57-0046b613ddb5" executionId="bd7e711d-0208-4475-849b-0bcd16dffe5d" testListId="8c84fa94-04c1-424b-9868-57a2d4851a1d" />
    <TestEntry testId="4bd9796f-b636-6a7f-6857-a699f7abd7a9" executionId="4964fff9-e50e-49a2-a0dc-2397875fa0a4" testListId="8c84fa94-04c1-424b-9868-57a2d4851a1d" />
    <TestEntry testId="28cb5578-a210-728f-1f2a-7829483fe9ce" executionId="0559d13b-3b01-4c12-b71a-3a3d3d5649ef" testListId="8c84fa94-04c1-424b-9868-57a2d4851a1d" />
    <TestEntry testId="009665bb-5de0-8593-a32b-50bf52a35d2c" executionId="9e839626-3ef4-45ba-b99c-9d80a0f4f888" testListId="8c84fa94-04c1-424b-9868-57a2d4851a1d" />
    <TestEntry testId="dc51c213-5f3c-c5c3-c9fa-ea22cfaaa6b1" executionId="1cfc72cf-1de7-4982-9269-8f8c6aed9b01" testListId="8c84fa94-04c1-424b-9868-57a2d4851a1d" />
    <TestEntry testId="5c8e58b7-4d3d-259d-a967-243af0246cbb" executionId="0d0b63a7-56dc-49d7-b192-722788d7b44f" testListId="8c84fa94-04c1-424b-9868-57a2d4851a1d" />
    <TestEntry testId="d34b29c4-f075-6bcd-bac5-00d2275289a2" executionId="6051d1d2-76d5-4ac3-954a-53393f3d58a4" testListId="8c84fa94-04c1-424b-9868-57a2d4851a1d" />
    <TestEntry testId="90f48b05-4d4f-7605-cb20-2be7d7f85e69" executionId="ab0b2a86-d465-47e0-9900-fa153c5b500c" testListId="8c84fa94-04c1-424b-9868-57a2d4851a1d" />
    <TestEntry testId="bcef52eb-c0c7-5e55-deaa-3ee9071fa25e" executionId="a316277e-d544-4863-88fc-f0a2460d3a38" testListId="8c84fa94-04c1-424b-9868-57a2d4851a1d" />
    <TestEntry testId="5a6ba108-477a-8826-07f4-4b3d85417087" executionId="a82e55f7-2772-4096-a120-24b22d102765" testListId="8c84fa94-04c1-424b-9868-57a2d4851a1d" />
    <TestEntry testId="72470363-231e-de0f-a051-36672fd2a5cf" executionId="71e48505-96f1-4a2c-9c98-b2a89458d4e5" testListId="8c84fa94-04c1-424b-9868-57a2d4851a1d" />
    <TestEntry testId="3a751831-a04a-99cb-4020-7bcb1dfdc48d" executionId="e143bbd1-61c5-4116-a654-753c67522c9a" testListId="8c84fa94-04c1-424b-9868-57a2d4851a1d" />
    <TestEntry testId="96ea8a44-4a4b-1549-f98e-7f968bf38c44" executionId="3648ee81-ede7-40d6-b12e-773ec00d0c0f" testListId="8c84fa94-04c1-424b-9868-57a2d4851a1d" />
    <TestEntry testId="284bf1a9-75d1-2878-109e-644bc848b2b3" executionId="36cc6cca-3f7d-418f-8a66-ce502796485b" testListId="8c84fa94-04c1-424b-9868-57a2d4851a1d" />
    <TestEntry testId="79030625-73d7-51e1-159e-387a32e20fc3" executionId="f0191e4a-567d-442b-8c09-7b2702afaaf5" testListId="8c84fa94-04c1-424b-9868-57a2d4851a1d" />
    <TestEntry testId="53ff0830-cc1d-2e63-f269-a83b303e8cd9" executionId="647d40a7-1415-464a-9fcc-4982b08b29cf" testListId="8c84fa94-04c1-424b-9868-57a2d4851a1d" />
    <TestEntry testId="a00f7b88-dcf5-ad47-7698-8713ba1a81ab" executionId="420c77e2-4726-4289-9cd7-45cfbba5b11b" testListId="8c84fa94-04c1-424b-9868-57a2d4851a1d" />
    <TestEntry testId="80c414af-5874-d05b-df07-60a9f219452e" executionId="bdf204b0-e54b-488b-86c5-311728ae9094" testListId="8c84fa94-04c1-424b-9868-57a2d4851a1d" />
    <TestEntry testId="fa4fde81-0c7b-6c9e-f074-31329de4ad82" executionId="a8a71290-e16e-4834-9426-567a01174228" testListId="8c84fa94-04c1-424b-9868-57a2d4851a1d" />
    <TestEntry testId="3313d2d0-5480-16e1-f3ac-9d93382371ba" executionId="3b621f2a-1e90-44dc-be48-a776d2634057" testListId="8c84fa94-04c1-424b-9868-57a2d4851a1d" />
    <TestEntry testId="88a752e7-5c9d-d926-4dfc-8a1be934c0f9" executionId="3d62cb6d-1923-4eec-9616-13025d46f77f" testListId="8c84fa94-04c1-424b-9868-57a2d4851a1d" />
    <TestEntry testId="538dbcae-3613-3ec0-5462-011bbcef1f66" executionId="c3d6c313-f4c7-48a3-87e9-d6ff41c7e215" testListId="8c84fa94-04c1-424b-9868-57a2d4851a1d" />
  </TestEntries>
  <Results>
    <UnitTestResult executionId="20bf96de-d84b-4420-9a8d-94b07616a81e" testId="2da17ebb-99f1-543b-1336-ba260aa88fba" testName="getSettingsTest" computerName="TOLKIEN" duration="00:00:00" startTime="0001-01-01T00:00:00.0000000-05:00" endTime="0001-01-01T00:00:00.0000000-05:00" testType="13cdc9d9-ddb5-4fa4-a97d-d965ccfc6d4b" outcome="NotExecuted" testListId="8c84fa94-04c1-424b-9868-57a2d4851a1d">
    </UnitTestResult>
    <UnitTestResult executionId="1ea65104-2935-47be-9664-f878ec660f88" testId="8cd615c6-e162-c613-892a-65fc09419773" testName="getSettingsUserIDBlank" computerName="TOLKIEN" duration="00:00:00" startTime="0001-01-01T00:00:00.0000000-05:00" endTime="0001-01-01T00:00:00.0000000-05:00" testType="13cdc9d9-ddb5-4fa4-a97d-d965ccfc6d4b" outcome="NotExecuted" testListId="8c84fa94-04c1-424b-9868-57a2d4851a1d">
    </UnitTestResult>
    <UnitTestResult executionId="45c4f149-fca4-41fc-be88-ccbb0e0915d1" testId="60cc931f-8e63-39f9-719e-c12ab9d1a9c9" testName="getSettingTest" computerName="TOLKIEN" duration="00:00:00" startTime="0001-01-01T00:00:00.0000000-05:00" endTime="0001-01-01T00:00:00.0000000-05:00" testType="13cdc9d9-ddb5-4fa4-a97d-d965ccfc6d4b" outcome="NotExecuted" testListId="8c84fa94-04c1-424b-9868-57a2d4851a1d">
    </UnitTestResult>
    <UnitTestResult executionId="46164033-c65b-440f-94fc-b24cf6209b22" testId="f229dc9d-2951-41bb-da77-6b10cc77c319" testName="getSettingUserIDBlank" computerName="TOLKIEN" duration="00:00:00" startTime="0001-01-01T00:00:00.0000000-05:00" endTime="0001-01-01T00:00:00.0000000-05:00" testType="13cdc9d9-ddb5-4fa4-a97d-d965ccfc6d4b" outcome="NotExecuted" testListId="8c84fa94-04c1-424b-9868-57a2d4851a1d">
    </UnitTestResult>
    <UnitTestResult executionId="e595ce62-8ff9-4d91-bea4-fd28becca269" testId="c1eb1ab3-71b1-7f0c-d402-7db8c88875e0" testName="getSettingSettingBlank" computerName="TOLKIEN" duration="00:00:00" startTime="0001-01-01T00:00:00.0000000-05:00" endTime="0001-01-01T00:00:00.0000000-05:00" testType="13cdc9d9-ddb5-4fa4-a97d-d965ccfc6d4b" outcome="NotExecuted" testListId="8c84fa94-04c1-424b-9868-57a2d4851a1d">
    </UnitTestResult>
    <UnitTestResult executionId="21dbcbe6-9b7f-49b3-a5ff-73c45a891ab0" testId="292697ef-a481-6a95-4841-a0b23aab7616" testName="setSettingTest" computerName="TOLKIEN" duration="00:00:00" startTime="0001-01-01T00:00:00.0000000-05:00" endTime="0001-01-01T00:00:00.0000000-05:00" testType="13cdc9d9-ddb5-4fa4-a97d-d965ccfc6d4b" outcome="NotExecuted" testListId="8c84fa94-04c1-424b-9868-57a2d4851a1d">
    </UnitTestResult>
    <UnitTestResult executionId="0d88853f-2a8c-4d11-a0a9-8cb4cd7eed9f" testId="68eb3959-6f6d-2194-65cd-b1eaa7337292" testName="setSettingUserIDBlank" computerName="TOLKIEN" duration="00:00:00" startTime="0001-01-01T00:00:00.0000000-05:00" endTime="0001-01-01T00:00:00.0000000-05:00" testType="13cdc9d9-ddb5-4fa4-a97d-d965ccfc6d4b" outcome="NotExecuted" testListId="8c84fa94-04c1-424b-9868-57a2d4851a1d">
    </UnitTestResult>
    <UnitTestResult executionId="40a67341-0fa9-458b-bd77-3a090ac4f162" testId="83dddd9a-5fdf-d50e-591b-83ffd2e26894" testName="setSettingSettingBlank" computerName="TOLKIEN" duration="00:00:00" startTime="0001-01-01T00:00:00.0000000-05:00" endTime="0001-01-01T00:00:00.0000000-05:00" testType="13cdc9d9-ddb5-4fa4-a97d-d965ccfc6d4b" outcome="NotExecuted" testListId="8c84fa94-04c1-424b-9868-57a2d4851a1d">
    </UnitTestResult>
    <UnitTestResult executionId="e0685848-9dee-44b9-b6c0-28e5bf01f33e" testId="5a6fb017-10b5-f179-df9d-ec95cc76a963" testName="setSettingSettingMaxLen" computerName="TOLKIEN" duration="00:00:00" startTime="0001-01-01T00:00:00.0000000-05:00" endTime="0001-01-01T00:00:00.0000000-05:00" testType="13cdc9d9-ddb5-4fa4-a97d-d965ccfc6d4b" outcome="NotExecuted" testListId="8c84fa94-04c1-424b-9868-57a2d4851a1d">
    </UnitTestResult>
    <UnitTestResult executionId="956fe0d1-19bb-4533-85c7-e2475def5f30" testId="369638f7-538b-b560-7383-2a599f9e5891" testName="setSettingValueMaxLen" computerName="TOLKIEN" duration="00:00:00" startTime="0001-01-01T00:00:00.0000000-05:00" endTime="0001-01-01T00:00:00.0000000-05:00" testType="13cdc9d9-ddb5-4fa4-a97d-d965ccfc6d4b" outcome="NotExecuted" testListId="8c84fa94-04c1-424b-9868-57a2d4851a1d">
    </UnitTestResult>
    <UnitTestResult executionId="9568838c-3cdc-48b1-877a-34a569704337" testId="fcca391a-3bf2-a7bd-8a43-2d87c89ccc3b" testName="setSettingValueBlank" computerName="TOLKIEN" duration="00:00:00" startTime="0001-01-01T00:00:00.0000000-05:00" endTime="0001-01-01T00:00:00.0000000-05:00" testType="13cdc9d9-ddb5-4fa4-a97d-d965ccfc6d4b" outcome="NotExecuted" testListId="8c84fa94-04c1-424b-9868-57a2d4851a1d">
    </UnitTestResult>
    <UnitTestResult executionId="859b655a-0483-42f3-95f3-3f2885d543ab" testId="61615b4f-b3ca-d68a-3eb6-d94deb0da781" testName="GetAccountsTest" computerName="TOLKIEN" duration="00:00:00" startTime="0001-01-01T00:00:00.0000000-05:00" endTime="0001-01-01T00:00:00.0000000-05:00" testType="13cdc9d9-ddb5-4fa4-a97d-d965ccfc6d4b" outcome="NotExecuted" testListId="8c84fa94-04c1-424b-9868-57a2d4851a1d">
    </UnitTestResult>
    <UnitTestResult executionId="ff41f1ba-7b90-4f26-8126-52fee9976e55" testId="95c0682e-1297-4ce1-4725-5f3b047e8687" testName="GetAccountsUserIDNothing" computerName="TOLKIEN" duration="00:00:00" startTime="0001-01-01T00:00:00.0000000-05:00" endTime="0001-01-01T00:00:00.0000000-05:00" testType="13cdc9d9-ddb5-4fa4-a97d-d965ccfc6d4b" outcome="NotExecuted" testListId="8c84fa94-04c1-424b-9868-57a2d4851a1d">
    </UnitTestResult>
    <UnitTestResult executionId="17f6c37d-41b4-409b-a0b0-499ee1e1b4ae" testId="6d337c35-98f0-54b3-f22d-26fc0f00e50a" testName="GetAccountTest" computerName="TOLKIEN" duration="00:00:00" startTime="0001-01-01T00:00:00.0000000-05:00" endTime="0001-01-01T00:00:00.0000000-05:00" testType="13cdc9d9-ddb5-4fa4-a97d-d965ccfc6d4b" outcome="NotExecuted" testListId="8c84fa94-04c1-424b-9868-57a2d4851a1d">
    </UnitTestResult>
    <UnitTestResult executionId="869ff17f-3ecc-4a16-9fa5-8e179183c390" testId="495b801d-fa26-fed0-0f3c-89b4c2b40633" testName="GetAccountAccountIDNothing" computerName="TOLKIEN" duration="00:00:00" startTime="0001-01-01T00:00:00.0000000-05:00" endTime="0001-01-01T00:00:00.0000000-05:00" testType="13cdc9d9-ddb5-4fa4-a97d-d965ccfc6d4b" outcome="NotExecuted" testListId="8c84fa94-04c1-424b-9868-57a2d4851a1d">
    </UnitTestResult>
    <UnitTestResult executionId="4b0d7185-da0d-44c2-8f85-c25618975c52" testId="8dcb2405-5c91-c749-7201-777f5347a181" testName="AddAccountTest" computerName="TOLKIEN" duration="00:00:00" startTime="0001-01-01T00:00:00.0000000-05:00" endTime="0001-01-01T00:00:00.0000000-05:00" testType="13cdc9d9-ddb5-4fa4-a97d-d965ccfc6d4b" outcome="NotExecuted" testListId="8c84fa94-04c1-424b-9868-57a2d4851a1d">
    </UnitTestResult>
    <UnitTestResult executionId="1ac06a77-2fa2-4808-a0ab-d793de465fc3" testId="587660b0-3b90-02e1-7b54-03c664507fce" testName="AddAccountAccountNothing" computerName="TOLKIEN" duration="00:00:00" startTime="0001-01-01T00:00:00.0000000-05:00" endTime="0001-01-01T00:00:00.0000000-05:00" testType="13cdc9d9-ddb5-4fa4-a97d-d965ccfc6d4b" outcome="NotExecuted" testListId="8c84fa94-04c1-424b-9868-57a2d4851a1d">
    </UnitTestResult>
    <UnitTestResult executionId="d73ba655-90a9-4cbe-a060-558cbb1e5255" testId="b1348d03-fa8d-98c0-743c-70a5fbb29395" testName="AddAccountAccountNumberMaxLen" computerName="TOLKIEN" duration="00:00:00" startTime="0001-01-01T00:00:00.0000000-05:00" endTime="0001-01-01T00:00:00.0000000-05:00" testType="13cdc9d9-ddb5-4fa4-a97d-d965ccfc6d4b" outcome="NotExecuted" testListId="8c84fa94-04c1-424b-9868-57a2d4851a1d">
    </UnitTestResult>
    <UnitTestResult executionId="4b5bf88b-0f34-44c2-88fe-276dcd148cbb" testId="76e91602-d7b1-974d-3752-f1032f6e14fd" testName="AddAccountAccountNameNothing" computerName="TOLKIEN" duration="00:00:00" startTime="0001-01-01T00:00:00.0000000-05:00" endTime="0001-01-01T00:00:00.0000000-05:00" testType="13cdc9d9-ddb5-4fa4-a97d-d965ccfc6d4b" outcome="NotExecuted" testListId="8c84fa94-04c1-424b-9868-57a2d4851a1d">
    </UnitTestResult>
    <UnitTestResult executionId="b64582b8-2de7-47d6-9e18-070b8863839d" testId="6f61982a-b51b-27fe-1f93-482011c4b473" testName="AddAccountAccountNameMaxLen" computerName="TOLKIEN" duration="00:00:00" startTime="0001-01-01T00:00:00.0000000-05:00" endTime="0001-01-01T00:00:00.0000000-05:00" testType="13cdc9d9-ddb5-4fa4-a97d-d965ccfc6d4b" outcome="NotExecuted" testListId="8c84fa94-04c1-424b-9868-57a2d4851a1d">
    </UnitTestResult>
    <UnitTestResult executionId="215595b7-b166-47d6-ae3c-5bca7b31399d" testId="087effc2-bf96-1942-c83f-68f5aa5d2005" testName="AddAccountAccountTypeMaxLen" computerName="TOLKIEN" duration="00:00:00" startTime="0001-01-01T00:00:00.0000000-05:00" endTime="0001-01-01T00:00:00.0000000-05:00" testType="13cdc9d9-ddb5-4fa4-a97d-d965ccfc6d4b" outcome="NotExecuted" testListId="8c84fa94-04c1-424b-9868-57a2d4851a1d">
    </UnitTestResult>
    <UnitTestResult executionId="e1d15e7a-2448-42a1-87fe-58bdc081841a" testId="d1360a53-95ee-b75a-cf14-ff4641961f1d" testName="AddAccountActiveStatusNotYN" computerName="TOLKIEN" duration="00:00:00" startTime="0001-01-01T00:00:00.0000000-05:00" endTime="0001-01-01T00:00:00.0000000-05:00" testType="13cdc9d9-ddb5-4fa4-a97d-d965ccfc6d4b" outcome="NotExecuted" testListId="8c84fa94-04c1-424b-9868-57a2d4851a1d">
    </UnitTestResult>
    <UnitTestResult executionId="82bc771f-aacd-4011-8853-53aa68200262" testId="b34318a0-b694-1c59-0274-13c5f648813a" testName="AddAccountUserIDNothing" computerName="TOLKIEN" duration="00:00:00" startTime="0001-01-01T00:00:00.0000000-05:00" endTime="0001-01-01T00:00:00.0000000-05:00" testType="13cdc9d9-ddb5-4fa4-a97d-d965ccfc6d4b" outcome="NotExecuted" testListId="8c84fa94-04c1-424b-9868-57a2d4851a1d">
    </UnitTestResult>
    <UnitTestResult executionId="eb766a87-d3fd-4628-b8b8-7bd24e81ae34" testId="acd7067b-97cd-802a-af1a-b1adb9e60800" testName="AccountUpdateTest" computerName="TOLKIEN" duration="00:00:00" startTime="0001-01-01T00:00:00.0000000-05:00" endTime="0001-01-01T00:00:00.0000000-05:00" testType="13cdc9d9-ddb5-4fa4-a97d-d965ccfc6d4b" outcome="NotExecuted" testListId="8c84fa94-04c1-424b-9868-57a2d4851a1d">
    </UnitTestResult>
    <UnitTestResult executionId="b7c41574-8452-4c6b-9042-e58b71c614ca" testId="15012bb2-b8a7-b9c7-7871-b29804a6aa37" testName="AccountUpdateAccountNothing" computerName="TOLKIEN" duration="00:00:00" startTime="0001-01-01T00:00:00.0000000-05:00" endTime="0001-01-01T00:00:00.0000000-05:00" testType="13cdc9d9-ddb5-4fa4-a97d-d965ccfc6d4b" outcome="NotExecuted" testListId="8c84fa94-04c1-424b-9868-57a2d4851a1d">
    </UnitTestResult>
    <UnitTestResult executionId="8d9bc3ab-1a42-48ce-9d2a-80ffcb34f218" testId="d45c411c-5ad0-5299-8bb1-88f95d2c7618" testName="AccountUpdateAccountIDNothing" computerName="TOLKIEN" duration="00:00:00" startTime="0001-01-01T00:00:00.0000000-05:00" endTime="0001-01-01T00:00:00.0000000-05:00" testType="13cdc9d9-ddb5-4fa4-a97d-d965ccfc6d4b" outcome="NotExecuted" testListId="8c84fa94-04c1-424b-9868-57a2d4851a1d">
    </UnitTestResult>
    <UnitTestResult executionId="17913530-41e1-4c7b-9cc2-fd10f26bc61b" testId="fd0567ca-ebac-cdf4-0d35-eaae1abf4f60" testName="AccountUpdateAccountNumberMaxLen" computerName="TOLKIEN" duration="00:00:00" startTime="0001-01-01T00:00:00.0000000-05:00" endTime="0001-01-01T00:00:00.0000000-05:00" testType="13cdc9d9-ddb5-4fa4-a97d-d965ccfc6d4b" outcome="NotExecuted" testListId="8c84fa94-04c1-424b-9868-57a2d4851a1d">
    </UnitTestResult>
    <UnitTestResult executionId="9206c34f-03ab-4bdd-b6d4-481730c4a023" testId="8c6905af-52bc-76a0-b628-ad32132409ba" testName="AccountUpdateAccountNameNothing" computerName="TOLKIEN" duration="00:00:00" startTime="0001-01-01T00:00:00.0000000-05:00" endTime="0001-01-01T00:00:00.0000000-05:00" testType="13cdc9d9-ddb5-4fa4-a97d-d965ccfc6d4b" outcome="NotExecuted" testListId="8c84fa94-04c1-424b-9868-57a2d4851a1d">
    </UnitTestResult>
    <UnitTestResult executionId="960da48f-9c49-4aa2-b34a-992b19f1a581" testId="ab937ec4-62dc-9a36-31d9-81e0a9987ee7" testName="AccountUpdateAccountNameMaxLen" computerName="TOLKIEN" duration="00:00:00" startTime="0001-01-01T00:00:00.0000000-05:00" endTime="0001-01-01T00:00:00.0000000-05:00" testType="13cdc9d9-ddb5-4fa4-a97d-d965ccfc6d4b" outcome="NotExecuted" testListId="8c84fa94-04c1-424b-9868-57a2d4851a1d">
    </UnitTestResult>
    <UnitTestResult executionId="c1d3d033-575b-4a36-921c-a5f1c97563c8" testId="dc103d46-66d3-5339-3760-9e1aa3967d68" testName="AccountUpdateAccountTypeMaxLen" computerName="TOLKIEN" duration="00:00:00" startTime="0001-01-01T00:00:00.0000000-05:00" endTime="0001-01-01T00:00:00.0000000-05:00" testType="13cdc9d9-ddb5-4fa4-a97d-d965ccfc6d4b" outcome="NotExecuted" testListId="8c84fa94-04c1-424b-9868-57a2d4851a1d">
    </UnitTestResult>
    <UnitTestResult executionId="d3b10ca1-3bf5-435d-862a-fb810f051099" testId="78580d61-10eb-61e0-ce2a-90979662c9fc" testName="AccountUpdateActiveStatusNotYN" computerName="TOLKIEN" duration="00:00:00" startTime="0001-01-01T00:00:00.0000000-05:00" endTime="0001-01-01T00:00:00.0000000-05:00" testType="13cdc9d9-ddb5-4fa4-a97d-d965ccfc6d4b" outcome="NotExecuted" testListId="8c84fa94-04c1-424b-9868-57a2d4851a1d">
    </UnitTestResult>
    <UnitTestResult executionId="08c9b7cb-a919-4050-b6e1-40788b895b97" testId="b47ab333-b0fd-87a2-450b-d6079dce8ac2" testName="DeleteAccountTest" computerName="TOLKIEN" duration="00:00:00" startTime="0001-01-01T00:00:00.0000000-05:00" endTime="0001-01-01T00:00:00.0000000-05:00" testType="13cdc9d9-ddb5-4fa4-a97d-d965ccfc6d4b" outcome="NotExecuted" testListId="8c84fa94-04c1-424b-9868-57a2d4851a1d">
    </UnitTestResult>
    <UnitTestResult executionId="00db44e4-282c-4387-b0bd-e962ff07c145" testId="8ba97d74-e039-ca12-665d-09ebe63ca7ce" testName="DeleteAccountAccountIDNothing" computerName="TOLKIEN" duration="00:00:00" startTime="0001-01-01T00:00:00.0000000-05:00" endTime="0001-01-01T00:00:00.0000000-05:00" testType="13cdc9d9-ddb5-4fa4-a97d-d965ccfc6d4b" outcome="NotExecuted" testListId="8c84fa94-04c1-424b-9868-57a2d4851a1d">
    </UnitTestResult>
    <UnitTestResult executionId="49fb995d-4cc4-4918-823f-144d70e0ad01" testId="cb8df43f-6492-dd91-9c3b-f64ea6d0afbc" testName="GetBudgetsTest" computerName="TOLKIEN" duration="00:00:00" startTime="0001-01-01T00:00:00.0000000-05:00" endTime="0001-01-01T00:00:00.0000000-05:00" testType="13cdc9d9-ddb5-4fa4-a97d-d965ccfc6d4b" outcome="NotExecuted" testListId="8c84fa94-04c1-424b-9868-57a2d4851a1d">
    </UnitTestResult>
    <UnitTestResult executionId="05e528a4-adcb-4de1-a36b-3f92707be2fa" testId="ebd39db0-e74b-3bd5-c867-9e8d1f912965" testName="GetBudgetsUserIDBlank" computerName="TOLKIEN" duration="00:00:00" startTime="0001-01-01T00:00:00.0000000-05:00" endTime="0001-01-01T00:00:00.0000000-05:00" testType="13cdc9d9-ddb5-4fa4-a97d-d965ccfc6d4b" outcome="NotExecuted" testListId="8c84fa94-04c1-424b-9868-57a2d4851a1d">
    </UnitTestResult>
    <UnitTestResult executionId="27f27485-2819-4dbd-bf65-68314513cd6e" testId="7a67e1af-a886-d057-74bb-d7a715ebb35b" testName="GetBudgetsByCriteriaTest" computerName="TOLKIEN" duration="00:00:00" startTime="0001-01-01T00:00:00.0000000-05:00" endTime="0001-01-01T00:00:00.0000000-05:00" testType="13cdc9d9-ddb5-4fa4-a97d-d965ccfc6d4b" outcome="NotExecuted" testListId="8c84fa94-04c1-424b-9868-57a2d4851a1d">
    </UnitTestResult>
    <UnitTestResult executionId="024b90cc-ef3c-490a-b9a7-e0e949a8400b" testId="ec84c0d8-8089-6d3c-3b32-6d388f8132a6" testName="AddBudgetTest" computerName="TOLKIEN" duration="00:00:00" startTime="0001-01-01T00:00:00.0000000-05:00" endTime="0001-01-01T00:00:00.0000000-05:00" testType="13cdc9d9-ddb5-4fa4-a97d-d965ccfc6d4b" outcome="NotExecuted" testListId="8c84fa94-04c1-424b-9868-57a2d4851a1d">
    </UnitTestResult>
    <UnitTestResult executionId="c55cd164-5f26-48bb-8566-f1e32df8f8fb" testId="051888c9-8a45-0bb7-a0d4-714b442283af" testName="AddBudgetBudgetNothing" computerName="TOLKIEN" duration="00:00:00" startTime="0001-01-01T00:00:00.0000000-05:00" endTime="0001-01-01T00:00:00.0000000-05:00" testType="13cdc9d9-ddb5-4fa4-a97d-d965ccfc6d4b" outcome="NotExecuted" testListId="8c84fa94-04c1-424b-9868-57a2d4851a1d">
    </UnitTestResult>
    <UnitTestResult executionId="e2d29917-64da-4a87-86ad-b406264833f4" testId="4486fb42-6e67-f081-7552-b679d25d695f" testName="AddBudgetStartDateBlank" computerName="TOLKIEN" duration="00:00:00" startTime="0001-01-01T00:00:00.0000000-05:00" endTime="0001-01-01T00:00:00.0000000-05:00" testType="13cdc9d9-ddb5-4fa4-a97d-d965ccfc6d4b" outcome="NotExecuted" testListId="8c84fa94-04c1-424b-9868-57a2d4851a1d">
    </UnitTestResult>
    <UnitTestResult executionId="9b059c42-6cf6-4340-862b-c8d761212916" testId="76dd44d9-ff6d-af09-8821-f2463b66ed80" testName="AddBudgetSubcategoryBlank" computerName="TOLKIEN" duration="00:00:00" startTime="0001-01-01T00:00:00.0000000-05:00" endTime="0001-01-01T00:00:00.0000000-05:00" testType="13cdc9d9-ddb5-4fa4-a97d-d965ccfc6d4b" outcome="NotExecuted" testListId="8c84fa94-04c1-424b-9868-57a2d4851a1d">
    </UnitTestResult>
    <UnitTestResult executionId="d3dc7ff6-5d57-4f2b-b97d-1408114ab218" testId="61fdb9d7-48c5-641a-6f66-dfa77bb5a005" testName="AddBudgetFrequencyBlank" computerName="TOLKIEN" duration="00:00:00" startTime="0001-01-01T00:00:00.0000000-05:00" endTime="0001-01-01T00:00:00.0000000-05:00" testType="13cdc9d9-ddb5-4fa4-a97d-d965ccfc6d4b" outcome="NotExecuted" testListId="8c84fa94-04c1-424b-9868-57a2d4851a1d">
    </UnitTestResult>
    <UnitTestResult executionId="45430fb4-2127-4eba-ac92-9b12d39050c2" testId="976ae5f8-6c26-174f-136c-aff26d2da02f" testName="AddBudgetUserIDBlank" computerName="TOLKIEN" duration="00:00:00" startTime="0001-01-01T00:00:00.0000000-05:00" endTime="0001-01-01T00:00:00.0000000-05:00" testType="13cdc9d9-ddb5-4fa4-a97d-d965ccfc6d4b" outcome="NotExecuted" testListId="8c84fa94-04c1-424b-9868-57a2d4851a1d">
    </UnitTestResult>
    <UnitTestResult executionId="6ffba696-1f29-4b4b-a2df-76feecf7a870" testId="4a8176c5-a77c-0df9-87fa-be9df67b74cb" testName="UpdateBudgetTest" computerName="TOLKIEN" duration="00:00:00" startTime="0001-01-01T00:00:00.0000000-05:00" endTime="0001-01-01T00:00:00.0000000-05:00" testType="13cdc9d9-ddb5-4fa4-a97d-d965ccfc6d4b" outcome="NotExecuted" testListId="8c84fa94-04c1-424b-9868-57a2d4851a1d">
    </UnitTestResult>
    <UnitTestResult executionId="69179ca6-8711-4bea-bf17-a1f73c9caca5" testId="f4e61a2b-e0fc-ae40-938e-060246d5db66" testName="UpdateBudgetBudgetNothing" computerName="TOLKIEN" duration="00:00:00" startTime="0001-01-01T00:00:00.0000000-05:00" endTime="0001-01-01T00:00:00.0000000-05:00" testType="13cdc9d9-ddb5-4fa4-a97d-d965ccfc6d4b" outcome="NotExecuted" testListId="8c84fa94-04c1-424b-9868-57a2d4851a1d">
    </UnitTestResult>
    <UnitTestResult executionId="6e6a90df-0263-4ab0-85e1-31e7cbaf13d3" testId="f072707e-36bf-6cb2-fd1d-066aa43590df" testName="UpdateBudgetBudgetIDBlank" computerName="TOLKIEN" duration="00:00:00" startTime="0001-01-01T00:00:00.0000000-05:00" endTime="0001-01-01T00:00:00.0000000-05:00" testType="13cdc9d9-ddb5-4fa4-a97d-d965ccfc6d4b" outcome="NotExecuted" testListId="8c84fa94-04c1-424b-9868-57a2d4851a1d">
    </UnitTestResult>
    <UnitTestResult executionId="7c2c0290-79e7-4c2e-88eb-5c1c97a6a7fc" testId="2961bbf1-146b-0935-82b2-1ae35615a987" testName="UpdateBudgetSubcategoryIDBlank" computerName="TOLKIEN" duration="00:00:00" startTime="0001-01-01T00:00:00.0000000-05:00" endTime="0001-01-01T00:00:00.0000000-05:00" testType="13cdc9d9-ddb5-4fa4-a97d-d965ccfc6d4b" outcome="NotExecuted" testListId="8c84fa94-04c1-424b-9868-57a2d4851a1d">
    </UnitTestResult>
    <UnitTestResult executionId="84d25a61-1889-42a0-84c0-1dcaa7f73e38" testId="aa01915b-fe45-c694-5349-093d2378bbbf" testName="UpdateBudgetFrequencyIDBlank" computerName="TOLKIEN" duration="00:00:00" startTime="0001-01-01T00:00:00.0000000-05:00" endTime="0001-01-01T00:00:00.0000000-05:00" testType="13cdc9d9-ddb5-4fa4-a97d-d965ccfc6d4b" outcome="NotExecuted" testListId="8c84fa94-04c1-424b-9868-57a2d4851a1d">
    </UnitTestResult>
    <UnitTestResult executionId="316edffb-92f7-4ca2-b4c5-5c7bbe6ba024" testId="b7f0e8a2-8926-f837-3cda-c1c849c6826c" testName="UpdateBudgetStartDateBlank" computerName="TOLKIEN" duration="00:00:00" startTime="0001-01-01T00:00:00.0000000-05:00" endTime="0001-01-01T00:00:00.0000000-05:00" testType="13cdc9d9-ddb5-4fa4-a97d-d965ccfc6d4b" outcome="NotExecuted" testListId="8c84fa94-04c1-424b-9868-57a2d4851a1d">
    </UnitTestResult>
    <UnitTestResult executionId="2f041489-de46-4546-a2bb-61d69b9c389a" testId="c0411296-3ae8-697f-2af6-c4ea40140d13" testName="deleteBudgetTest" computerName="TOLKIEN" duration="00:00:00" startTime="0001-01-01T00:00:00.0000000-05:00" endTime="0001-01-01T00:00:00.0000000-05:00" testType="13cdc9d9-ddb5-4fa4-a97d-d965ccfc6d4b" outcome="NotExecuted" testListId="8c84fa94-04c1-424b-9868-57a2d4851a1d">
    </UnitTestResult>
    <UnitTestResult executionId="cd22bf85-3e2b-4a80-897e-428b3a5d6a13" testId="799311e6-1da3-8fae-d135-4dafc9b3c1eb" testName="deleteBudgetBudgetIDBlank" computerName="TOLKIEN" duration="00:00:00" startTime="0001-01-01T00:00:00.0000000-05:00" endTime="0001-01-01T00:00:00.0000000-05:00" testType="13cdc9d9-ddb5-4fa4-a97d-d965ccfc6d4b" outcome="NotExecuted" testListId="8c84fa94-04c1-424b-9868-57a2d4851a1d">
    </UnitTestResult>
    <UnitTestResult executionId="b0493b55-4d6e-42df-8b78-28c80fe2f4f2" testId="fa94ca7c-1aae-2e32-1d1b-d0e45ca41440" testName="getCategoriesTest" computerName="TOLKIEN" duration="00:00:00" startTime="0001-01-01T00:00:00.0000000-05:00" endTime="0001-01-01T00:00:00.0000000-05:00" testType="13cdc9d9-ddb5-4fa4-a97d-d965ccfc6d4b" outcome="NotExecuted" testListId="8c84fa94-04c1-424b-9868-57a2d4851a1d">
    </UnitTestResult>
    <UnitTestResult executionId="78ec9abb-4b2f-4b73-9a5f-af7fac282fcf" testId="63c8983e-264f-303a-d3eb-9b4d25fe86d5" testName="getCategoriesUserIDNothing" computerName="TOLKIEN" duration="00:00:00" startTime="0001-01-01T00:00:00.0000000-05:00" endTime="0001-01-01T00:00:00.0000000-05:00" testType="13cdc9d9-ddb5-4fa4-a97d-d965ccfc6d4b" outcome="NotExecuted" testListId="8c84fa94-04c1-424b-9868-57a2d4851a1d">
    </UnitTestResult>
    <UnitTestResult executionId="8d3af9ee-e953-4b06-b0d7-20240d7fbcf4" testId="28a40b92-ebf0-3021-bfd0-8669c95f701b" testName="addCategoryTest" computerName="TOLKIEN" duration="00:00:00" startTime="0001-01-01T00:00:00.0000000-05:00" endTime="0001-01-01T00:00:00.0000000-05:00" testType="13cdc9d9-ddb5-4fa4-a97d-d965ccfc6d4b" outcome="NotExecuted" testListId="8c84fa94-04c1-424b-9868-57a2d4851a1d">
    </UnitTestResult>
    <UnitTestResult executionId="1cfbdef6-b532-488e-a808-9daf8f2e8fca" testId="0fca1d8a-cdd0-27c2-fb9e-0f26a9f562df" testName="addCategoryNothing" computerName="TOLKIEN" duration="00:00:00" startTime="0001-01-01T00:00:00.0000000-05:00" endTime="0001-01-01T00:00:00.0000000-05:00" testType="13cdc9d9-ddb5-4fa4-a97d-d965ccfc6d4b" outcome="NotExecuted" testListId="8c84fa94-04c1-424b-9868-57a2d4851a1d">
    </UnitTestResult>
    <UnitTestResult executionId="62c48f04-6936-4479-8d5b-6441420e0ad2" testId="ff7fb138-6236-24d9-747a-2dd6d9883235" testName="addCategoryDescriptionNothing" computerName="TOLKIEN" duration="00:00:00" startTime="0001-01-01T00:00:00.0000000-05:00" endTime="0001-01-01T00:00:00.0000000-05:00" testType="13cdc9d9-ddb5-4fa4-a97d-d965ccfc6d4b" outcome="NotExecuted" testListId="8c84fa94-04c1-424b-9868-57a2d4851a1d">
    </UnitTestResult>
    <UnitTestResult executionId="68c7bcfe-e884-4bd7-9125-217fc3b2c72d" testId="58a09de1-5830-1f36-c16c-3939c3e6e900" testName="addCategoryDescriptionMaxLen" computerName="TOLKIEN" duration="00:00:00" startTime="0001-01-01T00:00:00.0000000-05:00" endTime="0001-01-01T00:00:00.0000000-05:00" testType="13cdc9d9-ddb5-4fa4-a97d-d965ccfc6d4b" outcome="NotExecuted" testListId="8c84fa94-04c1-424b-9868-57a2d4851a1d">
    </UnitTestResult>
    <UnitTestResult executionId="7d6c0ee8-dea2-490d-8132-b43244ae8c03" testId="532e8336-e148-b747-29ed-96f8fa85edc7" testName="addCategoryUserIDNothing" computerName="TOLKIEN" duration="00:00:00" startTime="0001-01-01T00:00:00.0000000-05:00" endTime="0001-01-01T00:00:00.0000000-05:00" testType="13cdc9d9-ddb5-4fa4-a97d-d965ccfc6d4b" outcome="NotExecuted" testListId="8c84fa94-04c1-424b-9868-57a2d4851a1d">
    </UnitTestResult>
    <UnitTestResult executionId="1bffccea-0600-42fc-ae2b-bdd998c459e3" testId="8fc9d453-58a3-7668-636c-73ada71a9a28" testName="updateCategoryTest" computerName="TOLKIEN" duration="00:00:00" startTime="0001-01-01T00:00:00.0000000-05:00" endTime="0001-01-01T00:00:00.0000000-05:00" testType="13cdc9d9-ddb5-4fa4-a97d-d965ccfc6d4b" outcome="NotExecuted" testListId="8c84fa94-04c1-424b-9868-57a2d4851a1d">
    </UnitTestResult>
    <UnitTestResult executionId="0582699d-f719-40e9-ab38-67328c1b6e4e" testId="a59c967c-b286-ecbe-5787-275fa8e4e9c9" testName="updateCategoryNothing" computerName="TOLKIEN" duration="00:00:00" startTime="0001-01-01T00:00:00.0000000-05:00" endTime="0001-01-01T00:00:00.0000000-05:00" testType="13cdc9d9-ddb5-4fa4-a97d-d965ccfc6d4b" outcome="NotExecuted" testListId="8c84fa94-04c1-424b-9868-57a2d4851a1d">
    </UnitTestResult>
    <UnitTestResult executionId="90d004ba-2a05-462c-9e31-9e5ae158ef45" testId="a8ff8f1a-6307-d134-859e-78279102c9ce" testName="updateCategoryCategoryIDNothing" computerName="TOLKIEN" duration="00:00:00" startTime="0001-01-01T00:00:00.0000000-05:00" endTime="0001-01-01T00:00:00.0000000-05:00" testType="13cdc9d9-ddb5-4fa4-a97d-d965ccfc6d4b" outcome="NotExecuted" testListId="8c84fa94-04c1-424b-9868-57a2d4851a1d">
    </UnitTestResult>
    <UnitTestResult executionId="513be875-dcc0-4f78-a32c-a88af7c3e756" testId="a2d96dcc-0274-ae96-1084-c6eeaf735a67" testName="updateCategoryDescriptionNothing" computerName="TOLKIEN" duration="00:00:00" startTime="0001-01-01T00:00:00.0000000-05:00" endTime="0001-01-01T00:00:00.0000000-05:00" testType="13cdc9d9-ddb5-4fa4-a97d-d965ccfc6d4b" outcome="NotExecuted" testListId="8c84fa94-04c1-424b-9868-57a2d4851a1d">
    </UnitTestResult>
    <UnitTestResult executionId="8dbb0c4c-d439-4346-9279-2bde119a7d83" testId="75e6fe92-6338-062a-4fee-95765bf801c5" testName="updateCategoryUserIDNothing" computerName="TOLKIEN" duration="00:00:00" startTime="0001-01-01T00:00:00.0000000-05:00" endTime="0001-01-01T00:00:00.0000000-05:00" testType="13cdc9d9-ddb5-4fa4-a97d-d965ccfc6d4b" outcome="NotExecuted" testListId="8c84fa94-04c1-424b-9868-57a2d4851a1d">
    </UnitTestResult>
    <UnitTestResult executionId="c46970f9-60d2-48b8-b3b7-fcc99354e174" testId="0bdfe357-59d7-2115-bc84-10e25df0e6f5" testName="deleteCategoryTest" computerName="TOLKIEN" duration="00:00:00" startTime="0001-01-01T00:00:00.0000000-05:00" endTime="0001-01-01T00:00:00.0000000-05:00" testType="13cdc9d9-ddb5-4fa4-a97d-d965ccfc6d4b" outcome="NotExecuted" testListId="8c84fa94-04c1-424b-9868-57a2d4851a1d">
    </UnitTestResult>
    <UnitTestResult executionId="55d26eb3-385f-49d0-b9fd-0e3d20e415b3" testId="23cfea9f-164f-f9a5-24c4-692d1157d70d" testName="deleteCategoryCategoryIDNothing" computerName="TOLKIEN" duration="00:00:00" startTime="0001-01-01T00:00:00.0000000-05:00" endTime="0001-01-01T00:00:00.0000000-05:00" testType="13cdc9d9-ddb5-4fa4-a97d-d965ccfc6d4b" outcome="NotExecuted" testListId="8c84fa94-04c1-424b-9868-57a2d4851a1d">
    </UnitTestResult>
    <UnitTestResult executionId="c3ea89f0-c9ad-4b2a-b5cf-3c8d294bc0d8" testId="2e218b54-9cdc-19a6-f73f-134529b0d574" testName="getFrequenciesTest" computerName="TOLKIEN" duration="00:00:00" startTime="0001-01-01T00:00:00.0000000-05:00" endTime="0001-01-01T00:00:00.0000000-05:00" testType="13cdc9d9-ddb5-4fa4-a97d-d965ccfc6d4b" outcome="NotExecuted" testListId="8c84fa94-04c1-424b-9868-57a2d4851a1d">
    </UnitTestResult>
    <UnitTestResult executionId="11fccff8-4154-492d-b9f5-e764e0b919a9" testId="83ec55a3-815a-67d2-b2f2-28b93a616423" testName="getFrequenciesUserIDNothing" computerName="TOLKIEN" duration="00:00:00" startTime="0001-01-01T00:00:00.0000000-05:00" endTime="0001-01-01T00:00:00.0000000-05:00" testType="13cdc9d9-ddb5-4fa4-a97d-d965ccfc6d4b" outcome="NotExecuted" testListId="8c84fa94-04c1-424b-9868-57a2d4851a1d">
    </UnitTestResult>
    <UnitTestResult executionId="e608badb-60e7-4396-8305-eb3dc1801a38" testId="8a4ba671-1448-8492-2b78-1b765c8a587b" testName="addFrequencyTest" computerName="TOLKIEN" duration="00:00:00" startTime="0001-01-01T00:00:00.0000000-05:00" endTime="0001-01-01T00:00:00.0000000-05:00" testType="13cdc9d9-ddb5-4fa4-a97d-d965ccfc6d4b" outcome="NotExecuted" testListId="8c84fa94-04c1-424b-9868-57a2d4851a1d">
    </UnitTestResult>
    <UnitTestResult executionId="7ba129b7-9d92-4583-ab0c-3c43cb5f5810" testId="afdd3970-ef14-572c-7490-d181ac1ccd1e" testName="addFrequencyNothing" computerName="TOLKIEN" duration="00:00:00" startTime="0001-01-01T00:00:00.0000000-05:00" endTime="0001-01-01T00:00:00.0000000-05:00" testType="13cdc9d9-ddb5-4fa4-a97d-d965ccfc6d4b" outcome="NotExecuted" testListId="8c84fa94-04c1-424b-9868-57a2d4851a1d">
    </UnitTestResult>
    <UnitTestResult executionId="dacc4e1c-0e11-4711-b4ec-132d13fb2711" testId="b1452ef1-13ca-46e9-c44f-98baa104fb92" testName="addFrequencyDescriptionNothing" computerName="TOLKIEN" duration="00:00:00" startTime="0001-01-01T00:00:00.0000000-05:00" endTime="0001-01-01T00:00:00.0000000-05:00" testType="13cdc9d9-ddb5-4fa4-a97d-d965ccfc6d4b" outcome="NotExecuted" testListId="8c84fa94-04c1-424b-9868-57a2d4851a1d">
    </UnitTestResult>
    <UnitTestResult executionId="f0624141-068c-4bcc-a811-21998ab58133" testId="94aa3a89-922e-c096-871a-c4ffb87404f0" testName="addFrequencyDescriptionMaxLen" computerName="TOLKIEN" duration="00:00:00" startTime="0001-01-01T00:00:00.0000000-05:00" endTime="0001-01-01T00:00:00.0000000-05:00" testType="13cdc9d9-ddb5-4fa4-a97d-d965ccfc6d4b" outcome="NotExecuted" testListId="8c84fa94-04c1-424b-9868-57a2d4851a1d">
    </UnitTestResult>
    <UnitTestResult executionId="1f44a4bc-1b1b-40fd-bf39-37306f0c1b2c" testId="0c5517d4-5316-3e21-871a-fa8800272a65" testName="addFrequencyMonthsNegative" computerName="TOLKIEN" duration="00:00:00" startTime="0001-01-01T00:00:00.0000000-05:00" endTime="0001-01-01T00:00:00.0000000-05:00" testType="13cdc9d9-ddb5-4fa4-a97d-d965ccfc6d4b" outcome="NotExecuted" testListId="8c84fa94-04c1-424b-9868-57a2d4851a1d">
    </UnitTestResult>
    <UnitTestResult executionId="07d4431f-cfc8-4bf3-b0d6-381fa5d010ae" testId="4c8b2cdb-4eab-b6f9-ff74-242bf524db2e" testName="addFrequencyUserIDNothing" computerName="TOLKIEN" duration="00:00:00" startTime="0001-01-01T00:00:00.0000000-05:00" endTime="0001-01-01T00:00:00.0000000-05:00" testType="13cdc9d9-ddb5-4fa4-a97d-d965ccfc6d4b" outcome="NotExecuted" testListId="8c84fa94-04c1-424b-9868-57a2d4851a1d">
    </UnitTestResult>
    <UnitTestResult executionId="81024e7d-4048-4715-a2f5-37d04b65e180" testId="d3b64b82-0b84-680f-9e31-0c326c489dc9" testName="updateFrequencyTest" computerName="TOLKIEN" duration="00:00:00" startTime="0001-01-01T00:00:00.0000000-05:00" endTime="0001-01-01T00:00:00.0000000-05:00" testType="13cdc9d9-ddb5-4fa4-a97d-d965ccfc6d4b" outcome="NotExecuted" testListId="8c84fa94-04c1-424b-9868-57a2d4851a1d">
    </UnitTestResult>
    <UnitTestResult executionId="75cbbfde-a284-49b2-bc77-1bf00669108c" testId="06d70802-cbf3-0105-85fe-1032f68b0c57" testName="updateFrequencyNothing" computerName="TOLKIEN" duration="00:00:00" startTime="0001-01-01T00:00:00.0000000-05:00" endTime="0001-01-01T00:00:00.0000000-05:00" testType="13cdc9d9-ddb5-4fa4-a97d-d965ccfc6d4b" outcome="NotExecuted" testListId="8c84fa94-04c1-424b-9868-57a2d4851a1d">
    </UnitTestResult>
    <UnitTestResult executionId="b956098d-9696-490f-be6a-d8b51407d8b8" testId="899e468f-0f82-8f87-b2c5-dd542356cd37" testName="updateFrequencyFrequencyIDNothing" computerName="TOLKIEN" duration="00:00:00" startTime="0001-01-01T00:00:00.0000000-05:00" endTime="0001-01-01T00:00:00.0000000-05:00" testType="13cdc9d9-ddb5-4fa4-a97d-d965ccfc6d4b" outcome="NotExecuted" testListId="8c84fa94-04c1-424b-9868-57a2d4851a1d">
    </UnitTestResult>
    <UnitTestResult executionId="6e6726ca-bcf8-4b84-b595-9991477b38d6" testId="a4fa7f01-082a-f733-8a2d-b25ea8023d30" testName="updateFrequencyDescriptionNothing" computerName="TOLKIEN" duration="00:00:00" startTime="0001-01-01T00:00:00.0000000-05:00" endTime="0001-01-01T00:00:00.0000000-05:00" testType="13cdc9d9-ddb5-4fa4-a97d-d965ccfc6d4b" outcome="NotExecuted" testListId="8c84fa94-04c1-424b-9868-57a2d4851a1d">
    </UnitTestResult>
    <UnitTestResult executionId="4dbb6eee-c954-430d-9d90-f6c54d815076" testId="38af75c1-03ea-b909-29fa-879e4a97d0ad" testName="updateFrequencyDescriptionMaxLen" computerName="TOLKIEN" duration="00:00:00" startTime="0001-01-01T00:00:00.0000000-05:00" endTime="0001-01-01T00:00:00.0000000-05:00" testType="13cdc9d9-ddb5-4fa4-a97d-d965ccfc6d4b" outcome="NotExecuted" testListId="8c84fa94-04c1-424b-9868-57a2d4851a1d">
    </UnitTestResult>
    <UnitTestResult executionId="945cc7f8-a34c-44a2-bba3-017f5ae8ce80" testId="3f53a5bc-85ec-b5b1-a732-530a68ca5fa8" testName="updateFrequencyMonthsNegative" computerName="TOLKIEN" duration="00:00:00" startTime="0001-01-01T00:00:00.0000000-05:00" endTime="0001-01-01T00:00:00.0000000-05:00" testType="13cdc9d9-ddb5-4fa4-a97d-d965ccfc6d4b" outcome="NotExecuted" testListId="8c84fa94-04c1-424b-9868-57a2d4851a1d">
    </UnitTestResult>
    <UnitTestResult executionId="66a1cf4f-ed22-4e09-9feb-422fee7cb7db" testId="83c6509b-b125-a15a-14be-8af19ed1aed9" testName="deleteFrequencyTest" computerName="TOLKIEN" duration="00:00:00" startTime="0001-01-01T00:00:00.0000000-05:00" endTime="0001-01-01T00:00:00.0000000-05:00" testType="13cdc9d9-ddb5-4fa4-a97d-d965ccfc6d4b" outcome="NotExecuted" testListId="8c84fa94-04c1-424b-9868-57a2d4851a1d">
    </UnitTestResult>
    <UnitTestResult executionId="f143be6f-b33c-45af-bc8f-0db6270a1e5b" testId="6f7faeec-fd19-b1af-0830-7613b5075b88" testName="deleteFrequencyFrequencyIDNothing" computerName="TOLKIEN" duration="00:00:00" startTime="0001-01-01T00:00:00.0000000-05:00" endTime="0001-01-01T00:00:00.0000000-05:00" testType="13cdc9d9-ddb5-4fa4-a97d-d965ccfc6d4b" outcome="NotExecuted" testListId="8c84fa94-04c1-424b-9868-57a2d4851a1d">
    </UnitTestResult>
    <UnitTestResult executionId="aa6f25a1-30f2-4d32-a6ba-263a02b75532" testId="a2d4949d-2288-66c6-b89d-8f558bc7feba" testName="authenticateUserTest" computerName="TOLKIEN" duration="00:00:00" startTime="0001-01-01T00:00:00.0000000-05:00" endTime="0001-01-01T00:00:00.0000000-05:00" testType="13cdc9d9-ddb5-4fa4-a97d-d965ccfc6d4b" outcome="NotExecuted" testListId="8c84fa94-04c1-424b-9868-57a2d4851a1d">
    </UnitTestResult>
    <UnitTestResult executionId="b3da741d-b960-4ed0-b82f-623e3d9fc048" testId="c962f176-0e46-6e6a-64e1-773767b2a92e" testName="getSubcategoriesTest" computerName="TOLKIEN" duration="00:00:00" startTime="0001-01-01T00:00:00.0000000-05:00" endTime="0001-01-01T00:00:00.0000000-05:00" testType="13cdc9d9-ddb5-4fa4-a97d-d965ccfc6d4b" outcome="NotExecuted" testListId="8c84fa94-04c1-424b-9868-57a2d4851a1d">
    </UnitTestResult>
    <UnitTestResult executionId="4a4f460e-09a8-458a-8b74-f108edbe40f8" testId="b05310d8-828c-c740-927a-df64a819e935" testName="getSubcategoriesByCategoryID" computerName="TOLKIEN" duration="00:00:00" startTime="0001-01-01T00:00:00.0000000-05:00" endTime="0001-01-01T00:00:00.0000000-05:00" testType="13cdc9d9-ddb5-4fa4-a97d-d965ccfc6d4b" outcome="NotExecuted" testListId="8c84fa94-04c1-424b-9868-57a2d4851a1d">
    </UnitTestResult>
    <UnitTestResult executionId="5169b14c-c2a7-417d-9fc4-d66bf81fb70c" testId="25c221da-3cee-df3c-3d0f-8d45ce1c4bf5" testName="getSubcategoriesUserIDNothing" computerName="TOLKIEN" duration="00:00:00" startTime="0001-01-01T00:00:00.0000000-05:00" endTime="0001-01-01T00:00:00.0000000-05:00" testType="13cdc9d9-ddb5-4fa4-a97d-d965ccfc6d4b" outcome="NotExecuted" testListId="8c84fa94-04c1-424b-9868-57a2d4851a1d">
    </UnitTestResult>
    <UnitTestResult executionId="5651a814-8b4a-42f0-98a8-8cc9365af57c" testId="edf0aa95-9676-85e5-bd74-2b5388c724e3" testName="getSubcategoryTest" computerName="TOLKIEN" duration="00:00:00" startTime="0001-01-01T00:00:00.0000000-05:00" endTime="0001-01-01T00:00:00.0000000-05:00" testType="13cdc9d9-ddb5-4fa4-a97d-d965ccfc6d4b" outcome="NotExecuted" testListId="8c84fa94-04c1-424b-9868-57a2d4851a1d">
    </UnitTestResult>
    <UnitTestResult executionId="4dd41c2e-a22b-4f1b-92d2-1481308888cf" testId="25ed8de6-975d-2b68-5d42-088e4dc578e7" testName="getSubcategorySubcategoryIDNothing" computerName="TOLKIEN" duration="00:00:00" startTime="0001-01-01T00:00:00.0000000-05:00" endTime="0001-01-01T00:00:00.0000000-05:00" testType="13cdc9d9-ddb5-4fa4-a97d-d965ccfc6d4b" outcome="NotExecuted" testListId="8c84fa94-04c1-424b-9868-57a2d4851a1d">
    </UnitTestResult>
    <UnitTestResult executionId="2dbf3a3d-6b21-4a3e-a3b2-3689a9e5ce44" testId="6c1d12e8-2a89-22ef-766d-cb51fcbbb230" testName="addSubcategoryTest" computerName="TOLKIEN" duration="00:00:00" startTime="0001-01-01T00:00:00.0000000-05:00" endTime="0001-01-01T00:00:00.0000000-05:00" testType="13cdc9d9-ddb5-4fa4-a97d-d965ccfc6d4b" outcome="NotExecuted" testListId="8c84fa94-04c1-424b-9868-57a2d4851a1d">
    </UnitTestResult>
    <UnitTestResult executionId="170eb587-61c2-42d9-abdc-1de1abff23d7" testId="f627b55d-1ae3-286c-f067-07f1ac287750" testName="addSubcategorySubcategoryNothing" computerName="TOLKIEN" duration="00:00:00" startTime="0001-01-01T00:00:00.0000000-05:00" endTime="0001-01-01T00:00:00.0000000-05:00" testType="13cdc9d9-ddb5-4fa4-a97d-d965ccfc6d4b" outcome="NotExecuted" testListId="8c84fa94-04c1-424b-9868-57a2d4851a1d">
    </UnitTestResult>
    <UnitTestResult executionId="f4337c34-e91d-4191-964d-e2e8aee2d5a3" testId="5839d3eb-2f28-66ab-5903-f0c6aa8a4c52" testName="addSubcategoryCategoryIDNothing" computerName="TOLKIEN" duration="00:00:00" startTime="0001-01-01T00:00:00.0000000-05:00" endTime="0001-01-01T00:00:00.0000000-05:00" testType="13cdc9d9-ddb5-4fa4-a97d-d965ccfc6d4b" outcome="NotExecuted" testListId="8c84fa94-04c1-424b-9868-57a2d4851a1d">
    </UnitTestResult>
    <UnitTestResult executionId="186e8fb5-45c1-4bf0-9743-8c47b6f2d756" testId="a8551577-1fbc-a817-6fba-d92f73c63ed5" testName="addSubcategoryDescriptionNothing" computerName="TOLKIEN" duration="00:00:00" startTime="0001-01-01T00:00:00.0000000-05:00" endTime="0001-01-01T00:00:00.0000000-05:00" testType="13cdc9d9-ddb5-4fa4-a97d-d965ccfc6d4b" outcome="NotExecuted" testListId="8c84fa94-04c1-424b-9868-57a2d4851a1d">
    </UnitTestResult>
    <UnitTestResult executionId="808550ec-a658-485e-a245-a58d7df77108" testId="bbfe51fd-ce1b-3e52-a251-5d90aeb6a97a" testName="addSubcategoryDescriptionMaxLen" computerName="TOLKIEN" duration="00:00:00" startTime="0001-01-01T00:00:00.0000000-05:00" endTime="0001-01-01T00:00:00.0000000-05:00" testType="13cdc9d9-ddb5-4fa4-a97d-d965ccfc6d4b" outcome="NotExecuted" testListId="8c84fa94-04c1-424b-9868-57a2d4851a1d">
    </UnitTestResult>
    <UnitTestResult executionId="a57860a5-16f0-46b8-964a-7f7d9b5a86e2" testId="2a1b7d1b-15e6-8cf8-0219-2630f5c48eaf" testName="addSubcategorySinkingFundNotYOrN" computerName="TOLKIEN" duration="00:00:00" startTime="0001-01-01T00:00:00.0000000-05:00" endTime="0001-01-01T00:00:00.0000000-05:00" testType="13cdc9d9-ddb5-4fa4-a97d-d965ccfc6d4b" outcome="NotExecuted" testListId="8c84fa94-04c1-424b-9868-57a2d4851a1d">
    </UnitTestResult>
    <UnitTestResult executionId="fca741cb-4a1e-4cb7-b823-0f9626cc4488" testId="201d793e-4fe6-401d-6be8-c62c538d4a65" testName="addSubcategoryNotesMaxLen" computerName="TOLKIEN" duration="00:00:00" startTime="0001-01-01T00:00:00.0000000-05:00" endTime="0001-01-01T00:00:00.0000000-05:00" testType="13cdc9d9-ddb5-4fa4-a97d-d965ccfc6d4b" outcome="NotExecuted" testListId="8c84fa94-04c1-424b-9868-57a2d4851a1d">
    </UnitTestResult>
    <UnitTestResult executionId="70003814-0ea2-4cd1-9424-c3b435d3a3d5" testId="88291b0b-7e70-f6db-50b3-47e82e867912" testName="addSubcategoryUserIDNothing" computerName="TOLKIEN" duration="00:00:00" startTime="0001-01-01T00:00:00.0000000-05:00" endTime="0001-01-01T00:00:00.0000000-05:00" testType="13cdc9d9-ddb5-4fa4-a97d-d965ccfc6d4b" outcome="NotExecuted" testListId="8c84fa94-04c1-424b-9868-57a2d4851a1d">
    </UnitTestResult>
    <UnitTestResult executionId="b7906627-7c01-4e64-84be-436959cbbb37" testId="bedc9ca5-0715-f75f-5275-d225bacd5374" testName="updateSubcategoryTest" computerName="TOLKIEN" duration="00:00:00" startTime="0001-01-01T00:00:00.0000000-05:00" endTime="0001-01-01T00:00:00.0000000-05:00" testType="13cdc9d9-ddb5-4fa4-a97d-d965ccfc6d4b" outcome="NotExecuted" testListId="8c84fa94-04c1-424b-9868-57a2d4851a1d">
    </UnitTestResult>
    <UnitTestResult executionId="dc12d054-fe93-4d16-8331-526660ab11d6" testId="9df3c7a9-dda3-36c5-3db7-ed52aa5c51f3" testName="updateSubcategorySubcategoryNothing" computerName="TOLKIEN" duration="00:00:00" startTime="0001-01-01T00:00:00.0000000-05:00" endTime="0001-01-01T00:00:00.0000000-05:00" testType="13cdc9d9-ddb5-4fa4-a97d-d965ccfc6d4b" outcome="NotExecuted" testListId="8c84fa94-04c1-424b-9868-57a2d4851a1d">
    </UnitTestResult>
    <UnitTestResult executionId="1596d4f5-cd19-4143-84dd-943b887bf32d" testId="e1b8b9b5-31fa-3158-ed49-602ecdf8fc2b" testName="updateSubcategorySubcategoryIDNothing" computerName="TOLKIEN" duration="00:00:00" startTime="0001-01-01T00:00:00.0000000-05:00" endTime="0001-01-01T00:00:00.0000000-05:00" testType="13cdc9d9-ddb5-4fa4-a97d-d965ccfc6d4b" outcome="NotExecuted" testListId="8c84fa94-04c1-424b-9868-57a2d4851a1d">
    </UnitTestResult>
    <UnitTestResult executionId="eec701ea-fba1-4def-9641-a2acdb2c181c" testId="6134c6ed-e8b7-288e-ff3e-b33d83bf08d0" testName="updateSubcategoryCategoryIDNothing" computerName="TOLKIEN" duration="00:00:00" startTime="0001-01-01T00:00:00.0000000-05:00" endTime="0001-01-01T00:00:00.0000000-05:00" testType="13cdc9d9-ddb5-4fa4-a97d-d965ccfc6d4b" outcome="NotExecuted" testListId="8c84fa94-04c1-424b-9868-57a2d4851a1d">
    </UnitTestResult>
    <UnitTestResult executionId="43d14672-2511-4424-b176-52d794744977" testId="9add4ea9-9be1-4a10-7cc8-a108d159b81a" testName="updateSubcategoryDescriptionNothing" computerName="TOLKIEN" duration="00:00:00" startTime="0001-01-01T00:00:00.0000000-05:00" endTime="0001-01-01T00:00:00.0000000-05:00" testType="13cdc9d9-ddb5-4fa4-a97d-d965ccfc6d4b" outcome="NotExecuted" testListId="8c84fa94-04c1-424b-9868-57a2d4851a1d">
    </UnitTestResult>
    <UnitTestResult executionId="f62f8aa2-a674-4bb7-9e16-895dd1a7763f" testId="2a218d4d-f796-c1d6-fb62-a245094f3715" testName="updateSubcategoryDescriptionMaxLen" computerName="TOLKIEN" duration="00:00:00" startTime="0001-01-01T00:00:00.0000000-05:00" endTime="0001-01-01T00:00:00.0000000-05:00" testType="13cdc9d9-ddb5-4fa4-a97d-d965ccfc6d4b" outcome="NotExecuted" testListId="8c84fa94-04c1-424b-9868-57a2d4851a1d">
    </UnitTestResult>
    <UnitTestResult executionId="3c7cc8ef-f56d-4a55-9bd8-fa7e8241d631" testId="27188a8b-a7e8-3977-ee02-1bbd41b1cb1b" testName="updateSubcategorySinkingFundNotYOrN" computerName="TOLKIEN" duration="00:00:00" startTime="0001-01-01T00:00:00.0000000-05:00" endTime="0001-01-01T00:00:00.0000000-05:00" testType="13cdc9d9-ddb5-4fa4-a97d-d965ccfc6d4b" outcome="NotExecuted" testListId="8c84fa94-04c1-424b-9868-57a2d4851a1d">
    </UnitTestResult>
    <UnitTestResult executionId="e8e6ccbf-cbf1-40e9-a10e-ba071e6f61ec" testId="00b914bf-27cf-c5f2-2337-9da7337b8b86" testName="updateSubcategoryNotesMaxLen" computerName="TOLKIEN" duration="00:00:00" startTime="0001-01-01T00:00:00.0000000-05:00" endTime="0001-01-01T00:00:00.0000000-05:00" testType="13cdc9d9-ddb5-4fa4-a97d-d965ccfc6d4b" outcome="NotExecuted" testListId="8c84fa94-04c1-424b-9868-57a2d4851a1d">
    </UnitTestResult>
    <UnitTestResult executionId="6e517e49-7b09-482b-985d-efc9f2da63b1" testId="b237afa0-6fb1-54bf-657e-2a66b76abb69" testName="deleteSubcategoryTest" computerName="TOLKIEN" duration="00:00:00" startTime="0001-01-01T00:00:00.0000000-05:00" endTime="0001-01-01T00:00:00.0000000-05:00" testType="13cdc9d9-ddb5-4fa4-a97d-d965ccfc6d4b" outcome="NotExecuted" testListId="8c84fa94-04c1-424b-9868-57a2d4851a1d">
    </UnitTestResult>
    <UnitTestResult executionId="fdeb4fd7-c974-40da-89aa-418c6b045d02" testId="cf5e9fac-d4eb-db14-c376-4d1f22db0558" testName="deleteSubcategorySubcategoryIDNothing" computerName="TOLKIEN" duration="00:00:00" startTime="0001-01-01T00:00:00.0000000-05:00" endTime="0001-01-01T00:00:00.0000000-05:00" testType="13cdc9d9-ddb5-4fa4-a97d-d965ccfc6d4b" outcome="NotExecuted" testListId="8c84fa94-04c1-424b-9868-57a2d4851a1d">
    </UnitTestResult>
    <UnitTestResult executionId="8195013d-aa46-46cf-8412-2b0a4efb998e" testId="9a3d0807-6457-caa6-13cd-e3a1911026ea" testName="getTransactionFirstYear" computerName="TOLKIEN" duration="00:00:00" startTime="0001-01-01T00:00:00.0000000-05:00" endTime="0001-01-01T00:00:00.0000000-05:00" testType="13cdc9d9-ddb5-4fa4-a97d-d965ccfc6d4b" outcome="NotExecuted" testListId="8c84fa94-04c1-424b-9868-57a2d4851a1d">
    </UnitTestResult>
    <UnitTestResult executionId="6622d854-8206-465a-96c1-093e782897ce" testId="0c74f04e-4ac5-b7a6-358f-741d4d504a08" testName="getTransactionsTest" computerName="TOLKIEN" duration="00:00:00" startTime="0001-01-01T00:00:00.0000000-05:00" endTime="0001-01-01T00:00:00.0000000-05:00" testType="13cdc9d9-ddb5-4fa4-a97d-d965ccfc6d4b" outcome="NotExecuted" testListId="8c84fa94-04c1-424b-9868-57a2d4851a1d">
    </UnitTestResult>
    <UnitTestResult executionId="5de2dc8f-474d-493b-9980-ed6ce7a8fa60" testId="a941f649-0f02-5cf0-9bb1-5b6a83d2daaf" testName="getTransactionsUserIDNothing" computerName="TOLKIEN" duration="00:00:00" startTime="0001-01-01T00:00:00.0000000-05:00" endTime="0001-01-01T00:00:00.0000000-05:00" testType="13cdc9d9-ddb5-4fa4-a97d-d965ccfc6d4b" outcome="NotExecuted" testListId="8c84fa94-04c1-424b-9868-57a2d4851a1d">
    </UnitTestResult>
    <UnitTestResult executionId="e478c460-c41f-43d7-9a78-d2d19a238b52" testId="3d809d94-db02-0e76-9c09-c3d9ec12d5fd" testName="addTransactionTest" computerName="TOLKIEN" duration="00:00:00" startTime="0001-01-01T00:00:00.0000000-05:00" endTime="0001-01-01T00:00:00.0000000-05:00" testType="13cdc9d9-ddb5-4fa4-a97d-d965ccfc6d4b" outcome="NotExecuted" testListId="8c84fa94-04c1-424b-9868-57a2d4851a1d">
    </UnitTestResult>
    <UnitTestResult executionId="72773910-ebe0-47e0-a9a3-34740d6e664c" testId="028a17f3-f9c0-f73c-bbcc-8415c4c80d22" testName="addTransactionTransactionNothing" computerName="TOLKIEN" duration="00:00:00" startTime="0001-01-01T00:00:00.0000000-05:00" endTime="0001-01-01T00:00:00.0000000-05:00" testType="13cdc9d9-ddb5-4fa4-a97d-d965ccfc6d4b" outcome="NotExecuted" testListId="8c84fa94-04c1-424b-9868-57a2d4851a1d">
    </UnitTestResult>
    <UnitTestResult executionId="48af712a-2c74-4d39-8ac3-06906faaecd7" testId="d9c74070-150a-6459-f8b5-cd6b0de2b4ec" testName="addTransactionDateNothing" computerName="TOLKIEN" duration="00:00:00" startTime="0001-01-01T00:00:00.0000000-05:00" endTime="0001-01-01T00:00:00.0000000-05:00" testType="13cdc9d9-ddb5-4fa4-a97d-d965ccfc6d4b" outcome="NotExecuted" testListId="8c84fa94-04c1-424b-9868-57a2d4851a1d">
    </UnitTestResult>
    <UnitTestResult executionId="6fe9f53d-1022-42ee-a524-85ae95663359" testId="da27e590-9f13-60c6-1ba7-9957aed51717" testName="addTransactionDescriptionNothing" computerName="TOLKIEN" duration="00:00:00" startTime="0001-01-01T00:00:00.0000000-05:00" endTime="0001-01-01T00:00:00.0000000-05:00" testType="13cdc9d9-ddb5-4fa4-a97d-d965ccfc6d4b" outcome="NotExecuted" testListId="8c84fa94-04c1-424b-9868-57a2d4851a1d">
    </UnitTestResult>
    <UnitTestResult executionId="5102d91c-5ab6-47d1-a8b7-c32831fcb22a" testId="63d7ff1e-859b-98bb-e808-c5db1ec35b29" testName="addTransactionDescriptionMaxLen" computerName="TOLKIEN" duration="00:00:00" startTime="0001-01-01T00:00:00.0000000-05:00" endTime="0001-01-01T00:00:00.0000000-05:00" testType="13cdc9d9-ddb5-4fa4-a97d-d965ccfc6d4b" outcome="NotExecuted" testListId="8c84fa94-04c1-424b-9868-57a2d4851a1d">
    </UnitTestResult>
    <UnitTestResult executionId="f101a314-6d73-43c9-938c-c443b8042402" testId="9b270260-260c-a978-9dd4-28ae487f85d0" testName="addTransactionUserIDNothing" computerName="TOLKIEN" duration="00:00:00" startTime="0001-01-01T00:00:00.0000000-05:00" endTime="0001-01-01T00:00:00.0000000-05:00" testType="13cdc9d9-ddb5-4fa4-a97d-d965ccfc6d4b" outcome="NotExecuted" testListId="8c84fa94-04c1-424b-9868-57a2d4851a1d">
    </UnitTestResult>
    <UnitTestResult executionId="0ec06595-6d50-4a58-a453-f3e3740dbbd1" testId="4dfbf887-b7a9-b491-3023-62dba6f89178" testName="addTransactionAccountAdjust" computerName="TOLKIEN" duration="00:00:00" startTime="0001-01-01T00:00:00.0000000-05:00" endTime="0001-01-01T00:00:00.0000000-05:00" testType="13cdc9d9-ddb5-4fa4-a97d-d965ccfc6d4b" outcome="NotExecuted" testListId="8c84fa94-04c1-424b-9868-57a2d4851a1d">
    </UnitTestResult>
    <UnitTestResult executionId="0a869591-0645-4ffe-b695-8bb365035e87" testId="820987f9-05ca-dae0-9f05-a0d4f3b7e230" testName="addTransactionSFSubcategoryAdjust" computerName="TOLKIEN" duration="00:00:00" startTime="0001-01-01T00:00:00.0000000-05:00" endTime="0001-01-01T00:00:00.0000000-05:00" testType="13cdc9d9-ddb5-4fa4-a97d-d965ccfc6d4b" outcome="NotExecuted" testListId="8c84fa94-04c1-424b-9868-57a2d4851a1d">
    </UnitTestResult>
    <UnitTestResult executionId="c769f443-c2a3-4fad-97ad-845ef68908ae" testId="1ce94126-b660-0ac9-06d3-af2dd6c473a7" testName="updateTransactionTest" computerName="TOLKIEN" duration="00:00:00" startTime="0001-01-01T00:00:00.0000000-05:00" endTime="0001-01-01T00:00:00.0000000-05:00" testType="13cdc9d9-ddb5-4fa4-a97d-d965ccfc6d4b" outcome="NotExecuted" testListId="8c84fa94-04c1-424b-9868-57a2d4851a1d">
    </UnitTestResult>
    <UnitTestResult executionId="505de03a-eb56-4338-a347-643f1aeca006" testId="991140ed-32ac-a771-1bbe-e26bd691905d" testName="updateTransactionTransactionNothing" computerName="TOLKIEN" duration="00:00:00" startTime="0001-01-01T00:00:00.0000000-05:00" endTime="0001-01-01T00:00:00.0000000-05:00" testType="13cdc9d9-ddb5-4fa4-a97d-d965ccfc6d4b" outcome="NotExecuted" testListId="8c84fa94-04c1-424b-9868-57a2d4851a1d">
    </UnitTestResult>
    <UnitTestResult executionId="8b5bbea2-3ef5-4648-8f7c-38620109af10" testId="6c103902-84a3-cdbb-97c9-1350b2df679a" testName="updateTransactionTransactionIDNothing" computerName="TOLKIEN" duration="00:00:00" startTime="0001-01-01T00:00:00.0000000-05:00" endTime="0001-01-01T00:00:00.0000000-05:00" testType="13cdc9d9-ddb5-4fa4-a97d-d965ccfc6d4b" outcome="NotExecuted" testListId="8c84fa94-04c1-424b-9868-57a2d4851a1d">
    </UnitTestResult>
    <UnitTestResult executionId="92c811a1-a130-4ceb-8566-f53dc9fc5d45" testId="8f6940ee-6a05-220b-9d80-efa337ee3133" testName="updateTransactionDateNothing" computerName="TOLKIEN" duration="00:00:00" startTime="0001-01-01T00:00:00.0000000-05:00" endTime="0001-01-01T00:00:00.0000000-05:00" testType="13cdc9d9-ddb5-4fa4-a97d-d965ccfc6d4b" outcome="NotExecuted" testListId="8c84fa94-04c1-424b-9868-57a2d4851a1d">
    </UnitTestResult>
    <UnitTestResult executionId="be98af7b-284d-4608-9168-43d6128c377a" testId="3ccd3f11-0213-e1b1-a3aa-1057197cac59" testName="updateTransactionDescriptionNothing" computerName="TOLKIEN" duration="00:00:00" startTime="0001-01-01T00:00:00.0000000-05:00" endTime="0001-01-01T00:00:00.0000000-05:00" testType="13cdc9d9-ddb5-4fa4-a97d-d965ccfc6d4b" outcome="NotExecuted" testListId="8c84fa94-04c1-424b-9868-57a2d4851a1d">
    </UnitTestResult>
    <UnitTestResult executionId="0a4a4d41-0dd0-470e-b6c2-535aaa1349c4" testId="9cf1af96-ce60-17f7-f073-8576692875a1" testName="updateTransactionDescriptionMaxLen" computerName="TOLKIEN" duration="00:00:00" startTime="0001-01-01T00:00:00.0000000-05:00" endTime="0001-01-01T00:00:00.0000000-05:00" testType="13cdc9d9-ddb5-4fa4-a97d-d965ccfc6d4b" outcome="NotExecuted" testListId="8c84fa94-04c1-424b-9868-57a2d4851a1d">
    </UnitTestResult>
    <UnitTestResult executionId="f64cebb2-d3dd-4270-b01b-5c3a13b6a2be" testId="50fc5a28-9321-a539-d140-7388838d8a59" testName="updateTransactionAccountAdjust" computerName="TOLKIEN" duration="00:00:00" startTime="0001-01-01T00:00:00.0000000-05:00" endTime="0001-01-01T00:00:00.0000000-05:00" testType="13cdc9d9-ddb5-4fa4-a97d-d965ccfc6d4b" outcome="NotExecuted" testListId="8c84fa94-04c1-424b-9868-57a2d4851a1d">
    </UnitTestResult>
    <UnitTestResult executionId="e97381e4-d8ae-4322-a047-e0eaed787d8e" testId="ff86bab7-fe25-e542-47fe-56bd2f464b72" testName="updateTransactionSFSubcategoryAdjust" computerName="TOLKIEN" duration="00:00:00" startTime="0001-01-01T00:00:00.0000000-05:00" endTime="0001-01-01T00:00:00.0000000-05:00" testType="13cdc9d9-ddb5-4fa4-a97d-d965ccfc6d4b" outcome="NotExecuted" testListId="8c84fa94-04c1-424b-9868-57a2d4851a1d">
    </UnitTestResult>
    <UnitTestResult executionId="fc9f6293-e824-48da-94ac-80e7bfb08780" testId="be5b2eb0-51ec-1a02-7e30-ca7d5c29aa6f" testName="deleteTransactionTest" computerName="TOLKIEN" duration="00:00:00" startTime="0001-01-01T00:00:00.0000000-05:00" endTime="0001-01-01T00:00:00.0000000-05:00" testType="13cdc9d9-ddb5-4fa4-a97d-d965ccfc6d4b" outcome="NotExecuted" testListId="8c84fa94-04c1-424b-9868-57a2d4851a1d">
    </UnitTestResult>
    <UnitTestResult executionId="8f4e17f0-84d7-43e9-b770-c40ff6f9c8f5" testId="93af35c8-f5d8-78c3-8cc9-706ee5491c55" testName="deleteTransactionTransactionIDNothing" computerName="TOLKIEN" duration="00:00:00" startTime="0001-01-01T00:00:00.0000000-05:00" endTime="0001-01-01T00:00:00.0000000-05:00" testType="13cdc9d9-ddb5-4fa4-a97d-d965ccfc6d4b" outcome="NotExecuted" testListId="8c84fa94-04c1-424b-9868-57a2d4851a1d">
    </UnitTestResult>
    <UnitTestResult executionId="60b51530-9229-4a9e-b61c-6b677a7afbaa" testId="b9d1c2ac-e386-87fb-12aa-0d8af4d9f7af" testName="deleteTransactionAccountAdjust" computerName="TOLKIEN" duration="00:00:00" startTime="0001-01-01T00:00:00.0000000-05:00" endTime="0001-01-01T00:00:00.0000000-05:00" testType="13cdc9d9-ddb5-4fa4-a97d-d965ccfc6d4b" outcome="NotExecuted" testListId="8c84fa94-04c1-424b-9868-57a2d4851a1d">
    </UnitTestResult>
    <UnitTestResult executionId="c9d6bebf-4fb6-43f2-a31a-f0f52c7745d2" testId="302f161c-1a16-7195-636f-727c6d4f7cce" testName="addUserTest" computerName="TOLKIEN" duration="00:00:00" startTime="0001-01-01T00:00:00.0000000-05:00" endTime="0001-01-01T00:00:00.0000000-05:00" testType="13cdc9d9-ddb5-4fa4-a97d-d965ccfc6d4b" outcome="NotExecuted" testListId="8c84fa94-04c1-424b-9868-57a2d4851a1d">
    </UnitTestResult>
    <UnitTestResult executionId="acf41e53-911c-4d81-a3d0-2b02e10b073b" testId="24148662-d27c-83db-d849-dc758dd8b5f9" testName="activateUserTest" computerName="TOLKIEN" duration="00:00:00" startTime="0001-01-01T00:00:00.0000000-05:00" endTime="0001-01-01T00:00:00.0000000-05:00" testType="13cdc9d9-ddb5-4fa4-a97d-d965ccfc6d4b" outcome="NotExecuted" testListId="8c84fa94-04c1-424b-9868-57a2d4851a1d">
    </UnitTestResult>
    <UnitTestResult executionId="f4b7a16e-40b7-44d2-adb2-0360eca59bce" testId="0da9cb98-0025-f1cc-5c4e-78987bd1ba0a" testName="addUserUserIDNothing" computerName="TOLKIEN" duration="00:00:00" startTime="0001-01-01T00:00:00.0000000-05:00" endTime="0001-01-01T00:00:00.0000000-05:00" testType="13cdc9d9-ddb5-4fa4-a97d-d965ccfc6d4b" outcome="NotExecuted" testListId="8c84fa94-04c1-424b-9868-57a2d4851a1d">
    </UnitTestResult>
    <UnitTestResult executionId="bd7e711d-0208-4475-849b-0bcd16dffe5d" testId="41d12651-6966-8543-ef57-0046b613ddb5" testName="addUserUserIDMaxLen" computerName="TOLKIEN" duration="00:00:00" startTime="0001-01-01T00:00:00.0000000-05:00" endTime="0001-01-01T00:00:00.0000000-05:00" testType="13cdc9d9-ddb5-4fa4-a97d-d965ccfc6d4b" outcome="NotExecuted" testListId="8c84fa94-04c1-424b-9868-57a2d4851a1d">
    </UnitTestResult>
    <UnitTestResult executionId="4964fff9-e50e-49a2-a0dc-2397875fa0a4" testId="4bd9796f-b636-6a7f-6857-a699f7abd7a9" testName="addUserPasswordNothing" computerName="TOLKIEN" duration="00:00:00" startTime="0001-01-01T00:00:00.0000000-05:00" endTime="0001-01-01T00:00:00.0000000-05:00" testType="13cdc9d9-ddb5-4fa4-a97d-d965ccfc6d4b" outcome="NotExecuted" testListId="8c84fa94-04c1-424b-9868-57a2d4851a1d">
    </UnitTestResult>
    <UnitTestResult executionId="0559d13b-3b01-4c12-b71a-3a3d3d5649ef" testId="28cb5578-a210-728f-1f2a-7829483fe9ce" testName="addUserPasswordMaxLen" computerName="TOLKIEN" duration="00:00:00" startTime="0001-01-01T00:00:00.0000000-05:00" endTime="0001-01-01T00:00:00.0000000-05:00" testType="13cdc9d9-ddb5-4fa4-a97d-d965ccfc6d4b" outcome="NotExecuted" testListId="8c84fa94-04c1-424b-9868-57a2d4851a1d">
    </UnitTestResult>
    <UnitTestResult executionId="9e839626-3ef4-45ba-b99c-9d80a0f4f888" testId="009665bb-5de0-8593-a32b-50bf52a35d2c" testName="addUserFirstNameNothing" computerName="TOLKIEN" duration="00:00:00" startTime="0001-01-01T00:00:00.0000000-05:00" endTime="0001-01-01T00:00:00.0000000-05:00" testType="13cdc9d9-ddb5-4fa4-a97d-d965ccfc6d4b" outcome="NotExecuted" testListId="8c84fa94-04c1-424b-9868-57a2d4851a1d">
    </UnitTestResult>
    <UnitTestResult executionId="1cfc72cf-1de7-4982-9269-8f8c6aed9b01" testId="dc51c213-5f3c-c5c3-c9fa-ea22cfaaa6b1" testName="addUserFirstNameMaxLen" computerName="TOLKIEN" duration="00:00:00" startTime="0001-01-01T00:00:00.0000000-05:00" endTime="0001-01-01T00:00:00.0000000-05:00" testType="13cdc9d9-ddb5-4fa4-a97d-d965ccfc6d4b" outcome="NotExecuted" testListId="8c84fa94-04c1-424b-9868-57a2d4851a1d">
    </UnitTestResult>
    <UnitTestResult executionId="0d0b63a7-56dc-49d7-b192-722788d7b44f" testId="5c8e58b7-4d3d-259d-a967-243af0246cbb" testName="addUserLastNameNothing" computerName="TOLKIEN" duration="00:00:00" startTime="0001-01-01T00:00:00.0000000-05:00" endTime="0001-01-01T00:00:00.0000000-05:00" testType="13cdc9d9-ddb5-4fa4-a97d-d965ccfc6d4b" outcome="NotExecuted" testListId="8c84fa94-04c1-424b-9868-57a2d4851a1d">
    </UnitTestResult>
    <UnitTestResult executionId="6051d1d2-76d5-4ac3-954a-53393f3d58a4" testId="d34b29c4-f075-6bcd-bac5-00d2275289a2" testName="addUserLastNameMaxLen" computerName="TOLKIEN" duration="00:00:00" startTime="0001-01-01T00:00:00.0000000-05:00" endTime="0001-01-01T00:00:00.0000000-05:00" testType="13cdc9d9-ddb5-4fa4-a97d-d965ccfc6d4b" outcome="NotExecuted" testListId="8c84fa94-04c1-424b-9868-57a2d4851a1d">
    </UnitTestResult>
    <UnitTestResult executionId="ab0b2a86-d465-47e0-9900-fa153c5b500c" testId="90f48b05-4d4f-7605-cb20-2be7d7f85e69" testName="addUserEmailAddressNothing" computerName="TOLKIEN" duration="00:00:00" startTime="0001-01-01T00:00:00.0000000-05:00" endTime="0001-01-01T00:00:00.0000000-05:00" testType="13cdc9d9-ddb5-4fa4-a97d-d965ccfc6d4b" outcome="NotExecuted" testListId="8c84fa94-04c1-424b-9868-57a2d4851a1d">
    </UnitTestResult>
    <UnitTestResult executionId="a316277e-d544-4863-88fc-f0a2460d3a38" testId="bcef52eb-c0c7-5e55-deaa-3ee9071fa25e" testName="addUserEmailAddressMaxLen" computerName="TOLKIEN" duration="00:00:00" startTime="0001-01-01T00:00:00.0000000-05:00" endTime="0001-01-01T00:00:00.0000000-05:00" testType="13cdc9d9-ddb5-4fa4-a97d-d965ccfc6d4b" outcome="NotExecuted" testListId="8c84fa94-04c1-424b-9868-57a2d4851a1d">
    </UnitTestResult>
    <UnitTestResult executionId="a82e55f7-2772-4096-a120-24b22d102765" testId="5a6ba108-477a-8826-07f4-4b3d85417087" testName="updateUserPasswordTest" computerName="TOLKIEN" duration="00:00:00" startTime="0001-01-01T00:00:00.0000000-05:00" endTime="0001-01-01T00:00:00.0000000-05:00" testType="13cdc9d9-ddb5-4fa4-a97d-d965ccfc6d4b" outcome="NotExecuted" testListId="8c84fa94-04c1-424b-9868-57a2d4851a1d">
    </UnitTestResult>
    <UnitTestResult executionId="71e48505-96f1-4a2c-9c98-b2a89458d4e5" testId="72470363-231e-de0f-a051-36672fd2a5cf" testName="updateUserPasswordUserIDNothing" computerName="TOLKIEN" duration="00:00:00" startTime="0001-01-01T00:00:00.0000000-05:00" endTime="0001-01-01T00:00:00.0000000-05:00" testType="13cdc9d9-ddb5-4fa4-a97d-d965ccfc6d4b" outcome="NotExecuted" testListId="8c84fa94-04c1-424b-9868-57a2d4851a1d">
    </UnitTestResult>
    <UnitTestResult executionId="e143bbd1-61c5-4116-a654-753c67522c9a" testId="3a751831-a04a-99cb-4020-7bcb1dfdc48d" testName="updateUserPasswordUserIDMaxLen" computerName="TOLKIEN" duration="00:00:00" startTime="0001-01-01T00:00:00.0000000-05:00" endTime="0001-01-01T00:00:00.0000000-05:00" testType="13cdc9d9-ddb5-4fa4-a97d-d965ccfc6d4b" outcome="NotExecuted" testListId="8c84fa94-04c1-424b-9868-57a2d4851a1d">
    </UnitTestResult>
    <UnitTestResult executionId="3648ee81-ede7-40d6-b12e-773ec00d0c0f" testId="96ea8a44-4a4b-1549-f98e-7f968bf38c44" testName="updateUserPasswordPasswordNothing" computerName="TOLKIEN" duration="00:00:00" startTime="0001-01-01T00:00:00.0000000-05:00" endTime="0001-01-01T00:00:00.0000000-05:00" testType="13cdc9d9-ddb5-4fa4-a97d-d965ccfc6d4b" outcome="NotExecuted" testListId="8c84fa94-04c1-424b-9868-57a2d4851a1d">
    </UnitTestResult>
    <UnitTestResult executionId="36cc6cca-3f7d-418f-8a66-ce502796485b" testId="284bf1a9-75d1-2878-109e-644bc848b2b3" testName="updateUserPasswordPasswordMaxLen" computerName="TOLKIEN" duration="00:00:00" startTime="0001-01-01T00:00:00.0000000-05:00" endTime="0001-01-01T00:00:00.0000000-05:00" testType="13cdc9d9-ddb5-4fa4-a97d-d965ccfc6d4b" outcome="NotExecuted" testListId="8c84fa94-04c1-424b-9868-57a2d4851a1d">
    </UnitTestResult>
    <UnitTestResult executionId="f0191e4a-567d-442b-8c09-7b2702afaaf5" testId="79030625-73d7-51e1-159e-387a32e20fc3" testName="updateUserEmailTest" computerName="TOLKIEN" duration="00:00:00" startTime="0001-01-01T00:00:00.0000000-05:00" endTime="0001-01-01T00:00:00.0000000-05:00" testType="13cdc9d9-ddb5-4fa4-a97d-d965ccfc6d4b" outcome="NotExecuted" testListId="8c84fa94-04c1-424b-9868-57a2d4851a1d">
    </UnitTestResult>
    <UnitTestResult executionId="647d40a7-1415-464a-9fcc-4982b08b29cf" testId="53ff0830-cc1d-2e63-f269-a83b303e8cd9" testName="updateUserEmailAddressUserIDNothing" computerName="TOLKIEN" duration="00:00:00" startTime="0001-01-01T00:00:00.0000000-05:00" endTime="0001-01-01T00:00:00.0000000-05:00" testType="13cdc9d9-ddb5-4fa4-a97d-d965ccfc6d4b" outcome="NotExecuted" testListId="8c84fa94-04c1-424b-9868-57a2d4851a1d">
    </UnitTestResult>
    <UnitTestResult executionId="420c77e2-4726-4289-9cd7-45cfbba5b11b" testId="a00f7b88-dcf5-ad47-7698-8713ba1a81ab" testName="updateUserEmailAddressUserIDMaxLen" computerName="TOLKIEN" duration="00:00:00" startTime="0001-01-01T00:00:00.0000000-05:00" endTime="0001-01-01T00:00:00.0000000-05:00" testType="13cdc9d9-ddb5-4fa4-a97d-d965ccfc6d4b" outcome="NotExecuted" testListId="8c84fa94-04c1-424b-9868-57a2d4851a1d">
    </UnitTestResult>
    <UnitTestResult executionId="bdf204b0-e54b-488b-86c5-311728ae9094" testId="80c414af-5874-d05b-df07-60a9f219452e" testName="updateUserEmailAddressEmailNothing" computerName="TOLKIEN" duration="00:00:00" startTime="0001-01-01T00:00:00.0000000-05:00" endTime="0001-01-01T00:00:00.0000000-05:00" testType="13cdc9d9-ddb5-4fa4-a97d-d965ccfc6d4b" outcome="NotExecuted" testListId="8c84fa94-04c1-424b-9868-57a2d4851a1d">
    </UnitTestResult>
    <UnitTestResult executionId="a8a71290-e16e-4834-9426-567a01174228" testId="fa4fde81-0c7b-6c9e-f074-31329de4ad82" testName="updateUserEmailAddressEmailMaxLen" computerName="TOLKIEN" duration="00:00:00" startTime="0001-01-01T00:00:00.0000000-05:00" endTime="0001-01-01T00:00:00.0000000-05:00" testType="13cdc9d9-ddb5-4fa4-a97d-d965ccfc6d4b" outcome="NotExecuted" testListId="8c84fa94-04c1-424b-9868-57a2d4851a1d">
    </UnitTestResult>
    <UnitTestResult executionId="3b621f2a-1e90-44dc-be48-a776d2634057" testId="3313d2d0-5480-16e1-f3ac-9d93382371ba" testName="getUserTest" computerName="TOLKIEN" duration="00:00:00" startTime="0001-01-01T00:00:00.0000000-05:00" endTime="0001-01-01T00:00:00.0000000-05:00" testType="13cdc9d9-ddb5-4fa4-a97d-d965ccfc6d4b" outcome="NotExecuted" testListId="8c84fa94-04c1-424b-9868-57a2d4851a1d">
    </UnitTestResult>
    <UnitTestResult executionId="3d62cb6d-1923-4eec-9616-13025d46f77f" testId="88a752e7-5c9d-d926-4dfc-8a1be934c0f9" testName="getUserUserIDNothing" computerName="TOLKIEN" duration="00:00:00" startTime="0001-01-01T00:00:00.0000000-05:00" endTime="0001-01-01T00:00:00.0000000-05:00" testType="13cdc9d9-ddb5-4fa4-a97d-d965ccfc6d4b" outcome="NotExecuted" testListId="8c84fa94-04c1-424b-9868-57a2d4851a1d">
    </UnitTestResult>
    <UnitTestResult executionId="c3d6c313-f4c7-48a3-87e9-d6ff41c7e215" testId="538dbcae-3613-3ec0-5462-011bbcef1f66" testName="getUserUserIDMaxLen" computerName="TOLKIEN" duration="00:00:00" startTime="0001-01-01T00:00:00.0000000-05:00" endTime="0001-01-01T00:00:00.0000000-05:00" testType="13cdc9d9-ddb5-4fa4-a97d-d965ccfc6d4b" outcome="NotExecuted" testListId="8c84fa94-04c1-424b-9868-57a2d4851a1d">
    </UnitTestResult>
  </Results>
</TestRun>